Wed Nov 15 12:13:28 2023       
+---------------------------------------------------------------------------------------+
| NVIDIA-SMI 530.30.02              Driver Version: 530.30.02    CUDA Version: 12.1     |
|-----------------------------------------+----------------------+----------------------+
| GPU  Name                  Persistence-M| Bus-Id        Disp.A | Volatile Uncorr. ECC |
| Fan  Temp  Perf            Pwr:Usage/Cap|         Memory-Usage | GPU-Util  Compute M. |
|                                         |                      |               MIG M. |
|=========================================+======================+======================|
|   0  NVIDIA A40                      On | 00000000:17:00.0 Off |                    0 |
|  0%   27C    P8               30W / 300W|      0MiB / 46068MiB |      0%      Default |
|                                         |                      |                  N/A |
+-----------------------------------------+----------------------+----------------------+
                                                                                         
+---------------------------------------------------------------------------------------+
| Processes:                                                                            |
|  GPU   GI   CI        PID   Type   Process name                            GPU Memory |
|        ID   ID                                                             Usage      |
|=======================================================================================|
|  No running processes found                                                           |
+---------------------------------------------------------------------------------------+
********************************************************
steps: 1581
episodes: 10
mean 100 episode reward: 3.1
% time spent exploring: 98
********************************************************
********************************************************
steps: 3482
episodes: 20
mean 100 episode reward: 3.6
% time spent exploring: 96
********************************************************
********************************************************
steps: 4992
episodes: 30
mean 100 episode reward: 3.4
% time spent exploring: 95
********************************************************
********************************************************
steps: 7385
episodes: 40
mean 100 episode reward: 3.5
% time spent exploring: 92
********************************************************
********************************************************
steps: 9137
episodes: 50
mean 100 episode reward: 3.6
% time spent exploring: 90
********************************************************
********************************************************
steps: 10765
episodes: 60
mean 100 episode reward: 3.6
% time spent exploring: 89
********************************************************
********************************************************
steps: 11879
episodes: 70
mean 100 episode reward: 3.4
% time spent exploring: 88
********************************************************
********************************************************
steps: 13166
episodes: 80
mean 100 episode reward: 3.3
% time spent exploring: 86
********************************************************
********************************************************
steps: 15232
episodes: 90
mean 100 episode reward: 3.3
% time spent exploring: 84
********************************************************
********************************************************
steps: 16547
episodes: 100
mean 100 episode reward: 3.3
% time spent exploring: 83
********************************************************
********************************************************
steps: 18318
episodes: 110
mean 100 episode reward: 3.4
% time spent exploring: 81
********************************************************
********************************************************
steps: 20114
episodes: 120
mean 100 episode reward: 3.3
% time spent exploring: 80
********************************************************
********************************************************
steps: 21679
episodes: 130
mean 100 episode reward: 3.3
% time spent exploring: 78
********************************************************
********************************************************
steps: 24137
episodes: 140
mean 100 episode reward: 3.4
% time spent exploring: 76
********************************************************
********************************************************
steps: 25596
episodes: 150
mean 100 episode reward: 3.3
% time spent exploring: 74
********************************************************
********************************************************
steps: 27326
episodes: 160
mean 100 episode reward: 3.2
% time spent exploring: 72
********************************************************
********************************************************
steps: 28888
episodes: 170
mean 100 episode reward: 3.2
% time spent exploring: 71
********************************************************
********************************************************
steps: 30712
episodes: 180
mean 100 episode reward: 3.4
% time spent exploring: 69
********************************************************
********************************************************
steps: 31936
episodes: 190
mean 100 episode reward: 3.2
% time spent exploring: 68
********************************************************
********************************************************
steps: 34045
episodes: 200
mean 100 episode reward: 3.2
% time spent exploring: 66
********************************************************
********************************************************
steps: 35771
episodes: 210
mean 100 episode reward: 3.2
% time spent exploring: 64
********************************************************
********************************************************
steps: 37512
episodes: 220
mean 100 episode reward: 3.2
% time spent exploring: 62
********************************************************
********************************************************
steps: 39530
episodes: 230
mean 100 episode reward: 3.4
% time spent exploring: 60
********************************************************
********************************************************
steps: 41381
episodes: 240
mean 100 episode reward: 3.3
% time spent exploring: 59
********************************************************
********************************************************
steps: 42890
episodes: 250
mean 100 episode reward: 3.3
% time spent exploring: 57
********************************************************
********************************************************
steps: 44137
episodes: 260
mean 100 episode reward: 3.2
% time spent exploring: 56
********************************************************
********************************************************
steps: 46224
episodes: 270
mean 100 episode reward: 3.3
% time spent exploring: 54
********************************************************
********************************************************
steps: 48142
episodes: 280
mean 100 episode reward: 3.4
% time spent exploring: 52
********************************************************
********************************************************
steps: 50485
episodes: 290
mean 100 episode reward: 3.7
% time spent exploring: 50
********************************************************
********************************************************
steps: 51929
episodes: 300
mean 100 episode reward: 3.7
% time spent exploring: 48
********************************************************
********************************************************
steps: 53738
episodes: 310
mean 100 episode reward: 3.9
% time spent exploring: 46
********************************************************
********************************************************
steps: 55165
episodes: 320
mean 100 episode reward: 3.8
% time spent exploring: 45
********************************************************
********************************************************
steps: 56404
episodes: 330
mean 100 episode reward: 3.6
% time spent exploring: 44
********************************************************
********************************************************
steps: 58223
episodes: 340
mean 100 episode reward: 3.6
% time spent exploring: 42
********************************************************
********************************************************
steps: 59922
episodes: 350
mean 100 episode reward: 3.6
% time spent exploring: 40
********************************************************
********************************************************
steps: 61130
episodes: 360
mean 100 episode reward: 3.7
% time spent exploring: 39
********************************************************
********************************************************
steps: 62853
episodes: 370
mean 100 episode reward: 3.6
% time spent exploring: 37
********************************************************
********************************************************
steps: 64716
episodes: 380
mean 100 episode reward: 3.6
% time spent exploring: 35
********************************************************
********************************************************
steps: 65862
episodes: 390
mean 100 episode reward: 3.3
% time spent exploring: 34
********************************************************
********************************************************
steps: 67262
episodes: 400
mean 100 episode reward: 3.3
% time spent exploring: 33
********************************************************
********************************************************
steps: 69346
episodes: 410
mean 100 episode reward: 3.3
% time spent exploring: 31
********************************************************
********************************************************
steps: 70698
episodes: 420
mean 100 episode reward: 3.3
% time spent exploring: 30
********************************************************
********************************************************
steps: 72661
episodes: 430
mean 100 episode reward: 3.4
% time spent exploring: 28
********************************************************
********************************************************
steps: 74915
episodes: 440
mean 100 episode reward: 3.6
% time spent exploring: 25
********************************************************
********************************************************
steps: 77666
episodes: 450
mean 100 episode reward: 4.0
% time spent exploring: 23
********************************************************
********************************************************
steps: 79464
episodes: 460
mean 100 episode reward: 4.2
% time spent exploring: 21
********************************************************
********************************************************
steps: 80934
episodes: 470
mean 100 episode reward: 4.3
% time spent exploring: 19
********************************************************
********************************************************
steps: 82710
episodes: 480
mean 100 episode reward: 4.2
% time spent exploring: 18
********************************************************
********************************************************
steps: 84760
episodes: 490
mean 100 episode reward: 4.4
% time spent exploring: 16
********************************************************
********************************************************
steps: 86673
episodes: 500
mean 100 episode reward: 4.5
% time spent exploring: 14
********************************************************
********************************************************
steps: 88897
episodes: 510
mean 100 episode reward: 4.4
% time spent exploring: 11
********************************************************
********************************************************
steps: 90819
episodes: 520
mean 100 episode reward: 4.4
% time spent exploring: 10
********************************************************
********************************************************
steps: 92362
episodes: 530
mean 100 episode reward: 4.5
% time spent exploring: 8
********************************************************
********************************************************
steps: 93866
episodes: 540
mean 100 episode reward: 4.2
% time spent exploring: 7
********************************************************
********************************************************
steps: 95752
episodes: 550
mean 100 episode reward: 3.8
% time spent exploring: 5
********************************************************
********************************************************
steps: 97245
episodes: 560
mean 100 episode reward: 3.8
% time spent exploring: 3
********************************************************
********************************************************
steps: 99356
episodes: 570
mean 100 episode reward: 3.9
% time spent exploring: 1
********************************************************
********************************************************
steps: 101058
episodes: 580
mean 100 episode reward: 3.9
% time spent exploring: 1
********************************************************
********************************************************
steps: 103308
episodes: 590
mean 100 episode reward: 3.8
% time spent exploring: 1
********************************************************
********************************************************
steps: 105080
episodes: 600
mean 100 episode reward: 3.7
% time spent exploring: 1
********************************************************
********************************************************
steps: 106831
episodes: 610
mean 100 episode reward: 3.8
% time spent exploring: 1
********************************************************
********************************************************
steps: 108219
episodes: 620
mean 100 episode reward: 3.8
% time spent exploring: 1
********************************************************
********************************************************
steps: 110503
episodes: 630
mean 100 episode reward: 4.0
% time spent exploring: 1
********************************************************
********************************************************
steps: 112377
episodes: 640
mean 100 episode reward: 4.2
% time spent exploring: 1
********************************************************
********************************************************
steps: 114052
episodes: 650
mean 100 episode reward: 4.2
% time spent exploring: 1
********************************************************
********************************************************
steps: 116195
episodes: 660
mean 100 episode reward: 4.2
% time spent exploring: 1
********************************************************
********************************************************
steps: 118001
episodes: 670
mean 100 episode reward: 4.2
% time spent exploring: 1
********************************************************
********************************************************
steps: 119444
episodes: 680
mean 100 episode reward: 4.1
% time spent exploring: 1
********************************************************
********************************************************
steps: 121393
episodes: 690
mean 100 episode reward: 4.2
% time spent exploring: 1
********************************************************
********************************************************
steps: 122976
episodes: 700
mean 100 episode reward: 4.4
% time spent exploring: 1
********************************************************
********************************************************
steps: 124472
episodes: 710
mean 100 episode reward: 4.3
% time spent exploring: 1
********************************************************
********************************************************
steps: 126357
episodes: 720
mean 100 episode reward: 4.5
% time spent exploring: 1
********************************************************
********************************************************
steps: 128434
episodes: 730
mean 100 episode reward: 4.5
% time spent exploring: 1
********************************************************
********************************************************
steps: 130223
episodes: 740
mean 100 episode reward: 4.4
% time spent exploring: 1
********************************************************
********************************************************
steps: 132971
episodes: 750
mean 100 episode reward: 4.6
% time spent exploring: 1
********************************************************
********************************************************
steps: 134774
episodes: 760
mean 100 episode reward: 4.7
% time spent exploring: 1
********************************************************
********************************************************
steps: 136832
episodes: 770
mean 100 episode reward: 4.6
% time spent exploring: 1
********************************************************
********************************************************
steps: 139577
episodes: 780
mean 100 episode reward: 4.9
% time spent exploring: 1
********************************************************
********************************************************
steps: 141205
episodes: 790
mean 100 episode reward: 4.9
% time spent exploring: 1
********************************************************
********************************************************
steps: 142234
episodes: 800
mean 100 episode reward: 4.7
% time spent exploring: 1
********************************************************
********************************************************
steps: 143665
episodes: 810
mean 100 episode reward: 4.6
% time spent exploring: 1
********************************************************
********************************************************
steps: 145396
episodes: 820
mean 100 episode reward: 4.5
% time spent exploring: 1
********************************************************
********************************************************
steps: 146676
episodes: 830
mean 100 episode reward: 4.1
% time spent exploring: 1
********************************************************
********************************************************
steps: 148398
episodes: 840
mean 100 episode reward: 4.0
% time spent exploring: 1
********************************************************
********************************************************
steps: 149774
episodes: 850
mean 100 episode reward: 3.8
% time spent exploring: 1
********************************************************
********************************************************
steps: 151821
episodes: 860
mean 100 episode reward: 3.8
% time spent exploring: 1
********************************************************
********************************************************
steps: 153649
episodes: 870
mean 100 episode reward: 3.8
% time spent exploring: 1
********************************************************
********************************************************
steps: 155994
episodes: 880
mean 100 episode reward: 3.9
% time spent exploring: 1
********************************************************
********************************************************
steps: 157874
episodes: 890
mean 100 episode reward: 4.0
% time spent exploring: 1
********************************************************
********************************************************
steps: 159744
episodes: 900
mean 100 episode reward: 4.3
% time spent exploring: 1
********************************************************
********************************************************
steps: 162554
episodes: 910
mean 100 episode reward: 4.7
% time spent exploring: 1
********************************************************
********************************************************
steps: 164429
episodes: 920
mean 100 episode reward: 4.9
% time spent exploring: 1
********************************************************
********************************************************
steps: 166140
episodes: 930
mean 100 episode reward: 5.0
% time spent exploring: 1
********************************************************
********************************************************
steps: 167644
episodes: 940
mean 100 episode reward: 5.0
% time spent exploring: 1
********************************************************
********************************************************
steps: 169521
episodes: 950
mean 100 episode reward: 5.2
% time spent exploring: 1
********************************************************
********************************************************
steps: 170662
episodes: 960
mean 100 episode reward: 5.0
% time spent exploring: 1
********************************************************
********************************************************
steps: 172200
episodes: 970
mean 100 episode reward: 4.9
% time spent exploring: 1
********************************************************
********************************************************
steps: 173695
episodes: 980
mean 100 episode reward: 4.6
% time spent exploring: 1
********************************************************
********************************************************
steps: 175263
episodes: 990
mean 100 episode reward: 4.5
% time spent exploring: 1
********************************************************
********************************************************
steps: 177259
episodes: 1000
mean 100 episode reward: 4.5
% time spent exploring: 1
********************************************************
********************************************************
steps: 178414
episodes: 1010
mean 100 episode reward: 4.0
% time spent exploring: 1
********************************************************
********************************************************
steps: 180072
episodes: 1020
mean 100 episode reward: 3.8
% time spent exploring: 1
********************************************************
********************************************************
steps: 181042
episodes: 1030
mean 100 episode reward: 3.7
% time spent exploring: 1
********************************************************
********************************************************
steps: 183224
episodes: 1040
mean 100 episode reward: 3.9
% time spent exploring: 1
********************************************************
********************************************************
steps: 185127
episodes: 1050
mean 100 episode reward: 3.9
% time spent exploring: 1
********************************************************
********************************************************
steps: 186827
episodes: 1060
mean 100 episode reward: 4.1
% time spent exploring: 1
********************************************************
********************************************************
steps: 188250
episodes: 1070
mean 100 episode reward: 4.1
% time spent exploring: 1
********************************************************
********************************************************
steps: 190167
episodes: 1080
mean 100 episode reward: 4.4
% time spent exploring: 1
********************************************************
********************************************************
steps: 192215
episodes: 1090
mean 100 episode reward: 4.5
% time spent exploring: 1
********************************************************
********************************************************
steps: 194174
episodes: 1100
mean 100 episode reward: 4.6
% time spent exploring: 1
********************************************************
********************************************************
steps: 196090
episodes: 1110
mean 100 episode reward: 4.8
% time spent exploring: 1
********************************************************
********************************************************
steps: 198435
episodes: 1120
mean 100 episode reward: 5.2
% time spent exploring: 1
********************************************************
********************************************************
steps: 200993
episodes: 1130
mean 100 episode reward: 5.8
% time spent exploring: 1
********************************************************
********************************************************
steps: 202964
episodes: 1140
mean 100 episode reward: 5.7
% time spent exploring: 1
********************************************************
********************************************************
steps: 204714
episodes: 1150
mean 100 episode reward: 5.7
% time spent exploring: 1
********************************************************
********************************************************
steps: 206419
episodes: 1160
mean 100 episode reward: 5.6
% time spent exploring: 1
********************************************************
********************************************************
steps: 208185
episodes: 1170
mean 100 episode reward: 5.7
% time spent exploring: 1
********************************************************
********************************************************
steps: 210232
episodes: 1180
mean 100 episode reward: 5.6
% time spent exploring: 1
********************************************************
********************************************************
steps: 211845
episodes: 1190
mean 100 episode reward: 5.4
% time spent exploring: 1
********************************************************
********************************************************
steps: 213742
episodes: 1200
mean 100 episode reward: 5.4
% time spent exploring: 1
********************************************************
********************************************************
steps: 216226
episodes: 1210
mean 100 episode reward: 5.7
% time spent exploring: 1
********************************************************
********************************************************
steps: 218143
episodes: 1220
mean 100 episode reward: 5.6
% time spent exploring: 1
********************************************************
********************************************************
steps: 220585
episodes: 1230
mean 100 episode reward: 5.3
% time spent exploring: 1
********************************************************
********************************************************
steps: 222414
episodes: 1240
mean 100 episode reward: 5.3
% time spent exploring: 1
********************************************************
********************************************************
steps: 224444
episodes: 1250
mean 100 episode reward: 5.2
% time spent exploring: 1
********************************************************
********************************************************
steps: 226176
episodes: 1260
mean 100 episode reward: 5.3
% time spent exploring: 1
********************************************************
********************************************************
steps: 227952
episodes: 1270
mean 100 episode reward: 5.4
% time spent exploring: 1
********************************************************
********************************************************
steps: 229789
episodes: 1280
mean 100 episode reward: 5.2
% time spent exploring: 1
********************************************************
********************************************************
steps: 231792
episodes: 1290
mean 100 episode reward: 5.3
% time spent exploring: 1
********************************************************
********************************************************
steps: 233512
episodes: 1300
mean 100 episode reward: 5.2
% time spent exploring: 1
********************************************************
********************************************************
steps: 235729
episodes: 1310
mean 100 episode reward: 5.2
% time spent exploring: 1
********************************************************
********************************************************
steps: 237868
episodes: 1320
mean 100 episode reward: 5.3
% time spent exploring: 1
********************************************************
********************************************************
steps: 239566
episodes: 1330
mean 100 episode reward: 5.1
% time spent exploring: 1
********************************************************
********************************************************
steps: 241842
episodes: 1340
mean 100 episode reward: 5.3
% time spent exploring: 1
********************************************************
********************************************************
steps: 244016
episodes: 1350
mean 100 episode reward: 5.5
% time spent exploring: 1
********************************************************
********************************************************
steps: 245922
episodes: 1360
mean 100 episode reward: 5.6
% time spent exploring: 1
********************************************************
********************************************************
steps: 247743
episodes: 1370
mean 100 episode reward: 5.5
% time spent exploring: 1
********************************************************
********************************************************
steps: 249861
episodes: 1380
mean 100 episode reward: 5.7
% time spent exploring: 1
********************************************************
********************************************************
steps: 251748
episodes: 1390
mean 100 episode reward: 5.7
% time spent exploring: 1
********************************************************
********************************************************
steps: 253583
episodes: 1400
mean 100 episode reward: 5.7
% time spent exploring: 1
********************************************************
********************************************************
steps: 255040
episodes: 1410
mean 100 episode reward: 5.4
% time spent exploring: 1
********************************************************
********************************************************
steps: 256874
episodes: 1420
mean 100 episode reward: 5.3
% time spent exploring: 1
********************************************************
********************************************************
steps: 258331
episodes: 1430
mean 100 episode reward: 5.2
% time spent exploring: 1
********************************************************
********************************************************
steps: 260116
episodes: 1440
mean 100 episode reward: 5.0
% time spent exploring: 1
********************************************************
********************************************************
steps: 262087
episodes: 1450
mean 100 episode reward: 5.0
% time spent exploring: 1
********************************************************
********************************************************
steps: 263351
episodes: 1460
mean 100 episode reward: 4.7
% time spent exploring: 1
********************************************************
********************************************************
steps: 266456
episodes: 1470
mean 100 episode reward: 5.1
% time spent exploring: 1
********************************************************
********************************************************
steps: 268448
episodes: 1480
mean 100 episode reward: 5.0
% time spent exploring: 1
********************************************************
********************************************************
steps: 270101
episodes: 1490
mean 100 episode reward: 4.8
% time spent exploring: 1
********************************************************
********************************************************
steps: 272109
episodes: 1500
mean 100 episode reward: 5.0
% time spent exploring: 1
********************************************************
********************************************************
steps: 273933
episodes: 1510
mean 100 episode reward: 5.1
% time spent exploring: 1
********************************************************
********************************************************
steps: 275593
episodes: 1520
mean 100 episode reward: 4.9
% time spent exploring: 1
********************************************************
********************************************************
steps: 277122
episodes: 1530
mean 100 episode reward: 4.9
% time spent exploring: 1
********************************************************
********************************************************
steps: 279043
episodes: 1540
mean 100 episode reward: 4.9
% time spent exploring: 1
********************************************************
********************************************************
steps: 280989
episodes: 1550
mean 100 episode reward: 5.0
% time spent exploring: 1
********************************************************
********************************************************
steps: 282413
episodes: 1560
mean 100 episode reward: 5.0
% time spent exploring: 1
********************************************************
********************************************************
steps: 283889
episodes: 1570
mean 100 episode reward: 4.5
% time spent exploring: 1
********************************************************
********************************************************
steps: 286286
episodes: 1580
mean 100 episode reward: 4.7
% time spent exploring: 1
********************************************************
********************************************************
steps: 287837
episodes: 1590
mean 100 episode reward: 4.8
% time spent exploring: 1
********************************************************
********************************************************
steps: 289663
episodes: 1600
mean 100 episode reward: 4.6
% time spent exploring: 1
********************************************************
********************************************************
steps: 291765
episodes: 1610
mean 100 episode reward: 4.7
% time spent exploring: 1
********************************************************
********************************************************
steps: 293831
episodes: 1620
mean 100 episode reward: 4.8
% time spent exploring: 1
********************************************************
********************************************************
steps: 295691
episodes: 1630
mean 100 episode reward: 5.0
% time spent exploring: 1
********************************************************
********************************************************
steps: 297347
episodes: 1640
mean 100 episode reward: 4.8
% time spent exploring: 1
********************************************************
********************************************************
steps: 299453
episodes: 1650
mean 100 episode reward: 4.8
% time spent exploring: 1
********************************************************
********************************************************
steps: 301010
episodes: 1660
mean 100 episode reward: 4.9
% time spent exploring: 1
********************************************************
********************************************************
steps: 302258
episodes: 1670
mean 100 episode reward: 4.9
% time spent exploring: 1
********************************************************
********************************************************
steps: 304105
episodes: 1680
mean 100 episode reward: 4.8
% time spent exploring: 1
********************************************************
********************************************************
steps: 306318
episodes: 1690
mean 100 episode reward: 4.9
% time spent exploring: 1
********************************************************
********************************************************
steps: 308695
episodes: 1700
mean 100 episode reward: 5.2
% time spent exploring: 1
********************************************************
********************************************************
steps: 310055
episodes: 1710
mean 100 episode reward: 5.0
% time spent exploring: 1
********************************************************
********************************************************
steps: 312385
episodes: 1720
mean 100 episode reward: 5.2
% time spent exploring: 1
********************************************************
********************************************************
steps: 314164
episodes: 1730
mean 100 episode reward: 5.2
% time spent exploring: 1
********************************************************
********************************************************
steps: 316495
episodes: 1740
mean 100 episode reward: 5.4
% time spent exploring: 1
********************************************************
********************************************************
steps: 317932
episodes: 1750
mean 100 episode reward: 5.1
% time spent exploring: 1
********************************************************
********************************************************
steps: 320018
episodes: 1760
mean 100 episode reward: 5.3
% time spent exploring: 1
********************************************************
********************************************************
steps: 321787
episodes: 1770
mean 100 episode reward: 5.4
% time spent exploring: 1
********************************************************
********************************************************
steps: 322951
episodes: 1780
mean 100 episode reward: 5.1
% time spent exploring: 1
********************************************************
********************************************************
steps: 325064
episodes: 1790
mean 100 episode reward: 5.2
% time spent exploring: 1
********************************************************
********************************************************
steps: 326877
episodes: 1800
mean 100 episode reward: 5.0
% time spent exploring: 1
********************************************************
********************************************************
steps: 328396
episodes: 1810
mean 100 episode reward: 5.1
% time spent exploring: 1
********************************************************
********************************************************
steps: 330081
episodes: 1820
mean 100 episode reward: 4.7
% time spent exploring: 1
********************************************************
********************************************************
steps: 332299
episodes: 1830
mean 100 episode reward: 5.0
% time spent exploring: 1
********************************************************
********************************************************
steps: 333913
episodes: 1840
mean 100 episode reward: 4.8
% time spent exploring: 1
********************************************************
********************************************************
steps: 335671
episodes: 1850
mean 100 episode reward: 5.0
% time spent exploring: 1
********************************************************
********************************************************
steps: 337740
episodes: 1860
mean 100 episode reward: 5.1
% time spent exploring: 1
********************************************************
********************************************************
steps: 339664
episodes: 1870
mean 100 episode reward: 5.1
% time spent exploring: 1
********************************************************
********************************************************
steps: 342345
episodes: 1880
mean 100 episode reward: 5.6
% time spent exploring: 1
********************************************************
********************************************************
steps: 344571
episodes: 1890
mean 100 episode reward: 5.6
% time spent exploring: 1
********************************************************
********************************************************
steps: 347101
episodes: 1900
mean 100 episode reward: 5.7
% time spent exploring: 1
********************************************************
********************************************************
steps: 349602
episodes: 1910
mean 100 episode reward: 5.9
% time spent exploring: 1
********************************************************
********************************************************
steps: 352026
episodes: 1920
mean 100 episode reward: 6.0
% time spent exploring: 1
********************************************************
********************************************************
steps: 354242
episodes: 1930
mean 100 episode reward: 5.9
% time spent exploring: 1
********************************************************
********************************************************
steps: 356050
episodes: 1940
mean 100 episode reward: 5.9
% time spent exploring: 1
********************************************************
********************************************************
steps: 357975
episodes: 1950
mean 100 episode reward: 5.8
% time spent exploring: 1
********************************************************
********************************************************
steps: 360306
episodes: 1960
mean 100 episode reward: 5.6
% time spent exploring: 1
********************************************************
********************************************************
steps: 362507
episodes: 1970
mean 100 episode reward: 5.7
% time spent exploring: 1
********************************************************
********************************************************
steps: 364449
episodes: 1980
mean 100 episode reward: 5.5
% time spent exploring: 1
********************************************************
********************************************************
steps: 366284
episodes: 1990
mean 100 episode reward: 5.4
% time spent exploring: 1
********************************************************
********************************************************
steps: 368986
episodes: 2000
mean 100 episode reward: 5.4
% time spent exploring: 1
********************************************************
********************************************************
steps: 370400
episodes: 2010
mean 100 episode reward: 5.1
% time spent exploring: 1
********************************************************
********************************************************
steps: 371970
episodes: 2020
mean 100 episode reward: 5.0
% time spent exploring: 1
********************************************************
********************************************************
steps: 373816
episodes: 2030
mean 100 episode reward: 4.9
% time spent exploring: 1
********************************************************
********************************************************
steps: 375983
episodes: 2040
mean 100 episode reward: 5.0
% time spent exploring: 1
********************************************************
********************************************************
steps: 377344
episodes: 2050
mean 100 episode reward: 4.9
% time spent exploring: 1
********************************************************
********************************************************
steps: 379330
episodes: 2060
mean 100 episode reward: 5.0
% time spent exploring: 1
********************************************************
********************************************************
steps: 381197
episodes: 2070
mean 100 episode reward: 5.0
% time spent exploring: 1
********************************************************
********************************************************
steps: 383565
episodes: 2080
mean 100 episode reward: 5.1
% time spent exploring: 1
********************************************************
********************************************************
steps: 385760
episodes: 2090
mean 100 episode reward: 4.9
% time spent exploring: 1
********************************************************
********************************************************
steps: 387920
episodes: 2100
mean 100 episode reward: 4.9
% time spent exploring: 1
********************************************************
********************************************************
steps: 389817
episodes: 2110
mean 100 episode reward: 5.1
% time spent exploring: 1
********************************************************
********************************************************
steps: 391462
episodes: 2120
mean 100 episode reward: 5.1
% time spent exploring: 1
********************************************************
********************************************************
steps: 393009
episodes: 2130
mean 100 episode reward: 5.0
% time spent exploring: 1
********************************************************
********************************************************
steps: 395255
episodes: 2140
mean 100 episode reward: 5.2
% time spent exploring: 1
********************************************************
********************************************************
steps: 396727
episodes: 2150
mean 100 episode reward: 5.2
% time spent exploring: 1
********************************************************
********************************************************
steps: 399032
episodes: 2160
mean 100 episode reward: 5.4
% time spent exploring: 1
********************************************************
********************************************************
steps: 400848
episodes: 2170
mean 100 episode reward: 5.4
% time spent exploring: 1
********************************************************
********************************************************
steps: 402935
episodes: 2180
mean 100 episode reward: 5.4
% time spent exploring: 1
********************************************************
********************************************************
steps: 404584
episodes: 2190
mean 100 episode reward: 5.4
% time spent exploring: 1
********************************************************
********************************************************
steps: 407312
episodes: 2200
mean 100 episode reward: 5.6
% time spent exploring: 1
********************************************************
********************************************************
steps: 409335
episodes: 2210
mean 100 episode reward: 5.7
% time spent exploring: 1
********************************************************
********************************************************
steps: 411247
episodes: 2220
mean 100 episode reward: 5.8
% time spent exploring: 1
********************************************************
********************************************************
steps: 413097
episodes: 2230
mean 100 episode reward: 5.8
% time spent exploring: 1
********************************************************
********************************************************
steps: 415916
episodes: 2240
mean 100 episode reward: 5.9
% time spent exploring: 1
********************************************************
********************************************************
steps: 418205
episodes: 2250
mean 100 episode reward: 6.2
% time spent exploring: 1
********************************************************
********************************************************
steps: 420268
episodes: 2260
mean 100 episode reward: 6.0
% time spent exploring: 1
********************************************************
********************************************************
steps: 422029
episodes: 2270
mean 100 episode reward: 6.0
% time spent exploring: 1
********************************************************
********************************************************
steps: 424168
episodes: 2280
mean 100 episode reward: 5.9
% time spent exploring: 1
********************************************************
********************************************************
steps: 426068
episodes: 2290
mean 100 episode reward: 5.9
% time spent exploring: 1
********************************************************
********************************************************
steps: 428148
episodes: 2300
mean 100 episode reward: 5.7
% time spent exploring: 1
********************************************************
********************************************************
steps: 429797
episodes: 2310
mean 100 episode reward: 5.5
% time spent exploring: 1
********************************************************
********************************************************
steps: 431541
episodes: 2320
mean 100 episode reward: 5.3
% time spent exploring: 1
********************************************************
********************************************************
steps: 432605
episodes: 2330
mean 100 episode reward: 5.2
% time spent exploring: 1
********************************************************
********************************************************
steps: 434628
episodes: 2340
mean 100 episode reward: 4.8
% time spent exploring: 1
********************************************************
********************************************************
steps: 436069
episodes: 2350
mean 100 episode reward: 4.5
% time spent exploring: 1
********************************************************
********************************************************
steps: 438111
episodes: 2360
mean 100 episode reward: 4.6
% time spent exploring: 1
********************************************************
********************************************************
steps: 440050
episodes: 2370
mean 100 episode reward: 4.6
% time spent exploring: 1
********************************************************
********************************************************
steps: 442210
episodes: 2380
mean 100 episode reward: 4.7
% time spent exploring: 1
********************************************************
********************************************************
steps: 444885
episodes: 2390
mean 100 episode reward: 4.9
% time spent exploring: 1
********************************************************
********************************************************
steps: 447072
episodes: 2400
mean 100 episode reward: 4.9
% time spent exploring: 1
********************************************************
********************************************************
steps: 448633
episodes: 2410
mean 100 episode reward: 4.9
% time spent exploring: 1
********************************************************
********************************************************
steps: 450232
episodes: 2420
mean 100 episode reward: 5.0
% time spent exploring: 1
********************************************************
********************************************************
steps: 452111
episodes: 2430
mean 100 episode reward: 5.2
% time spent exploring: 1
********************************************************
********************************************************
steps: 454384
episodes: 2440
mean 100 episode reward: 5.2
% time spent exploring: 1
********************************************************
********************************************************
steps: 456618
episodes: 2450
mean 100 episode reward: 5.4
% time spent exploring: 1
********************************************************
********************************************************
steps: 459632
episodes: 2460
mean 100 episode reward: 5.5
% time spent exploring: 1
********************************************************
********************************************************
steps: 461600
episodes: 2470
mean 100 episode reward: 5.4
% time spent exploring: 1
********************************************************
********************************************************
steps: 463980
episodes: 2480
mean 100 episode reward: 5.2
% time spent exploring: 1
********************************************************
********************************************************
steps: 465984
episodes: 2490
mean 100 episode reward: 5.0
% time spent exploring: 1
********************************************************
********************************************************
steps: 467278
episodes: 2500
mean 100 episode reward: 4.8
% time spent exploring: 1
********************************************************
********************************************************
steps: 469465
episodes: 2510
mean 100 episode reward: 4.9
% time spent exploring: 1
********************************************************
********************************************************
steps: 471447
episodes: 2520
mean 100 episode reward: 5.0
% time spent exploring: 1
********************************************************
********************************************************
steps: 473824
episodes: 2530
mean 100 episode reward: 5.1
% time spent exploring: 1
********************************************************
********************************************************
steps: 475811
episodes: 2540
mean 100 episode reward: 5.1
% time spent exploring: 1
********************************************************
********************************************************
steps: 477992
episodes: 2550
mean 100 episode reward: 5.1
% time spent exploring: 1
********************************************************
********************************************************
steps: 479718
episodes: 2560
mean 100 episode reward: 4.8
% time spent exploring: 1
********************************************************
********************************************************
steps: 481465
episodes: 2570
mean 100 episode reward: 4.8
% time spent exploring: 1
********************************************************
********************************************************
steps: 483961
episodes: 2580
mean 100 episode reward: 5.0
% time spent exploring: 1
********************************************************
********************************************************
steps: 486099
episodes: 2590
mean 100 episode reward: 5.1
% time spent exploring: 1
********************************************************
********************************************************
steps: 488826
episodes: 2600
mean 100 episode reward: 5.5
% time spent exploring: 1
********************************************************
********************************************************
steps: 490485
episodes: 2610
mean 100 episode reward: 5.4
% time spent exploring: 1
********************************************************
********************************************************
steps: 492617
episodes: 2620
mean 100 episode reward: 5.4
% time spent exploring: 1
********************************************************
********************************************************
steps: 494443
episodes: 2630
mean 100 episode reward: 5.2
% time spent exploring: 1
********************************************************
********************************************************
steps: 496909
episodes: 2640
mean 100 episode reward: 5.4
% time spent exploring: 1
********************************************************
********************************************************
steps: 498838
episodes: 2650
mean 100 episode reward: 5.4
% time spent exploring: 1
********************************************************
********************************************************
steps: 500838
episodes: 2660
mean 100 episode reward: 5.6
% time spent exploring: 1
********************************************************
********************************************************
steps: 503184
episodes: 2670
mean 100 episode reward: 5.9
% time spent exploring: 1
********************************************************
********************************************************
steps: 505003
episodes: 2680
mean 100 episode reward: 5.9
% time spent exploring: 1
********************************************************
********************************************************
steps: 507236
episodes: 2690
mean 100 episode reward: 6.0
% time spent exploring: 1
********************************************************
********************************************************
steps: 509587
episodes: 2700
mean 100 episode reward: 6.1
% time spent exploring: 1
********************************************************
********************************************************
steps: 511751
episodes: 2710
mean 100 episode reward: 6.5
% time spent exploring: 1
********************************************************
********************************************************
steps: 514038
episodes: 2720
mean 100 episode reward: 6.7
% time spent exploring: 1
********************************************************
********************************************************
steps: 516299
episodes: 2730
mean 100 episode reward: 7.1
% time spent exploring: 1
********************************************************
********************************************************
steps: 518166
episodes: 2740
mean 100 episode reward: 7.1
% time spent exploring: 1
********************************************************
********************************************************
steps: 520400
episodes: 2750
mean 100 episode reward: 7.3
% time spent exploring: 1
********************************************************
********************************************************
steps: 522297
episodes: 2760
mean 100 episode reward: 7.4
% time spent exploring: 1
********************************************************
********************************************************
steps: 524880
episodes: 2770
mean 100 episode reward: 7.5
% time spent exploring: 1
********************************************************
********************************************************
steps: 527003
episodes: 2780
mean 100 episode reward: 7.6
% time spent exploring: 1
********************************************************
********************************************************
steps: 528990
episodes: 2790
mean 100 episode reward: 7.5
% time spent exploring: 1
********************************************************
********************************************************
steps: 530932
episodes: 2800
mean 100 episode reward: 7.4
% time spent exploring: 1
********************************************************
********************************************************
steps: 533334
episodes: 2810
mean 100 episode reward: 7.5
% time spent exploring: 1
********************************************************
********************************************************
steps: 535994
episodes: 2820
mean 100 episode reward: 7.5
% time spent exploring: 1
********************************************************
********************************************************
steps: 538556
episodes: 2830
mean 100 episode reward: 7.7
% time spent exploring: 1
********************************************************
********************************************************
steps: 540711
episodes: 2840
mean 100 episode reward: 7.7
% time spent exploring: 1
********************************************************
********************************************************
steps: 543027
episodes: 2850
mean 100 episode reward: 7.7
% time spent exploring: 1
********************************************************
********************************************************
steps: 545341
episodes: 2860
mean 100 episode reward: 7.8
% time spent exploring: 1
********************************************************
********************************************************
steps: 547538
episodes: 2870
mean 100 episode reward: 7.7
% time spent exploring: 1
********************************************************
********************************************************
steps: 549777
episodes: 2880
mean 100 episode reward: 7.8
% time spent exploring: 1
********************************************************
********************************************************
steps: 552262
episodes: 2890
mean 100 episode reward: 8.0
% time spent exploring: 1
********************************************************
********************************************************
steps: 554728
episodes: 2900
mean 100 episode reward: 8.2
% time spent exploring: 1
********************************************************
********************************************************
steps: 556758
episodes: 2910
mean 100 episode reward: 8.0
% time spent exploring: 1
********************************************************
********************************************************
steps: 558760
episodes: 2920
mean 100 episode reward: 7.8
% time spent exploring: 1
********************************************************
********************************************************
steps: 561702
episodes: 2930
mean 100 episode reward: 7.7
% time spent exploring: 1
********************************************************
********************************************************
steps: 564657
episodes: 2940
mean 100 episode reward: 8.0
% time spent exploring: 1
********************************************************
********************************************************
steps: 566862
episodes: 2950
mean 100 episode reward: 7.9
% time spent exploring: 1
********************************************************
********************************************************
steps: 568898
episodes: 2960
mean 100 episode reward: 7.9
% time spent exploring: 1
********************************************************
********************************************************
steps: 570915
episodes: 2970
mean 100 episode reward: 7.9
% time spent exploring: 1
********************************************************
********************************************************
steps: 572958
episodes: 2980
mean 100 episode reward: 7.8
% time spent exploring: 1
********************************************************
********************************************************
steps: 575347
episodes: 2990
mean 100 episode reward: 7.7
% time spent exploring: 1
********************************************************
********************************************************
steps: 578366
episodes: 3000
mean 100 episode reward: 7.9
% time spent exploring: 1
********************************************************
********************************************************
steps: 580189
episodes: 3010
mean 100 episode reward: 7.8
% time spent exploring: 1
********************************************************
********************************************************
steps: 582442
episodes: 3020
mean 100 episode reward: 7.9
% time spent exploring: 1
********************************************************
********************************************************
steps: 584631
episodes: 3030
mean 100 episode reward: 7.8
% time spent exploring: 1
********************************************************
********************************************************
steps: 586686
episodes: 3040
mean 100 episode reward: 7.6
% time spent exploring: 1
********************************************************
********************************************************
steps: 588571
episodes: 3050
mean 100 episode reward: 7.5
% time spent exploring: 1
********************************************************
********************************************************
steps: 591767
episodes: 3060
mean 100 episode reward: 7.9
% time spent exploring: 1
********************************************************
********************************************************
steps: 593963
episodes: 3070
mean 100 episode reward: 7.9
% time spent exploring: 1
********************************************************
********************************************************
steps: 595989
episodes: 3080
mean 100 episode reward: 7.8
% time spent exploring: 1
********************************************************
********************************************************
steps: 597927
episodes: 3090
mean 100 episode reward: 7.7
% time spent exploring: 1
********************************************************
********************************************************
steps: 600145
episodes: 3100
mean 100 episode reward: 7.5
% time spent exploring: 1
********************************************************
********************************************************
steps: 602085
episodes: 3110
mean 100 episode reward: 7.5
% time spent exploring: 1
********************************************************
********************************************************
steps: 604333
episodes: 3120
mean 100 episode reward: 7.6
% time spent exploring: 1
********************************************************
********************************************************
steps: 606035
episodes: 3130
mean 100 episode reward: 7.4
% time spent exploring: 1
********************************************************
********************************************************
steps: 608182
episodes: 3140
mean 100 episode reward: 7.4
% time spent exploring: 1
********************************************************
********************************************************
steps: 610198
episodes: 3150
mean 100 episode reward: 7.4
% time spent exploring: 1
********************************************************
********************************************************
steps: 612355
episodes: 3160
mean 100 episode reward: 7.0
% time spent exploring: 1
********************************************************
********************************************************
steps: 614544
episodes: 3170
mean 100 episode reward: 7.1
% time spent exploring: 1
********************************************************
********************************************************
steps: 616741
episodes: 3180
mean 100 episode reward: 7.2
% time spent exploring: 1
********************************************************
********************************************************
steps: 618758
episodes: 3190
mean 100 episode reward: 7.3
% time spent exploring: 1
********************************************************
********************************************************
steps: 621320
episodes: 3200
mean 100 episode reward: 7.4
% time spent exploring: 1
********************************************************
********************************************************
steps: 623260
episodes: 3210
mean 100 episode reward: 7.4
% time spent exploring: 1
********************************************************
********************************************************
steps: 625464
episodes: 3220
mean 100 episode reward: 7.3
% time spent exploring: 1
********************************************************
********************************************************
steps: 627380
episodes: 3230
mean 100 episode reward: 7.4
% time spent exploring: 1
********************************************************
********************************************************
steps: 629398
episodes: 3240
mean 100 episode reward: 7.4
% time spent exploring: 1
********************************************************
********************************************************
steps: 631314
episodes: 3250
mean 100 episode reward: 7.3
% time spent exploring: 1
********************************************************
********************************************************
steps: 633424
episodes: 3260
mean 100 episode reward: 7.3
% time spent exploring: 1
********************************************************
********************************************************
steps: 635514
episodes: 3270
mean 100 episode reward: 7.3
% time spent exploring: 1
********************************************************
********************************************************
steps: 637459
episodes: 3280
mean 100 episode reward: 7.2
% time spent exploring: 1
********************************************************
********************************************************
steps: 639404
episodes: 3290
mean 100 episode reward: 7.2
% time spent exploring: 1
********************************************************
********************************************************
steps: 641339
episodes: 3300
mean 100 episode reward: 7.0
% time spent exploring: 1
********************************************************
********************************************************
steps: 643357
episodes: 3310
mean 100 episode reward: 7.0
% time spent exploring: 1
********************************************************
********************************************************
steps: 645593
episodes: 3320
mean 100 episode reward: 7.0
% time spent exploring: 1
********************************************************
********************************************************
steps: 647964
episodes: 3330
mean 100 episode reward: 7.1
% time spent exploring: 1
********************************************************
********************************************************
steps: 650545
episodes: 3340
mean 100 episode reward: 7.3
% time spent exploring: 1
********************************************************
********************************************************
steps: 652511
episodes: 3350
mean 100 episode reward: 7.3
% time spent exploring: 1
********************************************************
********************************************************
steps: 654532
episodes: 3360
mean 100 episode reward: 7.3
% time spent exploring: 1
********************************************************
********************************************************
steps: 656635
episodes: 3370
mean 100 episode reward: 7.3
% time spent exploring: 1
********************************************************
********************************************************
steps: 658904
episodes: 3380
mean 100 episode reward: 7.4
% time spent exploring: 1
********************************************************
********************************************************
steps: 661061
episodes: 3390
mean 100 episode reward: 7.4
% time spent exploring: 1
********************************************************
********************************************************
steps: 664149
episodes: 3400
mean 100 episode reward: 7.7
% time spent exploring: 1
********************************************************
********************************************************
steps: 666414
episodes: 3410
mean 100 episode reward: 7.8
% time spent exploring: 1
********************************************************
********************************************************
steps: 668605
episodes: 3420
mean 100 episode reward: 7.8
% time spent exploring: 1
********************************************************
********************************************************
steps: 670536
episodes: 3430
mean 100 episode reward: 7.7
% time spent exploring: 1
********************************************************
********************************************************
steps: 672560
episodes: 3440
mean 100 episode reward: 7.4
% time spent exploring: 1
********************************************************
********************************************************
steps: 674503
episodes: 3450
mean 100 episode reward: 7.4
% time spent exploring: 1
********************************************************
********************************************************
steps: 676777
episodes: 3460
mean 100 episode reward: 7.5
% time spent exploring: 1
********************************************************
********************************************************
steps: 678827
episodes: 3470
mean 100 episode reward: 7.5
% time spent exploring: 1
********************************************************
********************************************************
steps: 680740
episodes: 3480
mean 100 episode reward: 7.5
% time spent exploring: 1
********************************************************
********************************************************
steps: 682766
episodes: 3490
mean 100 episode reward: 7.4
% time spent exploring: 1
********************************************************
********************************************************
steps: 684911
episodes: 3500
mean 100 episode reward: 7.2
% time spent exploring: 1
********************************************************
********************************************************
steps: 687019
episodes: 3510
mean 100 episode reward: 7.1
% time spent exploring: 1
********************************************************
********************************************************
steps: 689434
episodes: 3520
mean 100 episode reward: 7.2
% time spent exploring: 1
********************************************************
********************************************************
steps: 691936
episodes: 3530
mean 100 episode reward: 7.4
% time spent exploring: 1
********************************************************
********************************************************
steps: 694525
episodes: 3540
mean 100 episode reward: 7.6
% time spent exploring: 1
********************************************************
********************************************************
steps: 696433
episodes: 3550
mean 100 episode reward: 7.6
% time spent exploring: 1
********************************************************
********************************************************
steps: 699009
episodes: 3560
mean 100 episode reward: 7.7
% time spent exploring: 1
********************************************************
********************************************************
steps: 700896
episodes: 3570
mean 100 episode reward: 7.6
% time spent exploring: 1
********************************************************
********************************************************
steps: 702896
episodes: 3580
mean 100 episode reward: 7.6
% time spent exploring: 1
********************************************************
********************************************************
steps: 704806
episodes: 3590
mean 100 episode reward: 7.6
% time spent exploring: 1
********************************************************
********************************************************
steps: 707230
episodes: 3600
mean 100 episode reward: 7.7
% time spent exploring: 1
********************************************************
********************************************************
steps: 709589
episodes: 3610
mean 100 episode reward: 7.7
% time spent exploring: 1
********************************************************
********************************************************
steps: 711905
episodes: 3620
mean 100 episode reward: 7.6
% time spent exploring: 1
********************************************************
********************************************************
steps: 713848
episodes: 3630
mean 100 episode reward: 7.4
% time spent exploring: 1
********************************************************
********************************************************
steps: 716389
episodes: 3640
mean 100 episode reward: 7.4
% time spent exploring: 1
********************************************************
********************************************************
steps: 718614
episodes: 3650
mean 100 episode reward: 7.5
% time spent exploring: 1
********************************************************
********************************************************
steps: 720748
episodes: 3660
mean 100 episode reward: 7.3
% time spent exploring: 1
********************************************************
********************************************************
steps: 723136
episodes: 3670
mean 100 episode reward: 7.6
% time spent exploring: 1
********************************************************
********************************************************
steps: 725062
episodes: 3680
mean 100 episode reward: 7.5
% time spent exploring: 1
********************************************************
********************************************************
steps: 727337
episodes: 3690
mean 100 episode reward: 7.6
% time spent exploring: 1
********************************************************
********************************************************
steps: 729476
episodes: 3700
mean 100 episode reward: 7.5
% time spent exploring: 1
********************************************************
********************************************************
steps: 731421
episodes: 3710
mean 100 episode reward: 7.4
% time spent exploring: 1
********************************************************
********************************************************
steps: 733494
episodes: 3720
mean 100 episode reward: 7.3
% time spent exploring: 1
********************************************************
********************************************************
steps: 735694
episodes: 3730
mean 100 episode reward: 7.4
% time spent exploring: 1
********************************************************
********************************************************
steps: 737606
episodes: 3740
mean 100 episode reward: 7.2
% time spent exploring: 1
********************************************************
********************************************************
steps: 739553
episodes: 3750
mean 100 episode reward: 7.1
% time spent exploring: 1
********************************************************
********************************************************
steps: 741539
episodes: 3760
mean 100 episode reward: 7.0
% time spent exploring: 1
********************************************************
********************************************************
steps: 743734
episodes: 3770
mean 100 episode reward: 7.0
% time spent exploring: 1
********************************************************
********************************************************
steps: 745845
episodes: 3780
mean 100 episode reward: 7.0
% time spent exploring: 1
********************************************************
********************************************************
steps: 747791
episodes: 3790
mean 100 episode reward: 7.0
% time spent exploring: 1
********************************************************
********************************************************
steps: 749859
episodes: 3800
mean 100 episode reward: 7.0
% time spent exploring: 1
********************************************************
********************************************************
steps: 752162
episodes: 3810
mean 100 episode reward: 7.1
% time spent exploring: 1
********************************************************
********************************************************
steps: 755054
episodes: 3820
mean 100 episode reward: 7.4
% time spent exploring: 1
********************************************************
********************************************************
steps: 757911
episodes: 3830
mean 100 episode reward: 7.6
% time spent exploring: 1
********************************************************
********************************************************
steps: 760554
episodes: 3840
mean 100 episode reward: 7.8
% time spent exploring: 1
********************************************************
********************************************************
steps: 762961
episodes: 3850
mean 100 episode reward: 7.8
% time spent exploring: 1
********************************************************
********************************************************
steps: 765428
episodes: 3860
mean 100 episode reward: 7.9
% time spent exploring: 1
********************************************************
********************************************************
steps: 767653
episodes: 3870
mean 100 episode reward: 7.8
% time spent exploring: 1
********************************************************
********************************************************
steps: 770297
episodes: 3880
mean 100 episode reward: 7.9
% time spent exploring: 1
********************************************************
********************************************************
steps: 772131
episodes: 3890
mean 100 episode reward: 7.7
% time spent exploring: 1
********************************************************
********************************************************
steps: 774828
episodes: 3900
mean 100 episode reward: 7.9
% time spent exploring: 1
********************************************************
********************************************************
steps: 776974
episodes: 3910
mean 100 episode reward: 7.7
% time spent exploring: 1
********************************************************
********************************************************
steps: 779862
episodes: 3920
mean 100 episode reward: 7.7
% time spent exploring: 1
********************************************************
********************************************************
steps: 782550
episodes: 3930
mean 100 episode reward: 7.7
% time spent exploring: 1
********************************************************
********************************************************
steps: 785183
episodes: 3940
mean 100 episode reward: 7.6
% time spent exploring: 1
********************************************************
********************************************************
steps: 787906
episodes: 3950
mean 100 episode reward: 7.9
% time spent exploring: 1
********************************************************
********************************************************
steps: 790522
episodes: 3960
mean 100 episode reward: 8.0
% time spent exploring: 1
********************************************************
********************************************************
steps: 792814
episodes: 3970
mean 100 episode reward: 8.1
% time spent exploring: 1
********************************************************
********************************************************
steps: 794791
episodes: 3980
mean 100 episode reward: 8.1
% time spent exploring: 1
********************************************************
********************************************************
steps: 796884
episodes: 3990
mean 100 episode reward: 8.2
% time spent exploring: 1
********************************************************
********************************************************
steps: 798941
episodes: 4000
mean 100 episode reward: 8.0
% time spent exploring: 1
********************************************************
********************************************************
steps: 801550
episodes: 4010
mean 100 episode reward: 8.2
% time spent exploring: 1
********************************************************
********************************************************
steps: 804052
episodes: 4020
mean 100 episode reward: 8.1
% time spent exploring: 1
********************************************************
********************************************************
steps: 806528
episodes: 4030
mean 100 episode reward: 8.1
% time spent exploring: 1
********************************************************
********************************************************
steps: 809145
episodes: 4040
mean 100 episode reward: 8.2
% time spent exploring: 1
********************************************************
********************************************************
steps: 812139
episodes: 4050
mean 100 episode reward: 8.3
% time spent exploring: 1
********************************************************
********************************************************
steps: 815344
episodes: 4060
mean 100 episode reward: 8.7
% time spent exploring: 1
********************************************************
********************************************************
steps: 817646
episodes: 4070
mean 100 episode reward: 8.9
% time spent exploring: 1
********************************************************
********************************************************
steps: 820031
episodes: 4080
mean 100 episode reward: 9.0
% time spent exploring: 1
********************************************************
********************************************************
steps: 823011
episodes: 4090
mean 100 episode reward: 9.6
% time spent exploring: 1
********************************************************
********************************************************
steps: 825404
episodes: 4100
mean 100 episode reward: 9.7
% time spent exploring: 1
********************************************************
********************************************************
steps: 827891
episodes: 4110
mean 100 episode reward: 9.7
% time spent exploring: 1
********************************************************
********************************************************
steps: 830546
episodes: 4120
mean 100 episode reward: 9.7
% time spent exploring: 1
********************************************************
********************************************************
steps: 833600
episodes: 4130
mean 100 episode reward: 9.8
% time spent exploring: 1
********************************************************
********************************************************
steps: 836012
episodes: 4140
mean 100 episode reward: 9.7
% time spent exploring: 1
********************************************************
********************************************************
steps: 838521
episodes: 4150
mean 100 episode reward: 9.5
% time spent exploring: 1
********************************************************
********************************************************
steps: 841540
episodes: 4160
mean 100 episode reward: 9.4
% time spent exploring: 1
********************************************************
********************************************************
steps: 844449
episodes: 4170
mean 100 episode reward: 9.6
% time spent exploring: 1
********************************************************
********************************************************
steps: 847372
episodes: 4180
mean 100 episode reward: 9.8
% time spent exploring: 1
********************************************************
********************************************************
steps: 850054
episodes: 4190
mean 100 episode reward: 9.6
% time spent exploring: 1
********************************************************
********************************************************
steps: 852807
episodes: 4200
mean 100 episode reward: 9.8
% time spent exploring: 1
********************************************************
********************************************************
steps: 855982
episodes: 4210
mean 100 episode reward: 10.0
% time spent exploring: 1
********************************************************
********************************************************
steps: 858368
episodes: 4220
mean 100 episode reward: 10.0
% time spent exploring: 1
********************************************************
********************************************************
steps: 862776
episodes: 4230
mean 100 episode reward: 10.7
% time spent exploring: 1
********************************************************
********************************************************
steps: 865349
episodes: 4240
mean 100 episode reward: 10.8
% time spent exploring: 1
********************************************************
********************************************************
steps: 868534
episodes: 4250
mean 100 episode reward: 10.9
% time spent exploring: 1
********************************************************
********************************************************
steps: 871007
episodes: 4260
mean 100 episode reward: 10.8
% time spent exploring: 1
********************************************************
********************************************************
steps: 873732
episodes: 4270
mean 100 episode reward: 10.7
% time spent exploring: 1
********************************************************
********************************************************
steps: 876417
episodes: 4280
mean 100 episode reward: 10.6
% time spent exploring: 1
********************************************************
********************************************************
steps: 879653
episodes: 4290
mean 100 episode reward: 10.6
% time spent exploring: 1
********************************************************
********************************************************
steps: 882702
episodes: 4300
mean 100 episode reward: 10.7
% time spent exploring: 1
********************************************************
********************************************************
steps: 884963
episodes: 4310
mean 100 episode reward: 10.4
% time spent exploring: 1
********************************************************
********************************************************
steps: 888441
episodes: 4320
mean 100 episode reward: 10.8
% time spent exploring: 1
********************************************************
********************************************************
steps: 891327
episodes: 4330
mean 100 episode reward: 10.3
% time spent exploring: 1
********************************************************
********************************************************
steps: 893382
episodes: 4340
mean 100 episode reward: 10.1
% time spent exploring: 1
********************************************************
********************************************************
steps: 895592
episodes: 4350
mean 100 episode reward: 9.9
% time spent exploring: 1
********************************************************
********************************************************
steps: 898312
episodes: 4360
mean 100 episode reward: 10.0
% time spent exploring: 1
********************************************************
********************************************************
steps: 900591
episodes: 4370
mean 100 episode reward: 9.9
% time spent exploring: 1
********************************************************
********************************************************
steps: 903204
episodes: 4380
mean 100 episode reward: 9.8
% time spent exploring: 1
********************************************************
********************************************************
steps: 905627
episodes: 4390
mean 100 episode reward: 9.7
% time spent exploring: 1
********************************************************
********************************************************
steps: 908088
episodes: 4400
mean 100 episode reward: 9.5
% time spent exploring: 1
********************************************************
********************************************************
steps: 910174
episodes: 4410
mean 100 episode reward: 9.3
% time spent exploring: 1
********************************************************
********************************************************
steps: 912986
episodes: 4420
mean 100 episode reward: 9.2
% time spent exploring: 1
********************************************************
********************************************************
steps: 916169
episodes: 4430
mean 100 episode reward: 9.1
% time spent exploring: 1
********************************************************
********************************************************
steps: 918591
episodes: 4440
mean 100 episode reward: 9.3
% time spent exploring: 1
********************************************************
********************************************************
steps: 920665
episodes: 4450
mean 100 episode reward: 9.2
% time spent exploring: 1
********************************************************
********************************************************
steps: 923675
episodes: 4460
mean 100 episode reward: 9.1
% time spent exploring: 1
********************************************************
********************************************************
steps: 925801
episodes: 4470
mean 100 episode reward: 8.8
% time spent exploring: 1
********************************************************
********************************************************
steps: 928380
episodes: 4480
mean 100 episode reward: 8.9
% time spent exploring: 1
********************************************************
********************************************************
steps: 930487
episodes: 4490
mean 100 episode reward: 8.7
% time spent exploring: 1
********************************************************
********************************************************
steps: 933711
episodes: 4500
mean 100 episode reward: 8.7
% time spent exploring: 1
********************************************************
********************************************************
steps: 935756
episodes: 4510
mean 100 episode reward: 8.6
% time spent exploring: 1
********************************************************
********************************************************
steps: 938430
episodes: 4520
mean 100 episode reward: 8.4
% time spent exploring: 1
********************************************************
********************************************************
steps: 940295
episodes: 4530
mean 100 episode reward: 7.9
% time spent exploring: 1
********************************************************
********************************************************
steps: 943372
episodes: 4540
mean 100 episode reward: 8.2
% time spent exploring: 1
********************************************************
********************************************************
steps: 945658
episodes: 4550
mean 100 episode reward: 8.4
% time spent exploring: 1
********************************************************
********************************************************
steps: 947534
episodes: 4560
mean 100 episode reward: 8.0
% time spent exploring: 1
********************************************************
********************************************************
steps: 950083
episodes: 4570
mean 100 episode reward: 8.2
% time spent exploring: 1
********************************************************
********************************************************
steps: 953164
episodes: 4580
mean 100 episode reward: 8.4
% time spent exploring: 1
********************************************************
********************************************************
steps: 955755
episodes: 4590
mean 100 episode reward: 8.6
% time spent exploring: 1
********************************************************
********************************************************
steps: 958421
episodes: 4600
mean 100 episode reward: 8.6
% time spent exploring: 1
********************************************************
********************************************************
steps: 960888
episodes: 4610
mean 100 episode reward: 8.9
% time spent exploring: 1
********************************************************
********************************************************
steps: 964498
episodes: 4620
mean 100 episode reward: 9.3
% time spent exploring: 1
********************************************************
********************************************************
steps: 967749
episodes: 4630
mean 100 episode reward: 10.0
% time spent exploring: 1
********************************************************
********************************************************
steps: 970301
episodes: 4640
mean 100 episode reward: 9.8
% time spent exploring: 1
********************************************************
********************************************************
steps: 972384
episodes: 4650
mean 100 episode reward: 9.6
% time spent exploring: 1
********************************************************
********************************************************
steps: 975230
episodes: 4660
mean 100 episode reward: 10.0
% time spent exploring: 1
********************************************************
********************************************************
steps: 978074
episodes: 4670
mean 100 episode reward: 10.0
% time spent exploring: 1
********************************************************
********************************************************
steps: 980345
episodes: 4680
mean 100 episode reward: 9.7
% time spent exploring: 1
********************************************************
********************************************************
steps: 983402
episodes: 4690
mean 100 episode reward: 9.8
% time spent exploring: 1
********************************************************
********************************************************
steps: 986404
episodes: 4700
mean 100 episode reward: 10.0
% time spent exploring: 1
********************************************************
********************************************************
steps: 989723
episodes: 4710
mean 100 episode reward: 10.1
% time spent exploring: 1
********************************************************
********************************************************
steps: 991803
episodes: 4720
mean 100 episode reward: 9.6
% time spent exploring: 1
********************************************************
********************************************************
steps: 994362
episodes: 4730
mean 100 episode reward: 9.4
% time spent exploring: 1
********************************************************
********************************************************
steps: 996930
episodes: 4740
mean 100 episode reward: 9.5
% time spent exploring: 1
********************************************************
