Wed Nov 15 14:22:41 2023       
+---------------------------------------------------------------------------------------+
| NVIDIA-SMI 530.30.02              Driver Version: 530.30.02    CUDA Version: 12.1     |
|-----------------------------------------+----------------------+----------------------+
| GPU  Name                  Persistence-M| Bus-Id        Disp.A | Volatile Uncorr. ECC |
| Fan  Temp  Perf            Pwr:Usage/Cap|         Memory-Usage | GPU-Util  Compute M. |
|                                         |                      |               MIG M. |
|=========================================+======================+======================|
|   0  NVIDIA A40                      On | 00000000:65:00.0 Off |                    0 |
|  0%   41C    P0               77W / 300W|      0MiB / 46068MiB |      0%      Default |
|                                         |                      |                  N/A |
+-----------------------------------------+----------------------+----------------------+
                                                                                         
+---------------------------------------------------------------------------------------+
| Processes:                                                                            |
|  GPU   GI   CI        PID   Type   Process name                            GPU Memory |
|        ID   ID                                                             Usage      |
|=======================================================================================|
|  No running processes found                                                           |
+---------------------------------------------------------------------------------------+
********************************************************
steps: 1551
episodes: 10
mean 100 episode reward: 2.4
% time spent exploring: 98
********************************************************
********************************************************
steps: 3014
episodes: 20
mean 100 episode reward: 2.5
% time spent exploring: 97
********************************************************
********************************************************
steps: 4399
episodes: 30
mean 100 episode reward: 2.3
% time spent exploring: 95
********************************************************
********************************************************
steps: 5612
episodes: 40
mean 100 episode reward: 2.3
% time spent exploring: 94
********************************************************
********************************************************
steps: 8018
episodes: 50
mean 100 episode reward: 2.9
% time spent exploring: 92
********************************************************
********************************************************
steps: 9381
episodes: 60
mean 100 episode reward: 3.0
% time spent exploring: 90
********************************************************
********************************************************
steps: 10725
episodes: 70
mean 100 episode reward: 2.9
% time spent exploring: 89
********************************************************
********************************************************
steps: 11861
episodes: 80
mean 100 episode reward: 2.8
% time spent exploring: 88
********************************************************
********************************************************
steps: 13386
episodes: 90
mean 100 episode reward: 2.7
% time spent exploring: 86
********************************************************
********************************************************
steps: 14941
episodes: 100
mean 100 episode reward: 2.6
% time spent exploring: 85
********************************************************
********************************************************
steps: 16877
episodes: 110
mean 100 episode reward: 2.8
% time spent exploring: 83
********************************************************
********************************************************
steps: 18841
episodes: 120
mean 100 episode reward: 2.9
% time spent exploring: 81
********************************************************
********************************************************
steps: 20189
episodes: 130
mean 100 episode reward: 2.9
% time spent exploring: 80
********************************************************
********************************************************
steps: 21916
episodes: 140
mean 100 episode reward: 3.0
% time spent exploring: 78
********************************************************
********************************************************
steps: 23527
episodes: 150
mean 100 episode reward: 2.8
% time spent exploring: 76
********************************************************
********************************************************
steps: 25299
episodes: 160
mean 100 episode reward: 2.9
% time spent exploring: 74
********************************************************
********************************************************
steps: 26703
episodes: 170
mean 100 episode reward: 2.9
% time spent exploring: 73
********************************************************
********************************************************
steps: 27737
episodes: 180
mean 100 episode reward: 2.9
% time spent exploring: 72
********************************************************
********************************************************
steps: 29225
episodes: 190
mean 100 episode reward: 3.0
% time spent exploring: 71
********************************************************
********************************************************
steps: 30747
episodes: 200
mean 100 episode reward: 3.0
% time spent exploring: 69
********************************************************
********************************************************
steps: 32557
episodes: 210
mean 100 episode reward: 2.9
% time spent exploring: 67
********************************************************
********************************************************
steps: 34641
episodes: 220
mean 100 episode reward: 3.0
% time spent exploring: 65
********************************************************
********************************************************
steps: 36111
episodes: 230
mean 100 episode reward: 3.1
% time spent exploring: 64
********************************************************
********************************************************
steps: 37552
episodes: 240
mean 100 episode reward: 3.0
% time spent exploring: 62
********************************************************
********************************************************
steps: 39059
episodes: 250
mean 100 episode reward: 3.0
% time spent exploring: 61
********************************************************
********************************************************
steps: 40214
episodes: 260
mean 100 episode reward: 2.8
% time spent exploring: 60
********************************************************
********************************************************
steps: 41985
episodes: 270
mean 100 episode reward: 3.0
% time spent exploring: 58
********************************************************
********************************************************
steps: 43205
episodes: 280
mean 100 episode reward: 3.0
% time spent exploring: 57
********************************************************
********************************************************
steps: 45660
episodes: 290
mean 100 episode reward: 3.3
% time spent exploring: 54
********************************************************
********************************************************
steps: 47704
episodes: 300
mean 100 episode reward: 3.4
% time spent exploring: 52
********************************************************
********************************************************
steps: 49702
episodes: 310
mean 100 episode reward: 3.7
% time spent exploring: 50
********************************************************
********************************************************
steps: 51577
episodes: 320
mean 100 episode reward: 3.5
% time spent exploring: 48
********************************************************
********************************************************
steps: 53776
episodes: 330
mean 100 episode reward: 3.8
% time spent exploring: 46
********************************************************
********************************************************
steps: 55812
episodes: 340
mean 100 episode reward: 4.0
% time spent exploring: 44
********************************************************
********************************************************
steps: 57696
episodes: 350
mean 100 episode reward: 4.1
% time spent exploring: 42
********************************************************
********************************************************
steps: 60101
episodes: 360
mean 100 episode reward: 4.4
% time spent exploring: 40
********************************************************
********************************************************
steps: 62049
episodes: 370
mean 100 episode reward: 4.2
% time spent exploring: 38
********************************************************
********************************************************
steps: 63726
episodes: 380
mean 100 episode reward: 4.4
% time spent exploring: 36
********************************************************
********************************************************
steps: 66174
episodes: 390
mean 100 episode reward: 4.4
% time spent exploring: 34
********************************************************
********************************************************
steps: 67884
episodes: 400
mean 100 episode reward: 4.4
% time spent exploring: 32
********************************************************
********************************************************
steps: 70252
episodes: 410
mean 100 episode reward: 4.4
% time spent exploring: 30
********************************************************
********************************************************
steps: 72724
episodes: 420
mean 100 episode reward: 4.6
% time spent exploring: 28
********************************************************
********************************************************
steps: 74261
episodes: 430
mean 100 episode reward: 4.4
% time spent exploring: 26
********************************************************
********************************************************
steps: 75464
episodes: 440
mean 100 episode reward: 4.2
% time spent exploring: 25
********************************************************
********************************************************
steps: 77212
episodes: 450
mean 100 episode reward: 4.3
% time spent exploring: 23
********************************************************
********************************************************
steps: 79188
episodes: 460
mean 100 episode reward: 4.3
% time spent exploring: 21
********************************************************
********************************************************
steps: 80604
episodes: 470
mean 100 episode reward: 4.3
% time spent exploring: 20
********************************************************
********************************************************
steps: 82519
episodes: 480
mean 100 episode reward: 4.4
% time spent exploring: 18
********************************************************
********************************************************
steps: 84565
episodes: 490
mean 100 episode reward: 4.3
% time spent exploring: 16
********************************************************
********************************************************
steps: 87330
episodes: 500
mean 100 episode reward: 4.6
% time spent exploring: 13
********************************************************
********************************************************
steps: 89305
episodes: 510
mean 100 episode reward: 4.3
% time spent exploring: 11
********************************************************
********************************************************
steps: 90956
episodes: 520
mean 100 episode reward: 3.9
% time spent exploring: 9
********************************************************
********************************************************
steps: 92727
episodes: 530
mean 100 episode reward: 3.9
% time spent exploring: 8
********************************************************
********************************************************
steps: 95469
episodes: 540
mean 100 episode reward: 4.3
% time spent exploring: 5
********************************************************
********************************************************
steps: 97942
episodes: 550
mean 100 episode reward: 4.3
% time spent exploring: 3
********************************************************
********************************************************
steps: 99560
episodes: 560
mean 100 episode reward: 4.0
% time spent exploring: 1
********************************************************
********************************************************
steps: 101717
episodes: 570
mean 100 episode reward: 4.0
% time spent exploring: 1
********************************************************
********************************************************
steps: 103472
episodes: 580
mean 100 episode reward: 3.8
% time spent exploring: 1
********************************************************
********************************************************
steps: 104694
episodes: 590
mean 100 episode reward: 3.4
% time spent exploring: 1
********************************************************
********************************************************
steps: 106633
episodes: 600
mean 100 episode reward: 3.0
% time spent exploring: 1
********************************************************
********************************************************
steps: 108653
episodes: 610
mean 100 episode reward: 3.0
% time spent exploring: 1
********************************************************
********************************************************
steps: 110028
episodes: 620
mean 100 episode reward: 3.0
% time spent exploring: 1
********************************************************
********************************************************
steps: 112201
episodes: 630
mean 100 episode reward: 3.0
% time spent exploring: 1
********************************************************
********************************************************
steps: 114872
episodes: 640
mean 100 episode reward: 3.0
% time spent exploring: 1
********************************************************
********************************************************
steps: 117297
episodes: 650
mean 100 episode reward: 3.1
% time spent exploring: 1
********************************************************
********************************************************
steps: 119206
episodes: 660
mean 100 episode reward: 3.4
% time spent exploring: 1
********************************************************
********************************************************
steps: 121457
episodes: 670
mean 100 episode reward: 3.6
% time spent exploring: 1
********************************************************
********************************************************
steps: 122980
episodes: 680
mean 100 episode reward: 3.7
% time spent exploring: 1
********************************************************
********************************************************
steps: 124943
episodes: 690
mean 100 episode reward: 4.1
% time spent exploring: 1
********************************************************
********************************************************
steps: 127171
episodes: 700
mean 100 episode reward: 4.4
% time spent exploring: 1
********************************************************
********************************************************
steps: 129459
episodes: 710
mean 100 episode reward: 4.6
% time spent exploring: 1
********************************************************
********************************************************
steps: 131389
episodes: 720
mean 100 episode reward: 4.7
% time spent exploring: 1
********************************************************
********************************************************
steps: 133909
episodes: 730
mean 100 episode reward: 4.7
% time spent exploring: 1
********************************************************
********************************************************
steps: 135887
episodes: 740
mean 100 episode reward: 4.6
% time spent exploring: 1
********************************************************
********************************************************
steps: 138719
episodes: 750
mean 100 episode reward: 4.7
% time spent exploring: 1
********************************************************
********************************************************
steps: 141126
episodes: 760
mean 100 episode reward: 4.7
% time spent exploring: 1
********************************************************
********************************************************
steps: 142342
episodes: 770
mean 100 episode reward: 4.5
% time spent exploring: 1
********************************************************
********************************************************
steps: 145746
episodes: 780
mean 100 episode reward: 4.7
% time spent exploring: 1
********************************************************
********************************************************
steps: 147870
episodes: 790
mean 100 episode reward: 4.6
% time spent exploring: 1
********************************************************
********************************************************
steps: 150149
episodes: 800
mean 100 episode reward: 4.5
% time spent exploring: 1
********************************************************
********************************************************
steps: 152257
episodes: 810
mean 100 episode reward: 4.4
% time spent exploring: 1
********************************************************
********************************************************
steps: 154048
episodes: 820
mean 100 episode reward: 4.4
% time spent exploring: 1
********************************************************
********************************************************
steps: 156071
episodes: 830
mean 100 episode reward: 4.4
% time spent exploring: 1
********************************************************
********************************************************
steps: 157709
episodes: 840
mean 100 episode reward: 4.2
% time spent exploring: 1
********************************************************
********************************************************
steps: 160137
episodes: 850
mean 100 episode reward: 4.1
% time spent exploring: 1
********************************************************
********************************************************
steps: 162257
episodes: 860
mean 100 episode reward: 4.1
% time spent exploring: 1
********************************************************
********************************************************
steps: 164652
episodes: 870
mean 100 episode reward: 4.4
% time spent exploring: 1
********************************************************
********************************************************
steps: 166109
episodes: 880
mean 100 episode reward: 4.2
% time spent exploring: 1
********************************************************
********************************************************
steps: 167891
episodes: 890
mean 100 episode reward: 4.0
% time spent exploring: 1
********************************************************
********************************************************
steps: 169975
episodes: 900
mean 100 episode reward: 4.0
% time spent exploring: 1
********************************************************
********************************************************
steps: 171697
episodes: 910
mean 100 episode reward: 4.0
% time spent exploring: 1
********************************************************
********************************************************
steps: 172949
episodes: 920
mean 100 episode reward: 3.9
% time spent exploring: 1
********************************************************
********************************************************
steps: 174517
episodes: 930
mean 100 episode reward: 3.9
% time spent exploring: 1
********************************************************
********************************************************
steps: 175988
episodes: 940
mean 100 episode reward: 3.9
% time spent exploring: 1
********************************************************
********************************************************
steps: 177632
episodes: 950
mean 100 episode reward: 3.7
% time spent exploring: 1
********************************************************
********************************************************
steps: 179712
episodes: 960
mean 100 episode reward: 3.5
% time spent exploring: 1
********************************************************
********************************************************
steps: 181375
episodes: 970
mean 100 episode reward: 3.3
% time spent exploring: 1
********************************************************
********************************************************
steps: 183181
episodes: 980
mean 100 episode reward: 3.1
% time spent exploring: 1
********************************************************
********************************************************
steps: 185140
episodes: 990
mean 100 episode reward: 3.2
% time spent exploring: 1
********************************************************
********************************************************
steps: 188006
episodes: 1000
mean 100 episode reward: 3.2
% time spent exploring: 1
********************************************************
********************************************************
steps: 190148
episodes: 1010
mean 100 episode reward: 3.2
% time spent exploring: 1
********************************************************
********************************************************
steps: 191891
episodes: 1020
mean 100 episode reward: 3.3
% time spent exploring: 1
********************************************************
********************************************************
steps: 193654
episodes: 1030
mean 100 episode reward: 3.3
% time spent exploring: 1
********************************************************
********************************************************
steps: 195659
episodes: 1040
mean 100 episode reward: 3.4
% time spent exploring: 1
********************************************************
********************************************************
steps: 197386
episodes: 1050
mean 100 episode reward: 3.4
% time spent exploring: 1
********************************************************
********************************************************
steps: 199837
episodes: 1060
mean 100 episode reward: 3.4
% time spent exploring: 1
********************************************************
********************************************************
steps: 201884
episodes: 1070
mean 100 episode reward: 3.5
% time spent exploring: 1
********************************************************
********************************************************
steps: 203043
episodes: 1080
mean 100 episode reward: 3.5
% time spent exploring: 1
********************************************************
********************************************************
steps: 204227
episodes: 1090
mean 100 episode reward: 3.3
% time spent exploring: 1
********************************************************
********************************************************
steps: 205450
episodes: 1100
mean 100 episode reward: 3.1
% time spent exploring: 1
********************************************************
********************************************************
steps: 206873
episodes: 1110
mean 100 episode reward: 2.9
% time spent exploring: 1
********************************************************
********************************************************
steps: 208222
episodes: 1120
mean 100 episode reward: 2.8
% time spent exploring: 1
********************************************************
********************************************************
steps: 209981
episodes: 1130
mean 100 episode reward: 2.7
% time spent exploring: 1
********************************************************
********************************************************
steps: 211371
episodes: 1140
mean 100 episode reward: 2.5
% time spent exploring: 1
********************************************************
********************************************************
steps: 213366
episodes: 1150
mean 100 episode reward: 2.7
% time spent exploring: 1
********************************************************
********************************************************
steps: 215015
episodes: 1160
mean 100 episode reward: 2.6
% time spent exploring: 1
********************************************************
********************************************************
steps: 217579
episodes: 1170
mean 100 episode reward: 2.6
% time spent exploring: 1
********************************************************
********************************************************
steps: 219852
episodes: 1180
mean 100 episode reward: 2.8
% time spent exploring: 1
********************************************************
********************************************************
steps: 220787
episodes: 1190
mean 100 episode reward: 2.8
% time spent exploring: 1
********************************************************
********************************************************
steps: 222512
episodes: 1200
mean 100 episode reward: 2.9
% time spent exploring: 1
********************************************************
********************************************************
steps: 225053
episodes: 1210
mean 100 episode reward: 3.2
% time spent exploring: 1
********************************************************
********************************************************
steps: 227419
episodes: 1220
mean 100 episode reward: 3.2
% time spent exploring: 1
********************************************************
********************************************************
steps: 229211
episodes: 1230
mean 100 episode reward: 3.3
% time spent exploring: 1
********************************************************
********************************************************
steps: 230917
episodes: 1240
mean 100 episode reward: 3.2
% time spent exploring: 1
********************************************************
********************************************************
steps: 232427
episodes: 1250
mean 100 episode reward: 3.0
% time spent exploring: 1
********************************************************
********************************************************
steps: 235091
episodes: 1260
mean 100 episode reward: 2.9
% time spent exploring: 1
********************************************************
********************************************************
steps: 237078
episodes: 1270
mean 100 episode reward: 2.7
% time spent exploring: 1
********************************************************
********************************************************
steps: 239138
episodes: 1280
mean 100 episode reward: 2.5
% time spent exploring: 1
********************************************************
********************************************************
steps: 240976
episodes: 1290
mean 100 episode reward: 2.5
% time spent exploring: 1
********************************************************
********************************************************
steps: 243229
episodes: 1300
mean 100 episode reward: 2.5
% time spent exploring: 1
********************************************************
********************************************************
steps: 245391
episodes: 1310
mean 100 episode reward: 2.3
% time spent exploring: 1
********************************************************
********************************************************
steps: 247177
episodes: 1320
mean 100 episode reward: 2.4
% time spent exploring: 1
********************************************************
********************************************************
steps: 249301
episodes: 1330
mean 100 episode reward: 2.6
% time spent exploring: 1
********************************************************
********************************************************
steps: 251307
episodes: 1340
mean 100 episode reward: 2.8
% time spent exploring: 1
********************************************************
********************************************************
steps: 253643
episodes: 1350
mean 100 episode reward: 3.2
% time spent exploring: 1
********************************************************
********************************************************
steps: 256152
episodes: 1360
mean 100 episode reward: 3.3
% time spent exploring: 1
********************************************************
********************************************************
steps: 257937
episodes: 1370
mean 100 episode reward: 3.3
% time spent exploring: 1
********************************************************
********************************************************
steps: 259730
episodes: 1380
mean 100 episode reward: 3.4
% time spent exploring: 1
********************************************************
********************************************************
steps: 261582
episodes: 1390
mean 100 episode reward: 3.5
% time spent exploring: 1
********************************************************
********************************************************
steps: 263115
episodes: 1400
mean 100 episode reward: 3.4
% time spent exploring: 1
********************************************************
********************************************************
steps: 265397
episodes: 1410
mean 100 episode reward: 3.7
% time spent exploring: 1
********************************************************
********************************************************
steps: 266759
episodes: 1420
mean 100 episode reward: 3.6
% time spent exploring: 1
********************************************************
********************************************************
steps: 268614
episodes: 1430
mean 100 episode reward: 3.4
% time spent exploring: 1
********************************************************
********************************************************
steps: 270256
episodes: 1440
mean 100 episode reward: 3.3
% time spent exploring: 1
********************************************************
********************************************************
steps: 272740
episodes: 1450
mean 100 episode reward: 3.1
% time spent exploring: 1
********************************************************
********************************************************
steps: 274592
episodes: 1460
mean 100 episode reward: 3.0
% time spent exploring: 1
********************************************************
********************************************************
steps: 276351
episodes: 1470
mean 100 episode reward: 3.1
% time spent exploring: 1
********************************************************
********************************************************
steps: 278704
episodes: 1480
mean 100 episode reward: 3.2
% time spent exploring: 1
********************************************************
********************************************************
steps: 280468
episodes: 1490
mean 100 episode reward: 3.2
% time spent exploring: 1
********************************************************
********************************************************
steps: 282811
episodes: 1500
mean 100 episode reward: 3.4
% time spent exploring: 1
********************************************************
********************************************************
steps: 284504
episodes: 1510
mean 100 episode reward: 3.2
% time spent exploring: 1
********************************************************
********************************************************
steps: 286585
episodes: 1520
mean 100 episode reward: 3.2
% time spent exploring: 1
********************************************************
********************************************************
steps: 288452
episodes: 1530
mean 100 episode reward: 3.2
% time spent exploring: 1
********************************************************
********************************************************
steps: 290653
episodes: 1540
mean 100 episode reward: 3.3
% time spent exploring: 1
********************************************************
********************************************************
steps: 292992
episodes: 1550
mean 100 episode reward: 3.3
% time spent exploring: 1
********************************************************
********************************************************
steps: 295575
episodes: 1560
mean 100 episode reward: 3.4
% time spent exploring: 1
********************************************************
********************************************************
steps: 297809
episodes: 1570
mean 100 episode reward: 3.5
% time spent exploring: 1
********************************************************
********************************************************
steps: 300423
episodes: 1580
mean 100 episode reward: 3.6
% time spent exploring: 1
********************************************************
********************************************************
steps: 302771
episodes: 1590
mean 100 episode reward: 3.7
% time spent exploring: 1
********************************************************
********************************************************
steps: 304823
episodes: 1600
mean 100 episode reward: 3.5
% time spent exploring: 1
********************************************************
********************************************************
steps: 307097
episodes: 1610
mean 100 episode reward: 3.6
% time spent exploring: 1
********************************************************
********************************************************
steps: 309635
episodes: 1620
mean 100 episode reward: 3.7
% time spent exploring: 1
********************************************************
********************************************************
steps: 311789
episodes: 1630
mean 100 episode reward: 3.6
% time spent exploring: 1
********************************************************
********************************************************
steps: 313066
episodes: 1640
mean 100 episode reward: 3.4
% time spent exploring: 1
********************************************************
********************************************************
steps: 315166
episodes: 1650
mean 100 episode reward: 3.4
% time spent exploring: 1
********************************************************
********************************************************
steps: 316926
episodes: 1660
mean 100 episode reward: 3.2
% time spent exploring: 1
********************************************************
********************************************************
steps: 319728
episodes: 1670
mean 100 episode reward: 3.2
% time spent exploring: 1
********************************************************
********************************************************
steps: 321494
episodes: 1680
mean 100 episode reward: 3.0
% time spent exploring: 1
********************************************************
********************************************************
steps: 323434
episodes: 1690
mean 100 episode reward: 2.9
% time spent exploring: 1
********************************************************
********************************************************
steps: 325578
episodes: 1700
mean 100 episode reward: 3.1
% time spent exploring: 1
********************************************************
********************************************************
steps: 328226
episodes: 1710
mean 100 episode reward: 3.2
% time spent exploring: 1
********************************************************
********************************************************
steps: 330358
episodes: 1720
mean 100 episode reward: 3.1
% time spent exploring: 1
********************************************************
********************************************************
steps: 332324
episodes: 1730
mean 100 episode reward: 3.2
% time spent exploring: 1
********************************************************
********************************************************
steps: 333736
episodes: 1740
mean 100 episode reward: 3.2
% time spent exploring: 1
********************************************************
********************************************************
steps: 337558
episodes: 1750
mean 100 episode reward: 3.6
% time spent exploring: 1
********************************************************
********************************************************
steps: 340041
episodes: 1760
mean 100 episode reward: 3.8
% time spent exploring: 1
********************************************************
********************************************************
steps: 341489
episodes: 1770
mean 100 episode reward: 3.6
% time spent exploring: 1
********************************************************
********************************************************
steps: 343435
episodes: 1780
mean 100 episode reward: 3.6
% time spent exploring: 1
********************************************************
********************************************************
steps: 345709
episodes: 1790
mean 100 episode reward: 3.8
% time spent exploring: 1
********************************************************
********************************************************
steps: 348461
episodes: 1800
mean 100 episode reward: 3.9
% time spent exploring: 1
********************************************************
********************************************************
steps: 350801
episodes: 1810
mean 100 episode reward: 3.8
% time spent exploring: 1
********************************************************
********************************************************
steps: 352498
episodes: 1820
mean 100 episode reward: 3.6
% time spent exploring: 1
********************************************************
********************************************************
steps: 355484
episodes: 1830
mean 100 episode reward: 3.8
% time spent exploring: 1
********************************************************
********************************************************
steps: 357495
episodes: 1840
mean 100 episode reward: 4.0
% time spent exploring: 1
********************************************************
********************************************************
steps: 359192
episodes: 1850
mean 100 episode reward: 3.6
% time spent exploring: 1
********************************************************
********************************************************
steps: 361022
episodes: 1860
mean 100 episode reward: 3.5
% time spent exploring: 1
********************************************************
********************************************************
steps: 363421
episodes: 1870
mean 100 episode reward: 3.9
% time spent exploring: 1
********************************************************
********************************************************
steps: 365800
episodes: 1880
mean 100 episode reward: 4.0
% time spent exploring: 1
********************************************************
********************************************************
steps: 368042
episodes: 1890
mean 100 episode reward: 4.0
% time spent exploring: 1
********************************************************
********************************************************
steps: 370022
episodes: 1900
mean 100 episode reward: 3.7
% time spent exploring: 1
********************************************************
********************************************************
steps: 371785
episodes: 1910
mean 100 episode reward: 3.6
% time spent exploring: 1
********************************************************
********************************************************
steps: 372995
episodes: 1920
mean 100 episode reward: 3.6
% time spent exploring: 1
********************************************************
********************************************************
steps: 374610
episodes: 1930
mean 100 episode reward: 3.3
% time spent exploring: 1
********************************************************
********************************************************
steps: 376312
episodes: 1940
mean 100 episode reward: 3.2
% time spent exploring: 1
********************************************************
********************************************************
steps: 377662
episodes: 1950
mean 100 episode reward: 3.0
% time spent exploring: 1
********************************************************
********************************************************
steps: 378947
episodes: 1960
mean 100 episode reward: 2.9
% time spent exploring: 1
********************************************************
********************************************************
steps: 380302
episodes: 1970
mean 100 episode reward: 2.6
% time spent exploring: 1
********************************************************
********************************************************
steps: 381891
episodes: 1980
mean 100 episode reward: 2.5
% time spent exploring: 1
********************************************************
********************************************************
steps: 384096
episodes: 1990
mean 100 episode reward: 2.5
% time spent exploring: 1
********************************************************
********************************************************
steps: 385937
episodes: 2000
mean 100 episode reward: 2.5
% time spent exploring: 1
********************************************************
********************************************************
steps: 387790
episodes: 2010
mean 100 episode reward: 2.6
% time spent exploring: 1
********************************************************
********************************************************
steps: 388938
episodes: 2020
mean 100 episode reward: 2.5
% time spent exploring: 1
********************************************************
********************************************************
steps: 390500
episodes: 2030
mean 100 episode reward: 2.5
% time spent exploring: 1
********************************************************
********************************************************
steps: 391924
episodes: 2040
mean 100 episode reward: 2.5
% time spent exploring: 1
********************************************************
********************************************************
steps: 393818
episodes: 2050
mean 100 episode reward: 2.6
% time spent exploring: 1
********************************************************
********************************************************
steps: 396002
episodes: 2060
mean 100 episode reward: 2.8
% time spent exploring: 1
********************************************************
********************************************************
steps: 397792
episodes: 2070
mean 100 episode reward: 2.8
% time spent exploring: 1
********************************************************
********************************************************
steps: 399772
episodes: 2080
mean 100 episode reward: 3.0
% time spent exploring: 1
********************************************************
********************************************************
steps: 402392
episodes: 2090
mean 100 episode reward: 3.0
% time spent exploring: 1
********************************************************
********************************************************
steps: 405380
episodes: 2100
mean 100 episode reward: 3.1
% time spent exploring: 1
********************************************************
********************************************************
steps: 407478
episodes: 2110
mean 100 episode reward: 3.0
% time spent exploring: 1
********************************************************
********************************************************
steps: 408936
episodes: 2120
mean 100 episode reward: 3.2
% time spent exploring: 1
********************************************************
********************************************************
steps: 411732
episodes: 2130
mean 100 episode reward: 3.4
% time spent exploring: 1
********************************************************
********************************************************
steps: 413747
episodes: 2140
mean 100 episode reward: 3.4
% time spent exploring: 1
********************************************************
********************************************************
steps: 416068
episodes: 2150
mean 100 episode reward: 3.6
% time spent exploring: 1
********************************************************
********************************************************
steps: 418305
episodes: 2160
mean 100 episode reward: 3.5
% time spent exploring: 1
********************************************************
********************************************************
steps: 421189
episodes: 2170
mean 100 episode reward: 3.7
% time spent exploring: 1
********************************************************
********************************************************
steps: 422920
episodes: 2180
mean 100 episode reward: 3.6
% time spent exploring: 1
********************************************************
********************************************************
steps: 424844
episodes: 2190
mean 100 episode reward: 3.4
% time spent exploring: 1
********************************************************
********************************************************
steps: 427789
episodes: 2200
mean 100 episode reward: 3.5
% time spent exploring: 1
********************************************************
********************************************************
steps: 429442
episodes: 2210
mean 100 episode reward: 3.5
% time spent exploring: 1
********************************************************
********************************************************
steps: 432393
episodes: 2220
mean 100 episode reward: 3.7
% time spent exploring: 1
********************************************************
********************************************************
steps: 434454
episodes: 2230
mean 100 episode reward: 3.6
% time spent exploring: 1
********************************************************
********************************************************
steps: 437296
episodes: 2240
mean 100 episode reward: 3.7
% time spent exploring: 1
********************************************************
********************************************************
steps: 439357
episodes: 2250
mean 100 episode reward: 3.6
% time spent exploring: 1
********************************************************
********************************************************
steps: 441415
episodes: 2260
mean 100 episode reward: 3.5
% time spent exploring: 1
********************************************************
********************************************************
steps: 443347
episodes: 2270
mean 100 episode reward: 3.3
% time spent exploring: 1
********************************************************
********************************************************
steps: 445023
episodes: 2280
mean 100 episode reward: 3.3
% time spent exploring: 1
********************************************************
********************************************************
steps: 447640
episodes: 2290
mean 100 episode reward: 3.6
% time spent exploring: 1
********************************************************
********************************************************
steps: 450065
episodes: 2300
mean 100 episode reward: 3.5
% time spent exploring: 1
********************************************************
********************************************************
steps: 453041
episodes: 2310
mean 100 episode reward: 3.8
% time spent exploring: 1
********************************************************
********************************************************
steps: 455560
episodes: 2320
mean 100 episode reward: 3.8
% time spent exploring: 1
********************************************************
********************************************************
steps: 457722
episodes: 2330
mean 100 episode reward: 3.9
% time spent exploring: 1
********************************************************
********************************************************
steps: 459905
episodes: 2340
mean 100 episode reward: 4.0
% time spent exploring: 1
********************************************************
********************************************************
steps: 462077
episodes: 2350
mean 100 episode reward: 4.0
% time spent exploring: 1
********************************************************
********************************************************
steps: 463848
episodes: 2360
mean 100 episode reward: 4.2
% time spent exploring: 1
********************************************************
********************************************************
steps: 465532
episodes: 2370
mean 100 episode reward: 4.2
% time spent exploring: 1
********************************************************
********************************************************
steps: 467468
episodes: 2380
mean 100 episode reward: 4.3
% time spent exploring: 1
********************************************************
********************************************************
steps: 469624
episodes: 2390
mean 100 episode reward: 4.4
% time spent exploring: 1
********************************************************
********************************************************
steps: 472349
episodes: 2400
mean 100 episode reward: 4.5
% time spent exploring: 1
********************************************************
********************************************************
steps: 474860
episodes: 2410
mean 100 episode reward: 4.4
% time spent exploring: 1
********************************************************
********************************************************
steps: 476785
episodes: 2420
mean 100 episode reward: 4.3
% time spent exploring: 1
********************************************************
********************************************************
steps: 478679
episodes: 2430
mean 100 episode reward: 4.2
% time spent exploring: 1
********************************************************
********************************************************
steps: 479944
episodes: 2440
mean 100 episode reward: 4.0
% time spent exploring: 1
********************************************************
********************************************************
steps: 481751
episodes: 2450
mean 100 episode reward: 3.9
% time spent exploring: 1
********************************************************
********************************************************
steps: 484066
episodes: 2460
mean 100 episode reward: 3.8
% time spent exploring: 1
********************************************************
********************************************************
steps: 486828
episodes: 2470
mean 100 episode reward: 3.9
% time spent exploring: 1
********************************************************
********************************************************
steps: 488454
episodes: 2480
mean 100 episode reward: 3.8
% time spent exploring: 1
********************************************************
********************************************************
steps: 490530
episodes: 2490
mean 100 episode reward: 3.6
% time spent exploring: 1
********************************************************
********************************************************
steps: 493628
episodes: 2500
mean 100 episode reward: 3.4
% time spent exploring: 1
********************************************************
********************************************************
steps: 495192
episodes: 2510
mean 100 episode reward: 3.2
% time spent exploring: 1
********************************************************
********************************************************
steps: 497435
episodes: 2520
mean 100 episode reward: 3.2
% time spent exploring: 1
********************************************************
********************************************************
steps: 499141
episodes: 2530
mean 100 episode reward: 3.2
% time spent exploring: 1
********************************************************
********************************************************
steps: 501845
episodes: 2540
mean 100 episode reward: 3.7
% time spent exploring: 1
********************************************************
********************************************************
steps: 504427
episodes: 2550
mean 100 episode reward: 4.1
% time spent exploring: 1
********************************************************
********************************************************
steps: 506483
episodes: 2560
mean 100 episode reward: 4.2
% time spent exploring: 1
********************************************************
********************************************************
steps: 508775
episodes: 2570
mean 100 episode reward: 4.3
% time spent exploring: 1
********************************************************
********************************************************
steps: 510944
episodes: 2580
mean 100 episode reward: 4.6
% time spent exploring: 1
********************************************************
********************************************************
steps: 514378
episodes: 2590
mean 100 episode reward: 5.1
% time spent exploring: 1
********************************************************
********************************************************
steps: 517274
episodes: 2600
mean 100 episode reward: 5.4
% time spent exploring: 1
********************************************************
********************************************************
steps: 519719
episodes: 2610
mean 100 episode reward: 5.7
% time spent exploring: 1
********************************************************
********************************************************
steps: 522327
episodes: 2620
mean 100 episode reward: 6.0
% time spent exploring: 1
********************************************************
********************************************************
steps: 524596
episodes: 2630
mean 100 episode reward: 6.2
% time spent exploring: 1
********************************************************
********************************************************
steps: 526987
episodes: 2640
mean 100 episode reward: 6.2
% time spent exploring: 1
********************************************************
********************************************************
steps: 529880
episodes: 2650
mean 100 episode reward: 6.2
% time spent exploring: 1
********************************************************
********************************************************
steps: 532514
episodes: 2660
mean 100 episode reward: 6.2
% time spent exploring: 1
********************************************************
********************************************************
steps: 535594
episodes: 2670
mean 100 episode reward: 6.6
% time spent exploring: 1
********************************************************
********************************************************
steps: 537831
episodes: 2680
mean 100 episode reward: 6.6
% time spent exploring: 1
********************************************************
********************************************************
steps: 540151
episodes: 2690
mean 100 episode reward: 6.3
% time spent exploring: 1
********************************************************
********************************************************
steps: 542391
episodes: 2700
mean 100 episode reward: 6.3
% time spent exploring: 1
********************************************************
********************************************************
steps: 544534
episodes: 2710
mean 100 episode reward: 6.3
% time spent exploring: 1
********************************************************
********************************************************
steps: 547558
episodes: 2720
mean 100 episode reward: 6.5
% time spent exploring: 1
********************************************************
********************************************************
steps: 550752
episodes: 2730
mean 100 episode reward: 6.7
% time spent exploring: 1
********************************************************
********************************************************
steps: 553341
episodes: 2740
mean 100 episode reward: 6.7
% time spent exploring: 1
********************************************************
********************************************************
steps: 555732
episodes: 2750
mean 100 episode reward: 6.6
% time spent exploring: 1
********************************************************
********************************************************
steps: 558396
episodes: 2760
mean 100 episode reward: 6.7
% time spent exploring: 1
********************************************************
********************************************************
steps: 561335
episodes: 2770
mean 100 episode reward: 6.6
% time spent exploring: 1
********************************************************
********************************************************
steps: 565246
episodes: 2780
mean 100 episode reward: 6.9
% time spent exploring: 1
********************************************************
********************************************************
steps: 568205
episodes: 2790
mean 100 episode reward: 7.0
% time spent exploring: 1
********************************************************
********************************************************
steps: 570567
episodes: 2800
mean 100 episode reward: 7.0
% time spent exploring: 1
********************************************************
********************************************************
steps: 573349
episodes: 2810
mean 100 episode reward: 7.0
% time spent exploring: 1
********************************************************
********************************************************
steps: 575241
episodes: 2820
mean 100 episode reward: 6.7
% time spent exploring: 1
********************************************************
********************************************************
steps: 578564
episodes: 2830
mean 100 episode reward: 6.8
% time spent exploring: 1
********************************************************
********************************************************
steps: 582115
episodes: 2840
mean 100 episode reward: 7.0
% time spent exploring: 1
********************************************************
********************************************************
steps: 584580
episodes: 2850
mean 100 episode reward: 7.0
% time spent exploring: 1
********************************************************
********************************************************
steps: 587009
episodes: 2860
mean 100 episode reward: 6.9
% time spent exploring: 1
********************************************************
********************************************************
steps: 589833
episodes: 2870
mean 100 episode reward: 6.8
% time spent exploring: 1
********************************************************
********************************************************
steps: 591924
episodes: 2880
mean 100 episode reward: 6.5
% time spent exploring: 1
********************************************************
********************************************************
steps: 595606
episodes: 2890
mean 100 episode reward: 6.8
% time spent exploring: 1
********************************************************
********************************************************
steps: 598058
episodes: 2900
mean 100 episode reward: 6.8
% time spent exploring: 1
********************************************************
********************************************************
steps: 600575
episodes: 2910
mean 100 episode reward: 6.8
% time spent exploring: 1
********************************************************
********************************************************
steps: 604835
episodes: 2920
mean 100 episode reward: 7.1
% time spent exploring: 1
********************************************************
********************************************************
steps: 607529
episodes: 2930
mean 100 episode reward: 6.9
% time spent exploring: 1
********************************************************
********************************************************
steps: 609610
episodes: 2940
mean 100 episode reward: 6.5
% time spent exploring: 1
********************************************************
********************************************************
steps: 612008
episodes: 2950
mean 100 episode reward: 6.5
% time spent exploring: 1
********************************************************
********************************************************
steps: 615369
episodes: 2960
mean 100 episode reward: 6.6
% time spent exploring: 1
********************************************************
********************************************************
steps: 617718
episodes: 2970
mean 100 episode reward: 6.6
% time spent exploring: 1
********************************************************
********************************************************
steps: 620057
episodes: 2980
mean 100 episode reward: 6.7
% time spent exploring: 1
********************************************************
********************************************************
steps: 623323
episodes: 2990
mean 100 episode reward: 6.5
% time spent exploring: 1
********************************************************
********************************************************
steps: 625886
episodes: 3000
mean 100 episode reward: 6.5
% time spent exploring: 1
********************************************************
********************************************************
steps: 629020
episodes: 3010
mean 100 episode reward: 6.7
% time spent exploring: 1
********************************************************
********************************************************
steps: 631501
episodes: 3020
mean 100 episode reward: 6.4
% time spent exploring: 1
********************************************************
********************************************************
steps: 633903
episodes: 3030
mean 100 episode reward: 6.4
% time spent exploring: 1
********************************************************
********************************************************
steps: 636333
episodes: 3040
mean 100 episode reward: 6.5
% time spent exploring: 1
********************************************************
********************************************************
steps: 638918
episodes: 3050
mean 100 episode reward: 6.5
% time spent exploring: 1
********************************************************
********************************************************
steps: 641151
episodes: 3060
mean 100 episode reward: 6.4
% time spent exploring: 1
********************************************************
********************************************************
steps: 644989
episodes: 3070
mean 100 episode reward: 6.7
% time spent exploring: 1
********************************************************
********************************************************
steps: 647493
episodes: 3080
mean 100 episode reward: 6.6
% time spent exploring: 1
********************************************************
********************************************************
steps: 650662
episodes: 3090
mean 100 episode reward: 6.5
% time spent exploring: 1
********************************************************
********************************************************
steps: 654084
episodes: 3100
mean 100 episode reward: 6.7
% time spent exploring: 1
********************************************************
********************************************************
steps: 656770
episodes: 3110
mean 100 episode reward: 6.6
% time spent exploring: 1
********************************************************
********************************************************
steps: 659175
episodes: 3120
mean 100 episode reward: 6.6
% time spent exploring: 1
********************************************************
********************************************************
steps: 661860
episodes: 3130
mean 100 episode reward: 6.8
% time spent exploring: 1
********************************************************
********************************************************
steps: 664369
episodes: 3140
mean 100 episode reward: 6.8
% time spent exploring: 1
********************************************************
********************************************************
steps: 666937
episodes: 3150
mean 100 episode reward: 6.8
% time spent exploring: 1
********************************************************
********************************************************
steps: 669359
episodes: 3160
mean 100 episode reward: 6.8
% time spent exploring: 1
********************************************************
********************************************************
steps: 671794
episodes: 3170
mean 100 episode reward: 6.6
% time spent exploring: 1
********************************************************
********************************************************
steps: 674860
episodes: 3180
mean 100 episode reward: 6.8
% time spent exploring: 1
********************************************************
********************************************************
steps: 677039
episodes: 3190
mean 100 episode reward: 6.6
% time spent exploring: 1
********************************************************
********************************************************
steps: 679561
episodes: 3200
mean 100 episode reward: 6.4
% time spent exploring: 1
********************************************************
********************************************************
steps: 681676
episodes: 3210
mean 100 episode reward: 6.3
% time spent exploring: 1
********************************************************
********************************************************
steps: 684044
episodes: 3220
mean 100 episode reward: 6.3
% time spent exploring: 1
********************************************************
********************************************************
steps: 687232
episodes: 3230
mean 100 episode reward: 6.3
% time spent exploring: 1
********************************************************
********************************************************
steps: 690117
episodes: 3240
mean 100 episode reward: 6.3
% time spent exploring: 1
********************************************************
********************************************************
steps: 692984
episodes: 3250
mean 100 episode reward: 6.4
% time spent exploring: 1
********************************************************
********************************************************
steps: 696009
episodes: 3260
mean 100 episode reward: 6.6
% time spent exploring: 1
********************************************************
********************************************************
steps: 698407
episodes: 3270
mean 100 episode reward: 6.6
% time spent exploring: 1
********************************************************
********************************************************
steps: 700580
episodes: 3280
mean 100 episode reward: 6.4
% time spent exploring: 1
********************************************************
********************************************************
steps: 703560
episodes: 3290
mean 100 episode reward: 6.6
% time spent exploring: 1
********************************************************
********************************************************
steps: 706248
episodes: 3300
mean 100 episode reward: 6.5
% time spent exploring: 1
********************************************************
********************************************************
steps: 709302
episodes: 3310
mean 100 episode reward: 6.7
% time spent exploring: 1
********************************************************
********************************************************
steps: 711786
episodes: 3320
mean 100 episode reward: 6.6
% time spent exploring: 1
********************************************************
********************************************************
steps: 713923
episodes: 3330
mean 100 episode reward: 6.4
% time spent exploring: 1
********************************************************
********************************************************
steps: 716398
episodes: 3340
mean 100 episode reward: 6.4
% time spent exploring: 1
********************************************************
********************************************************
steps: 719129
episodes: 3350
mean 100 episode reward: 6.4
% time spent exploring: 1
********************************************************
********************************************************
steps: 721686
episodes: 3360
mean 100 episode reward: 6.3
% time spent exploring: 1
********************************************************
********************************************************
steps: 723805
episodes: 3370
mean 100 episode reward: 6.2
% time spent exploring: 1
********************************************************
********************************************************
steps: 727839
episodes: 3380
mean 100 episode reward: 6.5
% time spent exploring: 1
********************************************************
********************************************************
steps: 729939
episodes: 3390
mean 100 episode reward: 6.4
% time spent exploring: 1
********************************************************
********************************************************
steps: 732366
episodes: 3400
mean 100 episode reward: 6.4
% time spent exploring: 1
********************************************************
********************************************************
steps: 734700
episodes: 3410
mean 100 episode reward: 6.3
% time spent exploring: 1
********************************************************
********************************************************
steps: 737110
episodes: 3420
mean 100 episode reward: 6.4
% time spent exploring: 1
********************************************************
********************************************************
steps: 739877
episodes: 3430
mean 100 episode reward: 6.5
% time spent exploring: 1
********************************************************
********************************************************
steps: 741952
episodes: 3440
mean 100 episode reward: 6.3
% time spent exploring: 1
********************************************************
********************************************************
steps: 744059
episodes: 3450
mean 100 episode reward: 6.2
% time spent exploring: 1
********************************************************
********************************************************
steps: 746861
episodes: 3460
mean 100 episode reward: 6.2
% time spent exploring: 1
********************************************************
********************************************************
steps: 750338
episodes: 3470
mean 100 episode reward: 6.5
% time spent exploring: 1
********************************************************
********************************************************
steps: 751964
episodes: 3480
mean 100 episode reward: 6.0
% time spent exploring: 1
********************************************************
********************************************************
steps: 753834
episodes: 3490
mean 100 episode reward: 5.8
% time spent exploring: 1
********************************************************
********************************************************
steps: 755588
episodes: 3500
mean 100 episode reward: 5.4
% time spent exploring: 1
********************************************************
********************************************************
steps: 757177
episodes: 3510
mean 100 episode reward: 5.1
% time spent exploring: 1
********************************************************
********************************************************
steps: 759727
episodes: 3520
mean 100 episode reward: 5.0
% time spent exploring: 1
********************************************************
********************************************************
steps: 761526
episodes: 3530
mean 100 episode reward: 4.7
% time spent exploring: 1
********************************************************
********************************************************
steps: 763844
episodes: 3540
mean 100 episode reward: 4.9
% time spent exploring: 1
********************************************************
********************************************************
steps: 766093
episodes: 3550
mean 100 episode reward: 4.7
% time spent exploring: 1
********************************************************
********************************************************
steps: 768293
episodes: 3560
mean 100 episode reward: 4.6
% time spent exploring: 1
********************************************************
********************************************************
steps: 770957
episodes: 3570
mean 100 episode reward: 4.4
% time spent exploring: 1
********************************************************
********************************************************
steps: 772813
episodes: 3580
mean 100 episode reward: 4.5
% time spent exploring: 1
********************************************************
********************************************************
steps: 774511
episodes: 3590
mean 100 episode reward: 4.7
% time spent exploring: 1
********************************************************
********************************************************
steps: 776295
episodes: 3600
mean 100 episode reward: 4.9
% time spent exploring: 1
********************************************************
********************************************************
steps: 778727
episodes: 3610
mean 100 episode reward: 5.2
% time spent exploring: 1
********************************************************
********************************************************
steps: 780334
episodes: 3620
mean 100 episode reward: 5.0
% time spent exploring: 1
********************************************************
********************************************************
steps: 781592
episodes: 3630
mean 100 episode reward: 4.8
% time spent exploring: 1
********************************************************
********************************************************
steps: 783315
episodes: 3640
mean 100 episode reward: 4.4
% time spent exploring: 1
********************************************************
********************************************************
steps: 784870
episodes: 3650
mean 100 episode reward: 4.3
% time spent exploring: 1
********************************************************
********************************************************
steps: 787738
episodes: 3660
mean 100 episode reward: 4.5
% time spent exploring: 1
********************************************************
********************************************************
steps: 789232
episodes: 3670
mean 100 episode reward: 4.2
% time spent exploring: 1
********************************************************
********************************************************
steps: 791519
episodes: 3680
mean 100 episode reward: 4.2
% time spent exploring: 1
********************************************************
********************************************************
steps: 793829
episodes: 3690
mean 100 episode reward: 4.2
% time spent exploring: 1
********************************************************
********************************************************
steps: 795996
episodes: 3700
mean 100 episode reward: 4.1
% time spent exploring: 1
********************************************************
********************************************************
steps: 797643
episodes: 3710
mean 100 episode reward: 3.9
% time spent exploring: 1
********************************************************
********************************************************
steps: 799797
episodes: 3720
mean 100 episode reward: 4.1
% time spent exploring: 1
********************************************************
********************************************************
steps: 801848
episodes: 3730
mean 100 episode reward: 4.4
% time spent exploring: 1
********************************************************
********************************************************
steps: 803826
episodes: 3740
mean 100 episode reward: 4.5
% time spent exploring: 1
********************************************************
********************************************************
steps: 806553
episodes: 3750
mean 100 episode reward: 4.7
% time spent exploring: 1
********************************************************
********************************************************
steps: 808275
episodes: 3760
mean 100 episode reward: 4.3
% time spent exploring: 1
********************************************************
********************************************************
steps: 810826
episodes: 3770
mean 100 episode reward: 4.5
% time spent exploring: 1
********************************************************
********************************************************
steps: 814515
episodes: 3780
mean 100 episode reward: 4.8
% time spent exploring: 1
********************************************************
********************************************************
steps: 816607
episodes: 3790
mean 100 episode reward: 4.7
% time spent exploring: 1
********************************************************
********************************************************
steps: 819854
episodes: 3800
mean 100 episode reward: 4.8
% time spent exploring: 1
********************************************************
********************************************************
steps: 821979
episodes: 3810
mean 100 episode reward: 4.8
% time spent exploring: 1
********************************************************
********************************************************
steps: 824913
episodes: 3820
mean 100 episode reward: 4.9
% time spent exploring: 1
********************************************************
********************************************************
steps: 826831
episodes: 3830
mean 100 episode reward: 4.7
% time spent exploring: 1
********************************************************
********************************************************
steps: 828648
episodes: 3840
mean 100 episode reward: 4.5
% time spent exploring: 1
********************************************************
********************************************************
steps: 830328
episodes: 3850
mean 100 episode reward: 4.1
% time spent exploring: 1
********************************************************
********************************************************
steps: 832234
episodes: 3860
mean 100 episode reward: 4.1
% time spent exploring: 1
********************************************************
********************************************************
steps: 833809
episodes: 3870
mean 100 episode reward: 3.9
% time spent exploring: 1
********************************************************
********************************************************
steps: 836523
episodes: 3880
mean 100 episode reward: 3.7
% time spent exploring: 1
********************************************************
********************************************************
steps: 838354
episodes: 3890
mean 100 episode reward: 3.7
% time spent exploring: 1
********************************************************
********************************************************
steps: 839983
episodes: 3900
mean 100 episode reward: 3.4
% time spent exploring: 1
********************************************************
********************************************************
steps: 842706
episodes: 3910
mean 100 episode reward: 3.5
% time spent exploring: 1
********************************************************
********************************************************
steps: 845188
episodes: 3920
mean 100 episode reward: 3.4
% time spent exploring: 1
********************************************************
********************************************************
steps: 846914
episodes: 3930
mean 100 episode reward: 3.4
% time spent exploring: 1
********************************************************
********************************************************
steps: 848795
episodes: 3940
mean 100 episode reward: 3.7
% time spent exploring: 1
********************************************************
********************************************************
steps: 850610
episodes: 3950
mean 100 episode reward: 4.0
% time spent exploring: 1
********************************************************
********************************************************
steps: 852383
episodes: 3960
mean 100 episode reward: 4.0
% time spent exploring: 1
********************************************************
********************************************************
steps: 854243
episodes: 3970
mean 100 episode reward: 4.2
% time spent exploring: 1
********************************************************
********************************************************
steps: 857041
episodes: 3980
mean 100 episode reward: 4.2
% time spent exploring: 1
********************************************************
********************************************************
steps: 860167
episodes: 3990
mean 100 episode reward: 4.4
% time spent exploring: 1
********************************************************
********************************************************
steps: 861408
episodes: 4000
mean 100 episode reward: 4.2
% time spent exploring: 1
********************************************************
********************************************************
steps: 862570
episodes: 4010
mean 100 episode reward: 3.7
% time spent exploring: 1
********************************************************
********************************************************
steps: 864309
episodes: 4020
mean 100 episode reward: 3.4
% time spent exploring: 1
********************************************************
********************************************************
steps: 865656
episodes: 4030
mean 100 episode reward: 3.1
% time spent exploring: 1
********************************************************
********************************************************
steps: 867755
episodes: 4040
mean 100 episode reward: 3.2
% time spent exploring: 1
********************************************************
********************************************************
steps: 870271
episodes: 4050
mean 100 episode reward: 3.3
% time spent exploring: 1
********************************************************
********************************************************
steps: 873396
episodes: 4060
mean 100 episode reward: 3.6
% time spent exploring: 1
********************************************************
********************************************************
steps: 875966
episodes: 4070
mean 100 episode reward: 3.6
% time spent exploring: 1
********************************************************
********************************************************
steps: 878100
episodes: 4080
mean 100 episode reward: 3.5
% time spent exploring: 1
********************************************************
********************************************************
steps: 880318
episodes: 4090
mean 100 episode reward: 3.4
% time spent exploring: 1
********************************************************
********************************************************
steps: 882366
episodes: 4100
mean 100 episode reward: 3.8
% time spent exploring: 1
********************************************************
********************************************************
steps: 884646
episodes: 4110
mean 100 episode reward: 4.3
% time spent exploring: 1
********************************************************
********************************************************
steps: 886613
episodes: 4120
mean 100 episode reward: 4.5
% time spent exploring: 1
********************************************************
********************************************************
steps: 888898
episodes: 4130
mean 100 episode reward: 5.0
% time spent exploring: 1
********************************************************
********************************************************
steps: 891400
episodes: 4140
mean 100 episode reward: 5.2
% time spent exploring: 1
********************************************************
********************************************************
steps: 893670
episodes: 4150
mean 100 episode reward: 5.2
% time spent exploring: 1
********************************************************
********************************************************
steps: 896238
episodes: 4160
mean 100 episode reward: 5.0
% time spent exploring: 1
********************************************************
********************************************************
steps: 898290
episodes: 4170
mean 100 episode reward: 4.9
% time spent exploring: 1
********************************************************
********************************************************
steps: 900243
episodes: 4180
mean 100 episode reward: 4.8
% time spent exploring: 1
********************************************************
********************************************************
steps: 902795
episodes: 4190
mean 100 episode reward: 4.9
% time spent exploring: 1
********************************************************
********************************************************
steps: 904436
episodes: 4200
mean 100 episode reward: 4.7
% time spent exploring: 1
********************************************************
********************************************************
steps: 906102
episodes: 4210
mean 100 episode reward: 4.5
% time spent exploring: 1
********************************************************
********************************************************
steps: 907794
episodes: 4220
mean 100 episode reward: 4.4
% time spent exploring: 1
********************************************************
********************************************************
steps: 910049
episodes: 4230
mean 100 episode reward: 4.3
% time spent exploring: 1
********************************************************
********************************************************
steps: 913377
episodes: 4240
mean 100 episode reward: 4.6
% time spent exploring: 1
********************************************************
********************************************************
steps: 916248
episodes: 4250
mean 100 episode reward: 4.7
% time spent exploring: 1
********************************************************
********************************************************
steps: 918080
episodes: 4260
mean 100 episode reward: 4.6
% time spent exploring: 1
********************************************************
********************************************************
steps: 919978
episodes: 4270
mean 100 episode reward: 4.6
% time spent exploring: 1
********************************************************
********************************************************
steps: 923552
episodes: 4280
mean 100 episode reward: 4.9
% time spent exploring: 1
********************************************************
********************************************************
steps: 925313
episodes: 4290
mean 100 episode reward: 4.5
% time spent exploring: 1
********************************************************
********************************************************
steps: 929385
episodes: 4300
mean 100 episode reward: 5.0
% time spent exploring: 1
********************************************************
********************************************************
steps: 931343
episodes: 4310
mean 100 episode reward: 5.2
% time spent exploring: 1
********************************************************
********************************************************
steps: 932403
episodes: 4320
mean 100 episode reward: 5.0
% time spent exploring: 1
********************************************************
********************************************************
steps: 934963
episodes: 4330
mean 100 episode reward: 5.2
% time spent exploring: 1
********************************************************
********************************************************
steps: 936293
episodes: 4340
mean 100 episode reward: 4.5
% time spent exploring: 1
********************************************************
********************************************************
steps: 937640
episodes: 4350
mean 100 episode reward: 4.0
% time spent exploring: 1
********************************************************
********************************************************
steps: 939894
episodes: 4360
mean 100 episode reward: 4.0
% time spent exploring: 1
********************************************************
********************************************************
steps: 941699
episodes: 4370
mean 100 episode reward: 3.9
% time spent exploring: 1
********************************************************
********************************************************
steps: 943775
episodes: 4380
mean 100 episode reward: 3.6
% time spent exploring: 1
********************************************************
********************************************************
steps: 946488
episodes: 4390
mean 100 episode reward: 4.1
% time spent exploring: 1
********************************************************
********************************************************
steps: 948787
episodes: 4400
mean 100 episode reward: 3.7
% time spent exploring: 1
********************************************************
********************************************************
steps: 951319
episodes: 4410
mean 100 episode reward: 3.8
% time spent exploring: 1
********************************************************
********************************************************
steps: 952599
episodes: 4420
mean 100 episode reward: 3.8
% time spent exploring: 1
********************************************************
********************************************************
steps: 954027
episodes: 4430
mean 100 episode reward: 3.3
% time spent exploring: 1
********************************************************
********************************************************
steps: 955111
episodes: 4440
mean 100 episode reward: 3.2
% time spent exploring: 1
********************************************************
********************************************************
steps: 957436
episodes: 4450
mean 100 episode reward: 3.6
% time spent exploring: 1
********************************************************
********************************************************
steps: 959557
episodes: 4460
mean 100 episode reward: 3.6
% time spent exploring: 1
********************************************************
********************************************************
steps: 961857
episodes: 4470
mean 100 episode reward: 3.6
% time spent exploring: 1
********************************************************
********************************************************
steps: 963724
episodes: 4480
mean 100 episode reward: 3.5
% time spent exploring: 1
********************************************************
********************************************************
steps: 965750
episodes: 4490
mean 100 episode reward: 3.2
% time spent exploring: 1
********************************************************
********************************************************
steps: 967989
episodes: 4500
mean 100 episode reward: 3.2
% time spent exploring: 1
********************************************************
********************************************************
steps: 969646
episodes: 4510
mean 100 episode reward: 3.1
% time spent exploring: 1
********************************************************
********************************************************
steps: 971786
episodes: 4520
mean 100 episode reward: 3.5
% time spent exploring: 1
********************************************************
********************************************************
steps: 974136
episodes: 4530
mean 100 episode reward: 3.8
% time spent exploring: 1
********************************************************
********************************************************
steps: 976291
episodes: 4540
mean 100 episode reward: 4.2
% time spent exploring: 1
********************************************************
********************************************************
steps: 978031
episodes: 4550
mean 100 episode reward: 4.0
% time spent exploring: 1
********************************************************
********************************************************
steps: 980799
episodes: 4560
mean 100 episode reward: 4.2
% time spent exploring: 1
********************************************************
********************************************************
steps: 983158
episodes: 4570
mean 100 episode reward: 4.2
% time spent exploring: 1
********************************************************
********************************************************
steps: 984853
episodes: 4580
mean 100 episode reward: 4.2
% time spent exploring: 1
********************************************************
********************************************************
steps: 986592
episodes: 4590
mean 100 episode reward: 4.2
% time spent exploring: 1
********************************************************
********************************************************
steps: 988413
episodes: 4600
mean 100 episode reward: 4.0
% time spent exploring: 1
********************************************************
********************************************************
steps: 990394
episodes: 4610
mean 100 episode reward: 4.0
% time spent exploring: 1
********************************************************
********************************************************
steps: 992531
episodes: 4620
mean 100 episode reward: 3.9
% time spent exploring: 1
********************************************************
********************************************************
steps: 994904
episodes: 4630
mean 100 episode reward: 3.9
% time spent exploring: 1
********************************************************
********************************************************
steps: 997089
episodes: 4640
mean 100 episode reward: 4.1
% time spent exploring: 1
********************************************************
********************************************************
steps: 999536
episodes: 4650
mean 100 episode reward: 4.4
% time spent exploring: 1
********************************************************
