Wed Nov 15 14:24:05 2023       
+---------------------------------------------------------------------------------------+
| NVIDIA-SMI 530.30.02              Driver Version: 530.30.02    CUDA Version: 12.1     |
|-----------------------------------------+----------------------+----------------------+
| GPU  Name                  Persistence-M| Bus-Id        Disp.A | Volatile Uncorr. ECC |
| Fan  Temp  Perf            Pwr:Usage/Cap|         Memory-Usage | GPU-Util  Compute M. |
|                                         |                      |               MIG M. |
|=========================================+======================+======================|
|   0  NVIDIA A40                      On | 00000000:65:00.0 Off |                    0 |
|  0%   40C    P0               77W / 300W|      0MiB / 46068MiB |      0%      Default |
|                                         |                      |                  N/A |
+-----------------------------------------+----------------------+----------------------+
                                                                                         
+---------------------------------------------------------------------------------------+
| Processes:                                                                            |
|  GPU   GI   CI        PID   Type   Process name                            GPU Memory |
|        ID   ID                                                             Usage      |
|=======================================================================================|
|  No running processes found                                                           |
+---------------------------------------------------------------------------------------+
********************************************************
steps: 1636
episodes: 10
mean 100 episode reward: 3.4
% time spent exploring: 98
********************************************************
********************************************************
steps: 3421
episodes: 20
mean 100 episode reward: 3.7
% time spent exploring: 96
********************************************************
********************************************************
steps: 4828
episodes: 30
mean 100 episode reward: 3.5
% time spent exploring: 95
********************************************************
********************************************************
steps: 6016
episodes: 40
mean 100 episode reward: 3.1
% time spent exploring: 94
********************************************************
********************************************************
steps: 7534
episodes: 50
mean 100 episode reward: 3.0
% time spent exploring: 92
********************************************************
********************************************************
steps: 8741
episodes: 60
mean 100 episode reward: 2.9
% time spent exploring: 91
********************************************************
********************************************************
steps: 10678
episodes: 70
mean 100 episode reward: 3.2
% time spent exploring: 89
********************************************************
********************************************************
steps: 12839
episodes: 80
mean 100 episode reward: 3.2
% time spent exploring: 87
********************************************************
********************************************************
steps: 14222
episodes: 90
mean 100 episode reward: 3.1
% time spent exploring: 85
********************************************************
********************************************************
steps: 15894
episodes: 100
mean 100 episode reward: 3.0
% time spent exploring: 84
********************************************************
********************************************************
steps: 17461
episodes: 110
mean 100 episode reward: 2.9
% time spent exploring: 82
********************************************************
********************************************************
steps: 19048
episodes: 120
mean 100 episode reward: 2.8
% time spent exploring: 81
********************************************************
********************************************************
steps: 20743
episodes: 130
mean 100 episode reward: 2.9
% time spent exploring: 79
********************************************************
********************************************************
steps: 22623
episodes: 140
mean 100 episode reward: 3.0
% time spent exploring: 77
********************************************************
********************************************************
steps: 24421
episodes: 150
mean 100 episode reward: 3.0
% time spent exploring: 75
********************************************************
********************************************************
steps: 25995
episodes: 160
mean 100 episode reward: 3.1
% time spent exploring: 74
********************************************************
********************************************************
steps: 27633
episodes: 170
mean 100 episode reward: 2.8
% time spent exploring: 72
********************************************************
********************************************************
steps: 29565
episodes: 180
mean 100 episode reward: 2.9
% time spent exploring: 70
********************************************************
********************************************************
steps: 31226
episodes: 190
mean 100 episode reward: 2.9
% time spent exploring: 69
********************************************************
********************************************************
steps: 33041
episodes: 200
mean 100 episode reward: 3.0
% time spent exploring: 67
********************************************************
********************************************************
steps: 34837
episodes: 210
mean 100 episode reward: 3.1
% time spent exploring: 65
********************************************************
********************************************************
steps: 36966
episodes: 220
mean 100 episode reward: 3.2
% time spent exploring: 63
********************************************************
********************************************************
steps: 38754
episodes: 230
mean 100 episode reward: 3.2
% time spent exploring: 61
********************************************************
********************************************************
steps: 40300
episodes: 240
mean 100 episode reward: 3.2
% time spent exploring: 60
********************************************************
********************************************************
steps: 42299
episodes: 250
mean 100 episode reward: 3.3
% time spent exploring: 58
********************************************************
********************************************************
steps: 43512
episodes: 260
mean 100 episode reward: 3.3
% time spent exploring: 56
********************************************************
********************************************************
steps: 45748
episodes: 270
mean 100 episode reward: 3.5
% time spent exploring: 54
********************************************************
********************************************************
steps: 47673
episodes: 280
mean 100 episode reward: 3.7
% time spent exploring: 52
********************************************************
********************************************************
steps: 48953
episodes: 290
mean 100 episode reward: 3.6
% time spent exploring: 51
********************************************************
********************************************************
steps: 51015
episodes: 300
mean 100 episode reward: 3.7
% time spent exploring: 49
********************************************************
********************************************************
steps: 52528
episodes: 310
mean 100 episode reward: 3.7
% time spent exploring: 47
********************************************************
********************************************************
steps: 54373
episodes: 320
mean 100 episode reward: 3.6
% time spent exploring: 46
********************************************************
********************************************************
steps: 56361
episodes: 330
mean 100 episode reward: 3.6
% time spent exploring: 44
********************************************************
********************************************************
steps: 57638
episodes: 340
mean 100 episode reward: 3.6
% time spent exploring: 42
********************************************************
********************************************************
steps: 59197
episodes: 350
mean 100 episode reward: 3.5
% time spent exploring: 41
********************************************************
********************************************************
steps: 60175
episodes: 360
mean 100 episode reward: 3.5
% time spent exploring: 40
********************************************************
********************************************************
steps: 61986
episodes: 370
mean 100 episode reward: 3.3
% time spent exploring: 38
********************************************************
********************************************************
steps: 64577
episodes: 380
mean 100 episode reward: 3.2
% time spent exploring: 36
********************************************************
********************************************************
steps: 66686
episodes: 390
mean 100 episode reward: 3.4
% time spent exploring: 33
********************************************************
********************************************************
steps: 68453
episodes: 400
mean 100 episode reward: 3.4
% time spent exploring: 32
********************************************************
********************************************************
steps: 70151
episodes: 410
mean 100 episode reward: 3.4
% time spent exploring: 30
********************************************************
********************************************************
steps: 72294
episodes: 420
mean 100 episode reward: 3.4
% time spent exploring: 28
********************************************************
********************************************************
steps: 74679
episodes: 430
mean 100 episode reward: 3.8
% time spent exploring: 26
********************************************************
********************************************************
steps: 76293
episodes: 440
mean 100 episode reward: 3.9
% time spent exploring: 24
********************************************************
********************************************************
steps: 79133
episodes: 450
mean 100 episode reward: 4.0
% time spent exploring: 21
********************************************************
********************************************************
steps: 80851
episodes: 460
mean 100 episode reward: 4.1
% time spent exploring: 19
********************************************************
********************************************************
steps: 82623
episodes: 470
mean 100 episode reward: 4.2
% time spent exploring: 18
********************************************************
********************************************************
steps: 84371
episodes: 480
mean 100 episode reward: 4.1
% time spent exploring: 16
********************************************************
********************************************************
steps: 86846
episodes: 490
mean 100 episode reward: 4.3
% time spent exploring: 14
********************************************************
********************************************************
steps: 88968
episodes: 500
mean 100 episode reward: 4.2
% time spent exploring: 11
********************************************************
********************************************************
steps: 91146
episodes: 510
mean 100 episode reward: 4.2
% time spent exploring: 9
********************************************************
********************************************************
steps: 92903
episodes: 520
mean 100 episode reward: 4.1
% time spent exploring: 8
********************************************************
********************************************************
steps: 94591
episodes: 530
mean 100 episode reward: 3.6
% time spent exploring: 6
********************************************************
********************************************************
steps: 97119
episodes: 540
mean 100 episode reward: 3.6
% time spent exploring: 3
********************************************************
********************************************************
steps: 99690
episodes: 550
mean 100 episode reward: 3.6
% time spent exploring: 1
********************************************************
********************************************************
steps: 102435
episodes: 560
mean 100 episode reward: 3.7
% time spent exploring: 1
********************************************************
********************************************************
steps: 104541
episodes: 570
mean 100 episode reward: 3.5
% time spent exploring: 1
********************************************************
********************************************************
steps: 106482
episodes: 580
mean 100 episode reward: 3.6
% time spent exploring: 1
********************************************************
********************************************************
steps: 109183
episodes: 590
mean 100 episode reward: 3.5
% time spent exploring: 1
********************************************************
********************************************************
steps: 111328
episodes: 600
mean 100 episode reward: 3.5
% time spent exploring: 1
********************************************************
********************************************************
steps: 113896
episodes: 610
mean 100 episode reward: 3.5
% time spent exploring: 1
********************************************************
********************************************************
steps: 116033
episodes: 620
mean 100 episode reward: 3.7
% time spent exploring: 1
********************************************************
********************************************************
steps: 118017
episodes: 630
mean 100 episode reward: 3.8
% time spent exploring: 1
********************************************************
********************************************************
steps: 119644
episodes: 640
mean 100 episode reward: 3.6
% time spent exploring: 1
********************************************************
********************************************************
steps: 121515
episodes: 650
mean 100 episode reward: 3.5
% time spent exploring: 1
********************************************************
********************************************************
steps: 123775
episodes: 660
mean 100 episode reward: 3.4
% time spent exploring: 1
********************************************************
********************************************************
steps: 125144
episodes: 670
mean 100 episode reward: 3.4
% time spent exploring: 1
********************************************************
********************************************************
steps: 127407
episodes: 680
mean 100 episode reward: 3.4
% time spent exploring: 1
********************************************************
********************************************************
steps: 129809
episodes: 690
mean 100 episode reward: 3.4
% time spent exploring: 1
********************************************************
********************************************************
steps: 131969
episodes: 700
mean 100 episode reward: 3.5
% time spent exploring: 1
********************************************************
********************************************************
steps: 134093
episodes: 710
mean 100 episode reward: 3.5
% time spent exploring: 1
********************************************************
********************************************************
steps: 136948
episodes: 720
mean 100 episode reward: 3.7
% time spent exploring: 1
********************************************************
********************************************************
steps: 139289
episodes: 730
mean 100 episode reward: 3.8
% time spent exploring: 1
********************************************************
********************************************************
steps: 141108
episodes: 740
mean 100 episode reward: 3.8
% time spent exploring: 1
********************************************************
********************************************************
steps: 142604
episodes: 750
mean 100 episode reward: 3.7
% time spent exploring: 1
********************************************************
********************************************************
steps: 144574
episodes: 760
mean 100 episode reward: 3.6
% time spent exploring: 1
********************************************************
********************************************************
steps: 145808
episodes: 770
mean 100 episode reward: 3.6
% time spent exploring: 1
********************************************************
********************************************************
steps: 148344
episodes: 780
mean 100 episode reward: 3.6
% time spent exploring: 1
********************************************************
********************************************************
steps: 150100
episodes: 790
mean 100 episode reward: 3.4
% time spent exploring: 1
********************************************************
********************************************************
steps: 151967
episodes: 800
mean 100 episode reward: 3.3
% time spent exploring: 1
********************************************************
********************************************************
steps: 153774
episodes: 810
mean 100 episode reward: 3.2
% time spent exploring: 1
********************************************************
********************************************************
steps: 155662
episodes: 820
mean 100 episode reward: 2.9
% time spent exploring: 1
********************************************************
********************************************************
steps: 158048
episodes: 830
mean 100 episode reward: 2.8
% time spent exploring: 1
********************************************************
********************************************************
steps: 159588
episodes: 840
mean 100 episode reward: 2.8
% time spent exploring: 1
********************************************************
********************************************************
steps: 161085
episodes: 850
mean 100 episode reward: 2.8
% time spent exploring: 1
********************************************************
********************************************************
steps: 163163
episodes: 860
mean 100 episode reward: 3.0
% time spent exploring: 1
********************************************************
********************************************************
steps: 165499
episodes: 870
mean 100 episode reward: 3.3
% time spent exploring: 1
********************************************************
********************************************************
steps: 167723
episodes: 880
mean 100 episode reward: 3.5
% time spent exploring: 1
********************************************************
********************************************************
steps: 169967
episodes: 890
mean 100 episode reward: 3.8
% time spent exploring: 1
********************************************************
********************************************************
steps: 171889
episodes: 900
mean 100 episode reward: 3.8
% time spent exploring: 1
********************************************************
********************************************************
steps: 173533
episodes: 910
mean 100 episode reward: 3.9
% time spent exploring: 1
********************************************************
********************************************************
steps: 175719
episodes: 920
mean 100 episode reward: 4.0
% time spent exploring: 1
********************************************************
********************************************************
steps: 178165
episodes: 930
mean 100 episode reward: 4.2
% time spent exploring: 1
********************************************************
********************************************************
steps: 180720
episodes: 940
mean 100 episode reward: 4.5
% time spent exploring: 1
********************************************************
********************************************************
steps: 182742
episodes: 950
mean 100 episode reward: 4.7
% time spent exploring: 1
********************************************************
********************************************************
steps: 184760
episodes: 960
mean 100 episode reward: 4.5
% time spent exploring: 1
********************************************************
********************************************************
steps: 186833
episodes: 970
mean 100 episode reward: 4.3
% time spent exploring: 1
********************************************************
********************************************************
steps: 188615
episodes: 980
mean 100 episode reward: 4.1
% time spent exploring: 1
********************************************************
********************************************************
steps: 190518
episodes: 990
mean 100 episode reward: 3.9
% time spent exploring: 1
********************************************************
********************************************************
steps: 193088
episodes: 1000
mean 100 episode reward: 4.1
% time spent exploring: 1
********************************************************
********************************************************
steps: 194734
episodes: 1010
mean 100 episode reward: 4.0
% time spent exploring: 1
********************************************************
********************************************************
steps: 197512
episodes: 1020
mean 100 episode reward: 4.2
% time spent exploring: 1
********************************************************
********************************************************
steps: 199261
episodes: 1030
mean 100 episode reward: 3.9
% time spent exploring: 1
********************************************************
********************************************************
steps: 200676
episodes: 1040
mean 100 episode reward: 3.5
% time spent exploring: 1
********************************************************
********************************************************
steps: 202564
episodes: 1050
mean 100 episode reward: 3.5
% time spent exploring: 1
********************************************************
********************************************************
steps: 204185
episodes: 1060
mean 100 episode reward: 3.3
% time spent exploring: 1
********************************************************
********************************************************
steps: 205636
episodes: 1070
mean 100 episode reward: 3.1
% time spent exploring: 1
********************************************************
********************************************************
steps: 208129
episodes: 1080
mean 100 episode reward: 3.4
% time spent exploring: 1
********************************************************
********************************************************
steps: 209548
episodes: 1090
mean 100 episode reward: 3.4
% time spent exploring: 1
********************************************************
********************************************************
steps: 211151
episodes: 1100
mean 100 episode reward: 3.1
% time spent exploring: 1
********************************************************
********************************************************
steps: 212963
episodes: 1110
mean 100 episode reward: 3.2
% time spent exploring: 1
********************************************************
********************************************************
steps: 215546
episodes: 1120
mean 100 episode reward: 3.2
% time spent exploring: 1
********************************************************
********************************************************
steps: 218011
episodes: 1130
mean 100 episode reward: 3.4
% time spent exploring: 1
********************************************************
********************************************************
steps: 220095
episodes: 1140
mean 100 episode reward: 3.5
% time spent exploring: 1
********************************************************
********************************************************
steps: 221905
episodes: 1150
mean 100 episode reward: 3.3
% time spent exploring: 1
********************************************************
********************************************************
steps: 224265
episodes: 1160
mean 100 episode reward: 3.7
% time spent exploring: 1
********************************************************
********************************************************
steps: 226440
episodes: 1170
mean 100 episode reward: 3.8
% time spent exploring: 1
********************************************************
********************************************************
steps: 228511
episodes: 1180
mean 100 episode reward: 3.5
% time spent exploring: 1
********************************************************
********************************************************
steps: 230764
episodes: 1190
mean 100 episode reward: 3.5
% time spent exploring: 1
********************************************************
********************************************************
steps: 232314
episodes: 1200
mean 100 episode reward: 3.5
% time spent exploring: 1
********************************************************
********************************************************
steps: 234283
episodes: 1210
mean 100 episode reward: 3.4
% time spent exploring: 1
********************************************************
********************************************************
steps: 236400
episodes: 1220
mean 100 episode reward: 3.2
% time spent exploring: 1
********************************************************
********************************************************
steps: 238187
episodes: 1230
mean 100 episode reward: 3.1
% time spent exploring: 1
********************************************************
********************************************************
steps: 240605
episodes: 1240
mean 100 episode reward: 3.3
% time spent exploring: 1
********************************************************
********************************************************
steps: 242729
episodes: 1250
mean 100 episode reward: 3.6
% time spent exploring: 1
********************************************************
********************************************************
steps: 244501
episodes: 1260
mean 100 episode reward: 3.5
% time spent exploring: 1
********************************************************
********************************************************
steps: 246627
episodes: 1270
mean 100 episode reward: 3.5
% time spent exploring: 1
********************************************************
********************************************************
steps: 249186
episodes: 1280
mean 100 episode reward: 3.7
% time spent exploring: 1
********************************************************
********************************************************
steps: 251169
episodes: 1290
mean 100 episode reward: 3.7
% time spent exploring: 1
********************************************************
********************************************************
steps: 252828
episodes: 1300
mean 100 episode reward: 3.7
% time spent exploring: 1
********************************************************
********************************************************
steps: 254619
episodes: 1310
mean 100 episode reward: 3.8
% time spent exploring: 1
********************************************************
********************************************************
steps: 256123
episodes: 1320
mean 100 episode reward: 3.6
% time spent exploring: 1
********************************************************
********************************************************
steps: 258312
episodes: 1330
mean 100 episode reward: 3.7
% time spent exploring: 1
********************************************************
********************************************************
steps: 260261
episodes: 1340
mean 100 episode reward: 3.5
% time spent exploring: 1
********************************************************
********************************************************
steps: 262254
episodes: 1350
mean 100 episode reward: 3.4
% time spent exploring: 1
********************************************************
********************************************************
steps: 264890
episodes: 1360
mean 100 episode reward: 3.4
% time spent exploring: 1
********************************************************
********************************************************
steps: 266366
episodes: 1370
mean 100 episode reward: 3.3
% time spent exploring: 1
********************************************************
********************************************************
steps: 268096
episodes: 1380
mean 100 episode reward: 2.9
% time spent exploring: 1
********************************************************
********************************************************
steps: 270340
episodes: 1390
mean 100 episode reward: 2.9
% time spent exploring: 1
********************************************************
********************************************************
steps: 272140
episodes: 1400
mean 100 episode reward: 3.2
% time spent exploring: 1
********************************************************
********************************************************
steps: 274191
episodes: 1410
mean 100 episode reward: 3.3
% time spent exploring: 1
********************************************************
********************************************************
steps: 276624
episodes: 1420
mean 100 episode reward: 3.5
% time spent exploring: 1
********************************************************
********************************************************
steps: 278861
episodes: 1430
mean 100 episode reward: 3.6
% time spent exploring: 1
********************************************************
********************************************************
steps: 280334
episodes: 1440
mean 100 episode reward: 3.4
% time spent exploring: 1
********************************************************
********************************************************
steps: 282515
episodes: 1450
mean 100 episode reward: 3.5
% time spent exploring: 1
********************************************************
********************************************************
steps: 285604
episodes: 1460
mean 100 episode reward: 3.8
% time spent exploring: 1
********************************************************
********************************************************
steps: 287707
episodes: 1470
mean 100 episode reward: 4.0
% time spent exploring: 1
********************************************************
********************************************************
steps: 289990
episodes: 1480
mean 100 episode reward: 4.2
% time spent exploring: 1
********************************************************
********************************************************
steps: 291783
episodes: 1490
mean 100 episode reward: 4.1
% time spent exploring: 1
********************************************************
********************************************************
steps: 293871
episodes: 1500
mean 100 episode reward: 4.0
% time spent exploring: 1
********************************************************
********************************************************
steps: 295531
episodes: 1510
mean 100 episode reward: 3.7
% time spent exploring: 1
********************************************************
********************************************************
steps: 297895
episodes: 1520
mean 100 episode reward: 3.5
% time spent exploring: 1
********************************************************
********************************************************
steps: 299449
episodes: 1530
mean 100 episode reward: 3.3
% time spent exploring: 1
********************************************************
********************************************************
steps: 301829
episodes: 1540
mean 100 episode reward: 3.7
% time spent exploring: 1
********************************************************
********************************************************
steps: 304338
episodes: 1550
mean 100 episode reward: 3.8
% time spent exploring: 1
********************************************************
********************************************************
steps: 306435
episodes: 1560
mean 100 episode reward: 3.6
% time spent exploring: 1
********************************************************
********************************************************
steps: 308738
episodes: 1570
mean 100 episode reward: 3.7
% time spent exploring: 1
********************************************************
********************************************************
steps: 310704
episodes: 1580
mean 100 episode reward: 3.5
% time spent exploring: 1
********************************************************
********************************************************
steps: 312406
episodes: 1590
mean 100 episode reward: 3.4
% time spent exploring: 1
********************************************************
********************************************************
steps: 314515
episodes: 1600
mean 100 episode reward: 3.5
% time spent exploring: 1
********************************************************
********************************************************
steps: 317037
episodes: 1610
mean 100 episode reward: 3.7
% time spent exploring: 1
********************************************************
********************************************************
steps: 319346
episodes: 1620
mean 100 episode reward: 3.9
% time spent exploring: 1
********************************************************
********************************************************
steps: 321290
episodes: 1630
mean 100 episode reward: 4.0
% time spent exploring: 1
********************************************************
********************************************************
steps: 323652
episodes: 1640
mean 100 episode reward: 3.9
% time spent exploring: 1
********************************************************
********************************************************
steps: 325741
episodes: 1650
mean 100 episode reward: 3.9
% time spent exploring: 1
********************************************************
********************************************************
steps: 327833
episodes: 1660
mean 100 episode reward: 3.9
% time spent exploring: 1
********************************************************
********************************************************
steps: 329535
episodes: 1670
mean 100 episode reward: 3.6
% time spent exploring: 1
********************************************************
********************************************************
steps: 331993
episodes: 1680
mean 100 episode reward: 3.7
% time spent exploring: 1
********************************************************
********************************************************
steps: 333986
episodes: 1690
mean 100 episode reward: 3.9
% time spent exploring: 1
********************************************************
********************************************************
steps: 335830
episodes: 1700
mean 100 episode reward: 3.8
% time spent exploring: 1
********************************************************
********************************************************
steps: 338112
episodes: 1710
mean 100 episode reward: 3.8
% time spent exploring: 1
********************************************************
********************************************************
steps: 340762
episodes: 1720
mean 100 episode reward: 3.9
% time spent exploring: 1
********************************************************
********************************************************
steps: 343706
episodes: 1730
mean 100 episode reward: 4.2
% time spent exploring: 1
********************************************************
********************************************************
steps: 345806
episodes: 1740
mean 100 episode reward: 4.1
% time spent exploring: 1
********************************************************
********************************************************
steps: 348479
episodes: 1750
mean 100 episode reward: 4.2
% time spent exploring: 1
********************************************************
********************************************************
steps: 350076
episodes: 1760
mean 100 episode reward: 4.2
% time spent exploring: 1
********************************************************
********************************************************
steps: 352736
episodes: 1770
mean 100 episode reward: 4.5
% time spent exploring: 1
********************************************************
********************************************************
steps: 354194
episodes: 1780
mean 100 episode reward: 4.4
% time spent exploring: 1
********************************************************
********************************************************
steps: 356560
episodes: 1790
mean 100 episode reward: 4.4
% time spent exploring: 1
********************************************************
********************************************************
steps: 358783
episodes: 1800
mean 100 episode reward: 4.6
% time spent exploring: 1
********************************************************
********************************************************
steps: 360822
episodes: 1810
mean 100 episode reward: 4.5
% time spent exploring: 1
********************************************************
********************************************************
steps: 363005
episodes: 1820
mean 100 episode reward: 4.2
% time spent exploring: 1
********************************************************
********************************************************
steps: 365091
episodes: 1830
mean 100 episode reward: 4.0
% time spent exploring: 1
********************************************************
********************************************************
steps: 366833
episodes: 1840
mean 100 episode reward: 4.0
% time spent exploring: 1
********************************************************
********************************************************
steps: 369935
episodes: 1850
mean 100 episode reward: 3.9
% time spent exploring: 1
********************************************************
********************************************************
steps: 372257
episodes: 1860
mean 100 episode reward: 3.9
% time spent exploring: 1
********************************************************
********************************************************
steps: 373796
episodes: 1870
mean 100 episode reward: 3.6
% time spent exploring: 1
********************************************************
********************************************************
steps: 375712
episodes: 1880
mean 100 episode reward: 3.8
% time spent exploring: 1
********************************************************
********************************************************
steps: 377622
episodes: 1890
mean 100 episode reward: 3.8
% time spent exploring: 1
********************************************************
********************************************************
steps: 379234
episodes: 1900
mean 100 episode reward: 3.6
% time spent exploring: 1
********************************************************
********************************************************
steps: 380950
episodes: 1910
mean 100 episode reward: 3.5
% time spent exploring: 1
********************************************************
********************************************************
steps: 382640
episodes: 1920
mean 100 episode reward: 3.5
% time spent exploring: 1
********************************************************
********************************************************
steps: 384313
episodes: 1930
mean 100 episode reward: 3.3
% time spent exploring: 1
********************************************************
********************************************************
steps: 385865
episodes: 1940
mean 100 episode reward: 3.2
% time spent exploring: 1
********************************************************
********************************************************
steps: 388086
episodes: 1950
mean 100 episode reward: 3.2
% time spent exploring: 1
********************************************************
********************************************************
steps: 391516
episodes: 1960
mean 100 episode reward: 3.5
% time spent exploring: 1
********************************************************
********************************************************
steps: 393833
episodes: 1970
mean 100 episode reward: 3.8
% time spent exploring: 1
********************************************************
********************************************************
steps: 395222
episodes: 1980
mean 100 episode reward: 3.6
% time spent exploring: 1
********************************************************
********************************************************
steps: 397392
episodes: 1990
mean 100 episode reward: 3.5
% time spent exploring: 1
********************************************************
********************************************************
steps: 399241
episodes: 2000
mean 100 episode reward: 3.6
% time spent exploring: 1
********************************************************
********************************************************
steps: 401449
episodes: 2010
mean 100 episode reward: 3.7
% time spent exploring: 1
********************************************************
********************************************************
steps: 404331
episodes: 2020
mean 100 episode reward: 4.0
% time spent exploring: 1
********************************************************
********************************************************
steps: 406004
episodes: 2030
mean 100 episode reward: 4.0
% time spent exploring: 1
********************************************************
********************************************************
steps: 408445
episodes: 2040
mean 100 episode reward: 4.2
% time spent exploring: 1
********************************************************
********************************************************
steps: 410781
episodes: 2050
mean 100 episode reward: 4.1
% time spent exploring: 1
********************************************************
********************************************************
steps: 412635
episodes: 2060
mean 100 episode reward: 3.8
% time spent exploring: 1
********************************************************
********************************************************
steps: 414490
episodes: 2070
mean 100 episode reward: 3.7
% time spent exploring: 1
********************************************************
********************************************************
steps: 416568
episodes: 2080
mean 100 episode reward: 3.9
% time spent exploring: 1
********************************************************
********************************************************
steps: 419023
episodes: 2090
mean 100 episode reward: 3.9
% time spent exploring: 1
********************************************************
********************************************************
steps: 421541
episodes: 2100
mean 100 episode reward: 4.4
% time spent exploring: 1
********************************************************
********************************************************
steps: 424100
episodes: 2110
mean 100 episode reward: 4.3
% time spent exploring: 1
********************************************************
********************************************************
steps: 426687
episodes: 2120
mean 100 episode reward: 4.2
% time spent exploring: 1
********************************************************
********************************************************
steps: 428799
episodes: 2130
mean 100 episode reward: 4.4
% time spent exploring: 1
********************************************************
********************************************************
steps: 430166
episodes: 2140
mean 100 episode reward: 4.2
% time spent exploring: 1
********************************************************
********************************************************
steps: 432017
episodes: 2150
mean 100 episode reward: 4.1
% time spent exploring: 1
********************************************************
********************************************************
steps: 434087
episodes: 2160
mean 100 episode reward: 4.0
% time spent exploring: 1
********************************************************
********************************************************
steps: 437365
episodes: 2170
mean 100 episode reward: 4.3
% time spent exploring: 1
********************************************************
********************************************************
steps: 440233
episodes: 2180
mean 100 episode reward: 4.4
% time spent exploring: 1
********************************************************
********************************************************
steps: 442587
episodes: 2190
mean 100 episode reward: 4.4
% time spent exploring: 1
********************************************************
********************************************************
steps: 444943
episodes: 2200
mean 100 episode reward: 4.2
% time spent exploring: 1
********************************************************
********************************************************
steps: 447572
episodes: 2210
mean 100 episode reward: 4.2
% time spent exploring: 1
********************************************************
********************************************************
steps: 450546
episodes: 2220
mean 100 episode reward: 4.3
% time spent exploring: 1
********************************************************
********************************************************
steps: 452999
episodes: 2230
mean 100 episode reward: 4.1
% time spent exploring: 1
********************************************************
********************************************************
steps: 455127
episodes: 2240
mean 100 episode reward: 4.5
% time spent exploring: 1
********************************************************
********************************************************
steps: 457138
episodes: 2250
mean 100 episode reward: 4.7
% time spent exploring: 1
********************************************************
********************************************************
steps: 458858
episodes: 2260
mean 100 episode reward: 4.8
% time spent exploring: 1
********************************************************
********************************************************
steps: 461071
episodes: 2270
mean 100 episode reward: 4.6
% time spent exploring: 1
********************************************************
********************************************************
steps: 463064
episodes: 2280
mean 100 episode reward: 4.5
% time spent exploring: 1
********************************************************
********************************************************
steps: 465166
episodes: 2290
mean 100 episode reward: 4.6
% time spent exploring: 1
********************************************************
********************************************************
steps: 466740
episodes: 2300
mean 100 episode reward: 4.4
% time spent exploring: 1
********************************************************
********************************************************
steps: 469041
episodes: 2310
mean 100 episode reward: 4.4
% time spent exploring: 1
********************************************************
********************************************************
steps: 470403
episodes: 2320
mean 100 episode reward: 4.1
% time spent exploring: 1
********************************************************
********************************************************
steps: 472076
episodes: 2330
mean 100 episode reward: 4.2
% time spent exploring: 1
********************************************************
********************************************************
steps: 475385
episodes: 2340
mean 100 episode reward: 4.3
% time spent exploring: 1
********************************************************
********************************************************
steps: 477343
episodes: 2350
mean 100 episode reward: 4.2
% time spent exploring: 1
********************************************************
********************************************************
steps: 479850
episodes: 2360
mean 100 episode reward: 4.5
% time spent exploring: 1
********************************************************
********************************************************
steps: 482453
episodes: 2370
mean 100 episode reward: 4.4
% time spent exploring: 1
********************************************************
********************************************************
steps: 484082
episodes: 2380
mean 100 episode reward: 4.4
% time spent exploring: 1
********************************************************
********************************************************
steps: 486221
episodes: 2390
mean 100 episode reward: 4.3
% time spent exploring: 1
********************************************************
********************************************************
steps: 488242
episodes: 2400
mean 100 episode reward: 4.5
% time spent exploring: 1
********************************************************
********************************************************
steps: 490095
episodes: 2410
mean 100 episode reward: 4.6
% time spent exploring: 1
********************************************************
********************************************************
steps: 492336
episodes: 2420
mean 100 episode reward: 4.9
% time spent exploring: 1
********************************************************
********************************************************
steps: 494253
episodes: 2430
mean 100 episode reward: 4.9
% time spent exploring: 1
********************************************************
********************************************************
steps: 495832
episodes: 2440
mean 100 episode reward: 4.4
% time spent exploring: 1
********************************************************
********************************************************
steps: 497324
episodes: 2450
mean 100 episode reward: 4.2
% time spent exploring: 1
********************************************************
********************************************************
steps: 499247
episodes: 2460
mean 100 episode reward: 4.0
% time spent exploring: 1
********************************************************
********************************************************
steps: 501125
episodes: 2470
mean 100 episode reward: 3.9
% time spent exploring: 1
********************************************************
********************************************************
steps: 504074
episodes: 2480
mean 100 episode reward: 4.1
% time spent exploring: 1
********************************************************
********************************************************
steps: 506655
episodes: 2490
mean 100 episode reward: 4.3
% time spent exploring: 1
********************************************************
********************************************************
steps: 509574
episodes: 2500
mean 100 episode reward: 4.4
% time spent exploring: 1
********************************************************
********************************************************
steps: 511859
episodes: 2510
mean 100 episode reward: 4.3
% time spent exploring: 1
********************************************************
********************************************************
steps: 514137
episodes: 2520
mean 100 episode reward: 4.2
% time spent exploring: 1
********************************************************
********************************************************
steps: 517061
episodes: 2530
mean 100 episode reward: 4.4
% time spent exploring: 1
********************************************************
********************************************************
steps: 520156
episodes: 2540
mean 100 episode reward: 4.8
% time spent exploring: 1
********************************************************
********************************************************
steps: 523202
episodes: 2550
mean 100 episode reward: 5.0
% time spent exploring: 1
********************************************************
********************************************************
steps: 525506
episodes: 2560
mean 100 episode reward: 5.0
% time spent exploring: 1
********************************************************
********************************************************
steps: 528073
episodes: 2570
mean 100 episode reward: 5.1
% time spent exploring: 1
********************************************************
********************************************************
steps: 531189
episodes: 2580
mean 100 episode reward: 5.2
% time spent exploring: 1
********************************************************
********************************************************
steps: 534925
episodes: 2590
mean 100 episode reward: 5.4
% time spent exploring: 1
********************************************************
********************************************************
steps: 537066
episodes: 2600
mean 100 episode reward: 5.2
% time spent exploring: 1
********************************************************
********************************************************
steps: 539777
episodes: 2610
mean 100 episode reward: 5.2
% time spent exploring: 1
********************************************************
********************************************************
steps: 542508
episodes: 2620
mean 100 episode reward: 5.4
% time spent exploring: 1
********************************************************
********************************************************
steps: 544692
episodes: 2630
mean 100 episode reward: 5.2
% time spent exploring: 1
********************************************************
********************************************************
steps: 546862
episodes: 2640
mean 100 episode reward: 5.0
% time spent exploring: 1
********************************************************
********************************************************
steps: 549439
episodes: 2650
mean 100 episode reward: 4.9
% time spent exploring: 1
********************************************************
********************************************************
steps: 551751
episodes: 2660
mean 100 episode reward: 4.9
% time spent exploring: 1
********************************************************
********************************************************
steps: 554047
episodes: 2670
mean 100 episode reward: 4.8
% time spent exploring: 1
********************************************************
********************************************************
steps: 556474
episodes: 2680
mean 100 episode reward: 4.6
% time spent exploring: 1
********************************************************
********************************************************
steps: 559230
episodes: 2690
mean 100 episode reward: 4.5
% time spent exploring: 1
********************************************************
********************************************************
steps: 562120
episodes: 2700
mean 100 episode reward: 4.7
% time spent exploring: 1
********************************************************
********************************************************
steps: 564359
episodes: 2710
mean 100 episode reward: 4.6
% time spent exploring: 1
********************************************************
********************************************************
steps: 566583
episodes: 2720
mean 100 episode reward: 4.4
% time spent exploring: 1
********************************************************
********************************************************
steps: 569126
episodes: 2730
mean 100 episode reward: 4.6
% time spent exploring: 1
********************************************************
********************************************************
steps: 571278
episodes: 2740
mean 100 episode reward: 4.5
% time spent exploring: 1
********************************************************
********************************************************
steps: 573523
episodes: 2750
mean 100 episode reward: 4.4
% time spent exploring: 1
********************************************************
********************************************************
steps: 575998
episodes: 2760
mean 100 episode reward: 4.5
% time spent exploring: 1
********************************************************
********************************************************
steps: 578678
episodes: 2770
mean 100 episode reward: 4.6
% time spent exploring: 1
********************************************************
********************************************************
steps: 581231
episodes: 2780
mean 100 episode reward: 4.6
% time spent exploring: 1
********************************************************
********************************************************
steps: 583708
episodes: 2790
mean 100 episode reward: 4.5
% time spent exploring: 1
********************************************************
********************************************************
steps: 585874
episodes: 2800
mean 100 episode reward: 4.3
% time spent exploring: 1
********************************************************
********************************************************
steps: 588803
episodes: 2810
mean 100 episode reward: 4.4
% time spent exploring: 1
********************************************************
********************************************************
steps: 591059
episodes: 2820
mean 100 episode reward: 4.5
% time spent exploring: 1
********************************************************
********************************************************
steps: 593419
episodes: 2830
mean 100 episode reward: 4.4
% time spent exploring: 1
********************************************************
********************************************************
steps: 595305
episodes: 2840
mean 100 episode reward: 4.4
% time spent exploring: 1
********************************************************
********************************************************
steps: 598285
episodes: 2850
mean 100 episode reward: 4.5
% time spent exploring: 1
********************************************************
********************************************************
steps: 600784
episodes: 2860
mean 100 episode reward: 4.5
% time spent exploring: 1
********************************************************
********************************************************
steps: 603049
episodes: 2870
mean 100 episode reward: 4.4
% time spent exploring: 1
********************************************************
********************************************************
steps: 605416
episodes: 2880
mean 100 episode reward: 4.4
% time spent exploring: 1
********************************************************
********************************************************
steps: 608105
episodes: 2890
mean 100 episode reward: 4.5
% time spent exploring: 1
********************************************************
********************************************************
steps: 610720
episodes: 2900
mean 100 episode reward: 4.6
% time spent exploring: 1
********************************************************
********************************************************
steps: 613217
episodes: 2910
mean 100 episode reward: 4.6
% time spent exploring: 1
********************************************************
********************************************************
steps: 615503
episodes: 2920
mean 100 episode reward: 4.6
% time spent exploring: 1
********************************************************
********************************************************
steps: 617679
episodes: 2930
mean 100 episode reward: 4.6
% time spent exploring: 1
********************************************************
********************************************************
steps: 620781
episodes: 2940
mean 100 episode reward: 4.8
% time spent exploring: 1
********************************************************
********************************************************
steps: 622971
episodes: 2950
mean 100 episode reward: 4.6
% time spent exploring: 1
********************************************************
********************************************************
steps: 625780
episodes: 2960
mean 100 episode reward: 4.7
% time spent exploring: 1
********************************************************
********************************************************
steps: 628359
episodes: 2970
mean 100 episode reward: 4.8
% time spent exploring: 1
********************************************************
********************************************************
steps: 630890
episodes: 2980
mean 100 episode reward: 4.8
% time spent exploring: 1
********************************************************
********************************************************
steps: 633943
episodes: 2990
mean 100 episode reward: 4.9
% time spent exploring: 1
********************************************************
********************************************************
steps: 636473
episodes: 3000
mean 100 episode reward: 4.9
% time spent exploring: 1
********************************************************
********************************************************
steps: 639771
episodes: 3010
mean 100 episode reward: 5.1
% time spent exploring: 1
********************************************************
********************************************************
steps: 642084
episodes: 3020
mean 100 episode reward: 5.0
% time spent exploring: 1
********************************************************
********************************************************
steps: 644149
episodes: 3030
mean 100 episode reward: 5.1
% time spent exploring: 1
********************************************************
********************************************************
steps: 646481
episodes: 3040
mean 100 episode reward: 4.9
% time spent exploring: 1
********************************************************
********************************************************
steps: 649266
episodes: 3050
mean 100 episode reward: 5.0
% time spent exploring: 1
********************************************************
********************************************************
steps: 651909
episodes: 3060
mean 100 episode reward: 5.0
% time spent exploring: 1
********************************************************
********************************************************
steps: 654329
episodes: 3070
mean 100 episode reward: 4.9
% time spent exploring: 1
********************************************************
********************************************************
steps: 657623
episodes: 3080
mean 100 episode reward: 5.0
% time spent exploring: 1
********************************************************
********************************************************
steps: 659922
episodes: 3090
mean 100 episode reward: 4.7
% time spent exploring: 1
********************************************************
********************************************************
steps: 662439
episodes: 3100
mean 100 episode reward: 4.7
% time spent exploring: 1
********************************************************
********************************************************
steps: 664913
episodes: 3110
mean 100 episode reward: 4.4
% time spent exploring: 1
********************************************************
********************************************************
steps: 667623
episodes: 3120
mean 100 episode reward: 4.5
% time spent exploring: 1
********************************************************
********************************************************
steps: 670288
episodes: 3130
mean 100 episode reward: 4.7
% time spent exploring: 1
********************************************************
********************************************************
steps: 672975
episodes: 3140
mean 100 episode reward: 4.8
% time spent exploring: 1
********************************************************
********************************************************
steps: 675405
episodes: 3150
mean 100 episode reward: 4.8
% time spent exploring: 1
********************************************************
********************************************************
steps: 677513
episodes: 3160
mean 100 episode reward: 4.6
% time spent exploring: 1
********************************************************
********************************************************
steps: 680207
episodes: 3170
mean 100 episode reward: 4.8
% time spent exploring: 1
********************************************************
********************************************************
steps: 682692
episodes: 3180
mean 100 episode reward: 4.6
% time spent exploring: 1
********************************************************
********************************************************
steps: 685253
episodes: 3190
mean 100 episode reward: 4.7
% time spent exploring: 1
********************************************************
********************************************************
steps: 687254
episodes: 3200
mean 100 episode reward: 4.6
% time spent exploring: 1
********************************************************
********************************************************
steps: 690025
episodes: 3210
mean 100 episode reward: 4.6
% time spent exploring: 1
********************************************************
********************************************************
steps: 692784
episodes: 3220
mean 100 episode reward: 4.7
% time spent exploring: 1
********************************************************
********************************************************
steps: 695160
episodes: 3230
mean 100 episode reward: 4.6
% time spent exploring: 1
********************************************************
********************************************************
steps: 698233
episodes: 3240
mean 100 episode reward: 4.7
% time spent exploring: 1
********************************************************
********************************************************
steps: 700898
episodes: 3250
mean 100 episode reward: 4.7
% time spent exploring: 1
********************************************************
********************************************************
steps: 703742
episodes: 3260
mean 100 episode reward: 4.9
% time spent exploring: 1
********************************************************
********************************************************
steps: 706276
episodes: 3270
mean 100 episode reward: 4.9
% time spent exploring: 1
********************************************************
********************************************************
steps: 708785
episodes: 3280
mean 100 episode reward: 4.9
% time spent exploring: 1
********************************************************
********************************************************
steps: 711552
episodes: 3290
mean 100 episode reward: 5.0
% time spent exploring: 1
********************************************************
********************************************************
steps: 714279
episodes: 3300
mean 100 episode reward: 5.2
% time spent exploring: 1
********************************************************
********************************************************
steps: 717238
episodes: 3310
mean 100 episode reward: 5.4
% time spent exploring: 1
********************************************************
********************************************************
steps: 720085
episodes: 3320
mean 100 episode reward: 5.4
% time spent exploring: 1
********************************************************
********************************************************
steps: 722587
episodes: 3330
mean 100 episode reward: 5.3
% time spent exploring: 1
********************************************************
********************************************************
steps: 724835
episodes: 3340
mean 100 episode reward: 5.1
% time spent exploring: 1
********************************************************
********************************************************
steps: 727252
episodes: 3350
mean 100 episode reward: 5.0
% time spent exploring: 1
********************************************************
********************************************************
steps: 729549
episodes: 3360
mean 100 episode reward: 4.9
% time spent exploring: 1
********************************************************
********************************************************
steps: 732036
episodes: 3370
mean 100 episode reward: 4.8
% time spent exploring: 1
********************************************************
********************************************************
steps: 734612
episodes: 3380
mean 100 episode reward: 4.9
% time spent exploring: 1
********************************************************
********************************************************
steps: 736999
episodes: 3390
mean 100 episode reward: 4.7
% time spent exploring: 1
********************************************************
********************************************************
steps: 739484
episodes: 3400
mean 100 episode reward: 4.6
% time spent exploring: 1
********************************************************
********************************************************
steps: 741918
episodes: 3410
mean 100 episode reward: 4.4
% time spent exploring: 1
********************************************************
********************************************************
steps: 744353
episodes: 3420
mean 100 episode reward: 4.4
% time spent exploring: 1
********************************************************
********************************************************
steps: 746590
episodes: 3430
mean 100 episode reward: 4.3
% time spent exploring: 1
********************************************************
********************************************************
steps: 749226
episodes: 3440
mean 100 episode reward: 4.4
% time spent exploring: 1
********************************************************
********************************************************
steps: 751388
episodes: 3450
mean 100 episode reward: 4.4
% time spent exploring: 1
********************************************************
********************************************************
steps: 753291
episodes: 3460
mean 100 episode reward: 4.4
% time spent exploring: 1
********************************************************
********************************************************
steps: 755091
episodes: 3470
mean 100 episode reward: 4.4
% time spent exploring: 1
********************************************************
********************************************************
steps: 756912
episodes: 3480
mean 100 episode reward: 4.3
% time spent exploring: 1
********************************************************
********************************************************
steps: 759069
episodes: 3490
mean 100 episode reward: 4.2
% time spent exploring: 1
********************************************************
********************************************************
steps: 760595
episodes: 3500
mean 100 episode reward: 4.0
% time spent exploring: 1
********************************************************
********************************************************
steps: 763251
episodes: 3510
mean 100 episode reward: 4.1
% time spent exploring: 1
********************************************************
********************************************************
steps: 765514
episodes: 3520
mean 100 episode reward: 4.0
% time spent exploring: 1
********************************************************
********************************************************
steps: 767377
episodes: 3530
mean 100 episode reward: 4.0
% time spent exploring: 1
********************************************************
********************************************************
steps: 769320
episodes: 3540
mean 100 episode reward: 3.7
% time spent exploring: 1
********************************************************
********************************************************
steps: 771569
episodes: 3550
mean 100 episode reward: 3.7
% time spent exploring: 1
********************************************************
********************************************************
steps: 773661
episodes: 3560
mean 100 episode reward: 3.5
% time spent exploring: 1
********************************************************
********************************************************
steps: 775990
episodes: 3570
mean 100 episode reward: 3.6
% time spent exploring: 1
********************************************************
********************************************************
steps: 777850
episodes: 3580
mean 100 episode reward: 3.4
% time spent exploring: 1
********************************************************
********************************************************
steps: 779852
episodes: 3590
mean 100 episode reward: 3.3
% time spent exploring: 1
********************************************************
********************************************************
steps: 782260
episodes: 3600
mean 100 episode reward: 3.4
% time spent exploring: 1
********************************************************
********************************************************
steps: 783977
episodes: 3610
mean 100 episode reward: 3.1
% time spent exploring: 1
********************************************************
********************************************************
steps: 785832
episodes: 3620
mean 100 episode reward: 3.0
% time spent exploring: 1
********************************************************
********************************************************
steps: 787927
episodes: 3630
mean 100 episode reward: 3.0
% time spent exploring: 1
********************************************************
********************************************************
steps: 791331
episodes: 3640
mean 100 episode reward: 3.6
% time spent exploring: 1
********************************************************
********************************************************
steps: 793053
episodes: 3650
mean 100 episode reward: 3.4
% time spent exploring: 1
********************************************************
********************************************************
steps: 796164
episodes: 3660
mean 100 episode reward: 3.8
% time spent exploring: 1
********************************************************
********************************************************
steps: 798891
episodes: 3670
mean 100 episode reward: 3.8
% time spent exploring: 1
********************************************************
********************************************************
steps: 801224
episodes: 3680
mean 100 episode reward: 4.0
% time spent exploring: 1
********************************************************
********************************************************
steps: 803332
episodes: 3690
mean 100 episode reward: 4.1
% time spent exploring: 1
********************************************************
********************************************************
steps: 805206
episodes: 3700
mean 100 episode reward: 4.1
% time spent exploring: 1
********************************************************
********************************************************
steps: 807546
episodes: 3710
mean 100 episode reward: 4.3
% time spent exploring: 1
********************************************************
********************************************************
steps: 810047
episodes: 3720
mean 100 episode reward: 4.3
% time spent exploring: 1
********************************************************
********************************************************
steps: 811672
episodes: 3730
mean 100 episode reward: 4.1
% time spent exploring: 1
********************************************************
********************************************************
steps: 814104
episodes: 3740
mean 100 episode reward: 3.5
% time spent exploring: 1
********************************************************
********************************************************
steps: 816112
episodes: 3750
mean 100 episode reward: 3.4
% time spent exploring: 1
********************************************************
********************************************************
steps: 818812
episodes: 3760
mean 100 episode reward: 3.1
% time spent exploring: 1
********************************************************
********************************************************
steps: 821186
episodes: 3770
mean 100 episode reward: 2.8
% time spent exploring: 1
********************************************************
********************************************************
steps: 822929
episodes: 3780
mean 100 episode reward: 2.6
% time spent exploring: 1
********************************************************
********************************************************
steps: 825246
episodes: 3790
mean 100 episode reward: 2.6
% time spent exploring: 1
********************************************************
********************************************************
steps: 827010
episodes: 3800
mean 100 episode reward: 2.6
% time spent exploring: 1
********************************************************
********************************************************
steps: 829181
episodes: 3810
mean 100 episode reward: 2.6
% time spent exploring: 1
********************************************************
********************************************************
steps: 831977
episodes: 3820
mean 100 episode reward: 3.0
% time spent exploring: 1
********************************************************
********************************************************
steps: 834262
episodes: 3830
mean 100 episode reward: 3.3
% time spent exploring: 1
********************************************************
********************************************************
steps: 836050
episodes: 3840
mean 100 episode reward: 3.5
% time spent exploring: 1
********************************************************
********************************************************
steps: 837921
episodes: 3850
mean 100 episode reward: 3.7
% time spent exploring: 1
********************************************************
********************************************************
steps: 839796
episodes: 3860
mean 100 episode reward: 3.8
% time spent exploring: 1
********************************************************
********************************************************
steps: 841904
episodes: 3870
mean 100 episode reward: 4.1
% time spent exploring: 1
********************************************************
********************************************************
steps: 843959
episodes: 3880
mean 100 episode reward: 4.5
% time spent exploring: 1
********************************************************
********************************************************
steps: 846459
episodes: 3890
mean 100 episode reward: 4.7
% time spent exploring: 1
********************************************************
********************************************************
steps: 847820
episodes: 3900
mean 100 episode reward: 4.6
% time spent exploring: 1
********************************************************
********************************************************
steps: 850230
episodes: 3910
mean 100 episode reward: 4.8
% time spent exploring: 1
********************************************************
********************************************************
steps: 852235
episodes: 3920
mean 100 episode reward: 4.7
% time spent exploring: 1
********************************************************
********************************************************
steps: 854316
episodes: 3930
mean 100 episode reward: 4.7
% time spent exploring: 1
********************************************************
********************************************************
steps: 856536
episodes: 3940
mean 100 episode reward: 4.9
% time spent exploring: 1
********************************************************
********************************************************
steps: 858509
episodes: 3950
mean 100 episode reward: 5.0
% time spent exploring: 1
********************************************************
********************************************************
steps: 860926
episodes: 3960
mean 100 episode reward: 5.0
% time spent exploring: 1
********************************************************
********************************************************
steps: 862967
episodes: 3970
mean 100 episode reward: 5.1
% time spent exploring: 1
********************************************************
********************************************************
steps: 865111
episodes: 3980
mean 100 episode reward: 4.9
% time spent exploring: 1
********************************************************
********************************************************
steps: 867039
episodes: 3990
mean 100 episode reward: 4.8
% time spent exploring: 1
********************************************************
********************************************************
steps: 869628
episodes: 4000
mean 100 episode reward: 5.3
% time spent exploring: 1
********************************************************
********************************************************
steps: 871346
episodes: 4010
mean 100 episode reward: 5.1
% time spent exploring: 1
********************************************************
********************************************************
steps: 873071
episodes: 4020
mean 100 episode reward: 4.9
% time spent exploring: 1
********************************************************
********************************************************
steps: 874957
episodes: 4030
mean 100 episode reward: 4.7
% time spent exploring: 1
********************************************************
********************************************************
steps: 876558
episodes: 4040
mean 100 episode reward: 4.5
% time spent exploring: 1
********************************************************
********************************************************
steps: 878207
episodes: 4050
mean 100 episode reward: 4.2
% time spent exploring: 1
********************************************************
********************************************************
steps: 880321
episodes: 4060
mean 100 episode reward: 4.1
% time spent exploring: 1
********************************************************
********************************************************
steps: 882252
episodes: 4070
mean 100 episode reward: 4.0
% time spent exploring: 1
********************************************************
********************************************************
steps: 884283
episodes: 4080
mean 100 episode reward: 4.2
% time spent exploring: 1
********************************************************
********************************************************
steps: 886371
episodes: 4090
mean 100 episode reward: 4.3
% time spent exploring: 1
********************************************************
********************************************************
steps: 888102
episodes: 4100
mean 100 episode reward: 4.1
% time spent exploring: 1
********************************************************
********************************************************
steps: 890027
episodes: 4110
mean 100 episode reward: 4.1
% time spent exploring: 1
********************************************************
********************************************************
steps: 892107
episodes: 4120
mean 100 episode reward: 4.3
% time spent exploring: 1
********************************************************
********************************************************
steps: 894309
episodes: 4130
mean 100 episode reward: 4.5
% time spent exploring: 1
********************************************************
********************************************************
steps: 895936
episodes: 4140
mean 100 episode reward: 4.5
% time spent exploring: 1
********************************************************
********************************************************
steps: 897560
episodes: 4150
mean 100 episode reward: 4.5
% time spent exploring: 1
********************************************************
********************************************************
steps: 899243
episodes: 4160
mean 100 episode reward: 4.4
% time spent exploring: 1
********************************************************
********************************************************
steps: 900876
episodes: 4170
mean 100 episode reward: 4.2
% time spent exploring: 1
********************************************************
********************************************************
steps: 902421
episodes: 4180
mean 100 episode reward: 4.0
% time spent exploring: 1
********************************************************
********************************************************
steps: 904083
episodes: 4190
mean 100 episode reward: 3.6
% time spent exploring: 1
********************************************************
********************************************************
steps: 905842
episodes: 4200
mean 100 episode reward: 3.5
% time spent exploring: 1
********************************************************
********************************************************
steps: 908119
episodes: 4210
mean 100 episode reward: 3.6
% time spent exploring: 1
********************************************************
********************************************************
steps: 909726
episodes: 4220
mean 100 episode reward: 3.3
% time spent exploring: 1
********************************************************
********************************************************
steps: 911757
episodes: 4230
mean 100 episode reward: 3.3
% time spent exploring: 1
********************************************************
********************************************************
steps: 913287
episodes: 4240
mean 100 episode reward: 3.4
% time spent exploring: 1
********************************************************
********************************************************
steps: 914897
episodes: 4250
mean 100 episode reward: 3.4
% time spent exploring: 1
********************************************************
********************************************************
steps: 917348
episodes: 4260
mean 100 episode reward: 3.8
% time spent exploring: 1
********************************************************
********************************************************
steps: 919585
episodes: 4270
mean 100 episode reward: 3.9
% time spent exploring: 1
********************************************************
********************************************************
steps: 922206
episodes: 4280
mean 100 episode reward: 4.1
% time spent exploring: 1
********************************************************
********************************************************
steps: 923994
episodes: 4290
mean 100 episode reward: 4.2
% time spent exploring: 1
********************************************************
********************************************************
steps: 925441
episodes: 4300
mean 100 episode reward: 4.1
% time spent exploring: 1
********************************************************
********************************************************
steps: 926964
episodes: 4310
mean 100 episode reward: 3.8
% time spent exploring: 1
********************************************************
********************************************************
steps: 928392
episodes: 4320
mean 100 episode reward: 3.8
% time spent exploring: 1
********************************************************
********************************************************
steps: 929916
episodes: 4330
mean 100 episode reward: 3.6
% time spent exploring: 1
********************************************************
********************************************************
steps: 931334
episodes: 4340
mean 100 episode reward: 3.4
% time spent exploring: 1
********************************************************
********************************************************
steps: 933337
episodes: 4350
mean 100 episode reward: 3.3
% time spent exploring: 1
********************************************************
********************************************************
steps: 935360
episodes: 4360
mean 100 episode reward: 3.0
% time spent exploring: 1
********************************************************
********************************************************
steps: 937675
episodes: 4370
mean 100 episode reward: 3.1
% time spent exploring: 1
********************************************************
********************************************************
steps: 939620
episodes: 4380
mean 100 episode reward: 3.0
% time spent exploring: 1
********************************************************
********************************************************
steps: 941854
episodes: 4390
mean 100 episode reward: 3.1
% time spent exploring: 1
********************************************************
********************************************************
steps: 944427
episodes: 4400
mean 100 episode reward: 3.2
% time spent exploring: 1
********************************************************
********************************************************
steps: 946195
episodes: 4410
mean 100 episode reward: 3.3
% time spent exploring: 1
********************************************************
********************************************************
steps: 948173
episodes: 4420
mean 100 episode reward: 3.4
% time spent exploring: 1
********************************************************
********************************************************
steps: 949448
episodes: 4430
mean 100 episode reward: 3.3
% time spent exploring: 1
********************************************************
********************************************************
steps: 951097
episodes: 4440
mean 100 episode reward: 3.5
% time spent exploring: 1
********************************************************
********************************************************
steps: 953001
episodes: 4450
mean 100 episode reward: 3.4
% time spent exploring: 1
********************************************************
********************************************************
steps: 954800
episodes: 4460
mean 100 episode reward: 3.4
% time spent exploring: 1
********************************************************
********************************************************
steps: 957050
episodes: 4470
mean 100 episode reward: 3.3
% time spent exploring: 1
********************************************************
********************************************************
steps: 958969
episodes: 4480
mean 100 episode reward: 3.3
% time spent exploring: 1
********************************************************
********************************************************
steps: 961399
episodes: 4490
mean 100 episode reward: 3.3
% time spent exploring: 1
********************************************************
********************************************************
steps: 963073
episodes: 4500
mean 100 episode reward: 3.1
% time spent exploring: 1
********************************************************
********************************************************
steps: 965171
episodes: 4510
mean 100 episode reward: 3.0
% time spent exploring: 1
********************************************************
********************************************************
steps: 966979
episodes: 4520
mean 100 episode reward: 2.9
% time spent exploring: 1
********************************************************
********************************************************
steps: 968223
episodes: 4530
mean 100 episode reward: 2.8
% time spent exploring: 1
********************************************************
********************************************************
steps: 970275
episodes: 4540
mean 100 episode reward: 2.7
% time spent exploring: 1
********************************************************
********************************************************
steps: 971849
episodes: 4550
mean 100 episode reward: 2.8
% time spent exploring: 1
********************************************************
********************************************************
steps: 973498
episodes: 4560
mean 100 episode reward: 2.5
% time spent exploring: 1
********************************************************
********************************************************
steps: 974711
episodes: 4570
mean 100 episode reward: 2.2
% time spent exploring: 1
********************************************************
********************************************************
steps: 975824
episodes: 4580
mean 100 episode reward: 1.9
% time spent exploring: 1
********************************************************
********************************************************
steps: 977035
episodes: 4590
mean 100 episode reward: 1.4
% time spent exploring: 1
********************************************************
********************************************************
steps: 978634
episodes: 4600
mean 100 episode reward: 1.4
% time spent exploring: 1
********************************************************
********************************************************
steps: 981300
episodes: 4610
mean 100 episode reward: 1.5
% time spent exploring: 1
********************************************************
********************************************************
steps: 983562
episodes: 4620
mean 100 episode reward: 1.5
% time spent exploring: 1
********************************************************
********************************************************
steps: 985043
episodes: 4630
mean 100 episode reward: 1.5
% time spent exploring: 1
********************************************************
********************************************************
steps: 986616
episodes: 4640
mean 100 episode reward: 1.4
% time spent exploring: 1
********************************************************
********************************************************
steps: 987910
episodes: 4650
mean 100 episode reward: 1.4
% time spent exploring: 1
********************************************************
********************************************************
steps: 989639
episodes: 4660
mean 100 episode reward: 1.4
% time spent exploring: 1
********************************************************
********************************************************
steps: 991480
episodes: 4670
mean 100 episode reward: 1.5
% time spent exploring: 1
********************************************************
********************************************************
steps: 993419
episodes: 4680
mean 100 episode reward: 1.8
% time spent exploring: 1
********************************************************
********************************************************
steps: 995280
episodes: 4690
mean 100 episode reward: 2.0
% time spent exploring: 1
********************************************************
********************************************************
steps: 997391
episodes: 4700
mean 100 episode reward: 2.2
% time spent exploring: 1
********************************************************
********************************************************
steps: 999619
episodes: 4710
mean 100 episode reward: 2.2
% time spent exploring: 1
********************************************************
