Wed Nov 15 12:13:28 2023       
+---------------------------------------------------------------------------------------+
| NVIDIA-SMI 530.30.02              Driver Version: 530.30.02    CUDA Version: 12.1     |
|-----------------------------------------+----------------------+----------------------+
| GPU  Name                  Persistence-M| Bus-Id        Disp.A | Volatile Uncorr. ECC |
| Fan  Temp  Perf            Pwr:Usage/Cap|         Memory-Usage | GPU-Util  Compute M. |
|                                         |                      |               MIG M. |
|=========================================+======================+======================|
|   0  NVIDIA A40                      On | 00000000:65:00.0 Off |                    0 |
|  0%   26C    P8               30W / 300W|      0MiB / 46068MiB |      0%      Default |
|                                         |                      |                  N/A |
+-----------------------------------------+----------------------+----------------------+
                                                                                         
+---------------------------------------------------------------------------------------+
| Processes:                                                                            |
|  GPU   GI   CI        PID   Type   Process name                            GPU Memory |
|        ID   ID                                                             Usage      |
|=======================================================================================|
|  No running processes found                                                           |
+---------------------------------------------------------------------------------------+
********************************************************
steps: 1237
episodes: 10
mean 100 episode reward: 2.3
% time spent exploring: 98
********************************************************
********************************************************
steps: 2923
episodes: 20
mean 100 episode reward: 2.9
% time spent exploring: 97
********************************************************
********************************************************
steps: 4936
episodes: 30
mean 100 episode reward: 3.2
% time spent exploring: 95
********************************************************
********************************************************
steps: 6813
episodes: 40
mean 100 episode reward: 3.5
% time spent exploring: 93
********************************************************
********************************************************
steps: 8461
episodes: 50
mean 100 episode reward: 3.5
% time spent exploring: 91
********************************************************
********************************************************
steps: 9827
episodes: 60
mean 100 episode reward: 3.3
% time spent exploring: 90
********************************************************
********************************************************
steps: 11868
episodes: 70
mean 100 episode reward: 3.5
% time spent exploring: 88
********************************************************
********************************************************
steps: 13474
episodes: 80
mean 100 episode reward: 3.5
% time spent exploring: 86
********************************************************
********************************************************
steps: 14617
episodes: 90
mean 100 episode reward: 3.3
% time spent exploring: 85
********************************************************
********************************************************
steps: 16000
episodes: 100
mean 100 episode reward: 3.2
% time spent exploring: 84
********************************************************
********************************************************
steps: 18478
episodes: 110
mean 100 episode reward: 3.6
% time spent exploring: 81
********************************************************
********************************************************
steps: 19945
episodes: 120
mean 100 episode reward: 3.5
% time spent exploring: 80
********************************************************
********************************************************
steps: 22067
episodes: 130
mean 100 episode reward: 3.5
% time spent exploring: 78
********************************************************
********************************************************
steps: 23903
episodes: 140
mean 100 episode reward: 3.3
% time spent exploring: 76
********************************************************
********************************************************
steps: 25290
episodes: 150
mean 100 episode reward: 3.2
% time spent exploring: 74
********************************************************
********************************************************
steps: 27086
episodes: 160
mean 100 episode reward: 3.4
% time spent exploring: 73
********************************************************
********************************************************
steps: 28682
episodes: 170
mean 100 episode reward: 3.2
% time spent exploring: 71
********************************************************
********************************************************
steps: 30614
episodes: 180
mean 100 episode reward: 3.3
% time spent exploring: 69
********************************************************
********************************************************
steps: 33053
episodes: 190
mean 100 episode reward: 3.6
% time spent exploring: 67
********************************************************
********************************************************
steps: 34606
episodes: 200
mean 100 episode reward: 3.7
% time spent exploring: 65
********************************************************
********************************************************
steps: 36210
episodes: 210
mean 100 episode reward: 3.5
% time spent exploring: 64
********************************************************
********************************************************
steps: 37865
episodes: 220
mean 100 episode reward: 3.5
% time spent exploring: 62
********************************************************
********************************************************
steps: 39133
episodes: 230
mean 100 episode reward: 3.4
% time spent exploring: 61
********************************************************
********************************************************
steps: 40364
episodes: 240
mean 100 episode reward: 3.2
% time spent exploring: 60
********************************************************
********************************************************
steps: 41765
episodes: 250
mean 100 episode reward: 3.3
% time spent exploring: 58
********************************************************
********************************************************
steps: 43340
episodes: 260
mean 100 episode reward: 3.2
% time spent exploring: 57
********************************************************
********************************************************
steps: 44568
episodes: 270
mean 100 episode reward: 3.1
% time spent exploring: 55
********************************************************
********************************************************
steps: 46357
episodes: 280
mean 100 episode reward: 2.9
% time spent exploring: 54
********************************************************
********************************************************
steps: 47882
episodes: 290
mean 100 episode reward: 2.7
% time spent exploring: 52
********************************************************
********************************************************
steps: 49854
episodes: 300
mean 100 episode reward: 2.8
% time spent exploring: 50
********************************************************
********************************************************
steps: 51163
episodes: 310
mean 100 episode reward: 2.7
% time spent exploring: 49
********************************************************
********************************************************
steps: 52639
episodes: 320
mean 100 episode reward: 2.7
% time spent exploring: 47
********************************************************
********************************************************
steps: 54497
episodes: 330
mean 100 episode reward: 2.8
% time spent exploring: 46
********************************************************
********************************************************
steps: 56453
episodes: 340
mean 100 episode reward: 3.1
% time spent exploring: 44
********************************************************
********************************************************
steps: 57533
episodes: 350
mean 100 episode reward: 3.0
% time spent exploring: 43
********************************************************
********************************************************
steps: 59280
episodes: 360
mean 100 episode reward: 3.1
% time spent exploring: 41
********************************************************
********************************************************
steps: 60899
episodes: 370
mean 100 episode reward: 3.2
% time spent exploring: 39
********************************************************
********************************************************
steps: 62574
episodes: 380
mean 100 episode reward: 3.4
% time spent exploring: 38
********************************************************
********************************************************
steps: 64505
episodes: 390
mean 100 episode reward: 3.6
% time spent exploring: 36
********************************************************
********************************************************
steps: 66034
episodes: 400
mean 100 episode reward: 3.4
% time spent exploring: 34
********************************************************
********************************************************
steps: 68625
episodes: 410
mean 100 episode reward: 3.8
% time spent exploring: 32
********************************************************
********************************************************
steps: 70187
episodes: 420
mean 100 episode reward: 3.8
% time spent exploring: 30
********************************************************
********************************************************
steps: 71714
episodes: 430
mean 100 episode reward: 3.7
% time spent exploring: 29
********************************************************
********************************************************
steps: 74224
episodes: 440
mean 100 episode reward: 3.8
% time spent exploring: 26
********************************************************
********************************************************
steps: 76226
episodes: 450
mean 100 episode reward: 4.1
% time spent exploring: 24
********************************************************
********************************************************
steps: 77966
episodes: 460
mean 100 episode reward: 4.1
% time spent exploring: 22
********************************************************
********************************************************
steps: 79330
episodes: 470
mean 100 episode reward: 4.1
% time spent exploring: 21
********************************************************
********************************************************
steps: 81477
episodes: 480
mean 100 episode reward: 4.1
% time spent exploring: 19
********************************************************
********************************************************
steps: 83489
episodes: 490
mean 100 episode reward: 4.1
% time spent exploring: 17
********************************************************
********************************************************
steps: 85024
episodes: 500
mean 100 episode reward: 4.2
% time spent exploring: 15
********************************************************
********************************************************
steps: 87487
episodes: 510
mean 100 episode reward: 4.2
% time spent exploring: 13
********************************************************
********************************************************
steps: 89901
episodes: 520
mean 100 episode reward: 4.6
% time spent exploring: 10
********************************************************
********************************************************
steps: 91538
episodes: 530
mean 100 episode reward: 4.7
% time spent exploring: 9
********************************************************
********************************************************
steps: 93313
episodes: 540
mean 100 episode reward: 4.5
% time spent exploring: 7
********************************************************
********************************************************
steps: 94888
episodes: 550
mean 100 episode reward: 4.4
% time spent exploring: 6
********************************************************
********************************************************
steps: 96688
episodes: 560
mean 100 episode reward: 4.6
% time spent exploring: 4
********************************************************
********************************************************
steps: 98736
episodes: 570
mean 100 episode reward: 4.8
% time spent exploring: 2
********************************************************
********************************************************
steps: 100657
episodes: 580
mean 100 episode reward: 4.9
% time spent exploring: 1
********************************************************
********************************************************
steps: 102728
episodes: 590
mean 100 episode reward: 4.9
% time spent exploring: 1
********************************************************
********************************************************
steps: 104829
episodes: 600
mean 100 episode reward: 5.2
% time spent exploring: 1
********************************************************
********************************************************
steps: 106615
episodes: 610
mean 100 episode reward: 5.0
% time spent exploring: 1
********************************************************
********************************************************
steps: 108715
episodes: 620
mean 100 episode reward: 4.9
% time spent exploring: 1
********************************************************
********************************************************
steps: 111310
episodes: 630
mean 100 episode reward: 5.3
% time spent exploring: 1
********************************************************
********************************************************
steps: 113125
episodes: 640
mean 100 episode reward: 5.4
% time spent exploring: 1
********************************************************
********************************************************
steps: 114805
episodes: 650
mean 100 episode reward: 5.6
% time spent exploring: 1
********************************************************
********************************************************
steps: 116391
episodes: 660
mean 100 episode reward: 5.6
% time spent exploring: 1
********************************************************
********************************************************
steps: 118178
episodes: 670
mean 100 episode reward: 5.6
% time spent exploring: 1
********************************************************
********************************************************
steps: 120524
episodes: 680
mean 100 episode reward: 5.7
% time spent exploring: 1
********************************************************
********************************************************
steps: 121888
episodes: 690
mean 100 episode reward: 5.5
% time spent exploring: 1
********************************************************
********************************************************
steps: 124482
episodes: 700
mean 100 episode reward: 5.6
% time spent exploring: 1
********************************************************
********************************************************
steps: 126181
episodes: 710
mean 100 episode reward: 5.7
% time spent exploring: 1
********************************************************
********************************************************
steps: 127644
episodes: 720
mean 100 episode reward: 5.4
% time spent exploring: 1
********************************************************
********************************************************
steps: 129573
episodes: 730
mean 100 episode reward: 5.0
% time spent exploring: 1
********************************************************
********************************************************
steps: 130828
episodes: 740
mean 100 episode reward: 4.7
% time spent exploring: 1
********************************************************
********************************************************
steps: 132188
episodes: 750
mean 100 episode reward: 4.5
% time spent exploring: 1
********************************************************
********************************************************
steps: 133888
episodes: 760
mean 100 episode reward: 4.4
% time spent exploring: 1
********************************************************
********************************************************
steps: 135256
episodes: 770
mean 100 episode reward: 4.3
% time spent exploring: 1
********************************************************
********************************************************
steps: 136586
episodes: 780
mean 100 episode reward: 4.0
% time spent exploring: 1
********************************************************
********************************************************
steps: 138387
episodes: 790
mean 100 episode reward: 4.2
% time spent exploring: 1
********************************************************
********************************************************
steps: 140394
episodes: 800
mean 100 episode reward: 4.1
% time spent exploring: 1
********************************************************
********************************************************
steps: 141806
episodes: 810
mean 100 episode reward: 4.0
% time spent exploring: 1
********************************************************
********************************************************
steps: 143504
episodes: 820
mean 100 episode reward: 4.1
% time spent exploring: 1
********************************************************
********************************************************
steps: 145053
episodes: 830
mean 100 episode reward: 4.0
% time spent exploring: 1
********************************************************
********************************************************
steps: 146801
episodes: 840
mean 100 episode reward: 4.2
% time spent exploring: 1
********************************************************
********************************************************
steps: 149112
episodes: 850
mean 100 episode reward: 4.4
% time spent exploring: 1
********************************************************
********************************************************
steps: 150500
episodes: 860
mean 100 episode reward: 4.4
% time spent exploring: 1
********************************************************
********************************************************
steps: 152111
episodes: 870
mean 100 episode reward: 4.4
% time spent exploring: 1
********************************************************
********************************************************
steps: 153528
episodes: 880
mean 100 episode reward: 4.4
% time spent exploring: 1
********************************************************
********************************************************
steps: 155256
episodes: 890
mean 100 episode reward: 4.3
% time spent exploring: 1
********************************************************
********************************************************
steps: 156971
episodes: 900
mean 100 episode reward: 4.1
% time spent exploring: 1
********************************************************
********************************************************
steps: 159014
episodes: 910
mean 100 episode reward: 4.4
% time spent exploring: 1
********************************************************
********************************************************
steps: 160538
episodes: 920
mean 100 episode reward: 4.3
% time spent exploring: 1
********************************************************
********************************************************
steps: 162011
episodes: 930
mean 100 episode reward: 4.4
% time spent exploring: 1
********************************************************
********************************************************
steps: 163626
episodes: 940
mean 100 episode reward: 4.3
% time spent exploring: 1
********************************************************
********************************************************
steps: 165779
episodes: 950
mean 100 episode reward: 4.2
% time spent exploring: 1
********************************************************
********************************************************
steps: 167629
episodes: 960
mean 100 episode reward: 4.3
% time spent exploring: 1
********************************************************
********************************************************
steps: 168936
episodes: 970
mean 100 episode reward: 4.2
% time spent exploring: 1
********************************************************
********************************************************
steps: 170323
episodes: 980
mean 100 episode reward: 4.3
% time spent exploring: 1
********************************************************
********************************************************
steps: 171809
episodes: 990
mean 100 episode reward: 4.2
% time spent exploring: 1
********************************************************
********************************************************
steps: 173738
episodes: 1000
mean 100 episode reward: 4.3
% time spent exploring: 1
********************************************************
********************************************************
steps: 175855
episodes: 1010
mean 100 episode reward: 4.3
% time spent exploring: 1
********************************************************
********************************************************
steps: 177290
episodes: 1020
mean 100 episode reward: 4.3
% time spent exploring: 1
********************************************************
********************************************************
steps: 179010
episodes: 1030
mean 100 episode reward: 4.3
% time spent exploring: 1
********************************************************
********************************************************
steps: 180957
episodes: 1040
mean 100 episode reward: 4.3
% time spent exploring: 1
********************************************************
********************************************************
steps: 182826
episodes: 1050
mean 100 episode reward: 4.2
% time spent exploring: 1
********************************************************
********************************************************
steps: 184669
episodes: 1060
mean 100 episode reward: 4.4
% time spent exploring: 1
********************************************************
********************************************************
steps: 186870
episodes: 1070
mean 100 episode reward: 4.7
% time spent exploring: 1
********************************************************
********************************************************
steps: 188250
episodes: 1080
mean 100 episode reward: 4.7
% time spent exploring: 1
********************************************************
********************************************************
steps: 190287
episodes: 1090
mean 100 episode reward: 4.8
% time spent exploring: 1
********************************************************
********************************************************
steps: 191823
episodes: 1100
mean 100 episode reward: 4.7
% time spent exploring: 1
********************************************************
********************************************************
steps: 193931
episodes: 1110
mean 100 episode reward: 4.7
% time spent exploring: 1
********************************************************
********************************************************
steps: 195483
episodes: 1120
mean 100 episode reward: 4.7
% time spent exploring: 1
********************************************************
********************************************************
steps: 197563
episodes: 1130
mean 100 episode reward: 4.8
% time spent exploring: 1
********************************************************
********************************************************
steps: 199592
episodes: 1140
mean 100 episode reward: 5.1
% time spent exploring: 1
********************************************************
********************************************************
steps: 201570
episodes: 1150
mean 100 episode reward: 5.2
% time spent exploring: 1
********************************************************
********************************************************
steps: 204280
episodes: 1160
mean 100 episode reward: 5.4
% time spent exploring: 1
********************************************************
********************************************************
steps: 206378
episodes: 1170
mean 100 episode reward: 5.4
% time spent exploring: 1
********************************************************
********************************************************
steps: 208096
episodes: 1180
mean 100 episode reward: 5.5
% time spent exploring: 1
********************************************************
********************************************************
steps: 210759
episodes: 1190
mean 100 episode reward: 5.7
% time spent exploring: 1
********************************************************
********************************************************
steps: 212375
episodes: 1200
mean 100 episode reward: 5.7
% time spent exploring: 1
********************************************************
********************************************************
steps: 215145
episodes: 1210
mean 100 episode reward: 5.8
% time spent exploring: 1
********************************************************
********************************************************
steps: 217402
episodes: 1220
mean 100 episode reward: 6.0
% time spent exploring: 1
********************************************************
********************************************************
steps: 219587
episodes: 1230
mean 100 episode reward: 6.2
% time spent exploring: 1
********************************************************
********************************************************
steps: 221896
episodes: 1240
mean 100 episode reward: 6.2
% time spent exploring: 1
********************************************************
********************************************************
steps: 224055
episodes: 1250
mean 100 episode reward: 6.2
% time spent exploring: 1
********************************************************
********************************************************
steps: 225361
episodes: 1260
mean 100 episode reward: 5.8
% time spent exploring: 1
********************************************************
********************************************************
steps: 227238
episodes: 1270
mean 100 episode reward: 5.6
% time spent exploring: 1
********************************************************
********************************************************
steps: 228594
episodes: 1280
mean 100 episode reward: 5.4
% time spent exploring: 1
********************************************************
********************************************************
steps: 229977
episodes: 1290
mean 100 episode reward: 5.0
% time spent exploring: 1
********************************************************
********************************************************
steps: 232039
episodes: 1300
mean 100 episode reward: 5.3
% time spent exploring: 1
********************************************************
********************************************************
steps: 233800
episodes: 1310
mean 100 episode reward: 5.1
% time spent exploring: 1
********************************************************
********************************************************
steps: 236645
episodes: 1320
mean 100 episode reward: 5.2
% time spent exploring: 1
********************************************************
********************************************************
steps: 238872
episodes: 1330
mean 100 episode reward: 5.2
% time spent exploring: 1
********************************************************
********************************************************
steps: 240467
episodes: 1340
mean 100 episode reward: 4.9
% time spent exploring: 1
********************************************************
********************************************************
steps: 241844
episodes: 1350
mean 100 episode reward: 4.6
% time spent exploring: 1
********************************************************
********************************************************
steps: 243441
episodes: 1360
mean 100 episode reward: 4.8
% time spent exploring: 1
********************************************************
********************************************************
steps: 245331
episodes: 1370
mean 100 episode reward: 4.8
% time spent exploring: 1
********************************************************
********************************************************
steps: 247041
episodes: 1380
mean 100 episode reward: 5.0
% time spent exploring: 1
********************************************************
********************************************************
steps: 249744
episodes: 1390
mean 100 episode reward: 5.4
% time spent exploring: 1
********************************************************
********************************************************
steps: 252035
episodes: 1400
mean 100 episode reward: 5.4
% time spent exploring: 1
********************************************************
********************************************************
steps: 253836
episodes: 1410
mean 100 episode reward: 5.5
% time spent exploring: 1
********************************************************
********************************************************
steps: 255408
episodes: 1420
mean 100 episode reward: 5.2
% time spent exploring: 1
********************************************************
********************************************************
steps: 257179
episodes: 1430
mean 100 episode reward: 5.0
% time spent exploring: 1
********************************************************
********************************************************
steps: 258943
episodes: 1440
mean 100 episode reward: 5.1
% time spent exploring: 1
********************************************************
********************************************************
steps: 260305
episodes: 1450
mean 100 episode reward: 5.2
% time spent exploring: 1
********************************************************
********************************************************
steps: 262123
episodes: 1460
mean 100 episode reward: 5.2
% time spent exploring: 1
********************************************************
********************************************************
steps: 263484
episodes: 1470
mean 100 episode reward: 5.1
% time spent exploring: 1
********************************************************
********************************************************
steps: 265593
episodes: 1480
mean 100 episode reward: 5.2
% time spent exploring: 1
********************************************************
********************************************************
steps: 267305
episodes: 1490
mean 100 episode reward: 4.9
% time spent exploring: 1
********************************************************
********************************************************
steps: 269079
episodes: 1500
mean 100 episode reward: 4.8
% time spent exploring: 1
********************************************************
********************************************************
steps: 271036
episodes: 1510
mean 100 episode reward: 4.8
% time spent exploring: 1
********************************************************
********************************************************
steps: 273059
episodes: 1520
mean 100 episode reward: 4.8
% time spent exploring: 1
********************************************************
********************************************************
steps: 275047
episodes: 1530
mean 100 episode reward: 4.9
% time spent exploring: 1
********************************************************
********************************************************
steps: 276782
episodes: 1540
mean 100 episode reward: 4.9
% time spent exploring: 1
********************************************************
********************************************************
steps: 278230
episodes: 1550
mean 100 episode reward: 4.9
% time spent exploring: 1
********************************************************
********************************************************
steps: 279908
episodes: 1560
mean 100 episode reward: 4.8
% time spent exploring: 1
********************************************************
********************************************************
steps: 281503
episodes: 1570
mean 100 episode reward: 4.8
% time spent exploring: 1
********************************************************
********************************************************
steps: 283379
episodes: 1580
mean 100 episode reward: 4.8
% time spent exploring: 1
********************************************************
********************************************************
steps: 285218
episodes: 1590
mean 100 episode reward: 4.8
% time spent exploring: 1
********************************************************
********************************************************
steps: 287018
episodes: 1600
mean 100 episode reward: 4.7
% time spent exploring: 1
********************************************************
********************************************************
steps: 289064
episodes: 1610
mean 100 episode reward: 4.7
% time spent exploring: 1
********************************************************
********************************************************
steps: 291441
episodes: 1620
mean 100 episode reward: 4.8
% time spent exploring: 1
********************************************************
********************************************************
steps: 293886
episodes: 1630
mean 100 episode reward: 5.0
% time spent exploring: 1
********************************************************
********************************************************
steps: 295855
episodes: 1640
mean 100 episode reward: 5.1
% time spent exploring: 1
********************************************************
********************************************************
steps: 297470
episodes: 1650
mean 100 episode reward: 5.1
% time spent exploring: 1
********************************************************
********************************************************
steps: 299939
episodes: 1660
mean 100 episode reward: 5.4
% time spent exploring: 1
********************************************************
********************************************************
steps: 301736
episodes: 1670
mean 100 episode reward: 5.4
% time spent exploring: 1
********************************************************
********************************************************
steps: 304207
episodes: 1680
mean 100 episode reward: 5.6
% time spent exploring: 1
********************************************************
********************************************************
steps: 306120
episodes: 1690
mean 100 episode reward: 5.6
% time spent exploring: 1
********************************************************
********************************************************
steps: 307354
episodes: 1700
mean 100 episode reward: 5.5
% time spent exploring: 1
********************************************************
********************************************************
steps: 309401
episodes: 1710
mean 100 episode reward: 5.5
% time spent exploring: 1
********************************************************
********************************************************
steps: 311421
episodes: 1720
mean 100 episode reward: 5.4
% time spent exploring: 1
********************************************************
********************************************************
steps: 313126
episodes: 1730
mean 100 episode reward: 5.1
% time spent exploring: 1
********************************************************
********************************************************
steps: 314989
episodes: 1740
mean 100 episode reward: 5.0
% time spent exploring: 1
********************************************************
********************************************************
steps: 316454
episodes: 1750
mean 100 episode reward: 5.1
% time spent exploring: 1
********************************************************
********************************************************
steps: 318632
episodes: 1760
mean 100 episode reward: 5.0
% time spent exploring: 1
********************************************************
********************************************************
steps: 320599
episodes: 1770
mean 100 episode reward: 5.2
% time spent exploring: 1
********************************************************
********************************************************
steps: 322349
episodes: 1780
mean 100 episode reward: 4.9
% time spent exploring: 1
********************************************************
********************************************************
steps: 324449
episodes: 1790
mean 100 episode reward: 4.9
% time spent exploring: 1
********************************************************
********************************************************
steps: 326756
episodes: 1800
mean 100 episode reward: 5.3
% time spent exploring: 1
********************************************************
********************************************************
steps: 329215
episodes: 1810
mean 100 episode reward: 5.4
% time spent exploring: 1
********************************************************
********************************************************
steps: 331687
episodes: 1820
mean 100 episode reward: 5.5
% time spent exploring: 1
********************************************************
********************************************************
steps: 333011
episodes: 1830
mean 100 episode reward: 5.4
% time spent exploring: 1
********************************************************
********************************************************
steps: 334774
episodes: 1840
mean 100 episode reward: 5.4
% time spent exploring: 1
********************************************************
********************************************************
steps: 336869
episodes: 1850
mean 100 episode reward: 5.4
% time spent exploring: 1
********************************************************
********************************************************
steps: 338667
episodes: 1860
mean 100 episode reward: 5.2
% time spent exploring: 1
********************************************************
********************************************************
steps: 340515
episodes: 1870
mean 100 episode reward: 5.1
% time spent exploring: 1
********************************************************
********************************************************
steps: 342759
episodes: 1880
mean 100 episode reward: 5.3
% time spent exploring: 1
********************************************************
********************************************************
steps: 344584
episodes: 1890
mean 100 episode reward: 5.2
% time spent exploring: 1
********************************************************
********************************************************
steps: 346940
episodes: 1900
mean 100 episode reward: 5.1
% time spent exploring: 1
********************************************************
********************************************************
steps: 348541
episodes: 1910
mean 100 episode reward: 4.8
% time spent exploring: 1
********************************************************
********************************************************
steps: 350850
episodes: 1920
mean 100 episode reward: 4.7
% time spent exploring: 1
********************************************************
********************************************************
steps: 353154
episodes: 1930
mean 100 episode reward: 5.0
% time spent exploring: 1
********************************************************
********************************************************
steps: 355448
episodes: 1940
mean 100 episode reward: 5.2
% time spent exploring: 1
********************************************************
********************************************************
steps: 357129
episodes: 1950
mean 100 episode reward: 5.1
% time spent exploring: 1
********************************************************
********************************************************
steps: 359351
episodes: 1960
mean 100 episode reward: 5.2
% time spent exploring: 1
********************************************************
********************************************************
steps: 361354
episodes: 1970
mean 100 episode reward: 5.4
% time spent exploring: 1
********************************************************
********************************************************
steps: 362776
episodes: 1980
mean 100 episode reward: 5.1
% time spent exploring: 1
********************************************************
********************************************************
steps: 365026
episodes: 1990
mean 100 episode reward: 5.0
% time spent exploring: 1
********************************************************
********************************************************
steps: 367195
episodes: 2000
mean 100 episode reward: 5.1
% time spent exploring: 1
********************************************************
********************************************************
steps: 369229
episodes: 2010
mean 100 episode reward: 5.2
% time spent exploring: 1
********************************************************
********************************************************
steps: 371587
episodes: 2020
mean 100 episode reward: 5.3
% time spent exploring: 1
********************************************************
********************************************************
steps: 373457
episodes: 2030
mean 100 episode reward: 5.2
% time spent exploring: 1
********************************************************
********************************************************
steps: 374921
episodes: 2040
mean 100 episode reward: 4.7
% time spent exploring: 1
********************************************************
********************************************************
steps: 376852
episodes: 2050
mean 100 episode reward: 4.9
% time spent exploring: 1
********************************************************
********************************************************
steps: 378748
episodes: 2060
mean 100 episode reward: 4.9
% time spent exploring: 1
********************************************************
********************************************************
steps: 380107
episodes: 2070
mean 100 episode reward: 4.6
% time spent exploring: 1
********************************************************
********************************************************
steps: 382065
episodes: 2080
mean 100 episode reward: 4.9
% time spent exploring: 1
********************************************************
********************************************************
steps: 384408
episodes: 2090
mean 100 episode reward: 5.1
% time spent exploring: 1
********************************************************
********************************************************
steps: 386224
episodes: 2100
mean 100 episode reward: 4.9
% time spent exploring: 1
********************************************************
********************************************************
steps: 388165
episodes: 2110
mean 100 episode reward: 5.0
% time spent exploring: 1
********************************************************
********************************************************
steps: 390191
episodes: 2120
mean 100 episode reward: 4.9
% time spent exploring: 1
********************************************************
********************************************************
steps: 391709
episodes: 2130
mean 100 episode reward: 4.8
% time spent exploring: 1
********************************************************
********************************************************
steps: 393382
episodes: 2140
mean 100 episode reward: 5.1
% time spent exploring: 1
********************************************************
********************************************************
steps: 395125
episodes: 2150
mean 100 episode reward: 5.0
% time spent exploring: 1
********************************************************
********************************************************
steps: 397317
episodes: 2160
mean 100 episode reward: 5.2
% time spent exploring: 1
********************************************************
********************************************************
steps: 399411
episodes: 2170
mean 100 episode reward: 5.4
% time spent exploring: 1
********************************************************
********************************************************
steps: 401262
episodes: 2180
mean 100 episode reward: 5.3
% time spent exploring: 1
********************************************************
********************************************************
steps: 403131
episodes: 2190
mean 100 episode reward: 5.1
% time spent exploring: 1
********************************************************
********************************************************
steps: 404874
episodes: 2200
mean 100 episode reward: 5.1
% time spent exploring: 1
********************************************************
********************************************************
steps: 406250
episodes: 2210
mean 100 episode reward: 5.0
% time spent exploring: 1
********************************************************
********************************************************
steps: 408568
episodes: 2220
mean 100 episode reward: 5.0
% time spent exploring: 1
********************************************************
********************************************************
steps: 410886
episodes: 2230
mean 100 episode reward: 5.1
% time spent exploring: 1
********************************************************
********************************************************
steps: 412956
episodes: 2240
mean 100 episode reward: 5.2
% time spent exploring: 1
********************************************************
********************************************************
steps: 415441
episodes: 2250
mean 100 episode reward: 5.4
% time spent exploring: 1
********************************************************
********************************************************
steps: 417965
episodes: 2260
mean 100 episode reward: 5.7
% time spent exploring: 1
********************************************************
********************************************************
steps: 420227
episodes: 2270
mean 100 episode reward: 5.6
% time spent exploring: 1
********************************************************
********************************************************
steps: 421822
episodes: 2280
mean 100 episode reward: 5.6
% time spent exploring: 1
********************************************************
********************************************************
steps: 423962
episodes: 2290
mean 100 episode reward: 5.7
% time spent exploring: 1
********************************************************
********************************************************
steps: 426837
episodes: 2300
mean 100 episode reward: 6.1
% time spent exploring: 1
********************************************************
********************************************************
steps: 428462
episodes: 2310
mean 100 episode reward: 6.0
% time spent exploring: 1
********************************************************
********************************************************
steps: 429942
episodes: 2320
mean 100 episode reward: 5.9
% time spent exploring: 1
********************************************************
********************************************************
steps: 431686
episodes: 2330
mean 100 episode reward: 5.9
% time spent exploring: 1
********************************************************
********************************************************
steps: 433785
episodes: 2340
mean 100 episode reward: 5.9
% time spent exploring: 1
********************************************************
********************************************************
steps: 435683
episodes: 2350
mean 100 episode reward: 5.6
% time spent exploring: 1
********************************************************
********************************************************
steps: 437873
episodes: 2360
mean 100 episode reward: 5.3
% time spent exploring: 1
********************************************************
********************************************************
steps: 439755
episodes: 2370
mean 100 episode reward: 5.4
% time spent exploring: 1
********************************************************
********************************************************
steps: 441574
episodes: 2380
mean 100 episode reward: 5.4
% time spent exploring: 1
********************************************************
********************************************************
steps: 443368
episodes: 2390
mean 100 episode reward: 5.4
% time spent exploring: 1
********************************************************
********************************************************
steps: 445712
episodes: 2400
mean 100 episode reward: 5.2
% time spent exploring: 1
********************************************************
********************************************************
steps: 447450
episodes: 2410
mean 100 episode reward: 5.3
% time spent exploring: 1
********************************************************
********************************************************
steps: 449398
episodes: 2420
mean 100 episode reward: 5.6
% time spent exploring: 1
********************************************************
********************************************************
steps: 451078
episodes: 2430
mean 100 episode reward: 5.5
% time spent exploring: 1
********************************************************
********************************************************
steps: 452823
episodes: 2440
mean 100 episode reward: 5.4
% time spent exploring: 1
********************************************************
********************************************************
steps: 454724
episodes: 2450
mean 100 episode reward: 5.4
% time spent exploring: 1
********************************************************
********************************************************
steps: 456748
episodes: 2460
mean 100 episode reward: 5.4
% time spent exploring: 1
********************************************************
********************************************************
steps: 458870
episodes: 2470
mean 100 episode reward: 5.5
% time spent exploring: 1
********************************************************
********************************************************
steps: 461049
episodes: 2480
mean 100 episode reward: 5.7
% time spent exploring: 1
********************************************************
********************************************************
steps: 462801
episodes: 2490
mean 100 episode reward: 5.6
% time spent exploring: 1
********************************************************
********************************************************
steps: 464811
episodes: 2500
mean 100 episode reward: 5.5
% time spent exploring: 1
********************************************************
********************************************************
steps: 466655
episodes: 2510
mean 100 episode reward: 5.5
% time spent exploring: 1
********************************************************
********************************************************
steps: 468757
episodes: 2520
mean 100 episode reward: 5.5
% time spent exploring: 1
********************************************************
********************************************************
steps: 470184
episodes: 2530
mean 100 episode reward: 5.3
% time spent exploring: 1
********************************************************
********************************************************
steps: 471832
episodes: 2540
mean 100 episode reward: 5.2
% time spent exploring: 1
********************************************************
********************************************************
steps: 473706
episodes: 2550
mean 100 episode reward: 5.2
% time spent exploring: 1
********************************************************
********************************************************
steps: 475676
episodes: 2560
mean 100 episode reward: 5.0
% time spent exploring: 1
********************************************************
********************************************************
steps: 476972
episodes: 2570
mean 100 episode reward: 4.7
% time spent exploring: 1
********************************************************
********************************************************
steps: 478650
episodes: 2580
mean 100 episode reward: 4.4
% time spent exploring: 1
********************************************************
********************************************************
steps: 479944
episodes: 2590
mean 100 episode reward: 4.3
% time spent exploring: 1
********************************************************
********************************************************
steps: 481747
episodes: 2600
mean 100 episode reward: 4.2
% time spent exploring: 1
********************************************************
********************************************************
steps: 483026
episodes: 2610
mean 100 episode reward: 3.9
% time spent exploring: 1
********************************************************
********************************************************
steps: 484144
episodes: 2620
mean 100 episode reward: 3.5
% time spent exploring: 1
********************************************************
********************************************************
steps: 485669
episodes: 2630
mean 100 episode reward: 3.6
% time spent exploring: 1
********************************************************
********************************************************
steps: 487002
episodes: 2640
mean 100 episode reward: 3.4
% time spent exploring: 1
********************************************************
********************************************************
steps: 489073
episodes: 2650
mean 100 episode reward: 3.4
% time spent exploring: 1
********************************************************
********************************************************
steps: 490751
episodes: 2660
mean 100 episode reward: 3.3
% time spent exploring: 1
********************************************************
********************************************************
steps: 492447
episodes: 2670
mean 100 episode reward: 3.4
% time spent exploring: 1
********************************************************
********************************************************
steps: 494373
episodes: 2680
mean 100 episode reward: 3.7
% time spent exploring: 1
********************************************************
********************************************************
steps: 495827
episodes: 2690
mean 100 episode reward: 3.6
% time spent exploring: 1
********************************************************
********************************************************
steps: 497291
episodes: 2700
mean 100 episode reward: 3.5
% time spent exploring: 1
********************************************************
********************************************************
steps: 499495
episodes: 2710
mean 100 episode reward: 3.8
% time spent exploring: 1
********************************************************
********************************************************
steps: 501461
episodes: 2720
mean 100 episode reward: 4.1
% time spent exploring: 1
********************************************************
********************************************************
steps: 503484
episodes: 2730
mean 100 episode reward: 4.1
% time spent exploring: 1
********************************************************
********************************************************
steps: 505484
episodes: 2740
mean 100 episode reward: 4.4
% time spent exploring: 1
********************************************************
********************************************************
steps: 507594
episodes: 2750
mean 100 episode reward: 4.4
% time spent exploring: 1
********************************************************
********************************************************
steps: 509525
episodes: 2760
mean 100 episode reward: 4.4
% time spent exploring: 1
********************************************************
********************************************************
steps: 511510
episodes: 2770
mean 100 episode reward: 4.4
% time spent exploring: 1
********************************************************
********************************************************
steps: 513768
episodes: 2780
mean 100 episode reward: 4.4
% time spent exploring: 1
********************************************************
********************************************************
steps: 515941
episodes: 2790
mean 100 episode reward: 4.6
% time spent exploring: 1
********************************************************
********************************************************
steps: 517944
episodes: 2800
mean 100 episode reward: 4.7
% time spent exploring: 1
********************************************************
********************************************************
steps: 520087
episodes: 2810
mean 100 episode reward: 4.8
% time spent exploring: 1
********************************************************
********************************************************
steps: 522517
episodes: 2820
mean 100 episode reward: 4.8
% time spent exploring: 1
********************************************************
********************************************************
steps: 524633
episodes: 2830
mean 100 episode reward: 4.9
% time spent exploring: 1
********************************************************
********************************************************
steps: 526657
episodes: 2840
mean 100 episode reward: 4.9
% time spent exploring: 1
********************************************************
********************************************************
steps: 528515
episodes: 2850
mean 100 episode reward: 4.8
% time spent exploring: 1
********************************************************
********************************************************
steps: 530950
episodes: 2860
mean 100 episode reward: 5.0
% time spent exploring: 1
********************************************************
********************************************************
steps: 533524
episodes: 2870
mean 100 episode reward: 5.2
% time spent exploring: 1
********************************************************
********************************************************
steps: 535578
episodes: 2880
mean 100 episode reward: 5.2
% time spent exploring: 1
********************************************************
********************************************************
steps: 537426
episodes: 2890
mean 100 episode reward: 5.1
% time spent exploring: 1
********************************************************
********************************************************
steps: 539450
episodes: 2900
mean 100 episode reward: 5.2
% time spent exploring: 1
********************************************************
********************************************************
steps: 542508
episodes: 2910
mean 100 episode reward: 5.5
% time spent exploring: 1
********************************************************
********************************************************
steps: 545798
episodes: 2920
mean 100 episode reward: 5.8
% time spent exploring: 1
********************************************************
********************************************************
steps: 547630
episodes: 2930
mean 100 episode reward: 5.7
% time spent exploring: 1
********************************************************
********************************************************
steps: 549741
episodes: 2940
mean 100 episode reward: 5.7
% time spent exploring: 1
********************************************************
********************************************************
steps: 551948
episodes: 2950
mean 100 episode reward: 5.8
% time spent exploring: 1
********************************************************
********************************************************
steps: 554080
episodes: 2960
mean 100 episode reward: 5.7
% time spent exploring: 1
********************************************************
********************************************************
steps: 556081
episodes: 2970
mean 100 episode reward: 5.6
% time spent exploring: 1
********************************************************
********************************************************
steps: 558340
episodes: 2980
mean 100 episode reward: 5.6
% time spent exploring: 1
********************************************************
********************************************************
steps: 560755
episodes: 2990
mean 100 episode reward: 5.8
% time spent exploring: 1
********************************************************
********************************************************
steps: 562960
episodes: 3000
mean 100 episode reward: 5.7
% time spent exploring: 1
********************************************************
********************************************************
steps: 565225
episodes: 3010
mean 100 episode reward: 5.5
% time spent exploring: 1
********************************************************
********************************************************
steps: 567347
episodes: 3020
mean 100 episode reward: 5.0
% time spent exploring: 1
********************************************************
********************************************************
steps: 569547
episodes: 3030
mean 100 episode reward: 5.2
% time spent exploring: 1
********************************************************
********************************************************
steps: 571368
episodes: 3040
mean 100 episode reward: 5.1
% time spent exploring: 1
********************************************************
********************************************************
steps: 573347
episodes: 3050
mean 100 episode reward: 5.0
% time spent exploring: 1
********************************************************
********************************************************
steps: 575450
episodes: 3060
mean 100 episode reward: 5.0
% time spent exploring: 1
********************************************************
********************************************************
steps: 577418
episodes: 3070
mean 100 episode reward: 4.9
% time spent exploring: 1
********************************************************
********************************************************
steps: 579261
episodes: 3080
mean 100 episode reward: 4.8
% time spent exploring: 1
********************************************************
********************************************************
steps: 581259
episodes: 3090
mean 100 episode reward: 4.7
% time spent exploring: 1
********************************************************
********************************************************
steps: 583322
episodes: 3100
mean 100 episode reward: 4.6
% time spent exploring: 1
********************************************************
********************************************************
steps: 585504
episodes: 3110
mean 100 episode reward: 4.6
% time spent exploring: 1
********************************************************
********************************************************
steps: 587463
episodes: 3120
mean 100 episode reward: 4.6
% time spent exploring: 1
********************************************************
********************************************************
steps: 589872
episodes: 3130
mean 100 episode reward: 4.7
% time spent exploring: 1
********************************************************
********************************************************
steps: 592225
episodes: 3140
mean 100 episode reward: 4.9
% time spent exploring: 1
********************************************************
********************************************************
steps: 594141
episodes: 3150
mean 100 episode reward: 4.8
% time spent exploring: 1
********************************************************
********************************************************
steps: 596068
episodes: 3160
mean 100 episode reward: 4.8
% time spent exploring: 1
********************************************************
********************************************************
steps: 599153
episodes: 3170
mean 100 episode reward: 5.2
% time spent exploring: 1
********************************************************
********************************************************
steps: 601161
episodes: 3180
mean 100 episode reward: 5.2
% time spent exploring: 1
********************************************************
********************************************************
steps: 603196
episodes: 3190
mean 100 episode reward: 5.3
% time spent exploring: 1
********************************************************
********************************************************
steps: 605066
episodes: 3200
mean 100 episode reward: 5.2
% time spent exploring: 1
********************************************************
********************************************************
steps: 606964
episodes: 3210
mean 100 episode reward: 5.2
% time spent exploring: 1
********************************************************
********************************************************
steps: 608956
episodes: 3220
mean 100 episode reward: 5.1
% time spent exploring: 1
********************************************************
********************************************************
steps: 611190
episodes: 3230
mean 100 episode reward: 5.0
% time spent exploring: 1
********************************************************
********************************************************
steps: 613255
episodes: 3240
mean 100 episode reward: 5.0
% time spent exploring: 1
********************************************************
********************************************************
steps: 615303
episodes: 3250
mean 100 episode reward: 5.1
% time spent exploring: 1
********************************************************
********************************************************
steps: 617190
episodes: 3260
mean 100 episode reward: 5.1
% time spent exploring: 1
********************************************************
********************************************************
steps: 619277
episodes: 3270
mean 100 episode reward: 4.9
% time spent exploring: 1
********************************************************
********************************************************
steps: 621382
episodes: 3280
mean 100 episode reward: 4.9
% time spent exploring: 1
********************************************************
********************************************************
steps: 623252
episodes: 3290
mean 100 episode reward: 4.8
% time spent exploring: 1
********************************************************
********************************************************
steps: 625270
episodes: 3300
mean 100 episode reward: 4.8
% time spent exploring: 1
********************************************************
********************************************************
steps: 627225
episodes: 3310
mean 100 episode reward: 4.8
% time spent exploring: 1
********************************************************
********************************************************
steps: 629400
episodes: 3320
mean 100 episode reward: 4.9
% time spent exploring: 1
********************************************************
********************************************************
steps: 631242
episodes: 3330
mean 100 episode reward: 4.7
% time spent exploring: 1
********************************************************
********************************************************
steps: 633200
episodes: 3340
mean 100 episode reward: 4.7
% time spent exploring: 1
********************************************************
********************************************************
steps: 635435
episodes: 3350
mean 100 episode reward: 4.6
% time spent exploring: 1
********************************************************
********************************************************
steps: 637352
episodes: 3360
mean 100 episode reward: 4.6
% time spent exploring: 1
********************************************************
********************************************************
steps: 639167
episodes: 3370
mean 100 episode reward: 4.5
% time spent exploring: 1
********************************************************
********************************************************
steps: 641343
episodes: 3380
mean 100 episode reward: 4.6
% time spent exploring: 1
********************************************************
********************************************************
steps: 643685
episodes: 3390
mean 100 episode reward: 4.9
% time spent exploring: 1
********************************************************
********************************************************
steps: 645679
episodes: 3400
mean 100 episode reward: 4.8
% time spent exploring: 1
********************************************************
********************************************************
steps: 648009
episodes: 3410
mean 100 episode reward: 5.0
% time spent exploring: 1
********************************************************
********************************************************
steps: 650716
episodes: 3420
mean 100 episode reward: 5.3
% time spent exploring: 1
********************************************************
********************************************************
steps: 652836
episodes: 3430
mean 100 episode reward: 5.3
% time spent exploring: 1
********************************************************
********************************************************
steps: 654887
episodes: 3440
mean 100 episode reward: 5.4
% time spent exploring: 1
********************************************************
********************************************************
steps: 656813
episodes: 3450
mean 100 episode reward: 5.3
% time spent exploring: 1
********************************************************
********************************************************
steps: 659087
episodes: 3460
mean 100 episode reward: 5.4
% time spent exploring: 1
********************************************************
********************************************************
steps: 661522
episodes: 3470
mean 100 episode reward: 5.6
% time spent exploring: 1
********************************************************
********************************************************
steps: 663444
episodes: 3480
mean 100 episode reward: 5.4
% time spent exploring: 1
********************************************************
********************************************************
steps: 665705
episodes: 3490
mean 100 episode reward: 5.4
% time spent exploring: 1
********************************************************
********************************************************
steps: 667819
episodes: 3500
mean 100 episode reward: 5.4
% time spent exploring: 1
********************************************************
********************************************************
steps: 669811
episodes: 3510
mean 100 episode reward: 5.3
% time spent exploring: 1
********************************************************
********************************************************
steps: 671846
episodes: 3520
mean 100 episode reward: 5.0
% time spent exploring: 1
********************************************************
********************************************************
steps: 673918
episodes: 3530
mean 100 episode reward: 5.1
% time spent exploring: 1
********************************************************
********************************************************
steps: 675796
episodes: 3540
mean 100 episode reward: 5.0
% time spent exploring: 1
********************************************************
********************************************************
steps: 677793
episodes: 3550
mean 100 episode reward: 5.0
% time spent exploring: 1
********************************************************
********************************************************
steps: 679968
episodes: 3560
mean 100 episode reward: 5.0
% time spent exploring: 1
********************************************************
********************************************************
steps: 682132
episodes: 3570
mean 100 episode reward: 4.9
% time spent exploring: 1
********************************************************
********************************************************
steps: 684548
episodes: 3580
mean 100 episode reward: 5.2
% time spent exploring: 1
********************************************************
********************************************************
steps: 686436
episodes: 3590
mean 100 episode reward: 4.9
% time spent exploring: 1
********************************************************
********************************************************
steps: 688422
episodes: 3600
mean 100 episode reward: 4.9
% time spent exploring: 1
********************************************************
********************************************************
steps: 690318
episodes: 3610
mean 100 episode reward: 4.8
% time spent exploring: 1
********************************************************
********************************************************
steps: 692290
episodes: 3620
mean 100 episode reward: 4.8
% time spent exploring: 1
********************************************************
********************************************************
steps: 694377
episodes: 3630
mean 100 episode reward: 4.7
% time spent exploring: 1
********************************************************
********************************************************
steps: 696313
episodes: 3640
mean 100 episode reward: 4.7
% time spent exploring: 1
********************************************************
********************************************************
steps: 698277
episodes: 3650
mean 100 episode reward: 4.7
% time spent exploring: 1
********************************************************
********************************************************
steps: 700148
episodes: 3660
mean 100 episode reward: 4.6
% time spent exploring: 1
********************************************************
********************************************************
steps: 702003
episodes: 3670
mean 100 episode reward: 4.5
% time spent exploring: 1
********************************************************
********************************************************
steps: 703857
episodes: 3680
mean 100 episode reward: 4.2
% time spent exploring: 1
********************************************************
********************************************************
steps: 706158
episodes: 3690
mean 100 episode reward: 4.4
% time spent exploring: 1
********************************************************
********************************************************
steps: 708201
episodes: 3700
mean 100 episode reward: 4.4
% time spent exploring: 1
********************************************************
********************************************************
steps: 710066
episodes: 3710
mean 100 episode reward: 4.4
% time spent exploring: 1
********************************************************
********************************************************
steps: 712017
episodes: 3720
mean 100 episode reward: 4.5
% time spent exploring: 1
********************************************************
********************************************************
steps: 714067
episodes: 3730
mean 100 episode reward: 4.5
% time spent exploring: 1
********************************************************
********************************************************
steps: 716263
episodes: 3740
mean 100 episode reward: 4.6
% time spent exploring: 1
********************************************************
********************************************************
steps: 718148
episodes: 3750
mean 100 episode reward: 4.6
% time spent exploring: 1
********************************************************
********************************************************
steps: 720447
episodes: 3760
mean 100 episode reward: 4.8
% time spent exploring: 1
********************************************************
********************************************************
steps: 722135
episodes: 3770
mean 100 episode reward: 4.6
% time spent exploring: 1
********************************************************
********************************************************
steps: 724248
episodes: 3780
mean 100 episode reward: 4.8
% time spent exploring: 1
********************************************************
********************************************************
steps: 726536
episodes: 3790
mean 100 episode reward: 4.8
% time spent exploring: 1
********************************************************
********************************************************
steps: 728463
episodes: 3800
mean 100 episode reward: 4.8
% time spent exploring: 1
********************************************************
********************************************************
steps: 730558
episodes: 3810
mean 100 episode reward: 4.8
% time spent exploring: 1
********************************************************
********************************************************
steps: 732574
episodes: 3820
mean 100 episode reward: 4.8
% time spent exploring: 1
********************************************************
********************************************************
steps: 734782
episodes: 3830
mean 100 episode reward: 4.8
% time spent exploring: 1
********************************************************
********************************************************
steps: 736704
episodes: 3840
mean 100 episode reward: 4.7
% time spent exploring: 1
********************************************************
********************************************************
steps: 739194
episodes: 3850
mean 100 episode reward: 5.0
% time spent exploring: 1
********************************************************
********************************************************
steps: 740969
episodes: 3860
mean 100 episode reward: 4.8
% time spent exploring: 1
********************************************************
********************************************************
steps: 743179
episodes: 3870
mean 100 episode reward: 5.0
% time spent exploring: 1
********************************************************
********************************************************
steps: 745252
episodes: 3880
mean 100 episode reward: 5.0
% time spent exploring: 1
********************************************************
********************************************************
steps: 747535
episodes: 3890
mean 100 episode reward: 5.0
% time spent exploring: 1
********************************************************
********************************************************
steps: 749467
episodes: 3900
mean 100 episode reward: 5.0
% time spent exploring: 1
********************************************************
********************************************************
steps: 752587
episodes: 3910
mean 100 episode reward: 5.4
% time spent exploring: 1
********************************************************
********************************************************
steps: 755020
episodes: 3920
mean 100 episode reward: 5.6
% time spent exploring: 1
********************************************************
********************************************************
steps: 757059
episodes: 3930
mean 100 episode reward: 5.8
% time spent exploring: 1
********************************************************
********************************************************
steps: 759614
episodes: 3940
mean 100 episode reward: 6.2
% time spent exploring: 1
********************************************************
********************************************************
steps: 761823
episodes: 3950
mean 100 episode reward: 6.0
% time spent exploring: 1
********************************************************
********************************************************
steps: 764551
episodes: 3960
mean 100 episode reward: 6.4
% time spent exploring: 1
********************************************************
********************************************************
steps: 766338
episodes: 3970
mean 100 episode reward: 6.4
% time spent exploring: 1
********************************************************
********************************************************
steps: 768682
episodes: 3980
mean 100 episode reward: 6.4
% time spent exploring: 1
********************************************************
********************************************************
steps: 771247
episodes: 3990
mean 100 episode reward: 6.6
% time spent exploring: 1
********************************************************
********************************************************
steps: 773965
episodes: 4000
mean 100 episode reward: 6.9
% time spent exploring: 1
********************************************************
********************************************************
steps: 776235
episodes: 4010
mean 100 episode reward: 6.8
% time spent exploring: 1
********************************************************
********************************************************
steps: 778529
episodes: 4020
mean 100 episode reward: 6.8
% time spent exploring: 1
********************************************************
********************************************************
steps: 781398
episodes: 4030
mean 100 episode reward: 7.0
% time spent exploring: 1
********************************************************
********************************************************
steps: 784411
episodes: 4040
mean 100 episode reward: 7.2
% time spent exploring: 1
********************************************************
********************************************************
steps: 786278
episodes: 4050
mean 100 episode reward: 7.2
% time spent exploring: 1
********************************************************
********************************************************
steps: 788832
episodes: 4060
mean 100 episode reward: 7.3
% time spent exploring: 1
********************************************************
********************************************************
steps: 791627
episodes: 4070
mean 100 episode reward: 7.9
% time spent exploring: 1
********************************************************
********************************************************
steps: 793674
episodes: 4080
mean 100 episode reward: 7.9
% time spent exploring: 1
********************************************************
********************************************************
steps: 795545
episodes: 4090
mean 100 episode reward: 7.8
% time spent exploring: 1
********************************************************
********************************************************
steps: 797570
episodes: 4100
mean 100 episode reward: 7.9
% time spent exploring: 1
********************************************************
********************************************************
steps: 799756
episodes: 4110
mean 100 episode reward: 8.0
% time spent exploring: 1
********************************************************
********************************************************
steps: 803028
episodes: 4120
mean 100 episode reward: 8.4
% time spent exploring: 1
********************************************************
********************************************************
steps: 804956
episodes: 4130
mean 100 episode reward: 8.0
% time spent exploring: 1
********************************************************
********************************************************
steps: 806591
episodes: 4140
mean 100 episode reward: 7.6
% time spent exploring: 1
********************************************************
********************************************************
steps: 809226
episodes: 4150
mean 100 episode reward: 7.9
% time spent exploring: 1
********************************************************
********************************************************
steps: 812459
episodes: 4160
mean 100 episode reward: 8.0
% time spent exploring: 1
********************************************************
********************************************************
steps: 814678
episodes: 4170
mean 100 episode reward: 7.6
% time spent exploring: 1
********************************************************
********************************************************
steps: 816933
episodes: 4180
mean 100 episode reward: 7.8
% time spent exploring: 1
********************************************************
********************************************************
steps: 819083
episodes: 4190
mean 100 episode reward: 7.9
% time spent exploring: 1
********************************************************
********************************************************
steps: 821415
episodes: 4200
mean 100 episode reward: 7.8
% time spent exploring: 1
********************************************************
********************************************************
steps: 823289
episodes: 4210
mean 100 episode reward: 7.5
% time spent exploring: 1
********************************************************
********************************************************
steps: 825002
episodes: 4220
mean 100 episode reward: 7.0
% time spent exploring: 1
********************************************************
********************************************************
steps: 827055
episodes: 4230
mean 100 episode reward: 7.3
% time spent exploring: 1
********************************************************
********************************************************
steps: 828774
episodes: 4240
mean 100 episode reward: 7.4
% time spent exploring: 1
********************************************************
********************************************************
steps: 830918
episodes: 4250
mean 100 episode reward: 7.4
% time spent exploring: 1
********************************************************
********************************************************
steps: 833649
episodes: 4260
mean 100 episode reward: 7.3
% time spent exploring: 1
********************************************************
********************************************************
steps: 836568
episodes: 4270
mean 100 episode reward: 7.7
% time spent exploring: 1
********************************************************
********************************************************
steps: 839352
episodes: 4280
mean 100 episode reward: 7.9
% time spent exploring: 1
********************************************************
********************************************************
steps: 841340
episodes: 4290
mean 100 episode reward: 8.0
% time spent exploring: 1
********************************************************
********************************************************
steps: 843976
episodes: 4300
mean 100 episode reward: 8.3
% time spent exploring: 1
********************************************************
********************************************************
steps: 846927
episodes: 4310
mean 100 episode reward: 8.9
% time spent exploring: 1
********************************************************
********************************************************
steps: 849286
episodes: 4320
mean 100 episode reward: 9.2
% time spent exploring: 1
********************************************************
********************************************************
steps: 851423
episodes: 4330
mean 100 episode reward: 9.2
% time spent exploring: 1
********************************************************
********************************************************
steps: 853655
episodes: 4340
mean 100 episode reward: 9.4
% time spent exploring: 1
********************************************************
********************************************************
steps: 855522
episodes: 4350
mean 100 episode reward: 9.3
% time spent exploring: 1
********************************************************
********************************************************
steps: 857862
episodes: 4360
mean 100 episode reward: 9.3
% time spent exploring: 1
********************************************************
********************************************************
steps: 860295
episodes: 4370
mean 100 episode reward: 9.1
% time spent exploring: 1
********************************************************
********************************************************
steps: 863617
episodes: 4380
mean 100 episode reward: 9.3
% time spent exploring: 1
********************************************************
********************************************************
steps: 866985
episodes: 4390
mean 100 episode reward: 9.6
% time spent exploring: 1
********************************************************
********************************************************
steps: 869175
episodes: 4400
mean 100 episode reward: 9.4
% time spent exploring: 1
********************************************************
********************************************************
steps: 871912
episodes: 4410
mean 100 episode reward: 9.1
% time spent exploring: 1
********************************************************
********************************************************
steps: 874786
episodes: 4420
mean 100 episode reward: 9.3
% time spent exploring: 1
********************************************************
********************************************************
steps: 877246
episodes: 4430
mean 100 episode reward: 9.3
% time spent exploring: 1
********************************************************
********************************************************
steps: 879487
episodes: 4440
mean 100 episode reward: 9.3
% time spent exploring: 1
********************************************************
********************************************************
steps: 881897
episodes: 4450
mean 100 episode reward: 9.3
% time spent exploring: 1
********************************************************
********************************************************
steps: 884409
episodes: 4460
mean 100 episode reward: 9.3
% time spent exploring: 1
********************************************************
********************************************************
steps: 887279
episodes: 4470
mean 100 episode reward: 9.5
% time spent exploring: 1
********************************************************
********************************************************
steps: 889788
episodes: 4480
mean 100 episode reward: 9.2
% time spent exploring: 1
********************************************************
********************************************************
steps: 892529
episodes: 4490
mean 100 episode reward: 9.0
% time spent exploring: 1
********************************************************
********************************************************
steps: 895406
episodes: 4500
mean 100 episode reward: 9.4
% time spent exploring: 1
********************************************************
********************************************************
steps: 898628
episodes: 4510
mean 100 episode reward: 9.6
% time spent exploring: 1
********************************************************
********************************************************
steps: 901385
episodes: 4520
mean 100 episode reward: 9.4
% time spent exploring: 1
********************************************************
********************************************************
steps: 904158
episodes: 4530
mean 100 episode reward: 9.3
% time spent exploring: 1
********************************************************
********************************************************
steps: 906863
episodes: 4540
mean 100 episode reward: 9.4
% time spent exploring: 1
********************************************************
********************************************************
steps: 910172
episodes: 4550
mean 100 episode reward: 9.7
% time spent exploring: 1
********************************************************
********************************************************
steps: 911944
episodes: 4560
mean 100 episode reward: 9.2
% time spent exploring: 1
********************************************************
********************************************************
steps: 913899
episodes: 4570
mean 100 episode reward: 8.8
% time spent exploring: 1
********************************************************
********************************************************
steps: 915890
episodes: 4580
mean 100 episode reward: 8.4
% time spent exploring: 1
********************************************************
********************************************************
steps: 918635
episodes: 4590
mean 100 episode reward: 8.4
% time spent exploring: 1
********************************************************
********************************************************
steps: 921677
episodes: 4600
mean 100 episode reward: 8.2
% time spent exploring: 1
********************************************************
********************************************************
steps: 923655
episodes: 4610
mean 100 episode reward: 7.6
% time spent exploring: 1
********************************************************
********************************************************
steps: 926073
episodes: 4620
mean 100 episode reward: 7.6
% time spent exploring: 1
********************************************************
********************************************************
steps: 928540
episodes: 4630
mean 100 episode reward: 7.5
% time spent exploring: 1
********************************************************
********************************************************
steps: 931658
episodes: 4640
mean 100 episode reward: 7.7
% time spent exploring: 1
********************************************************
********************************************************
steps: 933899
episodes: 4650
mean 100 episode reward: 7.5
% time spent exploring: 1
********************************************************
********************************************************
steps: 936898
episodes: 4660
mean 100 episode reward: 8.0
% time spent exploring: 1
********************************************************
********************************************************
steps: 940258
episodes: 4670
mean 100 episode reward: 8.6
% time spent exploring: 1
********************************************************
********************************************************
steps: 943062
episodes: 4680
mean 100 episode reward: 9.0
% time spent exploring: 1
********************************************************
********************************************************
steps: 945197
episodes: 4690
mean 100 episode reward: 8.8
% time spent exploring: 1
********************************************************
********************************************************
steps: 948108
episodes: 4700
mean 100 episode reward: 8.8
% time spent exploring: 1
********************************************************
********************************************************
steps: 950319
episodes: 4710
mean 100 episode reward: 8.9
% time spent exploring: 1
********************************************************
********************************************************
steps: 952375
episodes: 4720
mean 100 episode reward: 8.7
% time spent exploring: 1
********************************************************
********************************************************
steps: 954167
episodes: 4730
mean 100 episode reward: 8.6
% time spent exploring: 1
********************************************************
********************************************************
steps: 957204
episodes: 4740
mean 100 episode reward: 8.4
% time spent exploring: 1
********************************************************
********************************************************
steps: 959144
episodes: 4750
mean 100 episode reward: 8.3
% time spent exploring: 1
********************************************************
********************************************************
steps: 961311
episodes: 4760
mean 100 episode reward: 8.0
% time spent exploring: 1
********************************************************
********************************************************
steps: 963787
episodes: 4770
mean 100 episode reward: 7.6
% time spent exploring: 1
********************************************************
********************************************************
steps: 966606
episodes: 4780
mean 100 episode reward: 7.6
% time spent exploring: 1
********************************************************
********************************************************
steps: 968989
episodes: 4790
mean 100 episode reward: 7.8
% time spent exploring: 1
********************************************************
********************************************************
steps: 970905
episodes: 4800
mean 100 episode reward: 7.3
% time spent exploring: 1
********************************************************
********************************************************
steps: 972419
episodes: 4810
mean 100 episode reward: 7.0
% time spent exploring: 1
********************************************************
********************************************************
steps: 974541
episodes: 4820
mean 100 episode reward: 6.8
% time spent exploring: 1
********************************************************
********************************************************
steps: 976444
episodes: 4830
mean 100 episode reward: 6.8
% time spent exploring: 1
********************************************************
********************************************************
steps: 978740
episodes: 4840
mean 100 episode reward: 6.5
% time spent exploring: 1
********************************************************
********************************************************
steps: 981026
episodes: 4850
mean 100 episode reward: 6.5
% time spent exploring: 1
********************************************************
********************************************************
steps: 983856
episodes: 4860
mean 100 episode reward: 6.6
% time spent exploring: 1
********************************************************
********************************************************
steps: 986001
episodes: 4870
mean 100 episode reward: 6.5
% time spent exploring: 1
********************************************************
********************************************************
steps: 988165
episodes: 4880
mean 100 episode reward: 6.2
% time spent exploring: 1
********************************************************
********************************************************
steps: 990137
episodes: 4890
mean 100 episode reward: 5.9
% time spent exploring: 1
********************************************************
********************************************************
steps: 992576
episodes: 4900
mean 100 episode reward: 6.2
% time spent exploring: 1
********************************************************
********************************************************
steps: 994851
episodes: 4910
mean 100 episode reward: 6.6
% time spent exploring: 1
********************************************************
********************************************************
steps: 997446
episodes: 4920
mean 100 episode reward: 6.9
% time spent exploring: 1
********************************************************
********************************************************
steps: 999737
episodes: 4930
mean 100 episode reward: 7.2
% time spent exploring: 1
********************************************************
