Wed Nov 15 14:27:32 2023       
+---------------------------------------------------------------------------------------+
| NVIDIA-SMI 530.30.02              Driver Version: 530.30.02    CUDA Version: 12.1     |
|-----------------------------------------+----------------------+----------------------+
| GPU  Name                  Persistence-M| Bus-Id        Disp.A | Volatile Uncorr. ECC |
| Fan  Temp  Perf            Pwr:Usage/Cap|         Memory-Usage | GPU-Util  Compute M. |
|                                         |                      |               MIG M. |
|=========================================+======================+======================|
|   0  NVIDIA A40                      On | 00000000:CA:00.0 Off |                    0 |
|  0%   41C    P0               80W / 300W|      0MiB / 46068MiB |      0%      Default |
|                                         |                      |                  N/A |
+-----------------------------------------+----------------------+----------------------+
                                                                                         
+---------------------------------------------------------------------------------------+
| Processes:                                                                            |
|  GPU   GI   CI        PID   Type   Process name                            GPU Memory |
|        ID   ID                                                             Usage      |
|=======================================================================================|
|  No running processes found                                                           |
+---------------------------------------------------------------------------------------+
********************************************************
steps: 1286
episodes: 10
mean 100 episode reward: 2.1
% time spent exploring: 98
********************************************************
********************************************************
steps: 2879
episodes: 20
mean 100 episode reward: 2.4
% time spent exploring: 97
********************************************************
********************************************************
steps: 4573
episodes: 30
mean 100 episode reward: 2.7
% time spent exploring: 95
********************************************************
********************************************************
steps: 6300
episodes: 40
mean 100 episode reward: 2.9
% time spent exploring: 93
********************************************************
********************************************************
steps: 8092
episodes: 50
mean 100 episode reward: 3.0
% time spent exploring: 91
********************************************************
********************************************************
steps: 9181
episodes: 60
mean 100 episode reward: 2.8
% time spent exploring: 90
********************************************************
********************************************************
steps: 10570
episodes: 70
mean 100 episode reward: 2.8
% time spent exploring: 89
********************************************************
********************************************************
steps: 12238
episodes: 80
mean 100 episode reward: 2.9
% time spent exploring: 87
********************************************************
********************************************************
steps: 13834
episodes: 90
mean 100 episode reward: 2.9
% time spent exploring: 86
********************************************************
********************************************************
steps: 15492
episodes: 100
mean 100 episode reward: 2.9
% time spent exploring: 84
********************************************************
********************************************************
steps: 17198
episodes: 110
mean 100 episode reward: 3.0
% time spent exploring: 82
********************************************************
********************************************************
steps: 18673
episodes: 120
mean 100 episode reward: 2.9
% time spent exploring: 81
********************************************************
********************************************************
steps: 20391
episodes: 130
mean 100 episode reward: 2.9
% time spent exploring: 79
********************************************************
********************************************************
steps: 22086
episodes: 140
mean 100 episode reward: 2.9
% time spent exploring: 78
********************************************************
********************************************************
steps: 23457
episodes: 150
mean 100 episode reward: 2.8
% time spent exploring: 76
********************************************************
********************************************************
steps: 26319
episodes: 160
mean 100 episode reward: 3.3
% time spent exploring: 73
********************************************************
********************************************************
steps: 27531
episodes: 170
mean 100 episode reward: 3.2
% time spent exploring: 72
********************************************************
********************************************************
steps: 29653
episodes: 180
mean 100 episode reward: 3.2
% time spent exploring: 70
********************************************************
********************************************************
steps: 31489
episodes: 190
mean 100 episode reward: 3.3
% time spent exploring: 68
********************************************************
********************************************************
steps: 32851
episodes: 200
mean 100 episode reward: 3.2
% time spent exploring: 67
********************************************************
********************************************************
steps: 34860
episodes: 210
mean 100 episode reward: 3.3
% time spent exploring: 65
********************************************************
********************************************************
steps: 36640
episodes: 220
mean 100 episode reward: 3.4
% time spent exploring: 63
********************************************************
********************************************************
steps: 38459
episodes: 230
mean 100 episode reward: 3.5
% time spent exploring: 61
********************************************************
********************************************************
steps: 40067
episodes: 240
mean 100 episode reward: 3.4
% time spent exploring: 60
********************************************************
********************************************************
steps: 42140
episodes: 250
mean 100 episode reward: 3.6
% time spent exploring: 58
********************************************************
********************************************************
steps: 43947
episodes: 260
mean 100 episode reward: 3.3
% time spent exploring: 56
********************************************************
********************************************************
steps: 45731
episodes: 270
mean 100 episode reward: 3.6
% time spent exploring: 54
********************************************************
********************************************************
steps: 46927
episodes: 280
mean 100 episode reward: 3.4
% time spent exploring: 53
********************************************************
********************************************************
steps: 48674
episodes: 290
mean 100 episode reward: 3.3
% time spent exploring: 51
********************************************************
********************************************************
steps: 50288
episodes: 300
mean 100 episode reward: 3.3
% time spent exploring: 50
********************************************************
********************************************************
steps: 51931
episodes: 310
mean 100 episode reward: 3.3
% time spent exploring: 48
********************************************************
********************************************************
steps: 53464
episodes: 320
mean 100 episode reward: 3.4
% time spent exploring: 47
********************************************************
********************************************************
steps: 55237
episodes: 330
mean 100 episode reward: 3.3
% time spent exploring: 45
********************************************************
********************************************************
steps: 57319
episodes: 340
mean 100 episode reward: 3.5
% time spent exploring: 43
********************************************************
********************************************************
steps: 58466
episodes: 350
mean 100 episode reward: 3.2
% time spent exploring: 42
********************************************************
********************************************************
steps: 60513
episodes: 360
mean 100 episode reward: 3.2
% time spent exploring: 40
********************************************************
********************************************************
steps: 62731
episodes: 370
mean 100 episode reward: 3.4
% time spent exploring: 37
********************************************************
********************************************************
steps: 64713
episodes: 380
mean 100 episode reward: 3.8
% time spent exploring: 35
********************************************************
********************************************************
steps: 66324
episodes: 390
mean 100 episode reward: 3.8
% time spent exploring: 34
********************************************************
********************************************************
steps: 68870
episodes: 400
mean 100 episode reward: 4.3
% time spent exploring: 31
********************************************************
********************************************************
steps: 71083
episodes: 410
mean 100 episode reward: 4.5
% time spent exploring: 29
********************************************************
********************************************************
steps: 73089
episodes: 420
mean 100 episode reward: 4.6
% time spent exploring: 27
********************************************************
********************************************************
steps: 74769
episodes: 430
mean 100 episode reward: 4.6
% time spent exploring: 25
********************************************************
********************************************************
steps: 76330
episodes: 440
mean 100 episode reward: 4.5
% time spent exploring: 24
********************************************************
********************************************************
steps: 77773
episodes: 450
mean 100 episode reward: 4.6
% time spent exploring: 23
********************************************************
********************************************************
steps: 79737
episodes: 460
mean 100 episode reward: 4.6
% time spent exploring: 21
********************************************************
********************************************************
steps: 81476
episodes: 470
mean 100 episode reward: 4.4
% time spent exploring: 19
********************************************************
********************************************************
steps: 83934
episodes: 480
mean 100 episode reward: 4.5
% time spent exploring: 16
********************************************************
********************************************************
steps: 85752
episodes: 490
mean 100 episode reward: 4.6
% time spent exploring: 15
********************************************************
********************************************************
steps: 87858
episodes: 500
mean 100 episode reward: 4.5
% time spent exploring: 13
********************************************************
********************************************************
steps: 90741
episodes: 510
mean 100 episode reward: 4.4
% time spent exploring: 10
********************************************************
********************************************************
steps: 92196
episodes: 520
mean 100 episode reward: 4.2
% time spent exploring: 8
********************************************************
********************************************************
steps: 94598
episodes: 530
mean 100 episode reward: 4.2
% time spent exploring: 6
********************************************************
********************************************************
steps: 96713
episodes: 540
mean 100 episode reward: 4.4
% time spent exploring: 4
********************************************************
********************************************************
steps: 98696
episodes: 550
mean 100 episode reward: 4.5
% time spent exploring: 2
********************************************************
********************************************************
steps: 100163
episodes: 560
mean 100 episode reward: 4.2
% time spent exploring: 1
********************************************************
********************************************************
steps: 102507
episodes: 570
mean 100 episode reward: 4.4
% time spent exploring: 1
********************************************************
********************************************************
steps: 105035
episodes: 580
mean 100 episode reward: 4.3
% time spent exploring: 1
********************************************************
********************************************************
steps: 106924
episodes: 590
mean 100 episode reward: 4.3
% time spent exploring: 1
********************************************************
********************************************************
steps: 109402
episodes: 600
mean 100 episode reward: 4.3
% time spent exploring: 1
********************************************************
********************************************************
steps: 111296
episodes: 610
mean 100 episode reward: 4.2
% time spent exploring: 1
********************************************************
********************************************************
steps: 113733
episodes: 620
mean 100 episode reward: 4.4
% time spent exploring: 1
********************************************************
********************************************************
steps: 115918
episodes: 630
mean 100 episode reward: 4.4
% time spent exploring: 1
********************************************************
********************************************************
steps: 118472
episodes: 640
mean 100 episode reward: 4.4
% time spent exploring: 1
********************************************************
********************************************************
steps: 120930
episodes: 650
mean 100 episode reward: 4.6
% time spent exploring: 1
********************************************************
********************************************************
steps: 122486
episodes: 660
mean 100 episode reward: 4.8
% time spent exploring: 1
********************************************************
********************************************************
steps: 124629
episodes: 670
mean 100 episode reward: 4.8
% time spent exploring: 1
********************************************************
********************************************************
steps: 126405
episodes: 680
mean 100 episode reward: 4.4
% time spent exploring: 1
********************************************************
********************************************************
steps: 128691
episodes: 690
mean 100 episode reward: 4.3
% time spent exploring: 1
********************************************************
********************************************************
steps: 130719
episodes: 700
mean 100 episode reward: 3.9
% time spent exploring: 1
********************************************************
********************************************************
steps: 132602
episodes: 710
mean 100 episode reward: 3.8
% time spent exploring: 1
********************************************************
********************************************************
steps: 134465
episodes: 720
mean 100 episode reward: 3.6
% time spent exploring: 1
********************************************************
********************************************************
steps: 136436
episodes: 730
mean 100 episode reward: 3.5
% time spent exploring: 1
********************************************************
********************************************************
steps: 138250
episodes: 740
mean 100 episode reward: 3.3
% time spent exploring: 1
********************************************************
********************************************************
steps: 140126
episodes: 750
mean 100 episode reward: 3.0
% time spent exploring: 1
********************************************************
********************************************************
steps: 141991
episodes: 760
mean 100 episode reward: 2.9
% time spent exploring: 1
********************************************************
********************************************************
steps: 143393
episodes: 770
mean 100 episode reward: 2.6
% time spent exploring: 1
********************************************************
********************************************************
steps: 145549
episodes: 780
mean 100 episode reward: 2.8
% time spent exploring: 1
********************************************************
********************************************************
steps: 148030
episodes: 790
mean 100 episode reward: 2.8
% time spent exploring: 1
********************************************************
********************************************************
steps: 150406
episodes: 800
mean 100 episode reward: 2.9
% time spent exploring: 1
********************************************************
********************************************************
steps: 153017
episodes: 810
mean 100 episode reward: 3.0
% time spent exploring: 1
********************************************************
********************************************************
steps: 154752
episodes: 820
mean 100 episode reward: 3.2
% time spent exploring: 1
********************************************************
********************************************************
steps: 156427
episodes: 830
mean 100 episode reward: 3.0
% time spent exploring: 1
********************************************************
********************************************************
steps: 158971
episodes: 840
mean 100 episode reward: 3.1
% time spent exploring: 1
********************************************************
********************************************************
steps: 160573
episodes: 850
mean 100 episode reward: 3.1
% time spent exploring: 1
********************************************************
********************************************************
steps: 163455
episodes: 860
mean 100 episode reward: 3.6
% time spent exploring: 1
********************************************************
********************************************************
steps: 164713
episodes: 870
mean 100 episode reward: 3.6
% time spent exploring: 1
********************************************************
********************************************************
steps: 166804
episodes: 880
mean 100 episode reward: 3.6
% time spent exploring: 1
********************************************************
********************************************************
steps: 169428
episodes: 890
mean 100 episode reward: 4.0
% time spent exploring: 1
********************************************************
********************************************************
steps: 171112
episodes: 900
mean 100 episode reward: 3.9
% time spent exploring: 1
********************************************************
********************************************************
steps: 173976
episodes: 910
mean 100 episode reward: 4.2
% time spent exploring: 1
********************************************************
********************************************************
steps: 176535
episodes: 920
mean 100 episode reward: 4.2
% time spent exploring: 1
********************************************************
********************************************************
steps: 178811
episodes: 930
mean 100 episode reward: 4.4
% time spent exploring: 1
********************************************************
********************************************************
steps: 181708
episodes: 940
mean 100 episode reward: 4.8
% time spent exploring: 1
********************************************************
********************************************************
steps: 184015
episodes: 950
mean 100 episode reward: 5.1
% time spent exploring: 1
********************************************************
********************************************************
steps: 186901
episodes: 960
mean 100 episode reward: 5.0
% time spent exploring: 1
********************************************************
********************************************************
steps: 189074
episodes: 970
mean 100 episode reward: 5.2
% time spent exploring: 1
********************************************************
********************************************************
steps: 191263
episodes: 980
mean 100 episode reward: 5.3
% time spent exploring: 1
********************************************************
********************************************************
steps: 192917
episodes: 990
mean 100 episode reward: 5.0
% time spent exploring: 1
********************************************************
********************************************************
steps: 194718
episodes: 1000
mean 100 episode reward: 5.2
% time spent exploring: 1
********************************************************
********************************************************
steps: 196626
episodes: 1010
mean 100 episode reward: 4.8
% time spent exploring: 1
********************************************************
********************************************************
steps: 198213
episodes: 1020
mean 100 episode reward: 4.7
% time spent exploring: 1
********************************************************
********************************************************
steps: 200331
episodes: 1030
mean 100 episode reward: 4.7
% time spent exploring: 1
********************************************************
********************************************************
steps: 201957
episodes: 1040
mean 100 episode reward: 4.2
% time spent exploring: 1
********************************************************
********************************************************
steps: 203556
episodes: 1050
mean 100 episode reward: 3.9
% time spent exploring: 1
********************************************************
********************************************************
steps: 205806
episodes: 1060
mean 100 episode reward: 3.8
% time spent exploring: 1
********************************************************
********************************************************
steps: 207399
episodes: 1070
mean 100 episode reward: 3.7
% time spent exploring: 1
********************************************************
********************************************************
steps: 209073
episodes: 1080
mean 100 episode reward: 3.5
% time spent exploring: 1
********************************************************
********************************************************
steps: 210851
episodes: 1090
mean 100 episode reward: 3.5
% time spent exploring: 1
********************************************************
********************************************************
steps: 213315
episodes: 1100
mean 100 episode reward: 3.5
% time spent exploring: 1
********************************************************
********************************************************
steps: 214937
episodes: 1110
mean 100 episode reward: 3.6
% time spent exploring: 1
********************************************************
********************************************************
steps: 217417
episodes: 1120
mean 100 episode reward: 3.9
% time spent exploring: 1
********************************************************
********************************************************
steps: 219375
episodes: 1130
mean 100 episode reward: 3.8
% time spent exploring: 1
********************************************************
********************************************************
steps: 221156
episodes: 1140
mean 100 episode reward: 4.0
% time spent exploring: 1
********************************************************
********************************************************
steps: 223068
episodes: 1150
mean 100 episode reward: 4.1
% time spent exploring: 1
********************************************************
********************************************************
steps: 224789
episodes: 1160
mean 100 episode reward: 3.9
% time spent exploring: 1
********************************************************
********************************************************
steps: 227059
episodes: 1170
mean 100 episode reward: 4.0
% time spent exploring: 1
********************************************************
********************************************************
steps: 228813
episodes: 1180
mean 100 episode reward: 4.0
% time spent exploring: 1
********************************************************
********************************************************
steps: 230443
episodes: 1190
mean 100 episode reward: 4.0
% time spent exploring: 1
********************************************************
********************************************************
steps: 232359
episodes: 1200
mean 100 episode reward: 3.8
% time spent exploring: 1
********************************************************
********************************************************
steps: 234382
episodes: 1210
mean 100 episode reward: 3.8
% time spent exploring: 1
********************************************************
********************************************************
steps: 236815
episodes: 1220
mean 100 episode reward: 3.7
% time spent exploring: 1
********************************************************
********************************************************
steps: 239066
episodes: 1230
mean 100 episode reward: 3.9
% time spent exploring: 1
********************************************************
********************************************************
steps: 240814
episodes: 1240
mean 100 episode reward: 4.0
% time spent exploring: 1
********************************************************
********************************************************
steps: 242600
episodes: 1250
mean 100 episode reward: 4.1
% time spent exploring: 1
********************************************************
********************************************************
steps: 244175
episodes: 1260
mean 100 episode reward: 4.2
% time spent exploring: 1
********************************************************
********************************************************
steps: 245951
episodes: 1270
mean 100 episode reward: 4.2
% time spent exploring: 1
********************************************************
********************************************************
steps: 248476
episodes: 1280
mean 100 episode reward: 4.6
% time spent exploring: 1
********************************************************
********************************************************
steps: 250390
episodes: 1290
mean 100 episode reward: 4.6
% time spent exploring: 1
********************************************************
********************************************************
steps: 252575
episodes: 1300
mean 100 episode reward: 4.8
% time spent exploring: 1
********************************************************
********************************************************
steps: 255022
episodes: 1310
mean 100 episode reward: 5.1
% time spent exploring: 1
********************************************************
********************************************************
steps: 257089
episodes: 1320
mean 100 episode reward: 5.0
% time spent exploring: 1
********************************************************
********************************************************
steps: 258663
episodes: 1330
mean 100 episode reward: 4.9
% time spent exploring: 1
********************************************************
********************************************************
steps: 260211
episodes: 1340
mean 100 episode reward: 4.8
% time spent exploring: 1
********************************************************
********************************************************
steps: 261866
episodes: 1350
mean 100 episode reward: 4.7
% time spent exploring: 1
********************************************************
********************************************************
steps: 263992
episodes: 1360
mean 100 episode reward: 4.8
% time spent exploring: 1
********************************************************
********************************************************
steps: 266387
episodes: 1370
mean 100 episode reward: 5.0
% time spent exploring: 1
********************************************************
********************************************************
steps: 268495
episodes: 1380
mean 100 episode reward: 4.7
% time spent exploring: 1
********************************************************
********************************************************
steps: 270721
episodes: 1390
mean 100 episode reward: 4.8
% time spent exploring: 1
********************************************************
********************************************************
steps: 272183
episodes: 1400
mean 100 episode reward: 4.6
% time spent exploring: 1
********************************************************
********************************************************
steps: 274164
episodes: 1410
mean 100 episode reward: 4.3
% time spent exploring: 1
********************************************************
********************************************************
steps: 275862
episodes: 1420
mean 100 episode reward: 4.2
% time spent exploring: 1
********************************************************
********************************************************
steps: 277422
episodes: 1430
mean 100 episode reward: 4.1
% time spent exploring: 1
********************************************************
********************************************************
steps: 278891
episodes: 1440
mean 100 episode reward: 4.0
% time spent exploring: 1
********************************************************
********************************************************
steps: 280338
episodes: 1450
mean 100 episode reward: 3.8
% time spent exploring: 1
********************************************************
********************************************************
steps: 281586
episodes: 1460
mean 100 episode reward: 3.5
% time spent exploring: 1
********************************************************
********************************************************
steps: 283929
episodes: 1470
mean 100 episode reward: 3.6
% time spent exploring: 1
********************************************************
********************************************************
steps: 285416
episodes: 1480
mean 100 episode reward: 3.5
% time spent exploring: 1
********************************************************
********************************************************
steps: 288027
episodes: 1490
mean 100 episode reward: 3.6
% time spent exploring: 1
********************************************************
********************************************************
steps: 289990
episodes: 1500
mean 100 episode reward: 3.8
% time spent exploring: 1
********************************************************
********************************************************
steps: 292231
episodes: 1510
mean 100 episode reward: 3.8
% time spent exploring: 1
********************************************************
********************************************************
steps: 293759
episodes: 1520
mean 100 episode reward: 3.8
% time spent exploring: 1
********************************************************
********************************************************
steps: 295734
episodes: 1530
mean 100 episode reward: 3.9
% time spent exploring: 1
********************************************************
********************************************************
steps: 297979
episodes: 1540
mean 100 episode reward: 4.1
% time spent exploring: 1
********************************************************
********************************************************
steps: 299967
episodes: 1550
mean 100 episode reward: 4.4
% time spent exploring: 1
********************************************************
********************************************************
steps: 301296
episodes: 1560
mean 100 episode reward: 4.4
% time spent exploring: 1
********************************************************
********************************************************
steps: 302972
episodes: 1570
mean 100 episode reward: 4.0
% time spent exploring: 1
********************************************************
********************************************************
steps: 305249
episodes: 1580
mean 100 episode reward: 4.0
% time spent exploring: 1
********************************************************
********************************************************
steps: 307546
episodes: 1590
mean 100 episode reward: 4.0
% time spent exploring: 1
********************************************************
********************************************************
steps: 309791
episodes: 1600
mean 100 episode reward: 4.0
% time spent exploring: 1
********************************************************
********************************************************
steps: 312224
episodes: 1610
mean 100 episode reward: 4.1
% time spent exploring: 1
********************************************************
********************************************************
steps: 313850
episodes: 1620
mean 100 episode reward: 4.1
% time spent exploring: 1
********************************************************
********************************************************
steps: 315790
episodes: 1630
mean 100 episode reward: 4.1
% time spent exploring: 1
********************************************************
********************************************************
steps: 317817
episodes: 1640
mean 100 episode reward: 4.0
% time spent exploring: 1
********************************************************
********************************************************
steps: 320341
episodes: 1650
mean 100 episode reward: 4.0
% time spent exploring: 1
********************************************************
********************************************************
steps: 322836
episodes: 1660
mean 100 episode reward: 4.4
% time spent exploring: 1
********************************************************
********************************************************
steps: 324901
episodes: 1670
mean 100 episode reward: 4.5
% time spent exploring: 1
********************************************************
********************************************************
steps: 326510
episodes: 1680
mean 100 episode reward: 4.4
% time spent exploring: 1
********************************************************
********************************************************
steps: 328254
episodes: 1690
mean 100 episode reward: 4.3
% time spent exploring: 1
********************************************************
********************************************************
steps: 330037
episodes: 1700
mean 100 episode reward: 4.1
% time spent exploring: 1
********************************************************
********************************************************
steps: 332281
episodes: 1710
mean 100 episode reward: 3.9
% time spent exploring: 1
********************************************************
********************************************************
steps: 333953
episodes: 1720
mean 100 episode reward: 3.7
% time spent exploring: 1
********************************************************
********************************************************
steps: 336676
episodes: 1730
mean 100 episode reward: 4.0
% time spent exploring: 1
********************************************************
********************************************************
steps: 338934
episodes: 1740
mean 100 episode reward: 4.0
% time spent exploring: 1
********************************************************
********************************************************
steps: 340674
episodes: 1750
mean 100 episode reward: 3.8
% time spent exploring: 1
********************************************************
********************************************************
steps: 342773
episodes: 1760
mean 100 episode reward: 3.5
% time spent exploring: 1
********************************************************
********************************************************
steps: 344516
episodes: 1770
mean 100 episode reward: 3.5
% time spent exploring: 1
********************************************************
********************************************************
steps: 346708
episodes: 1780
mean 100 episode reward: 3.6
% time spent exploring: 1
********************************************************
********************************************************
steps: 348449
episodes: 1790
mean 100 episode reward: 3.4
% time spent exploring: 1
********************************************************
********************************************************
steps: 350119
episodes: 1800
mean 100 episode reward: 3.4
% time spent exploring: 1
********************************************************
********************************************************
steps: 352641
episodes: 1810
mean 100 episode reward: 3.6
% time spent exploring: 1
********************************************************
********************************************************
steps: 354708
episodes: 1820
mean 100 episode reward: 3.9
% time spent exploring: 1
********************************************************
********************************************************
steps: 356247
episodes: 1830
mean 100 episode reward: 3.5
% time spent exploring: 1
********************************************************
********************************************************
steps: 358747
episodes: 1840
mean 100 episode reward: 3.7
% time spent exploring: 1
********************************************************
********************************************************
steps: 360750
episodes: 1850
mean 100 episode reward: 3.7
% time spent exploring: 1
********************************************************
********************************************************
steps: 362362
episodes: 1860
mean 100 episode reward: 3.8
% time spent exploring: 1
********************************************************
********************************************************
steps: 364029
episodes: 1870
mean 100 episode reward: 3.8
% time spent exploring: 1
********************************************************
********************************************************
steps: 365841
episodes: 1880
mean 100 episode reward: 3.9
% time spent exploring: 1
********************************************************
********************************************************
steps: 367075
episodes: 1890
mean 100 episode reward: 3.8
% time spent exploring: 1
********************************************************
********************************************************
steps: 369140
episodes: 1900
mean 100 episode reward: 4.1
% time spent exploring: 1
********************************************************
********************************************************
steps: 370734
episodes: 1910
mean 100 episode reward: 3.8
% time spent exploring: 1
********************************************************
********************************************************
steps: 373030
episodes: 1920
mean 100 episode reward: 3.8
% time spent exploring: 1
********************************************************
********************************************************
steps: 375235
episodes: 1930
mean 100 episode reward: 4.1
% time spent exploring: 1
********************************************************
********************************************************
steps: 378068
episodes: 1940
mean 100 episode reward: 4.2
% time spent exploring: 1
********************************************************
********************************************************
steps: 379645
episodes: 1950
mean 100 episode reward: 4.3
% time spent exploring: 1
********************************************************
********************************************************
steps: 381147
episodes: 1960
mean 100 episode reward: 4.2
% time spent exploring: 1
********************************************************
********************************************************
steps: 383449
episodes: 1970
mean 100 episode reward: 4.3
% time spent exploring: 1
********************************************************
********************************************************
steps: 385311
episodes: 1980
mean 100 episode reward: 4.4
% time spent exploring: 1
********************************************************
********************************************************
steps: 387407
episodes: 1990
mean 100 episode reward: 4.5
% time spent exploring: 1
********************************************************
********************************************************
steps: 389139
episodes: 2000
mean 100 episode reward: 4.3
% time spent exploring: 1
********************************************************
********************************************************
steps: 390995
episodes: 2010
mean 100 episode reward: 4.4
% time spent exploring: 1
********************************************************
********************************************************
steps: 393202
episodes: 2020
mean 100 episode reward: 4.3
% time spent exploring: 1
********************************************************
********************************************************
steps: 394934
episodes: 2030
mean 100 episode reward: 4.3
% time spent exploring: 1
********************************************************
********************************************************
steps: 397272
episodes: 2040
mean 100 episode reward: 4.2
% time spent exploring: 1
********************************************************
********************************************************
steps: 399123
episodes: 2050
mean 100 episode reward: 4.2
% time spent exploring: 1
********************************************************
********************************************************
steps: 401036
episodes: 2060
mean 100 episode reward: 4.2
% time spent exploring: 1
********************************************************
********************************************************
steps: 403109
episodes: 2070
mean 100 episode reward: 4.3
% time spent exploring: 1
********************************************************
********************************************************
steps: 404935
episodes: 2080
mean 100 episode reward: 4.2
% time spent exploring: 1
********************************************************
********************************************************
steps: 406667
episodes: 2090
mean 100 episode reward: 4.3
% time spent exploring: 1
********************************************************
********************************************************
steps: 408676
episodes: 2100
mean 100 episode reward: 4.3
% time spent exploring: 1
********************************************************
********************************************************
steps: 410432
episodes: 2110
mean 100 episode reward: 4.3
% time spent exploring: 1
********************************************************
********************************************************
steps: 412002
episodes: 2120
mean 100 episode reward: 4.1
% time spent exploring: 1
********************************************************
********************************************************
steps: 413555
episodes: 2130
mean 100 episode reward: 4.0
% time spent exploring: 1
********************************************************
********************************************************
steps: 415407
episodes: 2140
mean 100 episode reward: 3.8
% time spent exploring: 1
********************************************************
********************************************************
steps: 417746
episodes: 2150
mean 100 episode reward: 3.8
% time spent exploring: 1
********************************************************
********************************************************
steps: 419278
episodes: 2160
mean 100 episode reward: 3.8
% time spent exploring: 1
********************************************************
********************************************************
steps: 420692
episodes: 2170
mean 100 episode reward: 3.6
% time spent exploring: 1
********************************************************
********************************************************
steps: 422078
episodes: 2180
mean 100 episode reward: 3.4
% time spent exploring: 1
********************************************************
********************************************************
steps: 423727
episodes: 2190
mean 100 episode reward: 3.3
% time spent exploring: 1
********************************************************
********************************************************
steps: 425704
episodes: 2200
mean 100 episode reward: 3.4
% time spent exploring: 1
********************************************************
********************************************************
steps: 427497
episodes: 2210
mean 100 episode reward: 3.4
% time spent exploring: 1
********************************************************
********************************************************
steps: 429942
episodes: 2220
mean 100 episode reward: 3.6
% time spent exploring: 1
********************************************************
********************************************************
steps: 431365
episodes: 2230
mean 100 episode reward: 3.5
% time spent exploring: 1
********************************************************
********************************************************
steps: 433745
episodes: 2240
mean 100 episode reward: 3.6
% time spent exploring: 1
********************************************************
********************************************************
steps: 436197
episodes: 2250
mean 100 episode reward: 3.6
% time spent exploring: 1
********************************************************
********************************************************
steps: 437781
episodes: 2260
mean 100 episode reward: 3.6
% time spent exploring: 1
********************************************************
********************************************************
steps: 439533
episodes: 2270
mean 100 episode reward: 3.5
% time spent exploring: 1
********************************************************
********************************************************
steps: 441848
episodes: 2280
mean 100 episode reward: 3.6
% time spent exploring: 1
********************************************************
********************************************************
steps: 443743
episodes: 2290
mean 100 episode reward: 3.7
% time spent exploring: 1
********************************************************
********************************************************
steps: 446008
episodes: 2300
mean 100 episode reward: 3.7
% time spent exploring: 1
********************************************************
********************************************************
steps: 448962
episodes: 2310
mean 100 episode reward: 3.9
% time spent exploring: 1
********************************************************
********************************************************
steps: 450686
episodes: 2320
mean 100 episode reward: 3.8
% time spent exploring: 1
********************************************************
********************************************************
steps: 452026
episodes: 2330
mean 100 episode reward: 3.8
% time spent exploring: 1
********************************************************
********************************************************
steps: 454581
episodes: 2340
mean 100 episode reward: 3.9
% time spent exploring: 1
********************************************************
********************************************************
steps: 455703
episodes: 2350
mean 100 episode reward: 3.6
% time spent exploring: 1
********************************************************
********************************************************
steps: 457310
episodes: 2360
mean 100 episode reward: 3.6
% time spent exploring: 1
********************************************************
********************************************************
steps: 459168
episodes: 2370
mean 100 episode reward: 3.7
% time spent exploring: 1
********************************************************
********************************************************
steps: 460837
episodes: 2380
mean 100 episode reward: 3.7
% time spent exploring: 1
********************************************************
********************************************************
steps: 462597
episodes: 2390
mean 100 episode reward: 3.6
% time spent exploring: 1
********************************************************
********************************************************
steps: 464843
episodes: 2400
mean 100 episode reward: 3.7
% time spent exploring: 1
********************************************************
********************************************************
steps: 466433
episodes: 2410
mean 100 episode reward: 3.4
% time spent exploring: 1
********************************************************
********************************************************
steps: 468114
episodes: 2420
mean 100 episode reward: 3.3
% time spent exploring: 1
********************************************************
********************************************************
steps: 469390
episodes: 2430
mean 100 episode reward: 3.2
% time spent exploring: 1
********************************************************
********************************************************
steps: 470635
episodes: 2440
mean 100 episode reward: 2.9
% time spent exploring: 1
********************************************************
********************************************************
steps: 472867
episodes: 2450
mean 100 episode reward: 3.2
% time spent exploring: 1
********************************************************
********************************************************
steps: 474876
episodes: 2460
mean 100 episode reward: 3.2
% time spent exploring: 1
********************************************************
********************************************************
steps: 476203
episodes: 2470
mean 100 episode reward: 3.0
% time spent exploring: 1
********************************************************
********************************************************
steps: 477949
episodes: 2480
mean 100 episode reward: 2.9
% time spent exploring: 1
********************************************************
********************************************************
steps: 480198
episodes: 2490
mean 100 episode reward: 2.8
% time spent exploring: 1
********************************************************
********************************************************
steps: 481997
episodes: 2500
mean 100 episode reward: 2.6
% time spent exploring: 1
********************************************************
********************************************************
steps: 483762
episodes: 2510
mean 100 episode reward: 2.7
% time spent exploring: 1
********************************************************
********************************************************
steps: 485398
episodes: 2520
mean 100 episode reward: 2.7
% time spent exploring: 1
********************************************************
********************************************************
steps: 487669
episodes: 2530
mean 100 episode reward: 2.9
% time spent exploring: 1
********************************************************
********************************************************
steps: 489536
episodes: 2540
mean 100 episode reward: 3.0
% time spent exploring: 1
********************************************************
********************************************************
steps: 491547
episodes: 2550
mean 100 episode reward: 3.0
% time spent exploring: 1
********************************************************
********************************************************
steps: 493636
episodes: 2560
mean 100 episode reward: 3.2
% time spent exploring: 1
********************************************************
********************************************************
steps: 495950
episodes: 2570
mean 100 episode reward: 3.5
% time spent exploring: 1
********************************************************
********************************************************
steps: 498444
episodes: 2580
mean 100 episode reward: 3.9
% time spent exploring: 1
********************************************************
********************************************************
steps: 501454
episodes: 2590
mean 100 episode reward: 4.3
% time spent exploring: 1
********************************************************
********************************************************
steps: 506074
episodes: 2600
mean 100 episode reward: 5.0
% time spent exploring: 1
********************************************************
********************************************************
steps: 509731
episodes: 2610
mean 100 episode reward: 5.5
% time spent exploring: 1
********************************************************
********************************************************
steps: 513030
episodes: 2620
mean 100 episode reward: 5.8
% time spent exploring: 1
********************************************************
********************************************************
steps: 516961
episodes: 2630
mean 100 episode reward: 6.3
% time spent exploring: 1
********************************************************
********************************************************
steps: 522305
episodes: 2640
mean 100 episode reward: 7.1
% time spent exploring: 1
********************************************************
********************************************************
steps: 526944
episodes: 2650
mean 100 episode reward: 7.7
% time spent exploring: 1
********************************************************
********************************************************
steps: 530900
episodes: 2660
mean 100 episode reward: 8.0
% time spent exploring: 1
********************************************************
********************************************************
steps: 535095
episodes: 2670
mean 100 episode reward: 8.4
% time spent exploring: 1
********************************************************
********************************************************
steps: 539354
episodes: 2680
mean 100 episode reward: 8.8
% time spent exploring: 1
********************************************************
********************************************************
steps: 543058
episodes: 2690
mean 100 episode reward: 9.0
% time spent exploring: 1
********************************************************
********************************************************
steps: 548639
episodes: 2700
mean 100 episode reward: 9.2
% time spent exploring: 1
********************************************************
********************************************************
steps: 552165
episodes: 2710
mean 100 episode reward: 9.1
% time spent exploring: 1
********************************************************
********************************************************
steps: 556446
episodes: 2720
mean 100 episode reward: 9.4
% time spent exploring: 1
********************************************************
********************************************************
steps: 560038
episodes: 2730
mean 100 episode reward: 9.3
% time spent exploring: 1
********************************************************
********************************************************
steps: 564156
episodes: 2740
mean 100 episode reward: 9.1
% time spent exploring: 1
********************************************************
********************************************************
steps: 567482
episodes: 2750
mean 100 episode reward: 8.7
% time spent exploring: 1
********************************************************
********************************************************
steps: 570857
episodes: 2760
mean 100 episode reward: 8.5
% time spent exploring: 1
********************************************************
********************************************************
steps: 574991
episodes: 2770
mean 100 episode reward: 8.7
% time spent exploring: 1
********************************************************
********************************************************
steps: 578833
episodes: 2780
mean 100 episode reward: 8.6
% time spent exploring: 1
********************************************************
********************************************************
steps: 583221
episodes: 2790
mean 100 episode reward: 8.7
% time spent exploring: 1
********************************************************
********************************************************
steps: 587899
episodes: 2800
mean 100 episode reward: 8.5
% time spent exploring: 1
********************************************************
********************************************************
steps: 592097
episodes: 2810
mean 100 episode reward: 8.8
% time spent exploring: 1
********************************************************
********************************************************
steps: 596232
episodes: 2820
mean 100 episode reward: 8.7
% time spent exploring: 1
********************************************************
********************************************************
steps: 601054
episodes: 2830
mean 100 episode reward: 9.0
% time spent exploring: 1
********************************************************
********************************************************
steps: 605633
episodes: 2840
mean 100 episode reward: 9.1
% time spent exploring: 1
********************************************************
********************************************************
steps: 610723
episodes: 2850
mean 100 episode reward: 9.4
% time spent exploring: 1
********************************************************
********************************************************
steps: 615298
episodes: 2860
mean 100 episode reward: 9.7
% time spent exploring: 1
********************************************************
********************************************************
steps: 619080
episodes: 2870
mean 100 episode reward: 9.4
% time spent exploring: 1
********************************************************
********************************************************
steps: 623878
episodes: 2880
mean 100 episode reward: 9.8
% time spent exploring: 1
********************************************************
********************************************************
steps: 627487
episodes: 2890
mean 100 episode reward: 9.6
% time spent exploring: 1
********************************************************
********************************************************
steps: 631060
episodes: 2900
mean 100 episode reward: 9.4
% time spent exploring: 1
********************************************************
********************************************************
steps: 634262
episodes: 2910
mean 100 episode reward: 9.2
% time spent exploring: 1
********************************************************
********************************************************
steps: 638960
episodes: 2920
mean 100 episode reward: 9.4
% time spent exploring: 1
********************************************************
********************************************************
steps: 643064
episodes: 2930
mean 100 episode reward: 9.2
% time spent exploring: 1
********************************************************
********************************************************
steps: 646821
episodes: 2940
mean 100 episode reward: 8.9
% time spent exploring: 1
********************************************************
********************************************************
steps: 651696
episodes: 2950
mean 100 episode reward: 9.0
% time spent exploring: 1
********************************************************
********************************************************
steps: 656527
episodes: 2960
mean 100 episode reward: 9.1
% time spent exploring: 1
********************************************************
********************************************************
steps: 660085
episodes: 2970
mean 100 episode reward: 9.1
% time spent exploring: 1
********************************************************
********************************************************
steps: 664965
episodes: 2980
mean 100 episode reward: 9.0
% time spent exploring: 1
********************************************************
********************************************************
steps: 669354
episodes: 2990
mean 100 episode reward: 9.1
% time spent exploring: 1
********************************************************
********************************************************
steps: 673539
episodes: 3000
mean 100 episode reward: 9.2
% time spent exploring: 1
********************************************************
********************************************************
steps: 678467
episodes: 3010
mean 100 episode reward: 9.6
% time spent exploring: 1
********************************************************
********************************************************
steps: 682410
episodes: 3020
mean 100 episode reward: 9.4
% time spent exploring: 1
********************************************************
********************************************************
steps: 686150
episodes: 3030
mean 100 episode reward: 9.3
% time spent exploring: 1
********************************************************
********************************************************
steps: 690278
episodes: 3040
mean 100 episode reward: 9.4
% time spent exploring: 1
********************************************************
********************************************************
steps: 694203
episodes: 3050
mean 100 episode reward: 9.2
% time spent exploring: 1
********************************************************
********************************************************
steps: 698630
episodes: 3060
mean 100 episode reward: 9.0
% time spent exploring: 1
********************************************************
********************************************************
steps: 702852
episodes: 3070
mean 100 episode reward: 9.3
% time spent exploring: 1
********************************************************
********************************************************
steps: 707258
episodes: 3080
mean 100 episode reward: 9.3
% time spent exploring: 1
********************************************************
********************************************************
steps: 712384
episodes: 3090
mean 100 episode reward: 9.4
% time spent exploring: 1
********************************************************
********************************************************
steps: 716408
episodes: 3100
mean 100 episode reward: 9.4
% time spent exploring: 1
********************************************************
********************************************************
steps: 721013
episodes: 3110
mean 100 episode reward: 9.2
% time spent exploring: 1
********************************************************
********************************************************
steps: 725236
episodes: 3120
mean 100 episode reward: 9.3
% time spent exploring: 1
********************************************************
********************************************************
steps: 729270
episodes: 3130
mean 100 episode reward: 9.4
% time spent exploring: 1
********************************************************
********************************************************
steps: 733336
episodes: 3140
mean 100 episode reward: 9.4
% time spent exploring: 1
********************************************************
********************************************************
steps: 736818
episodes: 3150
mean 100 episode reward: 9.2
% time spent exploring: 1
********************************************************
********************************************************
steps: 740498
episodes: 3160
mean 100 episode reward: 9.0
% time spent exploring: 1
********************************************************
********************************************************
steps: 744367
episodes: 3170
mean 100 episode reward: 8.9
% time spent exploring: 1
********************************************************
********************************************************
steps: 749569
episodes: 3180
mean 100 episode reward: 9.0
% time spent exploring: 1
********************************************************
********************************************************
steps: 751840
episodes: 3190
mean 100 episode reward: 8.3
% time spent exploring: 1
********************************************************
********************************************************
steps: 753422
episodes: 3200
mean 100 episode reward: 7.8
% time spent exploring: 1
********************************************************
********************************************************
steps: 755474
episodes: 3210
mean 100 episode reward: 7.3
% time spent exploring: 1
********************************************************
********************************************************
steps: 757267
episodes: 3220
mean 100 episode reward: 6.7
% time spent exploring: 1
********************************************************
********************************************************
steps: 758956
episodes: 3230
mean 100 episode reward: 6.0
% time spent exploring: 1
********************************************************
********************************************************
steps: 760793
episodes: 3240
mean 100 episode reward: 5.4
% time spent exploring: 1
********************************************************
********************************************************
steps: 762448
episodes: 3250
mean 100 episode reward: 4.9
% time spent exploring: 1
********************************************************
********************************************************
steps: 764171
episodes: 3260
mean 100 episode reward: 4.3
% time spent exploring: 1
********************************************************
********************************************************
steps: 766525
episodes: 3270
mean 100 episode reward: 3.9
% time spent exploring: 1
********************************************************
********************************************************
steps: 769554
episodes: 3280
mean 100 episode reward: 3.4
% time spent exploring: 1
********************************************************
********************************************************
steps: 772617
episodes: 3290
mean 100 episode reward: 3.7
% time spent exploring: 1
********************************************************
********************************************************
steps: 774733
episodes: 3300
mean 100 episode reward: 3.7
% time spent exploring: 1
********************************************************
********************************************************
steps: 777297
episodes: 3310
mean 100 episode reward: 3.8
% time spent exploring: 1
********************************************************
********************************************************
steps: 779826
episodes: 3320
mean 100 episode reward: 4.0
% time spent exploring: 1
********************************************************
********************************************************
steps: 781909
episodes: 3330
mean 100 episode reward: 4.1
% time spent exploring: 1
********************************************************
********************************************************
steps: 784286
episodes: 3340
mean 100 episode reward: 4.4
% time spent exploring: 1
********************************************************
********************************************************
steps: 786729
episodes: 3350
mean 100 episode reward: 4.7
% time spent exploring: 1
********************************************************
********************************************************
steps: 790075
episodes: 3360
mean 100 episode reward: 5.3
% time spent exploring: 1
********************************************************
********************************************************
steps: 792660
episodes: 3370
mean 100 episode reward: 5.3
% time spent exploring: 1
********************************************************
********************************************************
steps: 794914
episodes: 3380
mean 100 episode reward: 5.3
% time spent exploring: 1
********************************************************
********************************************************
steps: 797447
episodes: 3390
mean 100 episode reward: 5.1
% time spent exploring: 1
********************************************************
********************************************************
steps: 799693
episodes: 3400
mean 100 episode reward: 5.2
% time spent exploring: 1
********************************************************
********************************************************
steps: 801622
episodes: 3410
mean 100 episode reward: 5.2
% time spent exploring: 1
********************************************************
********************************************************
steps: 803501
episodes: 3420
mean 100 episode reward: 5.1
% time spent exploring: 1
********************************************************
********************************************************
steps: 805326
episodes: 3430
mean 100 episode reward: 5.1
% time spent exploring: 1
********************************************************
********************************************************
steps: 806558
episodes: 3440
mean 100 episode reward: 4.6
% time spent exploring: 1
********************************************************
********************************************************
steps: 808045
episodes: 3450
mean 100 episode reward: 4.2
% time spent exploring: 1
********************************************************
********************************************************
steps: 810143
episodes: 3460
mean 100 episode reward: 3.8
% time spent exploring: 1
********************************************************
********************************************************
steps: 812795
episodes: 3470
mean 100 episode reward: 3.8
% time spent exploring: 1
********************************************************
********************************************************
steps: 814883
episodes: 3480
mean 100 episode reward: 3.5
% time spent exploring: 1
********************************************************
********************************************************
steps: 816621
episodes: 3490
mean 100 episode reward: 3.2
% time spent exploring: 1
********************************************************
********************************************************
steps: 819016
episodes: 3500
mean 100 episode reward: 3.1
% time spent exploring: 1
********************************************************
********************************************************
steps: 821014
episodes: 3510
mean 100 episode reward: 2.8
% time spent exploring: 1
********************************************************
********************************************************
steps: 822722
episodes: 3520
mean 100 episode reward: 2.8
% time spent exploring: 1
********************************************************
********************************************************
steps: 824454
episodes: 3530
mean 100 episode reward: 2.8
% time spent exploring: 1
********************************************************
********************************************************
steps: 826557
episodes: 3540
mean 100 episode reward: 3.1
% time spent exploring: 1
********************************************************
********************************************************
steps: 829095
episodes: 3550
mean 100 episode reward: 3.4
% time spent exploring: 1
********************************************************
********************************************************
steps: 831028
episodes: 3560
mean 100 episode reward: 3.4
% time spent exploring: 1
********************************************************
********************************************************
steps: 833432
episodes: 3570
mean 100 episode reward: 3.2
% time spent exploring: 1
********************************************************
********************************************************
steps: 835583
episodes: 3580
mean 100 episode reward: 3.1
% time spent exploring: 1
********************************************************
********************************************************
steps: 838060
episodes: 3590
mean 100 episode reward: 3.3
% time spent exploring: 1
********************************************************
********************************************************
steps: 840470
episodes: 3600
mean 100 episode reward: 3.3
% time spent exploring: 1
********************************************************
********************************************************
steps: 842603
episodes: 3610
mean 100 episode reward: 3.5
% time spent exploring: 1
********************************************************
********************************************************
steps: 845535
episodes: 3620
mean 100 episode reward: 3.8
% time spent exploring: 1
********************************************************
********************************************************
steps: 848617
episodes: 3630
mean 100 episode reward: 4.1
% time spent exploring: 1
********************************************************
********************************************************
steps: 851414
episodes: 3640
mean 100 episode reward: 4.1
% time spent exploring: 1
********************************************************
********************************************************
steps: 853453
episodes: 3650
mean 100 episode reward: 4.0
% time spent exploring: 1
********************************************************
********************************************************
steps: 855377
episodes: 3660
mean 100 episode reward: 3.9
% time spent exploring: 1
********************************************************
********************************************************
steps: 857806
episodes: 3670
mean 100 episode reward: 4.1
% time spent exploring: 1
********************************************************
********************************************************
steps: 860160
episodes: 3680
mean 100 episode reward: 4.5
% time spent exploring: 1
********************************************************
********************************************************
steps: 862013
episodes: 3690
mean 100 episode reward: 4.5
% time spent exploring: 1
********************************************************
********************************************************
steps: 864154
episodes: 3700
mean 100 episode reward: 4.6
% time spent exploring: 1
********************************************************
********************************************************
steps: 866229
episodes: 3710
mean 100 episode reward: 4.6
% time spent exploring: 1
********************************************************
********************************************************
steps: 868883
episodes: 3720
mean 100 episode reward: 4.6
% time spent exploring: 1
********************************************************
********************************************************
steps: 871454
episodes: 3730
mean 100 episode reward: 4.5
% time spent exploring: 1
********************************************************
********************************************************
steps: 873486
episodes: 3740
mean 100 episode reward: 4.5
% time spent exploring: 1
********************************************************
********************************************************
steps: 875207
episodes: 3750
mean 100 episode reward: 4.4
% time spent exploring: 1
********************************************************
********************************************************
steps: 877102
episodes: 3760
mean 100 episode reward: 4.5
% time spent exploring: 1
********************************************************
********************************************************
steps: 878828
episodes: 3770
mean 100 episode reward: 4.4
% time spent exploring: 1
********************************************************
********************************************************
steps: 880435
episodes: 3780
mean 100 episode reward: 4.0
% time spent exploring: 1
********************************************************
********************************************************
steps: 882330
episodes: 3790
mean 100 episode reward: 3.8
% time spent exploring: 1
********************************************************
********************************************************
steps: 884473
episodes: 3800
mean 100 episode reward: 3.8
% time spent exploring: 1
********************************************************
********************************************************
steps: 886925
episodes: 3810
mean 100 episode reward: 3.9
% time spent exploring: 1
********************************************************
********************************************************
steps: 890951
episodes: 3820
mean 100 episode reward: 4.1
% time spent exploring: 1
********************************************************
********************************************************
steps: 892854
episodes: 3830
mean 100 episode reward: 4.0
% time spent exploring: 1
********************************************************
********************************************************
steps: 894557
episodes: 3840
mean 100 episode reward: 3.9
% time spent exploring: 1
********************************************************
********************************************************
steps: 897822
episodes: 3850
mean 100 episode reward: 4.4
% time spent exploring: 1
********************************************************
********************************************************
steps: 899563
episodes: 3860
mean 100 episode reward: 4.6
% time spent exploring: 1
********************************************************
********************************************************
steps: 901341
episodes: 3870
mean 100 episode reward: 4.6
% time spent exploring: 1
********************************************************
********************************************************
steps: 904428
episodes: 3880
mean 100 episode reward: 5.0
% time spent exploring: 1
********************************************************
********************************************************
steps: 907318
episodes: 3890
mean 100 episode reward: 5.3
% time spent exploring: 1
********************************************************
********************************************************
steps: 909452
episodes: 3900
mean 100 episode reward: 5.2
% time spent exploring: 1
********************************************************
********************************************************
steps: 911399
episodes: 3910
mean 100 episode reward: 4.9
% time spent exploring: 1
********************************************************
********************************************************
steps: 913965
episodes: 3920
mean 100 episode reward: 4.6
% time spent exploring: 1
********************************************************
********************************************************
steps: 915679
episodes: 3930
mean 100 episode reward: 4.6
% time spent exploring: 1
********************************************************
********************************************************
steps: 918267
episodes: 3940
mean 100 episode reward: 4.6
% time spent exploring: 1
********************************************************
********************************************************
steps: 920327
episodes: 3950
mean 100 episode reward: 4.3
% time spent exploring: 1
********************************************************
********************************************************
steps: 922773
episodes: 3960
mean 100 episode reward: 4.3
% time spent exploring: 1
********************************************************
********************************************************
steps: 925122
episodes: 3970
mean 100 episode reward: 4.3
% time spent exploring: 1
********************************************************
********************************************************
steps: 927666
episodes: 3980
mean 100 episode reward: 4.3
% time spent exploring: 1
********************************************************
********************************************************
steps: 929542
episodes: 3990
mean 100 episode reward: 3.9
% time spent exploring: 1
********************************************************
********************************************************
steps: 932099
episodes: 4000
mean 100 episode reward: 4.1
% time spent exploring: 1
********************************************************
********************************************************
steps: 934046
episodes: 4010
mean 100 episode reward: 4.4
% time spent exploring: 1
********************************************************
********************************************************
steps: 935846
episodes: 4020
mean 100 episode reward: 4.2
% time spent exploring: 1
********************************************************
********************************************************
steps: 937600
episodes: 4030
mean 100 episode reward: 4.2
% time spent exploring: 1
********************************************************
********************************************************
steps: 939695
episodes: 4040
mean 100 episode reward: 4.2
% time spent exploring: 1
********************************************************
********************************************************
steps: 941954
episodes: 4050
mean 100 episode reward: 4.4
% time spent exploring: 1
********************************************************
********************************************************
steps: 943874
episodes: 4060
mean 100 episode reward: 4.2
% time spent exploring: 1
********************************************************
********************************************************
steps: 946472
episodes: 4070
mean 100 episode reward: 4.4
% time spent exploring: 1
********************************************************
********************************************************
steps: 948755
episodes: 4080
mean 100 episode reward: 4.3
% time spent exploring: 1
********************************************************
********************************************************
steps: 952608
episodes: 4090
mean 100 episode reward: 5.1
% time spent exploring: 1
********************************************************
********************************************************
steps: 954873
episodes: 4100
mean 100 episode reward: 5.1
% time spent exploring: 1
********************************************************
********************************************************
steps: 957310
episodes: 4110
mean 100 episode reward: 5.0
% time spent exploring: 1
********************************************************
********************************************************
steps: 960902
episodes: 4120
mean 100 episode reward: 5.3
% time spent exploring: 1
********************************************************
********************************************************
steps: 963136
episodes: 4130
mean 100 episode reward: 5.3
% time spent exploring: 1
********************************************************
********************************************************
steps: 964679
episodes: 4140
mean 100 episode reward: 5.1
% time spent exploring: 1
********************************************************
********************************************************
steps: 966740
episodes: 4150
mean 100 episode reward: 5.0
% time spent exploring: 1
********************************************************
********************************************************
steps: 969635
episodes: 4160
mean 100 episode reward: 5.1
% time spent exploring: 1
********************************************************
********************************************************
steps: 971940
episodes: 4170
mean 100 episode reward: 4.9
% time spent exploring: 1
********************************************************
********************************************************
steps: 974907
episodes: 4180
mean 100 episode reward: 5.0
% time spent exploring: 1
********************************************************
********************************************************
steps: 977696
episodes: 4190
mean 100 episode reward: 4.5
% time spent exploring: 1
********************************************************
********************************************************
steps: 979326
episodes: 4200
mean 100 episode reward: 4.2
% time spent exploring: 1
********************************************************
********************************************************
steps: 981908
episodes: 4210
mean 100 episode reward: 4.4
% time spent exploring: 1
********************************************************
********************************************************
steps: 984808
episodes: 4220
mean 100 episode reward: 4.4
% time spent exploring: 1
********************************************************
********************************************************
steps: 987450
episodes: 4230
mean 100 episode reward: 4.6
% time spent exploring: 1
********************************************************
********************************************************
steps: 989853
episodes: 4240
mean 100 episode reward: 5.0
% time spent exploring: 1
********************************************************
********************************************************
steps: 992056
episodes: 4250
mean 100 episode reward: 5.2
% time spent exploring: 1
********************************************************
********************************************************
steps: 994305
episodes: 4260
mean 100 episode reward: 5.4
% time spent exploring: 1
********************************************************
********************************************************
steps: 996319
episodes: 4270
mean 100 episode reward: 5.6
% time spent exploring: 1
********************************************************
********************************************************
steps: 997806
episodes: 4280
mean 100 episode reward: 5.5
% time spent exploring: 1
********************************************************
********************************************************
steps: 999156
episodes: 4290
mean 100 episode reward: 5.3
% time spent exploring: 1
********************************************************
