Wed Nov 15 14:18:50 2023       
+---------------------------------------------------------------------------------------+
| NVIDIA-SMI 530.30.02              Driver Version: 530.30.02    CUDA Version: 12.1     |
|-----------------------------------------+----------------------+----------------------+
| GPU  Name                  Persistence-M| Bus-Id        Disp.A | Volatile Uncorr. ECC |
| Fan  Temp  Perf            Pwr:Usage/Cap|         Memory-Usage | GPU-Util  Compute M. |
|                                         |                      |               MIG M. |
|=========================================+======================+======================|
|   0  NVIDIA A100 80GB PCIe           On | 00000000:E3:00.0 Off |                    0 |
| N/A   34C    P0               53W / 300W|      0MiB / 81920MiB |      0%      Default |
|                                         |                      |             Disabled |
+-----------------------------------------+----------------------+----------------------+
                                                                                         
+---------------------------------------------------------------------------------------+
| Processes:                                                                            |
|  GPU   GI   CI        PID   Type   Process name                            GPU Memory |
|        ID   ID                                                             Usage      |
|=======================================================================================|
|  No running processes found                                                           |
+---------------------------------------------------------------------------------------+
********************************************************
steps: 1464
episodes: 10
mean 100 episode reward: 3.6
% time spent exploring: 98
********************************************************
********************************************************
steps: 2658
episodes: 20
mean 100 episode reward: 2.8
% time spent exploring: 97
********************************************************
********************************************************
steps: 4220
episodes: 30
mean 100 episode reward: 2.9
% time spent exploring: 95
********************************************************
********************************************************
steps: 5858
episodes: 40
mean 100 episode reward: 2.9
% time spent exploring: 94
********************************************************
********************************************************
steps: 7562
episodes: 50
mean 100 episode reward: 3.2
% time spent exploring: 92
********************************************************
********************************************************
steps: 9388
episodes: 60
mean 100 episode reward: 3.5
% time spent exploring: 90
********************************************************
********************************************************
steps: 11041
episodes: 70
mean 100 episode reward: 3.4
% time spent exploring: 89
********************************************************
********************************************************
steps: 12830
episodes: 80
mean 100 episode reward: 3.4
% time spent exploring: 87
********************************************************
********************************************************
steps: 14160
episodes: 90
mean 100 episode reward: 3.2
% time spent exploring: 85
********************************************************
********************************************************
steps: 15876
episodes: 100
mean 100 episode reward: 3.3
% time spent exploring: 84
********************************************************
********************************************************
steps: 17485
episodes: 110
mean 100 episode reward: 3.2
% time spent exploring: 82
********************************************************
********************************************************
steps: 18929
episodes: 120
mean 100 episode reward: 3.3
% time spent exploring: 81
********************************************************
********************************************************
steps: 20809
episodes: 130
mean 100 episode reward: 3.3
% time spent exploring: 79
********************************************************
********************************************************
steps: 22437
episodes: 140
mean 100 episode reward: 3.4
% time spent exploring: 77
********************************************************
********************************************************
steps: 25258
episodes: 150
mean 100 episode reward: 3.4
% time spent exploring: 74
********************************************************
********************************************************
steps: 26330
episodes: 160
mean 100 episode reward: 3.1
% time spent exploring: 73
********************************************************
********************************************************
steps: 28308
episodes: 170
mean 100 episode reward: 3.4
% time spent exploring: 71
********************************************************
********************************************************
steps: 30171
episodes: 180
mean 100 episode reward: 3.4
% time spent exploring: 70
********************************************************
********************************************************
steps: 31795
episodes: 190
mean 100 episode reward: 3.4
% time spent exploring: 68
********************************************************
********************************************************
steps: 33247
episodes: 200
mean 100 episode reward: 3.3
% time spent exploring: 67
********************************************************
********************************************************
steps: 34787
episodes: 210
mean 100 episode reward: 3.3
% time spent exploring: 65
********************************************************
********************************************************
steps: 36591
episodes: 220
mean 100 episode reward: 3.3
% time spent exploring: 63
********************************************************
********************************************************
steps: 38454
episodes: 230
mean 100 episode reward: 3.3
% time spent exploring: 61
********************************************************
********************************************************
steps: 39739
episodes: 240
mean 100 episode reward: 3.2
% time spent exploring: 60
********************************************************
********************************************************
steps: 41539
episodes: 250
mean 100 episode reward: 3.1
% time spent exploring: 58
********************************************************
********************************************************
steps: 42901
episodes: 260
mean 100 episode reward: 3.1
% time spent exploring: 57
********************************************************
********************************************************
steps: 45078
episodes: 270
mean 100 episode reward: 3.2
% time spent exploring: 55
********************************************************
********************************************************
steps: 46674
episodes: 280
mean 100 episode reward: 3.1
% time spent exploring: 53
********************************************************
********************************************************
steps: 48203
episodes: 290
mean 100 episode reward: 3.2
% time spent exploring: 52
********************************************************
********************************************************
steps: 49926
episodes: 300
mean 100 episode reward: 3.2
% time spent exploring: 50
********************************************************
********************************************************
steps: 51295
episodes: 310
mean 100 episode reward: 3.2
% time spent exploring: 49
********************************************************
********************************************************
steps: 52701
episodes: 320
mean 100 episode reward: 3.1
% time spent exploring: 47
********************************************************
********************************************************
steps: 54656
episodes: 330
mean 100 episode reward: 3.1
% time spent exploring: 45
********************************************************
********************************************************
steps: 56256
episodes: 340
mean 100 episode reward: 3.2
% time spent exploring: 44
********************************************************
********************************************************
steps: 58067
episodes: 350
mean 100 episode reward: 3.2
% time spent exploring: 42
********************************************************
********************************************************
steps: 60204
episodes: 360
mean 100 episode reward: 3.4
% time spent exploring: 40
********************************************************
********************************************************
steps: 62208
episodes: 370
mean 100 episode reward: 3.4
% time spent exploring: 38
********************************************************
********************************************************
steps: 63950
episodes: 380
mean 100 episode reward: 3.5
% time spent exploring: 36
********************************************************
********************************************************
steps: 65582
episodes: 390
mean 100 episode reward: 3.5
% time spent exploring: 35
********************************************************
********************************************************
steps: 67910
episodes: 400
mean 100 episode reward: 3.8
% time spent exploring: 32
********************************************************
********************************************************
steps: 69544
episodes: 410
mean 100 episode reward: 3.8
% time spent exploring: 31
********************************************************
********************************************************
steps: 70713
episodes: 420
mean 100 episode reward: 3.8
% time spent exploring: 29
********************************************************
********************************************************
steps: 72021
episodes: 430
mean 100 episode reward: 3.7
% time spent exploring: 28
********************************************************
********************************************************
steps: 73746
episodes: 440
mean 100 episode reward: 3.7
% time spent exploring: 26
********************************************************
********************************************************
steps: 75255
episodes: 450
mean 100 episode reward: 3.6
% time spent exploring: 25
********************************************************
********************************************************
steps: 76967
episodes: 460
mean 100 episode reward: 3.4
% time spent exploring: 23
********************************************************
********************************************************
steps: 79158
episodes: 470
mean 100 episode reward: 3.5
% time spent exploring: 21
********************************************************
********************************************************
steps: 80824
episodes: 480
mean 100 episode reward: 3.4
% time spent exploring: 19
********************************************************
********************************************************
steps: 83371
episodes: 490
mean 100 episode reward: 3.6
% time spent exploring: 17
********************************************************
********************************************************
steps: 85657
episodes: 500
mean 100 episode reward: 3.5
% time spent exploring: 15
********************************************************
********************************************************
steps: 87380
episodes: 510
mean 100 episode reward: 3.5
% time spent exploring: 13
********************************************************
********************************************************
steps: 88989
episodes: 520
mean 100 episode reward: 3.6
% time spent exploring: 11
********************************************************
********************************************************
steps: 91111
episodes: 530
mean 100 episode reward: 3.8
% time spent exploring: 9
********************************************************
********************************************************
steps: 92766
episodes: 540
mean 100 episode reward: 3.8
% time spent exploring: 8
********************************************************
********************************************************
steps: 95528
episodes: 550
mean 100 episode reward: 4.2
% time spent exploring: 5
********************************************************
********************************************************
steps: 97258
episodes: 560
mean 100 episode reward: 4.2
% time spent exploring: 3
********************************************************
********************************************************
steps: 98553
episodes: 570
mean 100 episode reward: 3.9
% time spent exploring: 2
********************************************************
********************************************************
steps: 100064
episodes: 580
mean 100 episode reward: 3.7
% time spent exploring: 1
********************************************************
********************************************************
steps: 102054
episodes: 590
mean 100 episode reward: 3.5
% time spent exploring: 1
********************************************************
********************************************************
steps: 104153
episodes: 600
mean 100 episode reward: 3.2
% time spent exploring: 1
********************************************************
********************************************************
steps: 105907
episodes: 610
mean 100 episode reward: 3.2
% time spent exploring: 1
********************************************************
********************************************************
steps: 107319
episodes: 620
mean 100 episode reward: 3.0
% time spent exploring: 1
********************************************************
********************************************************
steps: 108892
episodes: 630
mean 100 episode reward: 2.8
% time spent exploring: 1
********************************************************
********************************************************
steps: 110533
episodes: 640
mean 100 episode reward: 2.7
% time spent exploring: 1
********************************************************
********************************************************
steps: 112383
episodes: 650
mean 100 episode reward: 2.1
% time spent exploring: 1
********************************************************
********************************************************
steps: 115010
episodes: 660
mean 100 episode reward: 2.2
% time spent exploring: 1
********************************************************
********************************************************
steps: 116530
episodes: 670
mean 100 episode reward: 2.2
% time spent exploring: 1
********************************************************
********************************************************
steps: 118378
episodes: 680
mean 100 episode reward: 2.2
% time spent exploring: 1
********************************************************
********************************************************
steps: 120334
episodes: 690
mean 100 episode reward: 2.3
% time spent exploring: 1
********************************************************
********************************************************
steps: 122185
episodes: 700
mean 100 episode reward: 2.4
% time spent exploring: 1
********************************************************
********************************************************
steps: 123985
episodes: 710
mean 100 episode reward: 2.5
% time spent exploring: 1
********************************************************
********************************************************
steps: 125951
episodes: 720
mean 100 episode reward: 2.7
% time spent exploring: 1
********************************************************
********************************************************
steps: 128322
episodes: 730
mean 100 episode reward: 3.0
% time spent exploring: 1
********************************************************
********************************************************
steps: 131305
episodes: 740
mean 100 episode reward: 3.4
% time spent exploring: 1
********************************************************
********************************************************
steps: 133618
episodes: 750
mean 100 episode reward: 3.7
% time spent exploring: 1
********************************************************
********************************************************
steps: 135027
episodes: 760
mean 100 episode reward: 3.6
% time spent exploring: 1
********************************************************
********************************************************
steps: 137657
episodes: 770
mean 100 episode reward: 4.0
% time spent exploring: 1
********************************************************
********************************************************
steps: 140182
episodes: 780
mean 100 episode reward: 4.2
% time spent exploring: 1
********************************************************
********************************************************
steps: 142247
episodes: 790
mean 100 episode reward: 4.4
% time spent exploring: 1
********************************************************
********************************************************
steps: 143701
episodes: 800
mean 100 episode reward: 4.2
% time spent exploring: 1
********************************************************
********************************************************
steps: 145532
episodes: 810
mean 100 episode reward: 4.3
% time spent exploring: 1
********************************************************
********************************************************
steps: 147589
episodes: 820
mean 100 episode reward: 4.2
% time spent exploring: 1
********************************************************
********************************************************
steps: 149767
episodes: 830
mean 100 episode reward: 4.2
% time spent exploring: 1
********************************************************
********************************************************
steps: 151737
episodes: 840
mean 100 episode reward: 4.1
% time spent exploring: 1
********************************************************
********************************************************
steps: 153887
episodes: 850
mean 100 episode reward: 4.0
% time spent exploring: 1
********************************************************
********************************************************
steps: 156163
episodes: 860
mean 100 episode reward: 4.1
% time spent exploring: 1
********************************************************
********************************************************
steps: 158010
episodes: 870
mean 100 episode reward: 4.0
% time spent exploring: 1
********************************************************
********************************************************
steps: 159852
episodes: 880
mean 100 episode reward: 3.8
% time spent exploring: 1
********************************************************
********************************************************
steps: 161783
episodes: 890
mean 100 episode reward: 3.7
% time spent exploring: 1
********************************************************
********************************************************
steps: 163232
episodes: 900
mean 100 episode reward: 3.8
% time spent exploring: 1
********************************************************
********************************************************
steps: 165127
episodes: 910
mean 100 episode reward: 3.7
% time spent exploring: 1
********************************************************
********************************************************
steps: 167796
episodes: 920
mean 100 episode reward: 4.0
% time spent exploring: 1
********************************************************
********************************************************
steps: 169818
episodes: 930
mean 100 episode reward: 4.0
% time spent exploring: 1
********************************************************
********************************************************
steps: 171801
episodes: 940
mean 100 episode reward: 3.9
% time spent exploring: 1
********************************************************
********************************************************
steps: 173561
episodes: 950
mean 100 episode reward: 4.0
% time spent exploring: 1
********************************************************
********************************************************
steps: 175046
episodes: 960
mean 100 episode reward: 3.8
% time spent exploring: 1
********************************************************
********************************************************
steps: 176168
episodes: 970
mean 100 episode reward: 3.5
% time spent exploring: 1
********************************************************
********************************************************
steps: 177534
episodes: 980
mean 100 episode reward: 3.4
% time spent exploring: 1
********************************************************
********************************************************
steps: 179079
episodes: 990
mean 100 episode reward: 3.2
% time spent exploring: 1
********************************************************
********************************************************
steps: 180332
episodes: 1000
mean 100 episode reward: 3.1
% time spent exploring: 1
********************************************************
********************************************************
steps: 182379
episodes: 1010
mean 100 episode reward: 3.4
% time spent exploring: 1
********************************************************
********************************************************
steps: 184562
episodes: 1020
mean 100 episode reward: 3.1
% time spent exploring: 1
********************************************************
********************************************************
steps: 186572
episodes: 1030
mean 100 episode reward: 2.9
% time spent exploring: 1
********************************************************
********************************************************
steps: 188385
episodes: 1040
mean 100 episode reward: 3.0
% time spent exploring: 1
********************************************************
********************************************************
steps: 189780
episodes: 1050
mean 100 episode reward: 2.9
% time spent exploring: 1
********************************************************
********************************************************
steps: 191461
episodes: 1060
mean 100 episode reward: 3.0
% time spent exploring: 1
********************************************************
********************************************************
steps: 193187
episodes: 1070
mean 100 episode reward: 3.1
% time spent exploring: 1
********************************************************
********************************************************
steps: 194996
episodes: 1080
mean 100 episode reward: 3.4
% time spent exploring: 1
********************************************************
********************************************************
steps: 196893
episodes: 1090
mean 100 episode reward: 3.5
% time spent exploring: 1
********************************************************
********************************************************
steps: 198526
episodes: 1100
mean 100 episode reward: 3.5
% time spent exploring: 1
********************************************************
********************************************************
steps: 200315
episodes: 1110
mean 100 episode reward: 3.5
% time spent exploring: 1
********************************************************
********************************************************
steps: 202343
episodes: 1120
mean 100 episode reward: 3.6
% time spent exploring: 1
********************************************************
********************************************************
steps: 203389
episodes: 1130
mean 100 episode reward: 3.6
% time spent exploring: 1
********************************************************
********************************************************
steps: 204788
episodes: 1140
mean 100 episode reward: 3.5
% time spent exploring: 1
********************************************************
********************************************************
steps: 206092
episodes: 1150
mean 100 episode reward: 3.5
% time spent exploring: 1
********************************************************
********************************************************
steps: 207510
episodes: 1160
mean 100 episode reward: 3.5
% time spent exploring: 1
********************************************************
********************************************************
steps: 208782
episodes: 1170
mean 100 episode reward: 3.4
% time spent exploring: 1
********************************************************
********************************************************
steps: 210868
episodes: 1180
mean 100 episode reward: 3.4
% time spent exploring: 1
********************************************************
********************************************************
steps: 212336
episodes: 1190
mean 100 episode reward: 3.3
% time spent exploring: 1
********************************************************
********************************************************
steps: 214037
episodes: 1200
mean 100 episode reward: 3.4
% time spent exploring: 1
********************************************************
********************************************************
steps: 215940
episodes: 1210
mean 100 episode reward: 3.3
% time spent exploring: 1
********************************************************
********************************************************
steps: 217819
episodes: 1220
mean 100 episode reward: 3.1
% time spent exploring: 1
********************************************************
********************************************************
steps: 219496
episodes: 1230
mean 100 episode reward: 3.2
% time spent exploring: 1
********************************************************
********************************************************
steps: 221188
episodes: 1240
mean 100 episode reward: 3.3
% time spent exploring: 1
********************************************************
********************************************************
steps: 223420
episodes: 1250
mean 100 episode reward: 3.6
% time spent exploring: 1
********************************************************
********************************************************
steps: 224510
episodes: 1260
mean 100 episode reward: 3.4
% time spent exploring: 1
********************************************************
********************************************************
steps: 226477
episodes: 1270
mean 100 episode reward: 3.6
% time spent exploring: 1
********************************************************
********************************************************
steps: 228302
episodes: 1280
mean 100 episode reward: 3.5
% time spent exploring: 1
********************************************************
********************************************************
steps: 229885
episodes: 1290
mean 100 episode reward: 3.5
% time spent exploring: 1
********************************************************
********************************************************
steps: 231553
episodes: 1300
mean 100 episode reward: 3.4
% time spent exploring: 1
********************************************************
********************************************************
steps: 234301
episodes: 1310
mean 100 episode reward: 3.6
% time spent exploring: 1
********************************************************
********************************************************
steps: 235858
episodes: 1320
mean 100 episode reward: 3.6
% time spent exploring: 1
********************************************************
********************************************************
steps: 237957
episodes: 1330
mean 100 episode reward: 3.6
% time spent exploring: 1
********************************************************
********************************************************
steps: 239523
episodes: 1340
mean 100 episode reward: 3.5
% time spent exploring: 1
********************************************************
********************************************************
steps: 241491
episodes: 1350
mean 100 episode reward: 3.4
% time spent exploring: 1
********************************************************
********************************************************
steps: 243378
episodes: 1360
mean 100 episode reward: 3.5
% time spent exploring: 1
********************************************************
********************************************************
steps: 244615
episodes: 1370
mean 100 episode reward: 3.2
% time spent exploring: 1
********************************************************
********************************************************
steps: 246206
episodes: 1380
mean 100 episode reward: 3.1
% time spent exploring: 1
********************************************************
********************************************************
steps: 248292
episodes: 1390
mean 100 episode reward: 3.2
% time spent exploring: 1
********************************************************
********************************************************
steps: 249885
episodes: 1400
mean 100 episode reward: 3.1
% time spent exploring: 1
********************************************************
********************************************************
steps: 251823
episodes: 1410
mean 100 episode reward: 2.9
% time spent exploring: 1
********************************************************
********************************************************
steps: 252950
episodes: 1420
mean 100 episode reward: 2.8
% time spent exploring: 1
********************************************************
********************************************************
steps: 254093
episodes: 1430
mean 100 episode reward: 2.6
% time spent exploring: 1
********************************************************
********************************************************
steps: 256209
episodes: 1440
mean 100 episode reward: 2.7
% time spent exploring: 1
********************************************************
********************************************************
steps: 258231
episodes: 1450
mean 100 episode reward: 2.8
% time spent exploring: 1
********************************************************
********************************************************
steps: 259967
episodes: 1460
mean 100 episode reward: 2.7
% time spent exploring: 1
********************************************************
********************************************************
steps: 262417
episodes: 1470
mean 100 episode reward: 2.9
% time spent exploring: 1
********************************************************
********************************************************
steps: 264891
episodes: 1480
mean 100 episode reward: 3.2
% time spent exploring: 1
********************************************************
********************************************************
steps: 266325
episodes: 1490
mean 100 episode reward: 3.0
% time spent exploring: 1
********************************************************
********************************************************
steps: 268297
episodes: 1500
mean 100 episode reward: 3.1
% time spent exploring: 1
********************************************************
********************************************************
steps: 269510
episodes: 1510
mean 100 episode reward: 3.0
% time spent exploring: 1
********************************************************
********************************************************
steps: 271086
episodes: 1520
mean 100 episode reward: 3.1
% time spent exploring: 1
********************************************************
********************************************************
steps: 272797
episodes: 1530
mean 100 episode reward: 3.2
% time spent exploring: 1
********************************************************
********************************************************
steps: 273885
episodes: 1540
mean 100 episode reward: 3.0
% time spent exploring: 1
********************************************************
********************************************************
steps: 275122
episodes: 1550
mean 100 episode reward: 2.9
% time spent exploring: 1
********************************************************
********************************************************
steps: 278038
episodes: 1560
mean 100 episode reward: 3.0
% time spent exploring: 1
********************************************************
********************************************************
steps: 279830
episodes: 1570
mean 100 episode reward: 2.9
% time spent exploring: 1
********************************************************
********************************************************
steps: 281973
episodes: 1580
mean 100 episode reward: 2.8
% time spent exploring: 1
********************************************************
********************************************************
steps: 284239
episodes: 1590
mean 100 episode reward: 3.1
% time spent exploring: 1
********************************************************
********************************************************
steps: 286093
episodes: 1600
mean 100 episode reward: 3.0
% time spent exploring: 1
********************************************************
********************************************************
steps: 288101
episodes: 1610
mean 100 episode reward: 3.1
% time spent exploring: 1
********************************************************
********************************************************
steps: 289295
episodes: 1620
mean 100 episode reward: 3.0
% time spent exploring: 1
********************************************************
********************************************************
steps: 291103
episodes: 1630
mean 100 episode reward: 3.0
% time spent exploring: 1
********************************************************
********************************************************
steps: 293379
episodes: 1640
mean 100 episode reward: 3.3
% time spent exploring: 1
********************************************************
********************************************************
steps: 295731
episodes: 1650
mean 100 episode reward: 3.4
% time spent exploring: 1
********************************************************
********************************************************
steps: 297812
episodes: 1660
mean 100 episode reward: 3.4
% time spent exploring: 1
********************************************************
********************************************************
steps: 299607
episodes: 1670
mean 100 episode reward: 3.5
% time spent exploring: 1
********************************************************
********************************************************
steps: 301289
episodes: 1680
mean 100 episode reward: 3.4
% time spent exploring: 1
********************************************************
********************************************************
steps: 302847
episodes: 1690
mean 100 episode reward: 3.1
% time spent exploring: 1
********************************************************
********************************************************
steps: 304279
episodes: 1700
mean 100 episode reward: 3.1
% time spent exploring: 1
********************************************************
********************************************************
steps: 306094
episodes: 1710
mean 100 episode reward: 3.1
% time spent exploring: 1
********************************************************
********************************************************
steps: 308293
episodes: 1720
mean 100 episode reward: 3.4
% time spent exploring: 1
********************************************************
********************************************************
steps: 310852
episodes: 1730
mean 100 episode reward: 3.5
% time spent exploring: 1
********************************************************
********************************************************
steps: 313046
episodes: 1740
mean 100 episode reward: 3.4
% time spent exploring: 1
********************************************************
********************************************************
steps: 315235
episodes: 1750
mean 100 episode reward: 3.4
% time spent exploring: 1
********************************************************
********************************************************
steps: 316732
episodes: 1760
mean 100 episode reward: 3.3
% time spent exploring: 1
********************************************************
********************************************************
steps: 318208
episodes: 1770
mean 100 episode reward: 3.2
% time spent exploring: 1
********************************************************
********************************************************
steps: 320020
episodes: 1780
mean 100 episode reward: 3.2
% time spent exploring: 1
********************************************************
********************************************************
steps: 321616
episodes: 1790
mean 100 episode reward: 3.4
% time spent exploring: 1
********************************************************
********************************************************
steps: 323707
episodes: 1800
mean 100 episode reward: 3.5
% time spent exploring: 1
********************************************************
********************************************************
steps: 325486
episodes: 1810
mean 100 episode reward: 3.5
% time spent exploring: 1
********************************************************
********************************************************
steps: 328131
episodes: 1820
mean 100 episode reward: 3.6
% time spent exploring: 1
********************************************************
********************************************************
steps: 329370
episodes: 1830
mean 100 episode reward: 3.4
% time spent exploring: 1
********************************************************
********************************************************
steps: 331373
episodes: 1840
mean 100 episode reward: 3.5
% time spent exploring: 1
********************************************************
********************************************************
steps: 334662
episodes: 1850
mean 100 episode reward: 4.0
% time spent exploring: 1
********************************************************
********************************************************
steps: 336578
episodes: 1860
mean 100 episode reward: 4.0
% time spent exploring: 1
********************************************************
********************************************************
steps: 339047
episodes: 1870
mean 100 episode reward: 4.4
% time spent exploring: 1
********************************************************
********************************************************
steps: 341509
episodes: 1880
mean 100 episode reward: 4.5
% time spent exploring: 1
********************************************************
********************************************************
steps: 343448
episodes: 1890
mean 100 episode reward: 4.4
% time spent exploring: 1
********************************************************
********************************************************
steps: 345448
episodes: 1900
mean 100 episode reward: 4.5
% time spent exploring: 1
********************************************************
********************************************************
steps: 347322
episodes: 1910
mean 100 episode reward: 4.5
% time spent exploring: 1
********************************************************
********************************************************
steps: 349561
episodes: 1920
mean 100 episode reward: 4.3
% time spent exploring: 1
********************************************************
********************************************************
steps: 351348
episodes: 1930
mean 100 episode reward: 4.3
% time spent exploring: 1
********************************************************
********************************************************
steps: 353517
episodes: 1940
mean 100 episode reward: 4.3
% time spent exploring: 1
********************************************************
********************************************************
steps: 355703
episodes: 1950
mean 100 episode reward: 4.0
% time spent exploring: 1
********************************************************
********************************************************
steps: 357487
episodes: 1960
mean 100 episode reward: 4.0
% time spent exploring: 1
********************************************************
********************************************************
steps: 359635
episodes: 1970
mean 100 episode reward: 4.0
% time spent exploring: 1
********************************************************
********************************************************
steps: 361931
episodes: 1980
mean 100 episode reward: 3.9
% time spent exploring: 1
********************************************************
********************************************************
steps: 363654
episodes: 1990
mean 100 episode reward: 3.9
% time spent exploring: 1
********************************************************
********************************************************
steps: 365633
episodes: 2000
mean 100 episode reward: 3.9
% time spent exploring: 1
********************************************************
********************************************************
steps: 367201
episodes: 2010
mean 100 episode reward: 3.8
% time spent exploring: 1
********************************************************
********************************************************
steps: 369380
episodes: 2020
mean 100 episode reward: 3.8
% time spent exploring: 1
********************************************************
********************************************************
steps: 371036
episodes: 2030
mean 100 episode reward: 3.8
% time spent exploring: 1
********************************************************
********************************************************
steps: 373724
episodes: 2040
mean 100 episode reward: 3.9
% time spent exploring: 1
********************************************************
********************************************************
steps: 376049
episodes: 2050
mean 100 episode reward: 3.8
% time spent exploring: 1
********************************************************
********************************************************
steps: 377994
episodes: 2060
mean 100 episode reward: 3.8
% time spent exploring: 1
********************************************************
********************************************************
steps: 380219
episodes: 2070
mean 100 episode reward: 3.6
% time spent exploring: 1
********************************************************
********************************************************
steps: 382030
episodes: 2080
mean 100 episode reward: 3.6
% time spent exploring: 1
********************************************************
********************************************************
steps: 383621
episodes: 2090
mean 100 episode reward: 3.6
% time spent exploring: 1
********************************************************
********************************************************
steps: 384702
episodes: 2100
mean 100 episode reward: 3.2
% time spent exploring: 1
********************************************************
********************************************************
steps: 386206
episodes: 2110
mean 100 episode reward: 3.3
% time spent exploring: 1
********************************************************
********************************************************
steps: 388427
episodes: 2120
mean 100 episode reward: 3.3
% time spent exploring: 1
********************************************************
********************************************************
steps: 390330
episodes: 2130
mean 100 episode reward: 3.3
% time spent exploring: 1
********************************************************
********************************************************
steps: 392602
episodes: 2140
mean 100 episode reward: 3.2
% time spent exploring: 1
********************************************************
********************************************************
steps: 394998
episodes: 2150
mean 100 episode reward: 3.2
% time spent exploring: 1
********************************************************
********************************************************
steps: 397442
episodes: 2160
mean 100 episode reward: 3.2
% time spent exploring: 1
********************************************************
********************************************************
steps: 399157
episodes: 2170
mean 100 episode reward: 3.2
% time spent exploring: 1
********************************************************
********************************************************
steps: 401397
episodes: 2180
mean 100 episode reward: 3.2
% time spent exploring: 1
********************************************************
********************************************************
steps: 404417
episodes: 2190
mean 100 episode reward: 3.4
% time spent exploring: 1
********************************************************
********************************************************
steps: 406528
episodes: 2200
mean 100 episode reward: 3.6
% time spent exploring: 1
********************************************************
********************************************************
steps: 408330
episodes: 2210
mean 100 episode reward: 3.6
% time spent exploring: 1
********************************************************
********************************************************
steps: 410213
episodes: 2220
mean 100 episode reward: 3.6
% time spent exploring: 1
********************************************************
********************************************************
steps: 413304
episodes: 2230
mean 100 episode reward: 3.8
% time spent exploring: 1
********************************************************
********************************************************
steps: 415949
episodes: 2240
mean 100 episode reward: 3.8
% time spent exploring: 1
********************************************************
********************************************************
steps: 418900
episodes: 2250
mean 100 episode reward: 4.2
% time spent exploring: 1
********************************************************
********************************************************
steps: 421269
episodes: 2260
mean 100 episode reward: 4.2
% time spent exploring: 1
********************************************************
********************************************************
steps: 423696
episodes: 2270
mean 100 episode reward: 4.5
% time spent exploring: 1
********************************************************
********************************************************
steps: 425616
episodes: 2280
mean 100 episode reward: 4.6
% time spent exploring: 1
********************************************************
********************************************************
steps: 427222
episodes: 2290
mean 100 episode reward: 4.4
% time spent exploring: 1
********************************************************
********************************************************
steps: 429811
episodes: 2300
mean 100 episode reward: 4.5
% time spent exploring: 1
********************************************************
********************************************************
steps: 432187
episodes: 2310
mean 100 episode reward: 4.7
% time spent exploring: 1
********************************************************
********************************************************
steps: 434557
episodes: 2320
mean 100 episode reward: 4.9
% time spent exploring: 1
********************************************************
********************************************************
steps: 437628
episodes: 2330
mean 100 episode reward: 5.0
% time spent exploring: 1
********************************************************
********************************************************
steps: 439663
episodes: 2340
mean 100 episode reward: 5.0
% time spent exploring: 1
********************************************************
********************************************************
steps: 441545
episodes: 2350
mean 100 episode reward: 4.7
% time spent exploring: 1
********************************************************
********************************************************
steps: 443550
episodes: 2360
mean 100 episode reward: 4.6
% time spent exploring: 1
********************************************************
********************************************************
steps: 445437
episodes: 2370
mean 100 episode reward: 4.4
% time spent exploring: 1
********************************************************
********************************************************
steps: 447465
episodes: 2380
mean 100 episode reward: 4.4
% time spent exploring: 1
********************************************************
********************************************************
steps: 448978
episodes: 2390
mean 100 episode reward: 4.3
% time spent exploring: 1
********************************************************
********************************************************
steps: 450483
episodes: 2400
mean 100 episode reward: 4.0
% time spent exploring: 1
********************************************************
********************************************************
steps: 452931
episodes: 2410
mean 100 episode reward: 4.0
% time spent exploring: 1
********************************************************
********************************************************
steps: 454756
episodes: 2420
mean 100 episode reward: 3.7
% time spent exploring: 1
********************************************************
********************************************************
steps: 456776
episodes: 2430
mean 100 episode reward: 3.4
% time spent exploring: 1
********************************************************
********************************************************
steps: 458621
episodes: 2440
mean 100 episode reward: 3.2
% time spent exploring: 1
********************************************************
********************************************************
steps: 460807
episodes: 2450
mean 100 episode reward: 3.1
% time spent exploring: 1
********************************************************
********************************************************
steps: 462683
episodes: 2460
mean 100 episode reward: 3.0
% time spent exploring: 1
********************************************************
********************************************************
steps: 464177
episodes: 2470
mean 100 episode reward: 2.8
% time spent exploring: 1
********************************************************
********************************************************
steps: 466150
episodes: 2480
mean 100 episode reward: 2.6
% time spent exploring: 1
********************************************************
********************************************************
steps: 468924
episodes: 2490
mean 100 episode reward: 2.8
% time spent exploring: 1
********************************************************
********************************************************
steps: 470538
episodes: 2500
mean 100 episode reward: 2.8
% time spent exploring: 1
********************************************************
********************************************************
steps: 472201
episodes: 2510
mean 100 episode reward: 2.5
% time spent exploring: 1
********************************************************
********************************************************
steps: 474301
episodes: 2520
mean 100 episode reward: 2.5
% time spent exploring: 1
********************************************************
********************************************************
steps: 476347
episodes: 2530
mean 100 episode reward: 2.4
% time spent exploring: 1
********************************************************
********************************************************
steps: 478322
episodes: 2540
mean 100 episode reward: 2.6
% time spent exploring: 1
********************************************************
********************************************************
steps: 479948
episodes: 2550
mean 100 episode reward: 2.5
% time spent exploring: 1
********************************************************
********************************************************
steps: 482411
episodes: 2560
mean 100 episode reward: 2.8
% time spent exploring: 1
********************************************************
********************************************************
steps: 484323
episodes: 2570
mean 100 episode reward: 3.0
% time spent exploring: 1
********************************************************
********************************************************
steps: 486707
episodes: 2580
mean 100 episode reward: 3.2
% time spent exploring: 1
********************************************************
********************************************************
steps: 488692
episodes: 2590
mean 100 episode reward: 3.1
% time spent exploring: 1
********************************************************
********************************************************
steps: 490695
episodes: 2600
mean 100 episode reward: 3.4
% time spent exploring: 1
********************************************************
********************************************************
steps: 492524
episodes: 2610
mean 100 episode reward: 3.5
% time spent exploring: 1
********************************************************
********************************************************
steps: 494368
episodes: 2620
mean 100 episode reward: 3.7
% time spent exploring: 1
********************************************************
********************************************************
steps: 495596
episodes: 2630
mean 100 episode reward: 3.6
% time spent exploring: 1
********************************************************
********************************************************
steps: 497690
episodes: 2640
mean 100 episode reward: 3.5
% time spent exploring: 1
********************************************************
********************************************************
steps: 499262
episodes: 2650
mean 100 episode reward: 3.4
% time spent exploring: 1
********************************************************
********************************************************
steps: 502270
episodes: 2660
mean 100 episode reward: 3.4
% time spent exploring: 1
********************************************************
********************************************************
steps: 504736
episodes: 2670
mean 100 episode reward: 3.3
% time spent exploring: 1
********************************************************
********************************************************
steps: 507631
episodes: 2680
mean 100 episode reward: 3.2
% time spent exploring: 1
********************************************************
********************************************************
steps: 510352
episodes: 2690
mean 100 episode reward: 3.2
% time spent exploring: 1
********************************************************
********************************************************
steps: 513184
episodes: 2700
mean 100 episode reward: 3.3
% time spent exploring: 1
********************************************************
********************************************************
steps: 515444
episodes: 2710
mean 100 episode reward: 3.2
% time spent exploring: 1
********************************************************
********************************************************
steps: 518599
episodes: 2720
mean 100 episode reward: 3.2
% time spent exploring: 1
********************************************************
********************************************************
steps: 521899
episodes: 2730
mean 100 episode reward: 3.4
% time spent exploring: 1
********************************************************
********************************************************
steps: 524919
episodes: 2740
mean 100 episode reward: 3.4
% time spent exploring: 1
********************************************************
********************************************************
steps: 528898
episodes: 2750
mean 100 episode reward: 3.8
% time spent exploring: 1
********************************************************
********************************************************
steps: 531562
episodes: 2760
mean 100 episode reward: 3.6
% time spent exploring: 1
********************************************************
********************************************************
steps: 534098
episodes: 2770
mean 100 episode reward: 3.6
% time spent exploring: 1
********************************************************
********************************************************
steps: 536913
episodes: 2780
mean 100 episode reward: 3.5
% time spent exploring: 1
********************************************************
********************************************************
steps: 539277
episodes: 2790
mean 100 episode reward: 3.5
% time spent exploring: 1
********************************************************
********************************************************
steps: 541880
episodes: 2800
mean 100 episode reward: 3.3
% time spent exploring: 1
********************************************************
********************************************************
steps: 545446
episodes: 2810
mean 100 episode reward: 3.5
% time spent exploring: 1
********************************************************
********************************************************
steps: 548568
episodes: 2820
mean 100 episode reward: 3.5
% time spent exploring: 1
********************************************************
********************************************************
steps: 552499
episodes: 2830
mean 100 episode reward: 3.6
% time spent exploring: 1
********************************************************
********************************************************
steps: 555344
episodes: 2840
mean 100 episode reward: 3.6
% time spent exploring: 1
********************************************************
********************************************************
steps: 558341
episodes: 2850
mean 100 episode reward: 3.2
% time spent exploring: 1
********************************************************
********************************************************
steps: 561887
episodes: 2860
mean 100 episode reward: 3.4
% time spent exploring: 1
********************************************************
********************************************************
steps: 564834
episodes: 2870
mean 100 episode reward: 3.5
% time spent exploring: 1
********************************************************
********************************************************
steps: 568149
episodes: 2880
mean 100 episode reward: 3.5
% time spent exploring: 1
********************************************************
********************************************************
steps: 572036
episodes: 2890
mean 100 episode reward: 3.8
% time spent exploring: 1
********************************************************
********************************************************
steps: 574953
episodes: 2900
mean 100 episode reward: 3.8
% time spent exploring: 1
********************************************************
********************************************************
steps: 577533
episodes: 2910
mean 100 episode reward: 3.7
% time spent exploring: 1
********************************************************
********************************************************
steps: 580760
episodes: 2920
mean 100 episode reward: 3.7
% time spent exploring: 1
********************************************************
********************************************************
steps: 584069
episodes: 2930
mean 100 episode reward: 3.7
% time spent exploring: 1
********************************************************
********************************************************
steps: 586591
episodes: 2940
mean 100 episode reward: 3.8
% time spent exploring: 1
********************************************************
********************************************************
steps: 589624
episodes: 2950
mean 100 episode reward: 3.8
% time spent exploring: 1
********************************************************
********************************************************
steps: 592294
episodes: 2960
mean 100 episode reward: 3.6
% time spent exploring: 1
********************************************************
********************************************************
steps: 594554
episodes: 2970
mean 100 episode reward: 3.5
% time spent exploring: 1
********************************************************
********************************************************
steps: 596898
episodes: 2980
mean 100 episode reward: 3.4
% time spent exploring: 1
********************************************************
********************************************************
steps: 599709
episodes: 2990
mean 100 episode reward: 3.1
% time spent exploring: 1
********************************************************
********************************************************
steps: 602620
episodes: 3000
mean 100 episode reward: 3.2
% time spent exploring: 1
********************************************************
********************************************************
steps: 605475
episodes: 3010
mean 100 episode reward: 3.2
% time spent exploring: 1
********************************************************
********************************************************
steps: 608923
episodes: 3020
mean 100 episode reward: 3.4
% time spent exploring: 1
********************************************************
********************************************************
steps: 611600
episodes: 3030
mean 100 episode reward: 3.3
% time spent exploring: 1
********************************************************
********************************************************
steps: 614577
episodes: 3040
mean 100 episode reward: 3.3
% time spent exploring: 1
********************************************************
********************************************************
steps: 617610
episodes: 3050
mean 100 episode reward: 3.4
% time spent exploring: 1
********************************************************
********************************************************
steps: 620157
episodes: 3060
mean 100 episode reward: 3.4
% time spent exploring: 1
********************************************************
********************************************************
steps: 623723
episodes: 3070
mean 100 episode reward: 3.5
% time spent exploring: 1
********************************************************
********************************************************
steps: 627169
episodes: 3080
mean 100 episode reward: 3.7
% time spent exploring: 1
********************************************************
********************************************************
steps: 629912
episodes: 3090
mean 100 episode reward: 3.7
% time spent exploring: 1
********************************************************
********************************************************
steps: 632667
episodes: 3100
mean 100 episode reward: 3.7
% time spent exploring: 1
********************************************************
********************************************************
steps: 635210
episodes: 3110
mean 100 episode reward: 3.7
% time spent exploring: 1
********************************************************
********************************************************
steps: 638341
episodes: 3120
mean 100 episode reward: 3.6
% time spent exploring: 1
********************************************************
********************************************************
steps: 641024
episodes: 3130
mean 100 episode reward: 3.7
% time spent exploring: 1
********************************************************
********************************************************
steps: 644146
episodes: 3140
mean 100 episode reward: 3.7
% time spent exploring: 1
********************************************************
********************************************************
steps: 647400
episodes: 3150
mean 100 episode reward: 3.7
% time spent exploring: 1
********************************************************
********************************************************
steps: 650321
episodes: 3160
mean 100 episode reward: 3.7
% time spent exploring: 1
********************************************************
********************************************************
steps: 652692
episodes: 3170
mean 100 episode reward: 3.6
% time spent exploring: 1
********************************************************
********************************************************
steps: 656398
episodes: 3180
mean 100 episode reward: 3.6
% time spent exploring: 1
********************************************************
********************************************************
steps: 659196
episodes: 3190
mean 100 episode reward: 3.5
% time spent exploring: 1
********************************************************
********************************************************
steps: 662002
episodes: 3200
mean 100 episode reward: 3.5
% time spent exploring: 1
********************************************************
********************************************************
steps: 664982
episodes: 3210
mean 100 episode reward: 3.5
% time spent exploring: 1
********************************************************
********************************************************
steps: 668184
episodes: 3220
mean 100 episode reward: 3.4
% time spent exploring: 1
********************************************************
********************************************************
steps: 670695
episodes: 3230
mean 100 episode reward: 3.3
% time spent exploring: 1
********************************************************
********************************************************
steps: 674144
episodes: 3240
mean 100 episode reward: 3.2
% time spent exploring: 1
********************************************************
********************************************************
steps: 677205
episodes: 3250
mean 100 episode reward: 3.2
% time spent exploring: 1
********************************************************
********************************************************
steps: 680466
episodes: 3260
mean 100 episode reward: 3.3
% time spent exploring: 1
********************************************************
********************************************************
steps: 682926
episodes: 3270
mean 100 episode reward: 3.3
% time spent exploring: 1
********************************************************
********************************************************
steps: 685902
episodes: 3280
mean 100 episode reward: 3.2
% time spent exploring: 1
********************************************************
********************************************************
steps: 689178
episodes: 3290
mean 100 episode reward: 3.3
% time spent exploring: 1
********************************************************
********************************************************
steps: 692094
episodes: 3300
mean 100 episode reward: 3.2
% time spent exploring: 1
********************************************************
********************************************************
steps: 694846
episodes: 3310
mean 100 episode reward: 3.2
% time spent exploring: 1
********************************************************
********************************************************
steps: 697500
episodes: 3320
mean 100 episode reward: 3.2
% time spent exploring: 1
********************************************************
********************************************************
steps: 701319
episodes: 3330
mean 100 episode reward: 3.5
% time spent exploring: 1
********************************************************
********************************************************
steps: 704043
episodes: 3340
mean 100 episode reward: 3.4
% time spent exploring: 1
********************************************************
********************************************************
steps: 707589
episodes: 3350
mean 100 episode reward: 3.6
% time spent exploring: 1
********************************************************
********************************************************
steps: 711302
episodes: 3360
mean 100 episode reward: 3.7
% time spent exploring: 1
********************************************************
********************************************************
steps: 714339
episodes: 3370
mean 100 episode reward: 3.7
% time spent exploring: 1
********************************************************
********************************************************
steps: 718104
episodes: 3380
mean 100 episode reward: 3.9
% time spent exploring: 1
********************************************************
********************************************************
steps: 721177
episodes: 3390
mean 100 episode reward: 4.0
% time spent exploring: 1
********************************************************
********************************************************
steps: 723848
episodes: 3400
mean 100 episode reward: 4.0
% time spent exploring: 1
********************************************************
********************************************************
steps: 727105
episodes: 3410
mean 100 episode reward: 4.1
% time spent exploring: 1
********************************************************
********************************************************
steps: 730391
episodes: 3420
mean 100 episode reward: 4.2
% time spent exploring: 1
********************************************************
********************************************************
steps: 733846
episodes: 3430
mean 100 episode reward: 4.0
% time spent exploring: 1
********************************************************
********************************************************
steps: 736696
episodes: 3440
mean 100 episode reward: 4.1
% time spent exploring: 1
********************************************************
********************************************************
steps: 739414
episodes: 3450
mean 100 episode reward: 4.0
% time spent exploring: 1
********************************************************
********************************************************
steps: 742022
episodes: 3460
mean 100 episode reward: 3.7
% time spent exploring: 1
********************************************************
********************************************************
steps: 745615
episodes: 3470
mean 100 episode reward: 3.8
% time spent exploring: 1
********************************************************
********************************************************
steps: 749697
episodes: 3480
mean 100 episode reward: 4.0
% time spent exploring: 1
********************************************************
********************************************************
steps: 752742
episodes: 3490
mean 100 episode reward: 4.0
% time spent exploring: 1
********************************************************
********************************************************
steps: 755448
episodes: 3500
mean 100 episode reward: 4.1
% time spent exploring: 1
********************************************************
********************************************************
steps: 757916
episodes: 3510
mean 100 episode reward: 4.2
% time spent exploring: 1
********************************************************
********************************************************
steps: 761003
episodes: 3520
mean 100 episode reward: 4.4
% time spent exploring: 1
********************************************************
********************************************************
steps: 762945
episodes: 3530
mean 100 episode reward: 4.2
% time spent exploring: 1
********************************************************
********************************************************
steps: 766047
episodes: 3540
mean 100 episode reward: 4.6
% time spent exploring: 1
********************************************************
********************************************************
steps: 769155
episodes: 3550
mean 100 episode reward: 5.0
% time spent exploring: 1
********************************************************
********************************************************
steps: 771220
episodes: 3560
mean 100 episode reward: 5.0
% time spent exploring: 1
********************************************************
********************************************************
steps: 773079
episodes: 3570
mean 100 episode reward: 4.9
% time spent exploring: 1
********************************************************
********************************************************
steps: 775172
episodes: 3580
mean 100 episode reward: 4.6
% time spent exploring: 1
********************************************************
********************************************************
steps: 777780
episodes: 3590
mean 100 episode reward: 4.8
% time spent exploring: 1
********************************************************
********************************************************
steps: 780888
episodes: 3600
mean 100 episode reward: 5.3
% time spent exploring: 1
********************************************************
********************************************************
steps: 783931
episodes: 3610
mean 100 episode reward: 5.6
% time spent exploring: 1
********************************************************
********************************************************
steps: 786483
episodes: 3620
mean 100 episode reward: 5.6
% time spent exploring: 1
********************************************************
********************************************************
steps: 788987
episodes: 3630
mean 100 episode reward: 6.0
% time spent exploring: 1
********************************************************
********************************************************
steps: 791787
episodes: 3640
mean 100 episode reward: 6.0
% time spent exploring: 1
********************************************************
********************************************************
steps: 794687
episodes: 3650
mean 100 episode reward: 6.0
% time spent exploring: 1
********************************************************
********************************************************
steps: 797204
episodes: 3660
mean 100 episode reward: 6.4
% time spent exploring: 1
********************************************************
********************************************************
steps: 799265
episodes: 3670
mean 100 episode reward: 6.5
% time spent exploring: 1
********************************************************
********************************************************
steps: 801468
episodes: 3680
mean 100 episode reward: 6.6
% time spent exploring: 1
********************************************************
********************************************************
steps: 803680
episodes: 3690
mean 100 episode reward: 6.7
% time spent exploring: 1
********************************************************
********************************************************
steps: 805543
episodes: 3700
mean 100 episode reward: 6.1
% time spent exploring: 1
********************************************************
********************************************************
steps: 807378
episodes: 3710
mean 100 episode reward: 5.6
% time spent exploring: 1
********************************************************
********************************************************
steps: 808818
episodes: 3720
mean 100 episode reward: 5.3
% time spent exploring: 1
********************************************************
********************************************************
steps: 810827
episodes: 3730
mean 100 episode reward: 5.0
% time spent exploring: 1
********************************************************
********************************************************
steps: 812979
episodes: 3740
mean 100 episode reward: 4.7
% time spent exploring: 1
********************************************************
********************************************************
steps: 815701
episodes: 3750
mean 100 episode reward: 4.6
% time spent exploring: 1
********************************************************
********************************************************
steps: 818026
episodes: 3760
mean 100 episode reward: 4.2
% time spent exploring: 1
********************************************************
********************************************************
steps: 820616
episodes: 3770
mean 100 episode reward: 4.2
% time spent exploring: 1
********************************************************
********************************************************
steps: 823082
episodes: 3780
mean 100 episode reward: 4.2
% time spent exploring: 1
********************************************************
********************************************************
steps: 825892
episodes: 3790
mean 100 episode reward: 4.1
% time spent exploring: 1
********************************************************
********************************************************
steps: 827532
episodes: 3800
mean 100 episode reward: 3.8
% time spent exploring: 1
********************************************************
********************************************************
steps: 829210
episodes: 3810
mean 100 episode reward: 3.9
% time spent exploring: 1
********************************************************
********************************************************
steps: 830725
episodes: 3820
mean 100 episode reward: 3.9
% time spent exploring: 1
********************************************************
********************************************************
steps: 832527
episodes: 3830
mean 100 episode reward: 3.8
% time spent exploring: 1
********************************************************
********************************************************
steps: 834511
episodes: 3840
mean 100 episode reward: 3.7
% time spent exploring: 1
********************************************************
********************************************************
steps: 836304
episodes: 3850
mean 100 episode reward: 3.2
% time spent exploring: 1
********************************************************
********************************************************
steps: 838069
episodes: 3860
mean 100 episode reward: 3.2
% time spent exploring: 1
********************************************************
********************************************************
steps: 839879
episodes: 3870
mean 100 episode reward: 2.8
% time spent exploring: 1
********************************************************
********************************************************
steps: 841903
episodes: 3880
mean 100 episode reward: 2.8
% time spent exploring: 1
********************************************************
********************************************************
steps: 843532
episodes: 3890
mean 100 episode reward: 2.6
% time spent exploring: 1
********************************************************
********************************************************
steps: 845231
episodes: 3900
mean 100 episode reward: 2.8
% time spent exploring: 1
********************************************************
********************************************************
steps: 847423
episodes: 3910
mean 100 episode reward: 3.1
% time spent exploring: 1
********************************************************
********************************************************
steps: 849117
episodes: 3920
mean 100 episode reward: 3.2
% time spent exploring: 1
********************************************************
********************************************************
steps: 851346
episodes: 3930
mean 100 episode reward: 3.4
% time spent exploring: 1
********************************************************
********************************************************
steps: 853387
episodes: 3940
mean 100 episode reward: 3.5
% time spent exploring: 1
********************************************************
********************************************************
steps: 856256
episodes: 3950
mean 100 episode reward: 4.0
% time spent exploring: 1
********************************************************
********************************************************
steps: 858018
episodes: 3960
mean 100 episode reward: 4.3
% time spent exploring: 1
********************************************************
********************************************************
steps: 859924
episodes: 3970
mean 100 episode reward: 4.6
% time spent exploring: 1
********************************************************
********************************************************
steps: 861778
episodes: 3980
mean 100 episode reward: 4.7
% time spent exploring: 1
********************************************************
********************************************************
steps: 863653
episodes: 3990
mean 100 episode reward: 5.0
% time spent exploring: 1
********************************************************
********************************************************
steps: 865850
episodes: 4000
mean 100 episode reward: 5.3
% time spent exploring: 1
********************************************************
********************************************************
steps: 869116
episodes: 4010
mean 100 episode reward: 5.6
% time spent exploring: 1
********************************************************
********************************************************
steps: 871579
episodes: 4020
mean 100 episode reward: 5.8
% time spent exploring: 1
********************************************************
********************************************************
steps: 872984
episodes: 4030
mean 100 episode reward: 5.5
% time spent exploring: 1
********************************************************
********************************************************
steps: 874126
episodes: 4040
mean 100 episode reward: 5.2
% time spent exploring: 1
********************************************************
********************************************************
steps: 875295
episodes: 4050
mean 100 episode reward: 4.5
% time spent exploring: 1
********************************************************
********************************************************
steps: 877338
episodes: 4060
mean 100 episode reward: 4.6
% time spent exploring: 1
********************************************************
********************************************************
steps: 879631
episodes: 4070
mean 100 episode reward: 4.4
% time spent exploring: 1
********************************************************
********************************************************
steps: 881217
episodes: 4080
mean 100 episode reward: 4.2
% time spent exploring: 1
********************************************************
********************************************************
steps: 882604
episodes: 4090
mean 100 episode reward: 4.0
% time spent exploring: 1
********************************************************
********************************************************
steps: 884567
episodes: 4100
mean 100 episode reward: 3.9
% time spent exploring: 1
********************************************************
********************************************************
steps: 885750
episodes: 4110
mean 100 episode reward: 3.1
% time spent exploring: 1
********************************************************
********************************************************
steps: 887281
episodes: 4120
mean 100 episode reward: 2.9
% time spent exploring: 1
********************************************************
********************************************************
steps: 890768
episodes: 4130
mean 100 episode reward: 3.6
% time spent exploring: 1
********************************************************
********************************************************
steps: 892938
episodes: 4140
mean 100 episode reward: 4.0
% time spent exploring: 1
********************************************************
********************************************************
steps: 895258
episodes: 4150
mean 100 episode reward: 4.4
% time spent exploring: 1
********************************************************
********************************************************
steps: 896878
episodes: 4160
mean 100 episode reward: 4.2
% time spent exploring: 1
********************************************************
********************************************************
steps: 898083
episodes: 4170
mean 100 episode reward: 3.9
% time spent exploring: 1
********************************************************
********************************************************
steps: 899623
episodes: 4180
mean 100 episode reward: 3.8
% time spent exploring: 1
********************************************************
********************************************************
steps: 901577
episodes: 4190
mean 100 episode reward: 3.9
% time spent exploring: 1
********************************************************
********************************************************
steps: 903717
episodes: 4200
mean 100 episode reward: 3.8
% time spent exploring: 1
********************************************************
********************************************************
steps: 905722
episodes: 4210
mean 100 episode reward: 4.2
% time spent exploring: 1
********************************************************
********************************************************
steps: 908298
episodes: 4220
mean 100 episode reward: 4.4
% time spent exploring: 1
********************************************************
********************************************************
steps: 910443
episodes: 4230
mean 100 episode reward: 4.0
% time spent exploring: 1
********************************************************
********************************************************
steps: 913232
episodes: 4240
mean 100 episode reward: 4.1
% time spent exploring: 1
********************************************************
********************************************************
steps: 914537
episodes: 4250
mean 100 episode reward: 3.8
% time spent exploring: 1
********************************************************
********************************************************
steps: 915993
episodes: 4260
mean 100 episode reward: 3.8
% time spent exploring: 1
********************************************************
********************************************************
steps: 918113
episodes: 4270
mean 100 episode reward: 4.0
% time spent exploring: 1
********************************************************
********************************************************
steps: 919399
episodes: 4280
mean 100 episode reward: 4.0
% time spent exploring: 1
********************************************************
********************************************************
steps: 920281
episodes: 4290
mean 100 episode reward: 3.6
% time spent exploring: 1
********************************************************
********************************************************
steps: 921204
episodes: 4300
mean 100 episode reward: 3.1
% time spent exploring: 1
********************************************************
********************************************************
steps: 922051
episodes: 4310
mean 100 episode reward: 2.7
% time spent exploring: 1
********************************************************
********************************************************
steps: 923391
episodes: 4320
mean 100 episode reward: 2.3
% time spent exploring: 1
********************************************************
********************************************************
steps: 924958
episodes: 4330
mean 100 episode reward: 2.1
% time spent exploring: 1
********************************************************
********************************************************
steps: 927197
episodes: 4340
mean 100 episode reward: 1.8
% time spent exploring: 1
********************************************************
********************************************************
steps: 929834
episodes: 4350
mean 100 episode reward: 2.2
% time spent exploring: 1
********************************************************
********************************************************
steps: 931966
episodes: 4360
mean 100 episode reward: 2.3
% time spent exploring: 1
********************************************************
********************************************************
steps: 934276
episodes: 4370
mean 100 episode reward: 2.5
% time spent exploring: 1
********************************************************
********************************************************
steps: 936368
episodes: 4380
mean 100 episode reward: 2.7
% time spent exploring: 1
********************************************************
********************************************************
steps: 938254
episodes: 4390
mean 100 episode reward: 3.0
% time spent exploring: 1
********************************************************
********************************************************
steps: 939972
episodes: 4400
mean 100 episode reward: 3.3
% time spent exploring: 1
********************************************************
********************************************************
steps: 942375
episodes: 4410
mean 100 episode reward: 3.8
% time spent exploring: 1
********************************************************
********************************************************
steps: 944884
episodes: 4420
mean 100 episode reward: 4.2
% time spent exploring: 1
********************************************************
********************************************************
steps: 947307
episodes: 4430
mean 100 episode reward: 4.4
% time spent exploring: 1
********************************************************
********************************************************
steps: 949238
episodes: 4440
mean 100 episode reward: 4.5
% time spent exploring: 1
********************************************************
********************************************************
steps: 950813
episodes: 4450
mean 100 episode reward: 4.1
% time spent exploring: 1
********************************************************
********************************************************
steps: 952553
episodes: 4460
mean 100 episode reward: 3.9
% time spent exploring: 1
********************************************************
********************************************************
steps: 954912
episodes: 4470
mean 100 episode reward: 3.8
% time spent exploring: 1
********************************************************
********************************************************
steps: 956616
episodes: 4480
mean 100 episode reward: 3.7
% time spent exploring: 1
********************************************************
********************************************************
steps: 958855
episodes: 4490
mean 100 episode reward: 3.8
% time spent exploring: 1
********************************************************
********************************************************
steps: 960684
episodes: 4500
mean 100 episode reward: 3.8
% time spent exploring: 1
********************************************************
********************************************************
steps: 963481
episodes: 4510
mean 100 episode reward: 4.0
% time spent exploring: 1
********************************************************
********************************************************
steps: 965770
episodes: 4520
mean 100 episode reward: 3.9
% time spent exploring: 1
********************************************************
********************************************************
steps: 967694
episodes: 4530
mean 100 episode reward: 3.8
% time spent exploring: 1
********************************************************
********************************************************
steps: 969773
episodes: 4540
mean 100 episode reward: 3.9
% time spent exploring: 1
********************************************************
********************************************************
steps: 972606
episodes: 4550
mean 100 episode reward: 4.5
% time spent exploring: 1
********************************************************
********************************************************
steps: 974801
episodes: 4560
mean 100 episode reward: 4.6
% time spent exploring: 1
********************************************************
********************************************************
steps: 977420
episodes: 4570
mean 100 episode reward: 4.7
% time spent exploring: 1
********************************************************
********************************************************
steps: 979294
episodes: 4580
mean 100 episode reward: 4.8
% time spent exploring: 1
********************************************************
********************************************************
steps: 982042
episodes: 4590
mean 100 episode reward: 5.0
% time spent exploring: 1
********************************************************
********************************************************
steps: 984716
episodes: 4600
mean 100 episode reward: 5.2
% time spent exploring: 1
********************************************************
********************************************************
steps: 986590
episodes: 4610
mean 100 episode reward: 4.9
% time spent exploring: 1
********************************************************
********************************************************
steps: 988894
episodes: 4620
mean 100 episode reward: 4.8
% time spent exploring: 1
********************************************************
********************************************************
steps: 990666
episodes: 4630
mean 100 episode reward: 4.8
% time spent exploring: 1
********************************************************
********************************************************
steps: 993045
episodes: 4640
mean 100 episode reward: 4.8
% time spent exploring: 1
********************************************************
********************************************************
steps: 995316
episodes: 4650
mean 100 episode reward: 4.6
% time spent exploring: 1
********************************************************
********************************************************
steps: 997535
episodes: 4660
mean 100 episode reward: 4.6
% time spent exploring: 1
********************************************************
