Wed Nov 15 12:13:28 2023       
+---------------------------------------------------------------------------------------+
| NVIDIA-SMI 530.30.02              Driver Version: 530.30.02    CUDA Version: 12.1     |
|-----------------------------------------+----------------------+----------------------+
| GPU  Name                  Persistence-M| Bus-Id        Disp.A | Volatile Uncorr. ECC |
| Fan  Temp  Perf            Pwr:Usage/Cap|         Memory-Usage | GPU-Util  Compute M. |
|                                         |                      |               MIG M. |
|=========================================+======================+======================|
|   0  NVIDIA A40                      On | 00000000:E3:00.0 Off |                    0 |
|  0%   28C    P8               32W / 300W|      0MiB / 46068MiB |      0%      Default |
|                                         |                      |                  N/A |
+-----------------------------------------+----------------------+----------------------+
                                                                                         
+---------------------------------------------------------------------------------------+
| Processes:                                                                            |
|  GPU   GI   CI        PID   Type   Process name                            GPU Memory |
|        ID   ID                                                             Usage      |
|=======================================================================================|
|  No running processes found                                                           |
+---------------------------------------------------------------------------------------+
********************************************************
steps: 1777
episodes: 10
mean 100 episode reward: 4.0
% time spent exploring: 98
********************************************************
********************************************************
steps: 3910
episodes: 20
mean 100 episode reward: 4.1
% time spent exploring: 96
********************************************************
********************************************************
steps: 5479
episodes: 30
mean 100 episode reward: 3.7
% time spent exploring: 94
********************************************************
********************************************************
steps: 7022
episodes: 40
mean 100 episode reward: 3.3
% time spent exploring: 93
********************************************************
********************************************************
steps: 8655
episodes: 50
mean 100 episode reward: 3.3
% time spent exploring: 91
********************************************************
********************************************************
steps: 9844
episodes: 60
mean 100 episode reward: 3.2
% time spent exploring: 90
********************************************************
********************************************************
steps: 11541
episodes: 70
mean 100 episode reward: 3.2
% time spent exploring: 88
********************************************************
********************************************************
steps: 13794
episodes: 80
mean 100 episode reward: 3.3
% time spent exploring: 86
********************************************************
********************************************************
steps: 15261
episodes: 90
mean 100 episode reward: 3.2
% time spent exploring: 84
********************************************************
********************************************************
steps: 16552
episodes: 100
mean 100 episode reward: 3.0
% time spent exploring: 83
********************************************************
********************************************************
steps: 18566
episodes: 110
mean 100 episode reward: 3.1
% time spent exploring: 81
********************************************************
********************************************************
steps: 20422
episodes: 120
mean 100 episode reward: 3.0
% time spent exploring: 79
********************************************************
********************************************************
steps: 22262
episodes: 130
mean 100 episode reward: 3.1
% time spent exploring: 77
********************************************************
********************************************************
steps: 23852
episodes: 140
mean 100 episode reward: 3.3
% time spent exploring: 76
********************************************************
********************************************************
steps: 25949
episodes: 150
mean 100 episode reward: 3.4
% time spent exploring: 74
********************************************************
********************************************************
steps: 28093
episodes: 160
mean 100 episode reward: 3.6
% time spent exploring: 72
********************************************************
********************************************************
steps: 30057
episodes: 170
mean 100 episode reward: 3.5
% time spent exploring: 70
********************************************************
********************************************************
steps: 32146
episodes: 180
mean 100 episode reward: 3.6
% time spent exploring: 68
********************************************************
********************************************************
steps: 33539
episodes: 190
mean 100 episode reward: 3.6
% time spent exploring: 66
********************************************************
********************************************************
steps: 34987
episodes: 200
mean 100 episode reward: 3.7
% time spent exploring: 65
********************************************************
********************************************************
steps: 37029
episodes: 210
mean 100 episode reward: 3.8
% time spent exploring: 63
********************************************************
********************************************************
steps: 38418
episodes: 220
mean 100 episode reward: 3.8
% time spent exploring: 61
********************************************************
********************************************************
steps: 40365
episodes: 230
mean 100 episode reward: 3.8
% time spent exploring: 60
********************************************************
********************************************************
steps: 41903
episodes: 240
mean 100 episode reward: 3.7
% time spent exploring: 58
********************************************************
********************************************************
steps: 43397
episodes: 250
mean 100 episode reward: 3.6
% time spent exploring: 57
********************************************************
********************************************************
steps: 44991
episodes: 260
mean 100 episode reward: 3.6
% time spent exploring: 55
********************************************************
********************************************************
steps: 46680
episodes: 270
mean 100 episode reward: 3.6
% time spent exploring: 53
********************************************************
********************************************************
steps: 49363
episodes: 280
mean 100 episode reward: 3.7
% time spent exploring: 51
********************************************************
********************************************************
steps: 51373
episodes: 290
mean 100 episode reward: 4.0
% time spent exploring: 49
********************************************************
********************************************************
steps: 52543
episodes: 300
mean 100 episode reward: 3.9
% time spent exploring: 47
********************************************************
********************************************************
steps: 54141
episodes: 310
mean 100 episode reward: 3.6
% time spent exploring: 46
********************************************************
********************************************************
steps: 56080
episodes: 320
mean 100 episode reward: 3.8
% time spent exploring: 44
********************************************************
********************************************************
steps: 57194
episodes: 330
mean 100 episode reward: 3.6
% time spent exploring: 43
********************************************************
********************************************************
steps: 59057
episodes: 340
mean 100 episode reward: 3.8
% time spent exploring: 41
********************************************************
********************************************************
steps: 59961
episodes: 350
mean 100 episode reward: 3.6
% time spent exploring: 40
********************************************************
********************************************************
steps: 61447
episodes: 360
mean 100 episode reward: 3.6
% time spent exploring: 39
********************************************************
********************************************************
steps: 63565
episodes: 370
mean 100 episode reward: 3.8
% time spent exploring: 37
********************************************************
********************************************************
steps: 64889
episodes: 380
mean 100 episode reward: 3.5
% time spent exploring: 35
********************************************************
********************************************************
steps: 66386
episodes: 390
mean 100 episode reward: 3.3
% time spent exploring: 34
********************************************************
********************************************************
steps: 68242
episodes: 400
mean 100 episode reward: 3.4
% time spent exploring: 32
********************************************************
********************************************************
steps: 70008
episodes: 410
mean 100 episode reward: 3.6
% time spent exploring: 30
********************************************************
********************************************************
steps: 71758
episodes: 420
mean 100 episode reward: 3.6
% time spent exploring: 28
********************************************************
********************************************************
steps: 73991
episodes: 430
mean 100 episode reward: 4.0
% time spent exploring: 26
********************************************************
********************************************************
steps: 75731
episodes: 440
mean 100 episode reward: 4.0
% time spent exploring: 25
********************************************************
********************************************************
steps: 77469
episodes: 450
mean 100 episode reward: 4.1
% time spent exploring: 23
********************************************************
********************************************************
steps: 79099
episodes: 460
mean 100 episode reward: 4.1
% time spent exploring: 21
********************************************************
********************************************************
steps: 80743
episodes: 470
mean 100 episode reward: 4.0
% time spent exploring: 20
********************************************************
********************************************************
steps: 81985
episodes: 480
mean 100 episode reward: 3.9
% time spent exploring: 18
********************************************************
********************************************************
steps: 83472
episodes: 490
mean 100 episode reward: 4.0
% time spent exploring: 17
********************************************************
********************************************************
steps: 85661
episodes: 500
mean 100 episode reward: 4.1
% time spent exploring: 15
********************************************************
********************************************************
steps: 87499
episodes: 510
mean 100 episode reward: 4.1
% time spent exploring: 13
********************************************************
********************************************************
steps: 89151
episodes: 520
mean 100 episode reward: 3.9
% time spent exploring: 11
********************************************************
********************************************************
steps: 90817
episodes: 530
mean 100 episode reward: 3.7
% time spent exploring: 10
********************************************************
********************************************************
steps: 93150
episodes: 540
mean 100 episode reward: 3.8
% time spent exploring: 7
********************************************************
********************************************************
steps: 95495
episodes: 550
mean 100 episode reward: 4.0
% time spent exploring: 5
********************************************************
********************************************************
steps: 97300
episodes: 560
mean 100 episode reward: 4.0
% time spent exploring: 3
********************************************************
********************************************************
steps: 99269
episodes: 570
mean 100 episode reward: 4.0
% time spent exploring: 1
********************************************************
********************************************************
steps: 100896
episodes: 580
mean 100 episode reward: 4.1
% time spent exploring: 1
********************************************************
********************************************************
steps: 102685
episodes: 590
mean 100 episode reward: 4.2
% time spent exploring: 1
********************************************************
********************************************************
steps: 104841
episodes: 600
mean 100 episode reward: 4.2
% time spent exploring: 1
********************************************************
********************************************************
steps: 106634
episodes: 610
mean 100 episode reward: 4.2
% time spent exploring: 1
********************************************************
********************************************************
steps: 108328
episodes: 620
mean 100 episode reward: 4.1
% time spent exploring: 1
********************************************************
********************************************************
steps: 109952
episodes: 630
mean 100 episode reward: 4.2
% time spent exploring: 1
********************************************************
********************************************************
steps: 111754
episodes: 640
mean 100 episode reward: 4.1
% time spent exploring: 1
********************************************************
********************************************************
steps: 112875
episodes: 650
mean 100 episode reward: 3.8
% time spent exploring: 1
********************************************************
********************************************************
steps: 114897
episodes: 660
mean 100 episode reward: 3.9
% time spent exploring: 1
********************************************************
********************************************************
steps: 116880
episodes: 670
mean 100 episode reward: 4.1
% time spent exploring: 1
********************************************************
********************************************************
steps: 118953
episodes: 680
mean 100 episode reward: 4.4
% time spent exploring: 1
********************************************************
********************************************************
steps: 121213
episodes: 690
mean 100 episode reward: 4.5
% time spent exploring: 1
********************************************************
********************************************************
steps: 123032
episodes: 700
mean 100 episode reward: 4.6
% time spent exploring: 1
********************************************************
********************************************************
steps: 125546
episodes: 710
mean 100 episode reward: 4.9
% time spent exploring: 1
********************************************************
********************************************************
steps: 127529
episodes: 720
mean 100 episode reward: 5.3
% time spent exploring: 1
********************************************************
********************************************************
steps: 129251
episodes: 730
mean 100 episode reward: 5.2
% time spent exploring: 1
********************************************************
********************************************************
steps: 130810
episodes: 740
mean 100 episode reward: 5.1
% time spent exploring: 1
********************************************************
********************************************************
steps: 132780
episodes: 750
mean 100 episode reward: 5.3
% time spent exploring: 1
********************************************************
********************************************************
steps: 135064
episodes: 760
mean 100 episode reward: 5.5
% time spent exploring: 1
********************************************************
********************************************************
steps: 137981
episodes: 770
mean 100 episode reward: 5.7
% time spent exploring: 1
********************************************************
********************************************************
steps: 139881
episodes: 780
mean 100 episode reward: 5.6
% time spent exploring: 1
********************************************************
********************************************************
steps: 142316
episodes: 790
mean 100 episode reward: 5.6
% time spent exploring: 1
********************************************************
********************************************************
steps: 144155
episodes: 800
mean 100 episode reward: 5.4
% time spent exploring: 1
********************************************************
********************************************************
steps: 146839
episodes: 810
mean 100 episode reward: 5.4
% time spent exploring: 1
********************************************************
********************************************************
steps: 149026
episodes: 820
mean 100 episode reward: 5.3
% time spent exploring: 1
********************************************************
********************************************************
steps: 150664
episodes: 830
mean 100 episode reward: 5.4
% time spent exploring: 1
********************************************************
********************************************************
steps: 152566
episodes: 840
mean 100 episode reward: 5.6
% time spent exploring: 1
********************************************************
********************************************************
steps: 154590
episodes: 850
mean 100 episode reward: 5.6
% time spent exploring: 1
********************************************************
********************************************************
steps: 156800
episodes: 860
mean 100 episode reward: 5.6
% time spent exploring: 1
********************************************************
********************************************************
steps: 159219
episodes: 870
mean 100 episode reward: 5.5
% time spent exploring: 1
********************************************************
********************************************************
steps: 160997
episodes: 880
mean 100 episode reward: 5.5
% time spent exploring: 1
********************************************************
********************************************************
steps: 162827
episodes: 890
mean 100 episode reward: 5.4
% time spent exploring: 1
********************************************************
********************************************************
steps: 165167
episodes: 900
mean 100 episode reward: 5.6
% time spent exploring: 1
********************************************************
********************************************************
steps: 166846
episodes: 910
mean 100 episode reward: 5.4
% time spent exploring: 1
********************************************************
********************************************************
steps: 168653
episodes: 920
mean 100 episode reward: 5.4
% time spent exploring: 1
********************************************************
********************************************************
steps: 170639
episodes: 930
mean 100 episode reward: 5.4
% time spent exploring: 1
********************************************************
********************************************************
steps: 172863
episodes: 940
mean 100 episode reward: 5.4
% time spent exploring: 1
********************************************************
********************************************************
steps: 174723
episodes: 950
mean 100 episode reward: 5.3
% time spent exploring: 1
********************************************************
********************************************************
steps: 177009
episodes: 960
mean 100 episode reward: 5.2
% time spent exploring: 1
********************************************************
********************************************************
steps: 178594
episodes: 970
mean 100 episode reward: 4.8
% time spent exploring: 1
********************************************************
********************************************************
steps: 180473
episodes: 980
mean 100 episode reward: 4.8
% time spent exploring: 1
********************************************************
********************************************************
steps: 182762
episodes: 990
mean 100 episode reward: 5.0
% time spent exploring: 1
********************************************************
********************************************************
steps: 184427
episodes: 1000
mean 100 episode reward: 4.8
% time spent exploring: 1
********************************************************
********************************************************
steps: 186641
episodes: 1010
mean 100 episode reward: 4.8
% time spent exploring: 1
********************************************************
********************************************************
steps: 189150
episodes: 1020
mean 100 episode reward: 5.0
% time spent exploring: 1
********************************************************
********************************************************
steps: 191265
episodes: 1030
mean 100 episode reward: 5.1
% time spent exploring: 1
********************************************************
********************************************************
steps: 192962
episodes: 1040
mean 100 episode reward: 5.1
% time spent exploring: 1
********************************************************
********************************************************
steps: 195393
episodes: 1050
mean 100 episode reward: 5.3
% time spent exploring: 1
********************************************************
********************************************************
steps: 197211
episodes: 1060
mean 100 episode reward: 5.3
% time spent exploring: 1
********************************************************
********************************************************
steps: 198933
episodes: 1070
mean 100 episode reward: 5.4
% time spent exploring: 1
********************************************************
********************************************************
steps: 201101
episodes: 1080
mean 100 episode reward: 5.5
% time spent exploring: 1
********************************************************
********************************************************
steps: 202865
episodes: 1090
mean 100 episode reward: 5.4
% time spent exploring: 1
********************************************************
********************************************************
steps: 204855
episodes: 1100
mean 100 episode reward: 5.6
% time spent exploring: 1
********************************************************
********************************************************
steps: 206972
episodes: 1110
mean 100 episode reward: 5.6
% time spent exploring: 1
********************************************************
********************************************************
steps: 208354
episodes: 1120
mean 100 episode reward: 5.3
% time spent exploring: 1
********************************************************
********************************************************
steps: 210526
episodes: 1130
mean 100 episode reward: 5.3
% time spent exploring: 1
********************************************************
********************************************************
steps: 212518
episodes: 1140
mean 100 episode reward: 5.4
% time spent exploring: 1
********************************************************
********************************************************
steps: 213840
episodes: 1150
mean 100 episode reward: 4.9
% time spent exploring: 1
********************************************************
********************************************************
steps: 215784
episodes: 1160
mean 100 episode reward: 5.0
% time spent exploring: 1
********************************************************
********************************************************
steps: 217834
episodes: 1170
mean 100 episode reward: 5.0
% time spent exploring: 1
********************************************************
********************************************************
steps: 220503
episodes: 1180
mean 100 episode reward: 5.1
% time spent exploring: 1
********************************************************
********************************************************
steps: 222267
episodes: 1190
mean 100 episode reward: 5.0
% time spent exploring: 1
********************************************************
********************************************************
steps: 223579
episodes: 1200
mean 100 episode reward: 4.6
% time spent exploring: 1
********************************************************
********************************************************
steps: 226058
episodes: 1210
mean 100 episode reward: 4.7
% time spent exploring: 1
********************************************************
********************************************************
steps: 228100
episodes: 1220
mean 100 episode reward: 4.8
% time spent exploring: 1
********************************************************
********************************************************
steps: 230504
episodes: 1230
mean 100 episode reward: 4.7
% time spent exploring: 1
********************************************************
********************************************************
steps: 232592
episodes: 1240
mean 100 episode reward: 4.8
% time spent exploring: 1
********************************************************
********************************************************
steps: 234463
episodes: 1250
mean 100 episode reward: 5.0
% time spent exploring: 1
********************************************************
********************************************************
steps: 236090
episodes: 1260
mean 100 episode reward: 4.8
% time spent exploring: 1
********************************************************
********************************************************
steps: 238720
episodes: 1270
mean 100 episode reward: 4.9
% time spent exploring: 1
********************************************************
********************************************************
steps: 240740
episodes: 1280
mean 100 episode reward: 4.8
% time spent exploring: 1
********************************************************
********************************************************
steps: 242610
episodes: 1290
mean 100 episode reward: 4.9
% time spent exploring: 1
********************************************************
********************************************************
steps: 244815
episodes: 1300
mean 100 episode reward: 5.2
% time spent exploring: 1
********************************************************
********************************************************
steps: 246731
episodes: 1310
mean 100 episode reward: 5.1
% time spent exploring: 1
********************************************************
********************************************************
steps: 248450
episodes: 1320
mean 100 episode reward: 5.0
% time spent exploring: 1
********************************************************
********************************************************
steps: 250226
episodes: 1330
mean 100 episode reward: 5.0
% time spent exploring: 1
********************************************************
********************************************************
steps: 252631
episodes: 1340
mean 100 episode reward: 5.0
% time spent exploring: 1
********************************************************
********************************************************
steps: 254333
episodes: 1350
mean 100 episode reward: 4.9
% time spent exploring: 1
********************************************************
********************************************************
steps: 256646
episodes: 1360
mean 100 episode reward: 5.2
% time spent exploring: 1
********************************************************
********************************************************
steps: 258963
episodes: 1370
mean 100 episode reward: 5.3
% time spent exploring: 1
********************************************************
********************************************************
steps: 261158
episodes: 1380
mean 100 episode reward: 5.4
% time spent exploring: 1
********************************************************
********************************************************
steps: 262422
episodes: 1390
mean 100 episode reward: 5.1
% time spent exploring: 1
********************************************************
********************************************************
steps: 264795
episodes: 1400
mean 100 episode reward: 5.2
% time spent exploring: 1
********************************************************
********************************************************
steps: 266727
episodes: 1410
mean 100 episode reward: 5.2
% time spent exploring: 1
********************************************************
********************************************************
steps: 268695
episodes: 1420
mean 100 episode reward: 5.2
% time spent exploring: 1
********************************************************
********************************************************
steps: 270790
episodes: 1430
mean 100 episode reward: 5.2
% time spent exploring: 1
********************************************************
********************************************************
steps: 272925
episodes: 1440
mean 100 episode reward: 5.1
% time spent exploring: 1
********************************************************
********************************************************
steps: 275063
episodes: 1450
mean 100 episode reward: 5.2
% time spent exploring: 1
********************************************************
********************************************************
steps: 276833
episodes: 1460
mean 100 episode reward: 4.9
% time spent exploring: 1
********************************************************
********************************************************
steps: 278625
episodes: 1470
mean 100 episode reward: 4.7
% time spent exploring: 1
********************************************************
********************************************************
steps: 280354
episodes: 1480
mean 100 episode reward: 4.5
% time spent exploring: 1
********************************************************
********************************************************
steps: 282646
episodes: 1490
mean 100 episode reward: 4.8
% time spent exploring: 1
********************************************************
********************************************************
steps: 284553
episodes: 1500
mean 100 episode reward: 4.6
% time spent exploring: 1
********************************************************
********************************************************
steps: 286692
episodes: 1510
mean 100 episode reward: 4.8
% time spent exploring: 1
********************************************************
********************************************************
steps: 289086
episodes: 1520
mean 100 episode reward: 5.1
% time spent exploring: 1
********************************************************
********************************************************
steps: 290918
episodes: 1530
mean 100 episode reward: 5.1
% time spent exploring: 1
********************************************************
********************************************************
steps: 292969
episodes: 1540
mean 100 episode reward: 5.0
% time spent exploring: 1
********************************************************
********************************************************
steps: 294881
episodes: 1550
mean 100 episode reward: 5.0
% time spent exploring: 1
********************************************************
********************************************************
steps: 296952
episodes: 1560
mean 100 episode reward: 5.2
% time spent exploring: 1
********************************************************
********************************************************
steps: 299363
episodes: 1570
mean 100 episode reward: 5.5
% time spent exploring: 1
********************************************************
********************************************************
steps: 301049
episodes: 1580
mean 100 episode reward: 5.5
% time spent exploring: 1
********************************************************
********************************************************
steps: 303129
episodes: 1590
mean 100 episode reward: 5.5
% time spent exploring: 1
********************************************************
********************************************************
steps: 304335
episodes: 1600
mean 100 episode reward: 5.3
% time spent exploring: 1
********************************************************
********************************************************
steps: 306694
episodes: 1610
mean 100 episode reward: 5.4
% time spent exploring: 1
********************************************************
********************************************************
steps: 308868
episodes: 1620
mean 100 episode reward: 5.3
% time spent exploring: 1
********************************************************
********************************************************
steps: 310591
episodes: 1630
mean 100 episode reward: 5.3
% time spent exploring: 1
********************************************************
********************************************************
steps: 312626
episodes: 1640
mean 100 episode reward: 5.3
% time spent exploring: 1
********************************************************
********************************************************
steps: 315063
episodes: 1650
mean 100 episode reward: 5.4
% time spent exploring: 1
********************************************************
********************************************************
steps: 317316
episodes: 1660
mean 100 episode reward: 5.4
% time spent exploring: 1
********************************************************
********************************************************
steps: 318796
episodes: 1670
mean 100 episode reward: 5.0
% time spent exploring: 1
********************************************************
********************************************************
steps: 321071
episodes: 1680
mean 100 episode reward: 5.2
% time spent exploring: 1
********************************************************
********************************************************
steps: 322628
episodes: 1690
mean 100 episode reward: 5.1
% time spent exploring: 1
********************************************************
********************************************************
steps: 323860
episodes: 1700
mean 100 episode reward: 5.2
% time spent exploring: 1
********************************************************
********************************************************
steps: 325448
episodes: 1710
mean 100 episode reward: 4.8
% time spent exploring: 1
********************************************************
********************************************************
steps: 326916
episodes: 1720
mean 100 episode reward: 4.7
% time spent exploring: 1
********************************************************
********************************************************
steps: 328302
episodes: 1730
mean 100 episode reward: 4.5
% time spent exploring: 1
********************************************************
********************************************************
steps: 330015
episodes: 1740
mean 100 episode reward: 4.4
% time spent exploring: 1
********************************************************
********************************************************
steps: 331449
episodes: 1750
mean 100 episode reward: 4.0
% time spent exploring: 1
********************************************************
********************************************************
steps: 332798
episodes: 1760
mean 100 episode reward: 3.8
% time spent exploring: 1
********************************************************
********************************************************
steps: 334454
episodes: 1770
mean 100 episode reward: 3.9
% time spent exploring: 1
********************************************************
********************************************************
steps: 336646
episodes: 1780
mean 100 episode reward: 4.0
% time spent exploring: 1
********************************************************
********************************************************
steps: 338565
episodes: 1790
mean 100 episode reward: 4.1
% time spent exploring: 1
********************************************************
********************************************************
steps: 340426
episodes: 1800
mean 100 episode reward: 4.2
% time spent exploring: 1
********************************************************
********************************************************
steps: 341907
episodes: 1810
mean 100 episode reward: 4.2
% time spent exploring: 1
********************************************************
********************************************************
steps: 343553
episodes: 1820
mean 100 episode reward: 4.2
% time spent exploring: 1
********************************************************
********************************************************
steps: 345618
episodes: 1830
mean 100 episode reward: 4.4
% time spent exploring: 1
********************************************************
********************************************************
steps: 347333
episodes: 1840
mean 100 episode reward: 4.3
% time spent exploring: 1
********************************************************
********************************************************
steps: 349261
episodes: 1850
mean 100 episode reward: 4.6
% time spent exploring: 1
********************************************************
********************************************************
steps: 351138
episodes: 1860
mean 100 episode reward: 4.7
% time spent exploring: 1
********************************************************
********************************************************
steps: 352691
episodes: 1870
mean 100 episode reward: 4.6
% time spent exploring: 1
********************************************************
********************************************************
steps: 354166
episodes: 1880
mean 100 episode reward: 4.2
% time spent exploring: 1
********************************************************
********************************************************
steps: 355613
episodes: 1890
mean 100 episode reward: 4.1
% time spent exploring: 1
********************************************************
********************************************************
steps: 356988
episodes: 1900
mean 100 episode reward: 3.8
% time spent exploring: 1
********************************************************
********************************************************
steps: 358328
episodes: 1910
mean 100 episode reward: 3.7
% time spent exploring: 1
********************************************************
********************************************************
steps: 359823
episodes: 1920
mean 100 episode reward: 3.7
% time spent exploring: 1
********************************************************
********************************************************
steps: 361443
episodes: 1930
mean 100 episode reward: 3.6
% time spent exploring: 1
********************************************************
********************************************************
steps: 363568
episodes: 1940
mean 100 episode reward: 3.8
% time spent exploring: 1
********************************************************
********************************************************
steps: 365304
episodes: 1950
mean 100 episode reward: 3.9
% time spent exploring: 1
********************************************************
********************************************************
steps: 366960
episodes: 1960
mean 100 episode reward: 3.9
% time spent exploring: 1
********************************************************
********************************************************
steps: 368934
episodes: 1970
mean 100 episode reward: 4.2
% time spent exploring: 1
********************************************************
********************************************************
steps: 370607
episodes: 1980
mean 100 episode reward: 4.2
% time spent exploring: 1
********************************************************
********************************************************
steps: 372245
episodes: 1990
mean 100 episode reward: 4.3
% time spent exploring: 1
********************************************************
********************************************************
steps: 374289
episodes: 2000
mean 100 episode reward: 4.6
% time spent exploring: 1
********************************************************
********************************************************
steps: 375442
episodes: 2010
mean 100 episode reward: 4.7
% time spent exploring: 1
********************************************************
********************************************************
steps: 376645
episodes: 2020
mean 100 episode reward: 4.6
% time spent exploring: 1
********************************************************
********************************************************
steps: 378489
episodes: 2030
mean 100 episode reward: 4.7
% time spent exploring: 1
********************************************************
********************************************************
steps: 380273
episodes: 2040
mean 100 episode reward: 4.5
% time spent exploring: 1
********************************************************
********************************************************
steps: 382494
episodes: 2050
mean 100 episode reward: 4.5
% time spent exploring: 1
********************************************************
********************************************************
steps: 384240
episodes: 2060
mean 100 episode reward: 4.5
% time spent exploring: 1
********************************************************
********************************************************
steps: 385606
episodes: 2070
mean 100 episode reward: 4.3
% time spent exploring: 1
********************************************************
********************************************************
steps: 387495
episodes: 2080
mean 100 episode reward: 4.6
% time spent exploring: 1
********************************************************
********************************************************
steps: 389273
episodes: 2090
mean 100 episode reward: 4.6
% time spent exploring: 1
********************************************************
********************************************************
steps: 391677
episodes: 2100
mean 100 episode reward: 4.6
% time spent exploring: 1
********************************************************
********************************************************
steps: 392959
episodes: 2110
mean 100 episode reward: 4.6
% time spent exploring: 1
********************************************************
********************************************************
steps: 395208
episodes: 2120
mean 100 episode reward: 5.1
% time spent exploring: 1
********************************************************
********************************************************
steps: 397386
episodes: 2130
mean 100 episode reward: 5.0
% time spent exploring: 1
********************************************************
********************************************************
steps: 399896
episodes: 2140
mean 100 episode reward: 5.3
% time spent exploring: 1
********************************************************
********************************************************
steps: 402327
episodes: 2150
mean 100 episode reward: 5.3
% time spent exploring: 1
********************************************************
********************************************************
steps: 403673
episodes: 2160
mean 100 episode reward: 5.2
% time spent exploring: 1
********************************************************
********************************************************
steps: 405458
episodes: 2170
mean 100 episode reward: 5.2
% time spent exploring: 1
********************************************************
********************************************************
steps: 407510
episodes: 2180
mean 100 episode reward: 5.2
% time spent exploring: 1
********************************************************
********************************************************
steps: 409261
episodes: 2190
mean 100 episode reward: 5.1
% time spent exploring: 1
********************************************************
********************************************************
steps: 410861
episodes: 2200
mean 100 episode reward: 4.9
% time spent exploring: 1
********************************************************
********************************************************
steps: 412621
episodes: 2210
mean 100 episode reward: 5.0
% time spent exploring: 1
********************************************************
********************************************************
steps: 414590
episodes: 2220
mean 100 episode reward: 4.7
% time spent exploring: 1
********************************************************
********************************************************
steps: 416175
episodes: 2230
mean 100 episode reward: 4.5
% time spent exploring: 1
********************************************************
********************************************************
steps: 418239
episodes: 2240
mean 100 episode reward: 4.2
% time spent exploring: 1
********************************************************
********************************************************
steps: 419955
episodes: 2250
mean 100 episode reward: 4.1
% time spent exploring: 1
********************************************************
********************************************************
steps: 421720
episodes: 2260
mean 100 episode reward: 4.1
% time spent exploring: 1
********************************************************
********************************************************
steps: 423494
episodes: 2270
mean 100 episode reward: 4.2
% time spent exploring: 1
********************************************************
********************************************************
steps: 425132
episodes: 2280
mean 100 episode reward: 4.0
% time spent exploring: 1
********************************************************
********************************************************
steps: 426966
episodes: 2290
mean 100 episode reward: 4.2
% time spent exploring: 1
********************************************************
********************************************************
steps: 428846
episodes: 2300
mean 100 episode reward: 4.3
% time spent exploring: 1
********************************************************
********************************************************
steps: 430729
episodes: 2310
mean 100 episode reward: 4.4
% time spent exploring: 1
********************************************************
********************************************************
steps: 432665
episodes: 2320
mean 100 episode reward: 4.6
% time spent exploring: 1
********************************************************
********************************************************
steps: 434738
episodes: 2330
mean 100 episode reward: 4.8
% time spent exploring: 1
********************************************************
********************************************************
steps: 436330
episodes: 2340
mean 100 episode reward: 4.8
% time spent exploring: 1
********************************************************
********************************************************
steps: 437832
episodes: 2350
mean 100 episode reward: 4.8
% time spent exploring: 1
********************************************************
********************************************************
steps: 439503
episodes: 2360
mean 100 episode reward: 4.9
% time spent exploring: 1
********************************************************
********************************************************
steps: 441299
episodes: 2370
mean 100 episode reward: 4.9
% time spent exploring: 1
********************************************************
********************************************************
steps: 443170
episodes: 2380
mean 100 episode reward: 5.1
% time spent exploring: 1
********************************************************
********************************************************
steps: 445864
episodes: 2390
mean 100 episode reward: 5.5
% time spent exploring: 1
********************************************************
********************************************************
steps: 447585
episodes: 2400
mean 100 episode reward: 5.5
% time spent exploring: 1
********************************************************
********************************************************
steps: 449573
episodes: 2410
mean 100 episode reward: 5.6
% time spent exploring: 1
********************************************************
********************************************************
steps: 451843
episodes: 2420
mean 100 episode reward: 5.8
% time spent exploring: 1
********************************************************
********************************************************
steps: 453960
episodes: 2430
mean 100 episode reward: 5.8
% time spent exploring: 1
********************************************************
********************************************************
steps: 455645
episodes: 2440
mean 100 episode reward: 5.9
% time spent exploring: 1
********************************************************
********************************************************
steps: 457575
episodes: 2450
mean 100 episode reward: 6.0
% time spent exploring: 1
********************************************************
********************************************************
steps: 460058
episodes: 2460
mean 100 episode reward: 6.2
% time spent exploring: 1
********************************************************
********************************************************
steps: 462640
episodes: 2470
mean 100 episode reward: 6.4
% time spent exploring: 1
********************************************************
********************************************************
steps: 465918
episodes: 2480
mean 100 episode reward: 6.8
% time spent exploring: 1
********************************************************
********************************************************
steps: 467444
episodes: 2490
mean 100 episode reward: 6.3
% time spent exploring: 1
********************************************************
********************************************************
steps: 469587
episodes: 2500
mean 100 episode reward: 6.4
% time spent exploring: 1
********************************************************
********************************************************
steps: 471480
episodes: 2510
mean 100 episode reward: 6.3
% time spent exploring: 1
********************************************************
********************************************************
steps: 473130
episodes: 2520
mean 100 episode reward: 6.1
% time spent exploring: 1
********************************************************
********************************************************
steps: 474597
episodes: 2530
mean 100 episode reward: 5.8
% time spent exploring: 1
********************************************************
********************************************************
steps: 476486
episodes: 2540
mean 100 episode reward: 5.8
% time spent exploring: 1
********************************************************
********************************************************
steps: 478092
episodes: 2550
mean 100 episode reward: 5.9
% time spent exploring: 1
********************************************************
********************************************************
steps: 479973
episodes: 2560
mean 100 episode reward: 5.7
% time spent exploring: 1
********************************************************
********************************************************
steps: 481740
episodes: 2570
mean 100 episode reward: 5.5
% time spent exploring: 1
********************************************************
********************************************************
steps: 483520
episodes: 2580
mean 100 episode reward: 5.0
% time spent exploring: 1
********************************************************
********************************************************
steps: 485390
episodes: 2590
mean 100 episode reward: 5.1
% time spent exploring: 1
********************************************************
********************************************************
steps: 488391
episodes: 2600
mean 100 episode reward: 5.3
% time spent exploring: 1
********************************************************
********************************************************
steps: 490116
episodes: 2610
mean 100 episode reward: 5.3
% time spent exploring: 1
********************************************************
********************************************************
steps: 491487
episodes: 2620
mean 100 episode reward: 5.2
% time spent exploring: 1
********************************************************
********************************************************
steps: 494469
episodes: 2630
mean 100 episode reward: 5.7
% time spent exploring: 1
********************************************************
********************************************************
steps: 496775
episodes: 2640
mean 100 episode reward: 5.7
% time spent exploring: 1
********************************************************
********************************************************
steps: 498785
episodes: 2650
mean 100 episode reward: 5.8
% time spent exploring: 1
********************************************************
********************************************************
steps: 501067
episodes: 2660
mean 100 episode reward: 6.0
% time spent exploring: 1
********************************************************
********************************************************
steps: 504051
episodes: 2670
mean 100 episode reward: 6.4
% time spent exploring: 1
********************************************************
********************************************************
steps: 507228
episodes: 2680
mean 100 episode reward: 6.8
% time spent exploring: 1
********************************************************
********************************************************
steps: 510822
episodes: 2690
mean 100 episode reward: 7.5
% time spent exploring: 1
********************************************************
********************************************************
steps: 514189
episodes: 2700
mean 100 episode reward: 7.8
% time spent exploring: 1
********************************************************
********************************************************
steps: 516824
episodes: 2710
mean 100 episode reward: 8.1
% time spent exploring: 1
********************************************************
********************************************************
steps: 519840
episodes: 2720
mean 100 episode reward: 8.7
% time spent exploring: 1
********************************************************
********************************************************
steps: 522474
episodes: 2730
mean 100 episode reward: 8.8
% time spent exploring: 1
********************************************************
********************************************************
steps: 525955
episodes: 2740
mean 100 episode reward: 9.1
% time spent exploring: 1
********************************************************
********************************************************
steps: 529775
episodes: 2750
mean 100 episode reward: 9.8
% time spent exploring: 1
********************************************************
********************************************************
steps: 532447
episodes: 2760
mean 100 episode reward: 10.0
% time spent exploring: 1
********************************************************
********************************************************
steps: 536317
episodes: 2770
mean 100 episode reward: 10.2
% time spent exploring: 1
********************************************************
********************************************************
steps: 539989
episodes: 2780
mean 100 episode reward: 10.4
% time spent exploring: 1
********************************************************
********************************************************
steps: 543216
episodes: 2790
mean 100 episode reward: 10.2
% time spent exploring: 1
********************************************************
********************************************************
steps: 546165
episodes: 2800
mean 100 episode reward: 9.9
% time spent exploring: 1
********************************************************
********************************************************
steps: 549451
episodes: 2810
mean 100 episode reward: 10.2
% time spent exploring: 1
********************************************************
********************************************************
steps: 552573
episodes: 2820
mean 100 episode reward: 10.1
% time spent exploring: 1
********************************************************
********************************************************
steps: 555898
episodes: 2830
mean 100 episode reward: 10.3
% time spent exploring: 1
********************************************************
********************************************************
steps: 559245
episodes: 2840
mean 100 episode reward: 10.3
% time spent exploring: 1
********************************************************
********************************************************
steps: 562243
episodes: 2850
mean 100 episode reward: 10.0
% time spent exploring: 1
********************************************************
********************************************************
steps: 565565
episodes: 2860
mean 100 episode reward: 10.3
% time spent exploring: 1
********************************************************
********************************************************
steps: 569057
episodes: 2870
mean 100 episode reward: 10.3
% time spent exploring: 1
********************************************************
********************************************************
steps: 572112
episodes: 2880
mean 100 episode reward: 10.2
% time spent exploring: 1
********************************************************
********************************************************
steps: 574843
episodes: 2890
mean 100 episode reward: 10.1
% time spent exploring: 1
********************************************************
********************************************************
steps: 578206
episodes: 2900
mean 100 episode reward: 10.4
% time spent exploring: 1
********************************************************
********************************************************
steps: 581492
episodes: 2910
mean 100 episode reward: 10.3
% time spent exploring: 1
********************************************************
********************************************************
steps: 584245
episodes: 2920
mean 100 episode reward: 10.3
% time spent exploring: 1
********************************************************
********************************************************
steps: 587476
episodes: 2930
mean 100 episode reward: 10.1
% time spent exploring: 1
********************************************************
********************************************************
steps: 590590
episodes: 2940
mean 100 episode reward: 10.1
% time spent exploring: 1
********************************************************
********************************************************
steps: 593513
episodes: 2950
mean 100 episode reward: 10.1
% time spent exploring: 1
********************************************************
********************************************************
steps: 596916
episodes: 2960
mean 100 episode reward: 9.9
% time spent exploring: 1
********************************************************
********************************************************
steps: 599895
episodes: 2970
mean 100 episode reward: 9.7
% time spent exploring: 1
********************************************************
********************************************************
steps: 602376
episodes: 2980
mean 100 episode reward: 9.5
% time spent exploring: 1
********************************************************
********************************************************
steps: 605307
episodes: 2990
mean 100 episode reward: 9.4
% time spent exploring: 1
********************************************************
********************************************************
steps: 609255
episodes: 3000
mean 100 episode reward: 9.5
% time spent exploring: 1
********************************************************
********************************************************
steps: 612527
episodes: 3010
mean 100 episode reward: 9.5
% time spent exploring: 1
********************************************************
********************************************************
steps: 615634
episodes: 3020
mean 100 episode reward: 9.6
% time spent exploring: 1
********************************************************
********************************************************
steps: 619129
episodes: 3030
mean 100 episode reward: 9.7
% time spent exploring: 1
********************************************************
********************************************************
steps: 621920
episodes: 3040
mean 100 episode reward: 9.6
% time spent exploring: 1
********************************************************
********************************************************
steps: 625368
episodes: 3050
mean 100 episode reward: 9.8
% time spent exploring: 1
********************************************************
********************************************************
steps: 628568
episodes: 3060
mean 100 episode reward: 9.6
% time spent exploring: 1
********************************************************
********************************************************
steps: 631741
episodes: 3070
mean 100 episode reward: 9.7
% time spent exploring: 1
********************************************************
********************************************************
steps: 634378
episodes: 3080
mean 100 episode reward: 9.8
% time spent exploring: 1
********************************************************
********************************************************
steps: 638124
episodes: 3090
mean 100 episode reward: 10.0
% time spent exploring: 1
********************************************************
********************************************************
steps: 641264
episodes: 3100
mean 100 episode reward: 9.7
% time spent exploring: 1
********************************************************
********************************************************
steps: 644189
episodes: 3110
mean 100 episode reward: 9.6
% time spent exploring: 1
********************************************************
********************************************************
steps: 646960
episodes: 3120
mean 100 episode reward: 9.6
% time spent exploring: 1
********************************************************
********************************************************
steps: 649432
episodes: 3130
mean 100 episode reward: 9.4
% time spent exploring: 1
********************************************************
********************************************************
steps: 652690
episodes: 3140
mean 100 episode reward: 9.5
% time spent exploring: 1
********************************************************
********************************************************
steps: 655806
episodes: 3150
mean 100 episode reward: 9.4
% time spent exploring: 1
********************************************************
********************************************************
steps: 658877
episodes: 3160
mean 100 episode reward: 9.5
% time spent exploring: 1
********************************************************
********************************************************
steps: 661656
episodes: 3170
mean 100 episode reward: 9.5
% time spent exploring: 1
********************************************************
********************************************************
steps: 664206
episodes: 3180
mean 100 episode reward: 9.5
% time spent exploring: 1
********************************************************
********************************************************
steps: 668282
episodes: 3190
mean 100 episode reward: 9.6
% time spent exploring: 1
********************************************************
********************************************************
steps: 671165
episodes: 3200
mean 100 episode reward: 9.6
% time spent exploring: 1
********************************************************
********************************************************
steps: 674788
episodes: 3210
mean 100 episode reward: 9.8
% time spent exploring: 1
********************************************************
********************************************************
steps: 677753
episodes: 3220
mean 100 episode reward: 9.7
% time spent exploring: 1
********************************************************
********************************************************
steps: 680732
episodes: 3230
mean 100 episode reward: 9.8
% time spent exploring: 1
********************************************************
********************************************************
steps: 684435
episodes: 3240
mean 100 episode reward: 9.9
% time spent exploring: 1
********************************************************
********************************************************
steps: 687810
episodes: 3250
mean 100 episode reward: 10.0
% time spent exploring: 1
********************************************************
********************************************************
steps: 690767
episodes: 3260
mean 100 episode reward: 9.9
% time spent exploring: 1
********************************************************
********************************************************
steps: 693853
episodes: 3270
mean 100 episode reward: 10.0
% time spent exploring: 1
********************************************************
********************************************************
steps: 697733
episodes: 3280
mean 100 episode reward: 10.3
% time spent exploring: 1
********************************************************
********************************************************
steps: 700602
episodes: 3290
mean 100 episode reward: 10.0
% time spent exploring: 1
********************************************************
********************************************************
steps: 703590
episodes: 3300
mean 100 episode reward: 9.9
% time spent exploring: 1
********************************************************
********************************************************
steps: 707039
episodes: 3310
mean 100 episode reward: 10.0
% time spent exploring: 1
********************************************************
********************************************************
steps: 710557
episodes: 3320
mean 100 episode reward: 10.1
% time spent exploring: 1
********************************************************
********************************************************
steps: 713793
episodes: 3330
mean 100 episode reward: 10.1
% time spent exploring: 1
********************************************************
********************************************************
steps: 716849
episodes: 3340
mean 100 episode reward: 9.9
% time spent exploring: 1
********************************************************
********************************************************
steps: 720144
episodes: 3350
mean 100 episode reward: 9.8
% time spent exploring: 1
********************************************************
********************************************************
steps: 722983
episodes: 3360
mean 100 episode reward: 9.8
% time spent exploring: 1
********************************************************
********************************************************
steps: 725769
episodes: 3370
mean 100 episode reward: 9.6
% time spent exploring: 1
********************************************************
********************************************************
steps: 728231
episodes: 3380
mean 100 episode reward: 9.2
% time spent exploring: 1
********************************************************
********************************************************
steps: 731551
episodes: 3390
mean 100 episode reward: 9.3
% time spent exploring: 1
********************************************************
********************************************************
steps: 734953
episodes: 3400
mean 100 episode reward: 9.4
% time spent exploring: 1
********************************************************
********************************************************
steps: 738170
episodes: 3410
mean 100 episode reward: 9.3
% time spent exploring: 1
********************************************************
********************************************************
steps: 741243
episodes: 3420
mean 100 episode reward: 9.2
% time spent exploring: 1
********************************************************
********************************************************
steps: 744228
episodes: 3430
mean 100 episode reward: 9.2
% time spent exploring: 1
********************************************************
********************************************************
steps: 747417
episodes: 3440
mean 100 episode reward: 9.3
% time spent exploring: 1
********************************************************
********************************************************
steps: 750971
episodes: 3450
mean 100 episode reward: 9.6
% time spent exploring: 1
********************************************************
********************************************************
steps: 754159
episodes: 3460
mean 100 episode reward: 9.7
% time spent exploring: 1
********************************************************
********************************************************
steps: 757080
episodes: 3470
mean 100 episode reward: 9.8
% time spent exploring: 1
********************************************************
********************************************************
steps: 759043
episodes: 3480
mean 100 episode reward: 9.5
% time spent exploring: 1
********************************************************
********************************************************
steps: 761505
episodes: 3490
mean 100 episode reward: 9.2
% time spent exploring: 1
********************************************************
********************************************************
steps: 763953
episodes: 3500
mean 100 episode reward: 8.9
% time spent exploring: 1
********************************************************
********************************************************
steps: 765972
episodes: 3510
mean 100 episode reward: 8.4
% time spent exploring: 1
********************************************************
********************************************************
steps: 767633
episodes: 3520
mean 100 episode reward: 7.8
% time spent exploring: 1
********************************************************
********************************************************
steps: 769077
episodes: 3530
mean 100 episode reward: 7.2
% time spent exploring: 1
********************************************************
********************************************************
steps: 771092
episodes: 3540
mean 100 episode reward: 6.6
% time spent exploring: 1
********************************************************
********************************************************
steps: 773036
episodes: 3550
mean 100 episode reward: 6.0
% time spent exploring: 1
********************************************************
********************************************************
steps: 774579
episodes: 3560
mean 100 episode reward: 5.3
% time spent exploring: 1
********************************************************
********************************************************
steps: 775828
episodes: 3570
mean 100 episode reward: 4.5
% time spent exploring: 1
********************************************************
********************************************************
steps: 777469
episodes: 3580
mean 100 episode reward: 4.4
% time spent exploring: 1
********************************************************
********************************************************
steps: 779353
episodes: 3590
mean 100 episode reward: 4.1
% time spent exploring: 1
********************************************************
********************************************************
steps: 781419
episodes: 3600
mean 100 episode reward: 4.0
% time spent exploring: 1
********************************************************
********************************************************
steps: 783683
episodes: 3610
mean 100 episode reward: 4.2
% time spent exploring: 1
********************************************************
********************************************************
steps: 785920
episodes: 3620
mean 100 episode reward: 4.5
% time spent exploring: 1
********************************************************
********************************************************
steps: 788241
episodes: 3630
mean 100 episode reward: 5.1
% time spent exploring: 1
********************************************************
********************************************************
steps: 790521
episodes: 3640
mean 100 episode reward: 5.2
% time spent exploring: 1
********************************************************
********************************************************
steps: 792745
episodes: 3650
mean 100 episode reward: 5.3
% time spent exploring: 1
********************************************************
********************************************************
steps: 794594
episodes: 3660
mean 100 episode reward: 5.5
% time spent exploring: 1
********************************************************
********************************************************
steps: 796454
episodes: 3670
mean 100 episode reward: 5.8
% time spent exploring: 1
********************************************************
********************************************************
steps: 798142
episodes: 3680
mean 100 episode reward: 5.9
% time spent exploring: 1
********************************************************
********************************************************
steps: 799528
episodes: 3690
mean 100 episode reward: 5.8
% time spent exploring: 1
********************************************************
********************************************************
steps: 801823
episodes: 3700
mean 100 episode reward: 5.8
% time spent exploring: 1
********************************************************
********************************************************
steps: 803852
episodes: 3710
mean 100 episode reward: 5.7
% time spent exploring: 1
********************************************************
********************************************************
steps: 805888
episodes: 3720
mean 100 episode reward: 5.7
% time spent exploring: 1
********************************************************
********************************************************
steps: 808153
episodes: 3730
mean 100 episode reward: 5.6
% time spent exploring: 1
********************************************************
********************************************************
steps: 810989
episodes: 3740
mean 100 episode reward: 5.8
% time spent exploring: 1
********************************************************
********************************************************
steps: 813260
episodes: 3750
mean 100 episode reward: 6.2
% time spent exploring: 1
********************************************************
********************************************************
steps: 815504
episodes: 3760
mean 100 episode reward: 6.4
% time spent exploring: 1
********************************************************
********************************************************
steps: 817910
episodes: 3770
mean 100 episode reward: 6.6
% time spent exploring: 1
********************************************************
********************************************************
steps: 820562
episodes: 3780
mean 100 episode reward: 7.1
% time spent exploring: 1
********************************************************
********************************************************
steps: 822793
episodes: 3790
mean 100 episode reward: 7.4
% time spent exploring: 1
********************************************************
********************************************************
steps: 824690
episodes: 3800
mean 100 episode reward: 7.3
% time spent exploring: 1
********************************************************
********************************************************
steps: 827049
episodes: 3810
mean 100 episode reward: 7.5
% time spent exploring: 1
********************************************************
********************************************************
steps: 829482
episodes: 3820
mean 100 episode reward: 7.7
% time spent exploring: 1
********************************************************
********************************************************
steps: 831561
episodes: 3830
mean 100 episode reward: 7.5
% time spent exploring: 1
********************************************************
********************************************************
steps: 833276
episodes: 3840
mean 100 episode reward: 6.9
% time spent exploring: 1
********************************************************
********************************************************
steps: 835543
episodes: 3850
mean 100 episode reward: 6.6
% time spent exploring: 1
********************************************************
********************************************************
steps: 837409
episodes: 3860
mean 100 episode reward: 6.4
% time spent exploring: 1
********************************************************
********************************************************
steps: 840495
episodes: 3870
mean 100 episode reward: 6.7
% time spent exploring: 1
********************************************************
********************************************************
steps: 844576
episodes: 3880
mean 100 episode reward: 7.5
% time spent exploring: 1
********************************************************
********************************************************
steps: 847097
episodes: 3890
mean 100 episode reward: 7.9
% time spent exploring: 1
********************************************************
********************************************************
steps: 849311
episodes: 3900
mean 100 episode reward: 8.2
% time spent exploring: 1
********************************************************
********************************************************
steps: 852027
episodes: 3910
mean 100 episode reward: 8.4
% time spent exploring: 1
********************************************************
********************************************************
steps: 853831
episodes: 3920
mean 100 episode reward: 8.2
% time spent exploring: 1
********************************************************
********************************************************
steps: 855740
episodes: 3930
mean 100 episode reward: 8.5
% time spent exploring: 1
********************************************************
********************************************************
steps: 857309
episodes: 3940
mean 100 episode reward: 8.7
% time spent exploring: 1
********************************************************
********************************************************
steps: 859100
episodes: 3950
mean 100 episode reward: 8.9
% time spent exploring: 1
********************************************************
********************************************************
steps: 861659
episodes: 3960
mean 100 episode reward: 9.2
% time spent exploring: 1
********************************************************
********************************************************
steps: 864339
episodes: 3970
mean 100 episode reward: 9.2
% time spent exploring: 1
********************************************************
********************************************************
steps: 866397
episodes: 3980
mean 100 episode reward: 8.2
% time spent exploring: 1
********************************************************
********************************************************
steps: 868467
episodes: 3990
mean 100 episode reward: 8.0
% time spent exploring: 1
********************************************************
********************************************************
steps: 870968
episodes: 4000
mean 100 episode reward: 8.2
% time spent exploring: 1
********************************************************
********************************************************
steps: 873058
episodes: 4010
mean 100 episode reward: 8.0
% time spent exploring: 1
********************************************************
********************************************************
steps: 875312
episodes: 4020
mean 100 episode reward: 8.3
% time spent exploring: 1
********************************************************
********************************************************
steps: 877653
episodes: 4030
mean 100 episode reward: 8.4
% time spent exploring: 1
********************************************************
********************************************************
steps: 880739
episodes: 4040
mean 100 episode reward: 8.7
% time spent exploring: 1
********************************************************
********************************************************
steps: 883013
episodes: 4050
mean 100 episode reward: 8.4
% time spent exploring: 1
********************************************************
********************************************************
steps: 885371
episodes: 4060
mean 100 episode reward: 8.3
% time spent exploring: 1
********************************************************
********************************************************
steps: 887352
episodes: 4070
mean 100 episode reward: 7.9
% time spent exploring: 1
********************************************************
********************************************************
steps: 890277
episodes: 4080
mean 100 episode reward: 8.1
% time spent exploring: 1
********************************************************
********************************************************
steps: 892717
episodes: 4090
mean 100 episode reward: 8.3
% time spent exploring: 1
********************************************************
********************************************************
steps: 895071
episodes: 4100
mean 100 episode reward: 8.2
% time spent exploring: 1
********************************************************
********************************************************
steps: 897591
episodes: 4110
mean 100 episode reward: 8.3
% time spent exploring: 1
********************************************************
********************************************************
steps: 899939
episodes: 4120
mean 100 episode reward: 8.2
% time spent exploring: 1
********************************************************
********************************************************
steps: 901583
episodes: 4130
mean 100 episode reward: 7.9
% time spent exploring: 1
********************************************************
********************************************************
steps: 904231
episodes: 4140
mean 100 episode reward: 8.0
% time spent exploring: 1
********************************************************
********************************************************
steps: 905976
episodes: 4150
mean 100 episode reward: 8.2
% time spent exploring: 1
********************************************************
********************************************************
steps: 908645
episodes: 4160
mean 100 episode reward: 8.5
% time spent exploring: 1
********************************************************
********************************************************
steps: 911029
episodes: 4170
mean 100 episode reward: 8.8
% time spent exploring: 1
********************************************************
********************************************************
steps: 913524
episodes: 4180
mean 100 episode reward: 8.9
% time spent exploring: 1
********************************************************
********************************************************
steps: 916100
episodes: 4190
mean 100 episode reward: 9.0
% time spent exploring: 1
********************************************************
********************************************************
steps: 918511
episodes: 4200
mean 100 episode reward: 9.1
% time spent exploring: 1
********************************************************
********************************************************
steps: 920538
episodes: 4210
mean 100 episode reward: 9.3
% time spent exploring: 1
********************************************************
********************************************************
steps: 923082
episodes: 4220
mean 100 episode reward: 9.5
% time spent exploring: 1
********************************************************
********************************************************
steps: 925435
episodes: 4230
mean 100 episode reward: 9.9
% time spent exploring: 1
********************************************************
********************************************************
steps: 928158
episodes: 4240
mean 100 episode reward: 10.0
% time spent exploring: 1
********************************************************
********************************************************
steps: 930756
episodes: 4250
mean 100 episode reward: 10.4
% time spent exploring: 1
********************************************************
********************************************************
steps: 932856
episodes: 4260
mean 100 episode reward: 10.4
% time spent exploring: 1
********************************************************
********************************************************
steps: 934965
episodes: 4270
mean 100 episode reward: 10.5
% time spent exploring: 1
********************************************************
********************************************************
steps: 937430
episodes: 4280
mean 100 episode reward: 10.6
% time spent exploring: 1
********************************************************
********************************************************
steps: 939814
episodes: 4290
mean 100 episode reward: 10.5
% time spent exploring: 1
********************************************************
********************************************************
steps: 942616
episodes: 4300
mean 100 episode reward: 10.7
% time spent exploring: 1
********************************************************
********************************************************
steps: 945394
episodes: 4310
mean 100 episode reward: 11.1
% time spent exploring: 1
********************************************************
********************************************************
steps: 948058
episodes: 4320
mean 100 episode reward: 11.3
% time spent exploring: 1
********************************************************
********************************************************
steps: 949956
episodes: 4330
mean 100 episode reward: 11.2
% time spent exploring: 1
********************************************************
********************************************************
steps: 952501
episodes: 4340
mean 100 episode reward: 11.3
% time spent exploring: 1
********************************************************
********************************************************
steps: 954732
episodes: 4350
mean 100 episode reward: 11.2
% time spent exploring: 1
********************************************************
********************************************************
steps: 957533
episodes: 4360
mean 100 episode reward: 11.0
% time spent exploring: 1
********************************************************
********************************************************
steps: 959726
episodes: 4370
mean 100 episode reward: 11.0
% time spent exploring: 1
********************************************************
********************************************************
steps: 961629
episodes: 4380
mean 100 episode reward: 10.6
% time spent exploring: 1
********************************************************
********************************************************
steps: 964188
episodes: 4390
mean 100 episode reward: 10.5
% time spent exploring: 1
********************************************************
********************************************************
steps: 966023
episodes: 4400
mean 100 episode reward: 9.8
% time spent exploring: 1
********************************************************
********************************************************
steps: 967913
episodes: 4410
mean 100 episode reward: 9.0
% time spent exploring: 1
********************************************************
********************************************************
steps: 969969
episodes: 4420
mean 100 episode reward: 8.4
% time spent exploring: 1
********************************************************
********************************************************
steps: 971630
episodes: 4430
mean 100 episode reward: 8.0
% time spent exploring: 1
********************************************************
********************************************************
steps: 973594
episodes: 4440
mean 100 episode reward: 7.4
% time spent exploring: 1
********************************************************
********************************************************
steps: 975745
episodes: 4450
mean 100 episode reward: 7.0
% time spent exploring: 1
********************************************************
********************************************************
steps: 977664
episodes: 4460
mean 100 episode reward: 6.7
% time spent exploring: 1
********************************************************
********************************************************
steps: 979556
episodes: 4470
mean 100 episode reward: 6.2
% time spent exploring: 1
********************************************************
********************************************************
steps: 981342
episodes: 4480
mean 100 episode reward: 6.1
% time spent exploring: 1
********************************************************
********************************************************
steps: 983595
episodes: 4490
mean 100 episode reward: 6.0
% time spent exploring: 1
********************************************************
********************************************************
steps: 985305
episodes: 4500
mean 100 episode reward: 5.9
% time spent exploring: 1
********************************************************
********************************************************
steps: 987194
episodes: 4510
mean 100 episode reward: 5.9
% time spent exploring: 1
********************************************************
********************************************************
steps: 988642
episodes: 4520
mean 100 episode reward: 5.5
% time spent exploring: 1
********************************************************
********************************************************
steps: 990595
episodes: 4530
mean 100 episode reward: 5.4
% time spent exploring: 1
********************************************************
********************************************************
steps: 992228
episodes: 4540
mean 100 episode reward: 5.3
% time spent exploring: 1
********************************************************
********************************************************
steps: 995019
episodes: 4550
mean 100 episode reward: 5.5
% time spent exploring: 1
********************************************************
********************************************************
steps: 997408
episodes: 4560
mean 100 episode reward: 5.6
% time spent exploring: 1
********************************************************
********************************************************
steps: 998900
episodes: 4570
mean 100 episode reward: 5.6
% time spent exploring: 1
********************************************************
