Wed Nov 15 12:13:28 2023       
+---------------------------------------------------------------------------------------+
| NVIDIA-SMI 530.30.02              Driver Version: 530.30.02    CUDA Version: 12.1     |
|-----------------------------------------+----------------------+----------------------+
| GPU  Name                  Persistence-M| Bus-Id        Disp.A | Volatile Uncorr. ECC |
| Fan  Temp  Perf            Pwr:Usage/Cap|         Memory-Usage | GPU-Util  Compute M. |
|                                         |                      |               MIG M. |
|=========================================+======================+======================|
|   0  NVIDIA A40                      On | 00000000:65:00.0 Off |                    0 |
|  0%   26C    P8               30W / 300W|      0MiB / 46068MiB |      0%      Default |
|                                         |                      |                  N/A |
+-----------------------------------------+----------------------+----------------------+
                                                                                         
+---------------------------------------------------------------------------------------+
| Processes:                                                                            |
|  GPU   GI   CI        PID   Type   Process name                            GPU Memory |
|        ID   ID                                                             Usage      |
|=======================================================================================|
|  No running processes found                                                           |
+---------------------------------------------------------------------------------------+
********************************************************
steps: 1438
episodes: 10
mean 100 episode reward: 2.4
% time spent exploring: 98
********************************************************
********************************************************
steps: 3154
episodes: 20
mean 100 episode reward: 2.9
% time spent exploring: 96
********************************************************
********************************************************
steps: 4576
episodes: 30
mean 100 episode reward: 2.7
% time spent exploring: 95
********************************************************
********************************************************
steps: 6301
episodes: 40
mean 100 episode reward: 2.7
% time spent exploring: 93
********************************************************
********************************************************
steps: 8312
episodes: 50
mean 100 episode reward: 2.9
% time spent exploring: 91
********************************************************
********************************************************
steps: 10214
episodes: 60
mean 100 episode reward: 2.9
% time spent exploring: 89
********************************************************
********************************************************
steps: 11586
episodes: 70
mean 100 episode reward: 2.8
% time spent exploring: 88
********************************************************
********************************************************
steps: 12793
episodes: 80
mean 100 episode reward: 2.7
% time spent exploring: 87
********************************************************
********************************************************
steps: 14601
episodes: 90
mean 100 episode reward: 2.8
% time spent exploring: 85
********************************************************
********************************************************
steps: 16776
episodes: 100
mean 100 episode reward: 3.0
% time spent exploring: 83
********************************************************
********************************************************
steps: 18191
episodes: 110
mean 100 episode reward: 3.0
% time spent exploring: 81
********************************************************
********************************************************
steps: 19524
episodes: 120
mean 100 episode reward: 2.9
% time spent exploring: 80
********************************************************
********************************************************
steps: 21213
episodes: 130
mean 100 episode reward: 3.1
% time spent exploring: 78
********************************************************
********************************************************
steps: 23282
episodes: 140
mean 100 episode reward: 3.3
% time spent exploring: 76
********************************************************
********************************************************
steps: 25279
episodes: 150
mean 100 episode reward: 3.3
% time spent exploring: 74
********************************************************
********************************************************
steps: 26910
episodes: 160
mean 100 episode reward: 3.3
% time spent exploring: 73
********************************************************
********************************************************
steps: 29244
episodes: 170
mean 100 episode reward: 3.7
% time spent exploring: 71
********************************************************
********************************************************
steps: 30604
episodes: 180
mean 100 episode reward: 3.7
% time spent exploring: 69
********************************************************
********************************************************
steps: 32555
episodes: 190
mean 100 episode reward: 3.9
% time spent exploring: 67
********************************************************
********************************************************
steps: 34220
episodes: 200
mean 100 episode reward: 3.8
% time spent exploring: 66
********************************************************
********************************************************
steps: 36111
episodes: 210
mean 100 episode reward: 3.8
% time spent exploring: 64
********************************************************
********************************************************
steps: 37699
episodes: 220
mean 100 episode reward: 3.8
% time spent exploring: 62
********************************************************
********************************************************
steps: 39078
episodes: 230
mean 100 episode reward: 3.8
% time spent exploring: 61
********************************************************
********************************************************
steps: 40375
episodes: 240
mean 100 episode reward: 3.4
% time spent exploring: 60
********************************************************
********************************************************
steps: 41728
episodes: 250
mean 100 episode reward: 3.2
% time spent exploring: 58
********************************************************
********************************************************
steps: 43370
episodes: 260
mean 100 episode reward: 3.3
% time spent exploring: 57
********************************************************
********************************************************
steps: 44809
episodes: 270
mean 100 episode reward: 3.0
% time spent exploring: 55
********************************************************
********************************************************
steps: 46218
episodes: 280
mean 100 episode reward: 3.0
% time spent exploring: 54
********************************************************
********************************************************
steps: 48007
episodes: 290
mean 100 episode reward: 3.0
% time spent exploring: 52
********************************************************
********************************************************
steps: 49806
episodes: 300
mean 100 episode reward: 3.0
% time spent exploring: 50
********************************************************
********************************************************
steps: 51476
episodes: 310
mean 100 episode reward: 3.0
% time spent exploring: 49
********************************************************
********************************************************
steps: 54039
episodes: 320
mean 100 episode reward: 3.2
% time spent exploring: 46
********************************************************
********************************************************
steps: 55286
episodes: 330
mean 100 episode reward: 3.2
% time spent exploring: 45
********************************************************
********************************************************
steps: 57552
episodes: 340
mean 100 episode reward: 3.6
% time spent exploring: 43
********************************************************
********************************************************
steps: 59397
episodes: 350
mean 100 episode reward: 3.7
% time spent exploring: 41
********************************************************
********************************************************
steps: 61229
episodes: 360
mean 100 episode reward: 3.7
% time spent exploring: 39
********************************************************
********************************************************
steps: 62966
episodes: 370
mean 100 episode reward: 3.9
% time spent exploring: 37
********************************************************
********************************************************
steps: 64487
episodes: 380
mean 100 episode reward: 4.0
% time spent exploring: 36
********************************************************
********************************************************
steps: 66351
episodes: 390
mean 100 episode reward: 4.0
% time spent exploring: 34
********************************************************
********************************************************
steps: 67435
episodes: 400
mean 100 episode reward: 3.8
% time spent exploring: 33
********************************************************
********************************************************
steps: 68610
episodes: 410
mean 100 episode reward: 3.8
% time spent exploring: 32
********************************************************
********************************************************
steps: 70083
episodes: 420
mean 100 episode reward: 3.5
% time spent exploring: 30
********************************************************
********************************************************
steps: 71544
episodes: 430
mean 100 episode reward: 3.6
% time spent exploring: 29
********************************************************
********************************************************
steps: 72956
episodes: 440
mean 100 episode reward: 3.4
% time spent exploring: 27
********************************************************
********************************************************
steps: 75242
episodes: 450
mean 100 episode reward: 3.6
% time spent exploring: 25
********************************************************
********************************************************
steps: 77003
episodes: 460
mean 100 episode reward: 3.6
% time spent exploring: 23
********************************************************
********************************************************
steps: 79346
episodes: 470
mean 100 episode reward: 3.7
% time spent exploring: 21
********************************************************
********************************************************
steps: 81184
episodes: 480
mean 100 episode reward: 3.7
% time spent exploring: 19
********************************************************
********************************************************
steps: 83516
episodes: 490
mean 100 episode reward: 3.9
% time spent exploring: 17
********************************************************
********************************************************
steps: 85184
episodes: 500
mean 100 episode reward: 4.0
% time spent exploring: 15
********************************************************
********************************************************
steps: 87181
episodes: 510
mean 100 episode reward: 4.3
% time spent exploring: 13
********************************************************
********************************************************
steps: 89478
episodes: 520
mean 100 episode reward: 4.6
% time spent exploring: 11
********************************************************
********************************************************
steps: 91145
episodes: 530
mean 100 episode reward: 4.6
% time spent exploring: 9
********************************************************
********************************************************
steps: 93112
episodes: 540
mean 100 episode reward: 4.7
% time spent exploring: 7
********************************************************
********************************************************
steps: 95403
episodes: 550
mean 100 episode reward: 4.6
% time spent exploring: 5
********************************************************
********************************************************
steps: 96701
episodes: 560
mean 100 episode reward: 4.4
% time spent exploring: 4
********************************************************
********************************************************
steps: 99104
episodes: 570
mean 100 episode reward: 4.5
% time spent exploring: 1
********************************************************
********************************************************
steps: 101684
episodes: 580
mean 100 episode reward: 4.8
% time spent exploring: 1
********************************************************
********************************************************
steps: 104157
episodes: 590
mean 100 episode reward: 4.8
% time spent exploring: 1
********************************************************
********************************************************
steps: 105939
episodes: 600
mean 100 episode reward: 4.9
% time spent exploring: 1
********************************************************
********************************************************
steps: 108110
episodes: 610
mean 100 episode reward: 4.8
% time spent exploring: 1
********************************************************
********************************************************
steps: 110984
episodes: 620
mean 100 episode reward: 5.0
% time spent exploring: 1
********************************************************
********************************************************
steps: 112878
episodes: 630
mean 100 episode reward: 5.2
% time spent exploring: 1
********************************************************
********************************************************
steps: 114821
episodes: 640
mean 100 episode reward: 5.3
% time spent exploring: 1
********************************************************
********************************************************
steps: 117443
episodes: 650
mean 100 episode reward: 5.3
% time spent exploring: 1
********************************************************
********************************************************
steps: 119527
episodes: 660
mean 100 episode reward: 5.6
% time spent exploring: 1
********************************************************
********************************************************
steps: 121034
episodes: 670
mean 100 episode reward: 5.5
% time spent exploring: 1
********************************************************
********************************************************
steps: 122804
episodes: 680
mean 100 episode reward: 5.2
% time spent exploring: 1
********************************************************
********************************************************
steps: 124949
episodes: 690
mean 100 episode reward: 5.1
% time spent exploring: 1
********************************************************
********************************************************
steps: 127895
episodes: 700
mean 100 episode reward: 5.4
% time spent exploring: 1
********************************************************
********************************************************
steps: 130466
episodes: 710
mean 100 episode reward: 5.5
% time spent exploring: 1
********************************************************
********************************************************
steps: 133207
episodes: 720
mean 100 episode reward: 5.6
% time spent exploring: 1
********************************************************
********************************************************
steps: 135661
episodes: 730
mean 100 episode reward: 5.7
% time spent exploring: 1
********************************************************
********************************************************
steps: 137790
episodes: 740
mean 100 episode reward: 5.7
% time spent exploring: 1
********************************************************
********************************************************
steps: 139848
episodes: 750
mean 100 episode reward: 5.7
% time spent exploring: 1
********************************************************
********************************************************
steps: 142020
episodes: 760
mean 100 episode reward: 5.6
% time spent exploring: 1
********************************************************
********************************************************
steps: 143518
episodes: 770
mean 100 episode reward: 5.5
% time spent exploring: 1
********************************************************
********************************************************
steps: 144907
episodes: 780
mean 100 episode reward: 5.4
% time spent exploring: 1
********************************************************
********************************************************
steps: 146768
episodes: 790
mean 100 episode reward: 5.3
% time spent exploring: 1
********************************************************
********************************************************
steps: 148650
episodes: 800
mean 100 episode reward: 5.0
% time spent exploring: 1
********************************************************
********************************************************
steps: 150410
episodes: 810
mean 100 episode reward: 4.9
% time spent exploring: 1
********************************************************
********************************************************
steps: 152440
episodes: 820
mean 100 episode reward: 4.6
% time spent exploring: 1
********************************************************
********************************************************
steps: 154320
episodes: 830
mean 100 episode reward: 4.4
% time spent exploring: 1
********************************************************
********************************************************
steps: 156442
episodes: 840
mean 100 episode reward: 4.4
% time spent exploring: 1
********************************************************
********************************************************
steps: 157775
episodes: 850
mean 100 episode reward: 4.1
% time spent exploring: 1
********************************************************
********************************************************
steps: 159964
episodes: 860
mean 100 episode reward: 4.1
% time spent exploring: 1
********************************************************
********************************************************
steps: 162334
episodes: 870
mean 100 episode reward: 4.5
% time spent exploring: 1
********************************************************
********************************************************
steps: 163853
episodes: 880
mean 100 episode reward: 4.6
% time spent exploring: 1
********************************************************
********************************************************
steps: 165634
episodes: 890
mean 100 episode reward: 4.6
% time spent exploring: 1
********************************************************
********************************************************
steps: 167442
episodes: 900
mean 100 episode reward: 4.7
% time spent exploring: 1
********************************************************
********************************************************
steps: 169681
episodes: 910
mean 100 episode reward: 4.8
% time spent exploring: 1
********************************************************
********************************************************
steps: 171936
episodes: 920
mean 100 episode reward: 4.9
% time spent exploring: 1
********************************************************
********************************************************
steps: 173903
episodes: 930
mean 100 episode reward: 4.7
% time spent exploring: 1
********************************************************
********************************************************
steps: 175808
episodes: 940
mean 100 episode reward: 4.8
% time spent exploring: 1
********************************************************
********************************************************
steps: 177576
episodes: 950
mean 100 episode reward: 5.0
% time spent exploring: 1
********************************************************
********************************************************
steps: 179776
episodes: 960
mean 100 episode reward: 5.3
% time spent exploring: 1
********************************************************
********************************************************
steps: 181552
episodes: 970
mean 100 episode reward: 5.1
% time spent exploring: 1
********************************************************
********************************************************
steps: 183431
episodes: 980
mean 100 episode reward: 5.2
% time spent exploring: 1
********************************************************
********************************************************
steps: 185795
episodes: 990
mean 100 episode reward: 5.3
% time spent exploring: 1
********************************************************
********************************************************
steps: 188107
episodes: 1000
mean 100 episode reward: 5.4
% time spent exploring: 1
********************************************************
********************************************************
steps: 190172
episodes: 1010
mean 100 episode reward: 5.5
% time spent exploring: 1
********************************************************
********************************************************
steps: 192143
episodes: 1020
mean 100 episode reward: 5.4
% time spent exploring: 1
********************************************************
********************************************************
steps: 194054
episodes: 1030
mean 100 episode reward: 5.4
% time spent exploring: 1
********************************************************
********************************************************
steps: 196279
episodes: 1040
mean 100 episode reward: 5.4
% time spent exploring: 1
********************************************************
********************************************************
steps: 197856
episodes: 1050
mean 100 episode reward: 5.3
% time spent exploring: 1
********************************************************
********************************************************
steps: 200138
episodes: 1060
mean 100 episode reward: 5.3
% time spent exploring: 1
********************************************************
********************************************************
steps: 202498
episodes: 1070
mean 100 episode reward: 5.4
% time spent exploring: 1
********************************************************
********************************************************
steps: 205009
episodes: 1080
mean 100 episode reward: 5.4
% time spent exploring: 1
********************************************************
********************************************************
steps: 207435
episodes: 1090
mean 100 episode reward: 5.6
% time spent exploring: 1
********************************************************
********************************************************
steps: 210038
episodes: 1100
mean 100 episode reward: 5.7
% time spent exploring: 1
********************************************************
********************************************************
steps: 211888
episodes: 1110
mean 100 episode reward: 5.6
% time spent exploring: 1
********************************************************
********************************************************
steps: 213144
episodes: 1120
mean 100 episode reward: 5.4
% time spent exploring: 1
********************************************************
********************************************************
steps: 215720
episodes: 1130
mean 100 episode reward: 5.7
% time spent exploring: 1
********************************************************
********************************************************
steps: 217790
episodes: 1140
mean 100 episode reward: 5.6
% time spent exploring: 1
********************************************************
********************************************************
steps: 219512
episodes: 1150
mean 100 episode reward: 5.6
% time spent exploring: 1
********************************************************
********************************************************
steps: 221750
episodes: 1160
mean 100 episode reward: 5.6
% time spent exploring: 1
********************************************************
********************************************************
steps: 224394
episodes: 1170
mean 100 episode reward: 5.7
% time spent exploring: 1
********************************************************
********************************************************
steps: 225997
episodes: 1180
mean 100 episode reward: 5.4
% time spent exploring: 1
********************************************************
********************************************************
steps: 227662
episodes: 1190
mean 100 episode reward: 5.1
% time spent exploring: 1
********************************************************
********************************************************
steps: 229245
episodes: 1200
mean 100 episode reward: 4.8
% time spent exploring: 1
********************************************************
********************************************************
steps: 231721
episodes: 1210
mean 100 episode reward: 4.9
% time spent exploring: 1
********************************************************
********************************************************
steps: 233397
episodes: 1220
mean 100 episode reward: 5.2
% time spent exploring: 1
********************************************************
********************************************************
steps: 235316
episodes: 1230
mean 100 episode reward: 5.1
% time spent exploring: 1
********************************************************
********************************************************
steps: 237116
episodes: 1240
mean 100 episode reward: 5.0
% time spent exploring: 1
********************************************************
********************************************************
steps: 239198
episodes: 1250
mean 100 episode reward: 5.2
% time spent exploring: 1
********************************************************
********************************************************
steps: 241662
episodes: 1260
mean 100 episode reward: 5.3
% time spent exploring: 1
********************************************************
********************************************************
steps: 243766
episodes: 1270
mean 100 episode reward: 5.2
% time spent exploring: 1
********************************************************
********************************************************
steps: 246054
episodes: 1280
mean 100 episode reward: 5.5
% time spent exploring: 1
********************************************************
********************************************************
steps: 247747
episodes: 1290
mean 100 episode reward: 5.5
% time spent exploring: 1
********************************************************
********************************************************
steps: 250242
episodes: 1300
mean 100 episode reward: 5.7
% time spent exploring: 1
********************************************************
********************************************************
steps: 252218
episodes: 1310
mean 100 episode reward: 5.6
% time spent exploring: 1
********************************************************
********************************************************
steps: 253907
episodes: 1320
mean 100 episode reward: 5.5
% time spent exploring: 1
********************************************************
********************************************************
steps: 256219
episodes: 1330
mean 100 episode reward: 5.5
% time spent exploring: 1
********************************************************
********************************************************
steps: 257354
episodes: 1340
mean 100 episode reward: 5.3
% time spent exploring: 1
********************************************************
********************************************************
steps: 259018
episodes: 1350
mean 100 episode reward: 5.2
% time spent exploring: 1
********************************************************
********************************************************
steps: 260505
episodes: 1360
mean 100 episode reward: 4.9
% time spent exploring: 1
********************************************************
********************************************************
steps: 261980
episodes: 1370
mean 100 episode reward: 4.6
% time spent exploring: 1
********************************************************
********************************************************
steps: 263506
episodes: 1380
mean 100 episode reward: 4.3
% time spent exploring: 1
********************************************************
********************************************************
steps: 265596
episodes: 1390
mean 100 episode reward: 4.6
% time spent exploring: 1
********************************************************
********************************************************
steps: 267884
episodes: 1400
mean 100 episode reward: 4.7
% time spent exploring: 1
********************************************************
********************************************************
steps: 269978
episodes: 1410
mean 100 episode reward: 4.6
% time spent exploring: 1
********************************************************
********************************************************
steps: 271898
episodes: 1420
mean 100 episode reward: 4.8
% time spent exploring: 1
********************************************************
********************************************************
steps: 273830
episodes: 1430
mean 100 episode reward: 4.8
% time spent exploring: 1
********************************************************
********************************************************
steps: 275214
episodes: 1440
mean 100 episode reward: 4.9
% time spent exploring: 1
********************************************************
********************************************************
steps: 277054
episodes: 1450
mean 100 episode reward: 4.9
% time spent exploring: 1
********************************************************
********************************************************
steps: 278561
episodes: 1460
mean 100 episode reward: 5.0
% time spent exploring: 1
********************************************************
********************************************************
steps: 279920
episodes: 1470
mean 100 episode reward: 5.0
% time spent exploring: 1
********************************************************
********************************************************
steps: 281444
episodes: 1480
mean 100 episode reward: 5.0
% time spent exploring: 1
********************************************************
********************************************************
steps: 283086
episodes: 1490
mean 100 episode reward: 4.8
% time spent exploring: 1
********************************************************
********************************************************
steps: 285549
episodes: 1500
mean 100 episode reward: 5.0
% time spent exploring: 1
********************************************************
********************************************************
steps: 287702
episodes: 1510
mean 100 episode reward: 5.2
% time spent exploring: 1
********************************************************
********************************************************
steps: 290127
episodes: 1520
mean 100 episode reward: 5.3
% time spent exploring: 1
********************************************************
********************************************************
steps: 292099
episodes: 1530
mean 100 episode reward: 5.3
% time spent exploring: 1
********************************************************
********************************************************
steps: 293843
episodes: 1540
mean 100 episode reward: 5.6
% time spent exploring: 1
********************************************************
********************************************************
steps: 296234
episodes: 1550
mean 100 episode reward: 5.7
% time spent exploring: 1
********************************************************
********************************************************
steps: 298145
episodes: 1560
mean 100 episode reward: 5.8
% time spent exploring: 1
********************************************************
********************************************************
steps: 299893
episodes: 1570
mean 100 episode reward: 6.0
% time spent exploring: 1
********************************************************
********************************************************
steps: 301644
episodes: 1580
mean 100 episode reward: 6.1
% time spent exploring: 1
********************************************************
********************************************************
steps: 304075
episodes: 1590
mean 100 episode reward: 6.4
% time spent exploring: 1
********************************************************
********************************************************
steps: 306226
episodes: 1600
mean 100 episode reward: 6.1
% time spent exploring: 1
********************************************************
********************************************************
steps: 308098
episodes: 1610
mean 100 episode reward: 5.9
% time spent exploring: 1
********************************************************
********************************************************
steps: 309730
episodes: 1620
mean 100 episode reward: 5.6
% time spent exploring: 1
********************************************************
********************************************************
steps: 311957
episodes: 1630
mean 100 episode reward: 5.5
% time spent exploring: 1
********************************************************
********************************************************
steps: 314003
episodes: 1640
mean 100 episode reward: 5.6
% time spent exploring: 1
********************************************************
********************************************************
steps: 315409
episodes: 1650
mean 100 episode reward: 5.3
% time spent exploring: 1
********************************************************
********************************************************
steps: 318385
episodes: 1660
mean 100 episode reward: 5.6
% time spent exploring: 1
********************************************************
********************************************************
steps: 320200
episodes: 1670
mean 100 episode reward: 5.7
% time spent exploring: 1
********************************************************
********************************************************
steps: 322509
episodes: 1680
mean 100 episode reward: 5.9
% time spent exploring: 1
********************************************************
********************************************************
steps: 324859
episodes: 1690
mean 100 episode reward: 5.9
% time spent exploring: 1
********************************************************
********************************************************
steps: 326978
episodes: 1700
mean 100 episode reward: 5.8
% time spent exploring: 1
********************************************************
********************************************************
steps: 328734
episodes: 1710
mean 100 episode reward: 5.7
% time spent exploring: 1
********************************************************
********************************************************
steps: 330614
episodes: 1720
mean 100 episode reward: 5.8
% time spent exploring: 1
********************************************************
********************************************************
steps: 332631
episodes: 1730
mean 100 episode reward: 5.8
% time spent exploring: 1
********************************************************
********************************************************
steps: 334424
episodes: 1740
mean 100 episode reward: 5.7
% time spent exploring: 1
********************************************************
********************************************************
steps: 336563
episodes: 1750
mean 100 episode reward: 6.0
% time spent exploring: 1
********************************************************
********************************************************
steps: 338251
episodes: 1760
mean 100 episode reward: 5.6
% time spent exploring: 1
********************************************************
********************************************************
steps: 340129
episodes: 1770
mean 100 episode reward: 5.5
% time spent exploring: 1
********************************************************
********************************************************
steps: 341506
episodes: 1780
mean 100 episode reward: 5.1
% time spent exploring: 1
********************************************************
********************************************************
steps: 343826
episodes: 1790
mean 100 episode reward: 5.0
% time spent exploring: 1
********************************************************
********************************************************
steps: 345912
episodes: 1800
mean 100 episode reward: 5.0
% time spent exploring: 1
********************************************************
********************************************************
steps: 347774
episodes: 1810
mean 100 episode reward: 5.0
% time spent exploring: 1
********************************************************
********************************************************
steps: 349862
episodes: 1820
mean 100 episode reward: 5.1
% time spent exploring: 1
********************************************************
********************************************************
steps: 351563
episodes: 1830
mean 100 episode reward: 5.0
% time spent exploring: 1
********************************************************
********************************************************
steps: 353055
episodes: 1840
mean 100 episode reward: 4.9
% time spent exploring: 1
********************************************************
********************************************************
steps: 355533
episodes: 1850
mean 100 episode reward: 4.9
% time spent exploring: 1
********************************************************
********************************************************
steps: 357513
episodes: 1860
mean 100 episode reward: 5.1
% time spent exploring: 1
********************************************************
********************************************************
steps: 359025
episodes: 1870
mean 100 episode reward: 5.0
% time spent exploring: 1
********************************************************
********************************************************
steps: 360663
episodes: 1880
mean 100 episode reward: 5.1
% time spent exploring: 1
********************************************************
********************************************************
steps: 362150
episodes: 1890
mean 100 episode reward: 5.0
% time spent exploring: 1
********************************************************
********************************************************
steps: 363825
episodes: 1900
mean 100 episode reward: 4.9
% time spent exploring: 1
********************************************************
********************************************************
steps: 365338
episodes: 1910
mean 100 episode reward: 4.8
% time spent exploring: 1
********************************************************
********************************************************
steps: 367459
episodes: 1920
mean 100 episode reward: 4.9
% time spent exploring: 1
********************************************************
********************************************************
steps: 368629
episodes: 1930
mean 100 episode reward: 4.8
% time spent exploring: 1
********************************************************
********************************************************
steps: 370667
episodes: 1940
mean 100 episode reward: 4.9
% time spent exploring: 1
********************************************************
********************************************************
steps: 372893
episodes: 1950
mean 100 episode reward: 4.8
% time spent exploring: 1
********************************************************
********************************************************
steps: 374397
episodes: 1960
mean 100 episode reward: 4.8
% time spent exploring: 1
********************************************************
********************************************************
steps: 376376
episodes: 1970
mean 100 episode reward: 4.8
% time spent exploring: 1
********************************************************
********************************************************
steps: 377841
episodes: 1980
mean 100 episode reward: 4.8
% time spent exploring: 1
********************************************************
********************************************************
steps: 379668
episodes: 1990
mean 100 episode reward: 4.8
% time spent exploring: 1
********************************************************
********************************************************
steps: 381017
episodes: 2000
mean 100 episode reward: 4.7
% time spent exploring: 1
********************************************************
********************************************************
steps: 383445
episodes: 2010
mean 100 episode reward: 4.9
% time spent exploring: 1
********************************************************
********************************************************
steps: 385568
episodes: 2020
mean 100 episode reward: 4.8
% time spent exploring: 1
********************************************************
********************************************************
steps: 387477
episodes: 2030
mean 100 episode reward: 5.0
% time spent exploring: 1
********************************************************
********************************************************
steps: 389176
episodes: 2040
mean 100 episode reward: 4.9
% time spent exploring: 1
********************************************************
********************************************************
steps: 390632
episodes: 2050
mean 100 episode reward: 4.6
% time spent exploring: 1
********************************************************
********************************************************
steps: 392299
episodes: 2060
mean 100 episode reward: 4.6
% time spent exploring: 1
********************************************************
********************************************************
steps: 394116
episodes: 2070
mean 100 episode reward: 4.6
% time spent exploring: 1
********************************************************
********************************************************
steps: 395394
episodes: 2080
mean 100 episode reward: 4.5
% time spent exploring: 1
********************************************************
********************************************************
steps: 397343
episodes: 2090
mean 100 episode reward: 4.5
% time spent exploring: 1
********************************************************
********************************************************
steps: 399292
episodes: 2100
mean 100 episode reward: 4.7
% time spent exploring: 1
********************************************************
********************************************************
steps: 400664
episodes: 2110
mean 100 episode reward: 4.4
% time spent exploring: 1
********************************************************
********************************************************
steps: 402910
episodes: 2120
mean 100 episode reward: 4.4
% time spent exploring: 1
********************************************************
********************************************************
steps: 405209
episodes: 2130
mean 100 episode reward: 4.6
% time spent exploring: 1
********************************************************
********************************************************
steps: 407554
episodes: 2140
mean 100 episode reward: 4.9
% time spent exploring: 1
********************************************************
********************************************************
steps: 409114
episodes: 2150
mean 100 episode reward: 4.9
% time spent exploring: 1
********************************************************
********************************************************
steps: 411512
episodes: 2160
mean 100 episode reward: 5.1
% time spent exploring: 1
********************************************************
********************************************************
steps: 413880
episodes: 2170
mean 100 episode reward: 5.3
% time spent exploring: 1
********************************************************
********************************************************
steps: 415834
episodes: 2180
mean 100 episode reward: 5.5
% time spent exploring: 1
********************************************************
********************************************************
steps: 417695
episodes: 2190
mean 100 episode reward: 5.4
% time spent exploring: 1
********************************************************
********************************************************
steps: 420013
episodes: 2200
mean 100 episode reward: 5.5
% time spent exploring: 1
********************************************************
********************************************************
steps: 422423
episodes: 2210
mean 100 episode reward: 5.8
% time spent exploring: 1
********************************************************
********************************************************
steps: 424692
episodes: 2220
mean 100 episode reward: 5.7
% time spent exploring: 1
********************************************************
********************************************************
steps: 426558
episodes: 2230
mean 100 episode reward: 5.5
% time spent exploring: 1
********************************************************
********************************************************
steps: 428930
episodes: 2240
mean 100 episode reward: 5.4
% time spent exploring: 1
********************************************************
********************************************************
steps: 430350
episodes: 2250
mean 100 episode reward: 5.3
% time spent exploring: 1
********************************************************
********************************************************
steps: 432274
episodes: 2260
mean 100 episode reward: 5.2
% time spent exploring: 1
********************************************************
********************************************************
steps: 434033
episodes: 2270
mean 100 episode reward: 5.1
% time spent exploring: 1
********************************************************
********************************************************
steps: 435640
episodes: 2280
mean 100 episode reward: 5.0
% time spent exploring: 1
********************************************************
********************************************************
steps: 437338
episodes: 2290
mean 100 episode reward: 4.9
% time spent exploring: 1
********************************************************
********************************************************
steps: 439084
episodes: 2300
mean 100 episode reward: 4.8
% time spent exploring: 1
********************************************************
********************************************************
steps: 441441
episodes: 2310
mean 100 episode reward: 4.8
% time spent exploring: 1
********************************************************
********************************************************
steps: 443069
episodes: 2320
mean 100 episode reward: 4.7
% time spent exploring: 1
********************************************************
********************************************************
steps: 444418
episodes: 2330
mean 100 episode reward: 4.6
% time spent exploring: 1
********************************************************
********************************************************
steps: 445611
episodes: 2340
mean 100 episode reward: 4.2
% time spent exploring: 1
********************************************************
********************************************************
steps: 447467
episodes: 2350
mean 100 episode reward: 4.3
% time spent exploring: 1
********************************************************
********************************************************
steps: 448952
episodes: 2360
mean 100 episode reward: 4.2
% time spent exploring: 1
********************************************************
********************************************************
steps: 451051
episodes: 2370
mean 100 episode reward: 4.3
% time spent exploring: 1
********************************************************
********************************************************
steps: 452926
episodes: 2380
mean 100 episode reward: 4.4
% time spent exploring: 1
********************************************************
********************************************************
steps: 454839
episodes: 2390
mean 100 episode reward: 4.6
% time spent exploring: 1
********************************************************
********************************************************
steps: 456743
episodes: 2400
mean 100 episode reward: 4.6
% time spent exploring: 1
********************************************************
********************************************************
steps: 458057
episodes: 2410
mean 100 episode reward: 4.3
% time spent exploring: 1
********************************************************
********************************************************
steps: 460103
episodes: 2420
mean 100 episode reward: 4.4
% time spent exploring: 1
********************************************************
********************************************************
steps: 462314
episodes: 2430
mean 100 episode reward: 4.7
% time spent exploring: 1
********************************************************
********************************************************
steps: 463810
episodes: 2440
mean 100 episode reward: 4.9
% time spent exploring: 1
********************************************************
********************************************************
steps: 465685
episodes: 2450
mean 100 episode reward: 4.9
% time spent exploring: 1
********************************************************
********************************************************
steps: 467289
episodes: 2460
mean 100 episode reward: 4.8
% time spent exploring: 1
********************************************************
********************************************************
steps: 468868
episodes: 2470
mean 100 episode reward: 4.6
% time spent exploring: 1
********************************************************
********************************************************
steps: 470944
episodes: 2480
mean 100 episode reward: 4.6
% time spent exploring: 1
********************************************************
********************************************************
steps: 473353
episodes: 2490
mean 100 episode reward: 4.6
% time spent exploring: 1
********************************************************
********************************************************
steps: 475027
episodes: 2500
mean 100 episode reward: 4.5
% time spent exploring: 1
********************************************************
********************************************************
steps: 476233
episodes: 2510
mean 100 episode reward: 4.4
% time spent exploring: 1
********************************************************
********************************************************
steps: 477619
episodes: 2520
mean 100 episode reward: 4.2
% time spent exploring: 1
********************************************************
********************************************************
steps: 479629
episodes: 2530
mean 100 episode reward: 4.1
% time spent exploring: 1
********************************************************
********************************************************
steps: 481127
episodes: 2540
mean 100 episode reward: 4.0
% time spent exploring: 1
********************************************************
********************************************************
steps: 483093
episodes: 2550
mean 100 episode reward: 4.1
% time spent exploring: 1
********************************************************
********************************************************
steps: 484487
episodes: 2560
mean 100 episode reward: 3.9
% time spent exploring: 1
********************************************************
********************************************************
steps: 485924
episodes: 2570
mean 100 episode reward: 3.9
% time spent exploring: 1
********************************************************
********************************************************
steps: 488124
episodes: 2580
mean 100 episode reward: 3.9
% time spent exploring: 1
********************************************************
********************************************************
steps: 489760
episodes: 2590
mean 100 episode reward: 3.8
% time spent exploring: 1
********************************************************
********************************************************
steps: 491498
episodes: 2600
mean 100 episode reward: 3.9
% time spent exploring: 1
********************************************************
********************************************************
steps: 494219
episodes: 2610
mean 100 episode reward: 4.2
% time spent exploring: 1
********************************************************
********************************************************
steps: 495977
episodes: 2620
mean 100 episode reward: 4.4
% time spent exploring: 1
********************************************************
********************************************************
steps: 498173
episodes: 2630
mean 100 episode reward: 4.4
% time spent exploring: 1
********************************************************
********************************************************
steps: 499782
episodes: 2640
mean 100 episode reward: 4.4
% time spent exploring: 1
********************************************************
********************************************************
steps: 501797
episodes: 2650
mean 100 episode reward: 4.4
% time spent exploring: 1
********************************************************
********************************************************
steps: 504579
episodes: 2660
mean 100 episode reward: 4.9
% time spent exploring: 1
********************************************************
********************************************************
steps: 506891
episodes: 2670
mean 100 episode reward: 5.0
% time spent exploring: 1
********************************************************
********************************************************
steps: 509645
episodes: 2680
mean 100 episode reward: 5.2
% time spent exploring: 1
********************************************************
********************************************************
steps: 512538
episodes: 2690
mean 100 episode reward: 5.6
% time spent exploring: 1
********************************************************
********************************************************
steps: 515702
episodes: 2700
mean 100 episode reward: 6.0
% time spent exploring: 1
********************************************************
********************************************************
steps: 518779
episodes: 2710
mean 100 episode reward: 6.3
% time spent exploring: 1
********************************************************
********************************************************
steps: 521265
episodes: 2720
mean 100 episode reward: 6.5
% time spent exploring: 1
********************************************************
********************************************************
steps: 523934
episodes: 2730
mean 100 episode reward: 6.8
% time spent exploring: 1
********************************************************
********************************************************
steps: 526451
episodes: 2740
mean 100 episode reward: 7.1
% time spent exploring: 1
********************************************************
********************************************************
steps: 529437
episodes: 2750
mean 100 episode reward: 7.5
% time spent exploring: 1
********************************************************
********************************************************
steps: 532446
episodes: 2760
mean 100 episode reward: 7.6
% time spent exploring: 1
********************************************************
********************************************************
steps: 535235
episodes: 2770
mean 100 episode reward: 7.9
% time spent exploring: 1
********************************************************
********************************************************
steps: 537991
episodes: 2780
mean 100 episode reward: 8.0
% time spent exploring: 1
********************************************************
********************************************************
steps: 540969
episodes: 2790
mean 100 episode reward: 8.0
% time spent exploring: 1
********************************************************
********************************************************
steps: 544829
episodes: 2800
mean 100 episode reward: 8.3
% time spent exploring: 1
********************************************************
********************************************************
steps: 547961
episodes: 2810
mean 100 episode reward: 8.2
% time spent exploring: 1
********************************************************
********************************************************
steps: 551890
episodes: 2820
mean 100 episode reward: 8.6
% time spent exploring: 1
********************************************************
********************************************************
steps: 555183
episodes: 2830
mean 100 episode reward: 8.8
% time spent exploring: 1
********************************************************
********************************************************
steps: 557996
episodes: 2840
mean 100 episode reward: 8.8
% time spent exploring: 1
********************************************************
********************************************************
steps: 560435
episodes: 2850
mean 100 episode reward: 8.6
% time spent exploring: 1
********************************************************
********************************************************
steps: 564225
episodes: 2860
mean 100 episode reward: 8.7
% time spent exploring: 1
********************************************************
********************************************************
steps: 566835
episodes: 2870
mean 100 episode reward: 8.6
% time spent exploring: 1
********************************************************
********************************************************
steps: 569362
episodes: 2880
mean 100 episode reward: 8.5
% time spent exploring: 1
********************************************************
********************************************************
steps: 572368
episodes: 2890
mean 100 episode reward: 8.5
% time spent exploring: 1
********************************************************
********************************************************
steps: 575018
episodes: 2900
mean 100 episode reward: 8.2
% time spent exploring: 1
********************************************************
********************************************************
steps: 577644
episodes: 2910
mean 100 episode reward: 8.1
% time spent exploring: 1
********************************************************
********************************************************
steps: 580379
episodes: 2920
mean 100 episode reward: 7.8
% time spent exploring: 1
********************************************************
********************************************************
steps: 583051
episodes: 2930
mean 100 episode reward: 7.6
% time spent exploring: 1
********************************************************
********************************************************
steps: 585708
episodes: 2940
mean 100 episode reward: 7.5
% time spent exploring: 1
********************************************************
********************************************************
steps: 589282
episodes: 2950
mean 100 episode reward: 7.8
% time spent exploring: 1
********************************************************
********************************************************
steps: 591845
episodes: 2960
mean 100 episode reward: 7.6
% time spent exploring: 1
********************************************************
********************************************************
steps: 594670
episodes: 2970
mean 100 episode reward: 7.5
% time spent exploring: 1
********************************************************
********************************************************
steps: 597371
episodes: 2980
mean 100 episode reward: 7.6
% time spent exploring: 1
********************************************************
********************************************************
steps: 600072
episodes: 2990
mean 100 episode reward: 7.6
% time spent exploring: 1
********************************************************
********************************************************
steps: 602687
episodes: 3000
mean 100 episode reward: 7.6
% time spent exploring: 1
********************************************************
********************************************************
steps: 605181
episodes: 3010
mean 100 episode reward: 7.4
% time spent exploring: 1
********************************************************
********************************************************
steps: 608229
episodes: 3020
mean 100 episode reward: 7.4
% time spent exploring: 1
********************************************************
********************************************************
steps: 610986
episodes: 3030
mean 100 episode reward: 7.4
% time spent exploring: 1
********************************************************
********************************************************
steps: 613468
episodes: 3040
mean 100 episode reward: 7.4
% time spent exploring: 1
********************************************************
********************************************************
steps: 616438
episodes: 3050
mean 100 episode reward: 7.2
% time spent exploring: 1
********************************************************
********************************************************
steps: 618895
episodes: 3060
mean 100 episode reward: 7.4
% time spent exploring: 1
********************************************************
********************************************************
steps: 621271
episodes: 3070
mean 100 episode reward: 7.3
% time spent exploring: 1
********************************************************
********************************************************
steps: 623767
episodes: 3080
mean 100 episode reward: 7.2
% time spent exploring: 1
********************************************************
********************************************************
steps: 626474
episodes: 3090
mean 100 episode reward: 7.3
% time spent exploring: 1
********************************************************
********************************************************
steps: 629320
episodes: 3100
mean 100 episode reward: 7.3
% time spent exploring: 1
********************************************************
********************************************************
steps: 632044
episodes: 3110
mean 100 episode reward: 7.4
% time spent exploring: 1
********************************************************
********************************************************
steps: 634761
episodes: 3120
mean 100 episode reward: 7.3
% time spent exploring: 1
********************************************************
********************************************************
steps: 637832
episodes: 3130
mean 100 episode reward: 7.5
% time spent exploring: 1
********************************************************
********************************************************
steps: 640756
episodes: 3140
mean 100 episode reward: 7.7
% time spent exploring: 1
********************************************************
********************************************************
steps: 643139
episodes: 3150
mean 100 episode reward: 7.5
% time spent exploring: 1
********************************************************
********************************************************
steps: 645986
episodes: 3160
mean 100 episode reward: 7.4
% time spent exploring: 1
********************************************************
********************************************************
steps: 648844
episodes: 3170
mean 100 episode reward: 7.6
% time spent exploring: 1
********************************************************
********************************************************
steps: 652462
episodes: 3180
mean 100 episode reward: 7.9
% time spent exploring: 1
********************************************************
********************************************************
steps: 655189
episodes: 3190
mean 100 episode reward: 7.8
% time spent exploring: 1
********************************************************
********************************************************
steps: 657921
episodes: 3200
mean 100 episode reward: 7.8
% time spent exploring: 1
********************************************************
********************************************************
steps: 660311
episodes: 3210
mean 100 episode reward: 7.8
% time spent exploring: 1
********************************************************
********************************************************
steps: 663713
episodes: 3220
mean 100 episode reward: 7.9
% time spent exploring: 1
********************************************************
********************************************************
steps: 666129
episodes: 3230
mean 100 episode reward: 7.6
% time spent exploring: 1
********************************************************
********************************************************
steps: 668909
episodes: 3240
mean 100 episode reward: 7.6
% time spent exploring: 1
********************************************************
********************************************************
steps: 671992
episodes: 3250
mean 100 episode reward: 7.8
% time spent exploring: 1
********************************************************
********************************************************
steps: 674927
episodes: 3260
mean 100 episode reward: 7.7
% time spent exploring: 1
********************************************************
********************************************************
steps: 677771
episodes: 3270
mean 100 episode reward: 7.6
% time spent exploring: 1
********************************************************
********************************************************
steps: 680537
episodes: 3280
mean 100 episode reward: 7.4
% time spent exploring: 1
********************************************************
********************************************************
steps: 683403
episodes: 3290
mean 100 episode reward: 7.5
% time spent exploring: 1
********************************************************
********************************************************
steps: 685711
episodes: 3300
mean 100 episode reward: 7.3
% time spent exploring: 1
********************************************************
********************************************************
steps: 688541
episodes: 3310
mean 100 episode reward: 7.4
% time spent exploring: 1
********************************************************
********************************************************
steps: 690904
episodes: 3320
mean 100 episode reward: 7.1
% time spent exploring: 1
********************************************************
********************************************************
steps: 694037
episodes: 3330
mean 100 episode reward: 7.3
% time spent exploring: 1
********************************************************
********************************************************
steps: 697481
episodes: 3340
mean 100 episode reward: 7.4
% time spent exploring: 1
********************************************************
********************************************************
steps: 700404
episodes: 3350
mean 100 episode reward: 7.4
% time spent exploring: 1
********************************************************
********************************************************
steps: 703367
episodes: 3360
mean 100 episode reward: 7.4
% time spent exploring: 1
********************************************************
********************************************************
steps: 706078
episodes: 3370
mean 100 episode reward: 7.5
% time spent exploring: 1
********************************************************
********************************************************
steps: 708972
episodes: 3380
mean 100 episode reward: 7.4
% time spent exploring: 1
********************************************************
********************************************************
steps: 711441
episodes: 3390
mean 100 episode reward: 7.3
% time spent exploring: 1
********************************************************
********************************************************
steps: 714451
episodes: 3400
mean 100 episode reward: 7.6
% time spent exploring: 1
********************************************************
********************************************************
steps: 717480
episodes: 3410
mean 100 episode reward: 7.7
% time spent exploring: 1
********************************************************
********************************************************
steps: 720660
episodes: 3420
mean 100 episode reward: 8.0
% time spent exploring: 1
********************************************************
********************************************************
steps: 723796
episodes: 3430
mean 100 episode reward: 8.0
% time spent exploring: 1
********************************************************
********************************************************
steps: 727160
episodes: 3440
mean 100 episode reward: 8.0
% time spent exploring: 1
********************************************************
********************************************************
steps: 729941
episodes: 3450
mean 100 episode reward: 7.9
% time spent exploring: 1
********************************************************
********************************************************
steps: 732894
episodes: 3460
mean 100 episode reward: 8.0
% time spent exploring: 1
********************************************************
********************************************************
steps: 735791
episodes: 3470
mean 100 episode reward: 8.0
% time spent exploring: 1
********************************************************
********************************************************
steps: 738292
episodes: 3480
mean 100 episode reward: 7.8
% time spent exploring: 1
********************************************************
********************************************************
steps: 740901
episodes: 3490
mean 100 episode reward: 8.0
% time spent exploring: 1
********************************************************
********************************************************
steps: 743703
episodes: 3500
mean 100 episode reward: 7.9
% time spent exploring: 1
********************************************************
********************************************************
steps: 747167
episodes: 3510
mean 100 episode reward: 8.0
% time spent exploring: 1
********************************************************
********************************************************
steps: 749965
episodes: 3520
mean 100 episode reward: 8.0
% time spent exploring: 1
********************************************************
********************************************************
steps: 751882
episodes: 3530
mean 100 episode reward: 7.6
% time spent exploring: 1
********************************************************
********************************************************
steps: 753979
episodes: 3540
mean 100 episode reward: 7.3
% time spent exploring: 1
********************************************************
********************************************************
steps: 755720
episodes: 3550
mean 100 episode reward: 7.0
% time spent exploring: 1
********************************************************
********************************************************
steps: 758094
episodes: 3560
mean 100 episode reward: 6.8
% time spent exploring: 1
********************************************************
********************************************************
steps: 760522
episodes: 3570
mean 100 episode reward: 6.7
% time spent exploring: 1
********************************************************
********************************************************
steps: 763254
episodes: 3580
mean 100 episode reward: 6.9
% time spent exploring: 1
********************************************************
********************************************************
steps: 765667
episodes: 3590
mean 100 episode reward: 6.8
% time spent exploring: 1
********************************************************
********************************************************
steps: 768226
episodes: 3600
mean 100 episode reward: 6.6
% time spent exploring: 1
********************************************************
********************************************************
steps: 770096
episodes: 3610
mean 100 episode reward: 6.1
% time spent exploring: 1
********************************************************
********************************************************
steps: 771641
episodes: 3620
mean 100 episode reward: 5.7
% time spent exploring: 1
********************************************************
********************************************************
steps: 773767
episodes: 3630
mean 100 episode reward: 5.6
% time spent exploring: 1
********************************************************
********************************************************
steps: 776273
episodes: 3640
mean 100 episode reward: 5.8
% time spent exploring: 1
********************************************************
********************************************************
steps: 778194
episodes: 3650
mean 100 episode reward: 5.9
% time spent exploring: 1
********************************************************
********************************************************
steps: 780706
episodes: 3660
mean 100 episode reward: 6.0
% time spent exploring: 1
********************************************************
********************************************************
steps: 782685
episodes: 3670
mean 100 episode reward: 5.9
% time spent exploring: 1
********************************************************
********************************************************
steps: 785062
episodes: 3680
mean 100 episode reward: 5.7
% time spent exploring: 1
********************************************************
********************************************************
steps: 787766
episodes: 3690
mean 100 episode reward: 5.8
% time spent exploring: 1
********************************************************
********************************************************
steps: 790259
episodes: 3700
mean 100 episode reward: 5.8
% time spent exploring: 1
********************************************************
********************************************************
steps: 793386
episodes: 3710
mean 100 episode reward: 6.5
% time spent exploring: 1
********************************************************
********************************************************
steps: 795673
episodes: 3720
mean 100 episode reward: 6.9
% time spent exploring: 1
********************************************************
********************************************************
steps: 798126
episodes: 3730
mean 100 episode reward: 7.2
% time spent exploring: 1
********************************************************
********************************************************
steps: 800560
episodes: 3740
mean 100 episode reward: 7.4
% time spent exploring: 1
********************************************************
********************************************************
steps: 802929
episodes: 3750
mean 100 episode reward: 7.5
% time spent exploring: 1
********************************************************
********************************************************
steps: 805594
episodes: 3760
mean 100 episode reward: 7.6
% time spent exploring: 1
********************************************************
********************************************************
steps: 807776
episodes: 3770
mean 100 episode reward: 7.8
% time spent exploring: 1
********************************************************
********************************************************
steps: 810395
episodes: 3780
mean 100 episode reward: 8.2
% time spent exploring: 1
********************************************************
********************************************************
steps: 812917
episodes: 3790
mean 100 episode reward: 8.4
% time spent exploring: 1
********************************************************
********************************************************
steps: 814894
episodes: 3800
mean 100 episode reward: 8.5
% time spent exploring: 1
********************************************************
********************************************************
steps: 817620
episodes: 3810
mean 100 episode reward: 8.3
% time spent exploring: 1
********************************************************
********************************************************
steps: 820880
episodes: 3820
mean 100 episode reward: 8.6
% time spent exploring: 1
********************************************************
********************************************************
steps: 823862
episodes: 3830
mean 100 episode reward: 8.9
% time spent exploring: 1
********************************************************
********************************************************
steps: 826141
episodes: 3840
mean 100 episode reward: 8.8
% time spent exploring: 1
********************************************************
********************************************************
steps: 829019
episodes: 3850
mean 100 episode reward: 9.2
% time spent exploring: 1
********************************************************
********************************************************
steps: 831491
episodes: 3860
mean 100 episode reward: 9.1
% time spent exploring: 1
********************************************************
********************************************************
steps: 833674
episodes: 3870
mean 100 episode reward: 9.2
% time spent exploring: 1
********************************************************
********************************************************
steps: 836211
episodes: 3880
mean 100 episode reward: 9.0
% time spent exploring: 1
********************************************************
********************************************************
steps: 839444
episodes: 3890
mean 100 episode reward: 9.2
% time spent exploring: 1
********************************************************
********************************************************
steps: 842113
episodes: 3900
mean 100 episode reward: 9.3
% time spent exploring: 1
********************************************************
********************************************************
steps: 844180
episodes: 3910
mean 100 episode reward: 9.0
% time spent exploring: 1
********************************************************
********************************************************
steps: 847000
episodes: 3920
mean 100 episode reward: 9.0
% time spent exploring: 1
********************************************************
********************************************************
steps: 848725
episodes: 3930
mean 100 episode reward: 8.5
% time spent exploring: 1
********************************************************
********************************************************
steps: 851226
episodes: 3940
mean 100 episode reward: 8.4
% time spent exploring: 1
********************************************************
********************************************************
steps: 853070
episodes: 3950
mean 100 episode reward: 7.9
% time spent exploring: 1
********************************************************
********************************************************
steps: 855659
episodes: 3960
mean 100 episode reward: 8.0
% time spent exploring: 1
********************************************************
********************************************************
steps: 858777
episodes: 3970
mean 100 episode reward: 8.4
% time spent exploring: 1
********************************************************
********************************************************
steps: 860620
episodes: 3980
mean 100 episode reward: 8.2
% time spent exploring: 1
********************************************************
********************************************************
steps: 862665
episodes: 3990
mean 100 episode reward: 8.0
% time spent exploring: 1
********************************************************
********************************************************
steps: 865112
episodes: 4000
mean 100 episode reward: 8.1
% time spent exploring: 1
********************************************************
********************************************************
steps: 867356
episodes: 4010
mean 100 episode reward: 8.2
% time spent exploring: 1
********************************************************
********************************************************
steps: 869508
episodes: 4020
mean 100 episode reward: 7.9
% time spent exploring: 1
********************************************************
********************************************************
steps: 872089
episodes: 4030
mean 100 episode reward: 8.3
% time spent exploring: 1
********************************************************
********************************************************
steps: 875617
episodes: 4040
mean 100 episode reward: 8.9
% time spent exploring: 1
********************************************************
********************************************************
steps: 878141
episodes: 4050
mean 100 episode reward: 9.3
% time spent exploring: 1
********************************************************
********************************************************
steps: 880809
episodes: 4060
mean 100 episode reward: 9.0
% time spent exploring: 1
********************************************************
********************************************************
steps: 883138
episodes: 4070
mean 100 episode reward: 8.8
% time spent exploring: 1
********************************************************
********************************************************
steps: 885835
episodes: 4080
mean 100 episode reward: 9.1
% time spent exploring: 1
********************************************************
********************************************************
steps: 888822
episodes: 4090
mean 100 episode reward: 9.2
% time spent exploring: 1
********************************************************
********************************************************
steps: 890892
episodes: 4100
mean 100 episode reward: 9.0
% time spent exploring: 1
********************************************************
********************************************************
steps: 893469
episodes: 4110
mean 100 episode reward: 9.2
% time spent exploring: 1
********************************************************
********************************************************
steps: 895663
episodes: 4120
mean 100 episode reward: 9.2
% time spent exploring: 1
********************************************************
********************************************************
steps: 897486
episodes: 4130
mean 100 episode reward: 8.9
% time spent exploring: 1
********************************************************
********************************************************
steps: 900162
episodes: 4140
mean 100 episode reward: 8.6
% time spent exploring: 1
********************************************************
********************************************************
steps: 902696
episodes: 4150
mean 100 episode reward: 8.6
% time spent exploring: 1
********************************************************
********************************************************
steps: 905360
episodes: 4160
mean 100 episode reward: 8.6
% time spent exploring: 1
********************************************************
********************************************************
steps: 907394
episodes: 4170
mean 100 episode reward: 8.5
% time spent exploring: 1
********************************************************
********************************************************
steps: 909929
episodes: 4180
mean 100 episode reward: 8.5
% time spent exploring: 1
********************************************************
********************************************************
steps: 912720
episodes: 4190
mean 100 episode reward: 8.6
% time spent exploring: 1
********************************************************
********************************************************
steps: 915805
episodes: 4200
mean 100 episode reward: 8.8
% time spent exploring: 1
********************************************************
********************************************************
steps: 919028
episodes: 4210
mean 100 episode reward: 9.0
% time spent exploring: 1
********************************************************
********************************************************
steps: 921835
episodes: 4220
mean 100 episode reward: 9.3
% time spent exploring: 1
********************************************************
********************************************************
steps: 925185
episodes: 4230
mean 100 episode reward: 9.9
% time spent exploring: 1
********************************************************
********************************************************
steps: 928288
episodes: 4240
mean 100 episode reward: 10.2
% time spent exploring: 1
********************************************************
********************************************************
steps: 931499
episodes: 4250
mean 100 episode reward: 10.3
% time spent exploring: 1
********************************************************
********************************************************
steps: 934380
episodes: 4260
mean 100 episode reward: 10.5
% time spent exploring: 1
********************************************************
********************************************************
steps: 937977
episodes: 4270
mean 100 episode reward: 11.1
% time spent exploring: 1
********************************************************
********************************************************
steps: 940389
episodes: 4280
mean 100 episode reward: 11.0
% time spent exploring: 1
********************************************************
********************************************************
steps: 942140
episodes: 4290
mean 100 episode reward: 10.4
% time spent exploring: 1
********************************************************
********************************************************
steps: 945294
episodes: 4300
mean 100 episode reward: 10.6
% time spent exploring: 1
********************************************************
********************************************************
steps: 948464
episodes: 4310
mean 100 episode reward: 10.5
% time spent exploring: 1
********************************************************
********************************************************
steps: 951037
episodes: 4320
mean 100 episode reward: 10.3
% time spent exploring: 1
********************************************************
********************************************************
steps: 953350
episodes: 4330
mean 100 episode reward: 10.0
% time spent exploring: 1
********************************************************
********************************************************
steps: 955931
episodes: 4340
mean 100 episode reward: 9.6
% time spent exploring: 1
********************************************************
********************************************************
steps: 958599
episodes: 4350
mean 100 episode reward: 9.4
% time spent exploring: 1
********************************************************
********************************************************
steps: 962133
episodes: 4360
mean 100 episode reward: 9.7
% time spent exploring: 1
********************************************************
********************************************************
steps: 965169
episodes: 4370
mean 100 episode reward: 9.6
% time spent exploring: 1
********************************************************
********************************************************
steps: 968388
episodes: 4380
mean 100 episode reward: 9.8
% time spent exploring: 1
********************************************************
********************************************************
steps: 971544
episodes: 4390
mean 100 episode reward: 10.4
% time spent exploring: 1
********************************************************
********************************************************
steps: 974306
episodes: 4400
mean 100 episode reward: 10.3
% time spent exploring: 1
********************************************************
********************************************************
steps: 976764
episodes: 4410
mean 100 episode reward: 10.1
% time spent exploring: 1
********************************************************
********************************************************
steps: 979997
episodes: 4420
mean 100 episode reward: 10.4
% time spent exploring: 1
********************************************************
********************************************************
steps: 983023
episodes: 4430
mean 100 episode reward: 10.8
% time spent exploring: 1
********************************************************
********************************************************
steps: 985978
episodes: 4440
mean 100 episode reward: 11.0
% time spent exploring: 1
********************************************************
********************************************************
steps: 988097
episodes: 4450
mean 100 episode reward: 10.8
% time spent exploring: 1
********************************************************
********************************************************
steps: 990866
episodes: 4460
mean 100 episode reward: 10.5
% time spent exploring: 1
********************************************************
********************************************************
steps: 993142
episodes: 4470
mean 100 episode reward: 10.0
% time spent exploring: 1
********************************************************
********************************************************
steps: 995381
episodes: 4480
mean 100 episode reward: 9.7
% time spent exploring: 1
********************************************************
********************************************************
steps: 997886
episodes: 4490
mean 100 episode reward: 9.5
% time spent exploring: 1
********************************************************
