Wed Nov 15 14:18:50 2023       
+---------------------------------------------------------------------------------------+
| NVIDIA-SMI 530.30.02              Driver Version: 530.30.02    CUDA Version: 12.1     |
|-----------------------------------------+----------------------+----------------------+
| GPU  Name                  Persistence-M| Bus-Id        Disp.A | Volatile Uncorr. ECC |
| Fan  Temp  Perf            Pwr:Usage/Cap|         Memory-Usage | GPU-Util  Compute M. |
|                                         |                      |               MIG M. |
|=========================================+======================+======================|
|   0  NVIDIA A40                      On | 00000000:E3:00.0 Off |                    0 |
|  0%   27C    P8               32W / 300W|      0MiB / 46068MiB |      0%      Default |
|                                         |                      |                  N/A |
+-----------------------------------------+----------------------+----------------------+
                                                                                         
+---------------------------------------------------------------------------------------+
| Processes:                                                                            |
|  GPU   GI   CI        PID   Type   Process name                            GPU Memory |
|        ID   ID                                                             Usage      |
|=======================================================================================|
|  No running processes found                                                           |
+---------------------------------------------------------------------------------------+
********************************************************
steps: 1318
episodes: 10
mean 100 episode reward: 2.6
% time spent exploring: 98
********************************************************
********************************************************
steps: 2976
episodes: 20
mean 100 episode reward: 2.6
% time spent exploring: 97
********************************************************
********************************************************
steps: 4438
episodes: 30
mean 100 episode reward: 2.6
% time spent exploring: 95
********************************************************
********************************************************
steps: 6277
episodes: 40
mean 100 episode reward: 2.8
% time spent exploring: 93
********************************************************
********************************************************
steps: 8316
episodes: 50
mean 100 episode reward: 3.0
% time spent exploring: 91
********************************************************
********************************************************
steps: 10604
episodes: 60
mean 100 episode reward: 3.3
% time spent exploring: 89
********************************************************
********************************************************
steps: 11867
episodes: 70
mean 100 episode reward: 3.1
% time spent exploring: 88
********************************************************
********************************************************
steps: 13359
episodes: 80
mean 100 episode reward: 3.0
% time spent exploring: 86
********************************************************
********************************************************
steps: 14859
episodes: 90
mean 100 episode reward: 3.0
% time spent exploring: 85
********************************************************
********************************************************
steps: 16293
episodes: 100
mean 100 episode reward: 2.9
% time spent exploring: 83
********************************************************
********************************************************
steps: 18061
episodes: 110
mean 100 episode reward: 3.0
% time spent exploring: 82
********************************************************
********************************************************
steps: 19332
episodes: 120
mean 100 episode reward: 3.0
% time spent exploring: 80
********************************************************
********************************************************
steps: 20960
episodes: 130
mean 100 episode reward: 3.1
% time spent exploring: 79
********************************************************
********************************************************
steps: 22833
episodes: 140
mean 100 episode reward: 3.1
% time spent exploring: 77
********************************************************
********************************************************
steps: 24136
episodes: 150
mean 100 episode reward: 2.9
% time spent exploring: 76
********************************************************
********************************************************
steps: 26073
episodes: 160
mean 100 episode reward: 2.8
% time spent exploring: 74
********************************************************
********************************************************
steps: 28151
episodes: 170
mean 100 episode reward: 3.1
% time spent exploring: 72
********************************************************
********************************************************
steps: 29685
episodes: 180
mean 100 episode reward: 3.2
% time spent exploring: 70
********************************************************
********************************************************
steps: 31128
episodes: 190
mean 100 episode reward: 3.2
% time spent exploring: 69
********************************************************
********************************************************
steps: 32738
episodes: 200
mean 100 episode reward: 3.2
% time spent exploring: 67
********************************************************
********************************************************
steps: 34726
episodes: 210
mean 100 episode reward: 3.2
% time spent exploring: 65
********************************************************
********************************************************
steps: 36318
episodes: 220
mean 100 episode reward: 3.2
% time spent exploring: 64
********************************************************
********************************************************
steps: 37834
episodes: 230
mean 100 episode reward: 3.2
% time spent exploring: 62
********************************************************
********************************************************
steps: 39539
episodes: 240
mean 100 episode reward: 3.2
% time spent exploring: 60
********************************************************
********************************************************
steps: 41347
episodes: 250
mean 100 episode reward: 3.4
% time spent exploring: 59
********************************************************
********************************************************
steps: 43263
episodes: 260
mean 100 episode reward: 3.4
% time spent exploring: 57
********************************************************
********************************************************
steps: 44518
episodes: 270
mean 100 episode reward: 3.2
% time spent exploring: 55
********************************************************
********************************************************
steps: 46346
episodes: 280
mean 100 episode reward: 3.3
% time spent exploring: 54
********************************************************
********************************************************
steps: 47894
episodes: 290
mean 100 episode reward: 3.2
% time spent exploring: 52
********************************************************
********************************************************
steps: 50012
episodes: 300
mean 100 episode reward: 3.4
% time spent exploring: 50
********************************************************
********************************************************
steps: 51416
episodes: 310
mean 100 episode reward: 3.3
% time spent exploring: 49
********************************************************
********************************************************
steps: 53130
episodes: 320
mean 100 episode reward: 3.4
% time spent exploring: 47
********************************************************
********************************************************
steps: 55469
episodes: 330
mean 100 episode reward: 3.7
% time spent exploring: 45
********************************************************
********************************************************
steps: 57248
episodes: 340
mean 100 episode reward: 3.8
% time spent exploring: 43
********************************************************
********************************************************
steps: 59358
episodes: 350
mean 100 episode reward: 3.8
% time spent exploring: 41
********************************************************
********************************************************
steps: 61865
episodes: 360
mean 100 episode reward: 3.9
% time spent exploring: 38
********************************************************
********************************************************
steps: 63262
episodes: 370
mean 100 episode reward: 4.0
% time spent exploring: 37
********************************************************
********************************************************
steps: 64733
episodes: 380
mean 100 episode reward: 3.9
% time spent exploring: 35
********************************************************
********************************************************
steps: 66838
episodes: 390
mean 100 episode reward: 4.0
% time spent exploring: 33
********************************************************
********************************************************
steps: 68918
episodes: 400
mean 100 episode reward: 3.9
% time spent exploring: 31
********************************************************
********************************************************
steps: 71337
episodes: 410
mean 100 episode reward: 4.1
% time spent exploring: 29
********************************************************
********************************************************
steps: 73308
episodes: 420
mean 100 episode reward: 4.1
% time spent exploring: 27
********************************************************
********************************************************
steps: 75464
episodes: 430
mean 100 episode reward: 3.9
% time spent exploring: 25
********************************************************
********************************************************
steps: 77314
episodes: 440
mean 100 episode reward: 3.8
% time spent exploring: 23
********************************************************
********************************************************
steps: 79663
episodes: 450
mean 100 episode reward: 3.9
% time spent exploring: 21
********************************************************
********************************************************
steps: 82317
episodes: 460
mean 100 episode reward: 4.0
% time spent exploring: 18
********************************************************
********************************************************
steps: 85078
episodes: 470
mean 100 episode reward: 4.2
% time spent exploring: 15
********************************************************
********************************************************
steps: 87489
episodes: 480
mean 100 episode reward: 4.6
% time spent exploring: 13
********************************************************
********************************************************
steps: 89558
episodes: 490
mean 100 episode reward: 4.5
% time spent exploring: 11
********************************************************
********************************************************
steps: 91179
episodes: 500
mean 100 episode reward: 4.4
% time spent exploring: 9
********************************************************
********************************************************
steps: 92697
episodes: 510
mean 100 episode reward: 4.3
% time spent exploring: 8
********************************************************
********************************************************
steps: 94284
episodes: 520
mean 100 episode reward: 4.2
% time spent exploring: 6
********************************************************
********************************************************
steps: 96039
episodes: 530
mean 100 episode reward: 4.2
% time spent exploring: 4
********************************************************
********************************************************
steps: 97954
episodes: 540
mean 100 episode reward: 4.2
% time spent exploring: 3
********************************************************
********************************************************
steps: 99903
episodes: 550
mean 100 episode reward: 4.0
% time spent exploring: 1
********************************************************
********************************************************
steps: 101810
episodes: 560
mean 100 episode reward: 3.7
% time spent exploring: 1
********************************************************
********************************************************
steps: 104564
episodes: 570
mean 100 episode reward: 3.6
% time spent exploring: 1
********************************************************
********************************************************
steps: 106461
episodes: 580
mean 100 episode reward: 3.2
% time spent exploring: 1
********************************************************
********************************************************
steps: 109335
episodes: 590
mean 100 episode reward: 3.5
% time spent exploring: 1
********************************************************
********************************************************
steps: 110794
episodes: 600
mean 100 episode reward: 3.4
% time spent exploring: 1
********************************************************
********************************************************
steps: 112839
episodes: 610
mean 100 episode reward: 3.6
% time spent exploring: 1
********************************************************
********************************************************
steps: 114487
episodes: 620
mean 100 episode reward: 3.5
% time spent exploring: 1
********************************************************
********************************************************
steps: 116462
episodes: 630
mean 100 episode reward: 3.6
% time spent exploring: 1
********************************************************
********************************************************
steps: 118366
episodes: 640
mean 100 episode reward: 3.6
% time spent exploring: 1
********************************************************
********************************************************
steps: 120011
episodes: 650
mean 100 episode reward: 3.6
% time spent exploring: 1
********************************************************
********************************************************
steps: 121182
episodes: 660
mean 100 episode reward: 3.4
% time spent exploring: 1
********************************************************
********************************************************
steps: 122643
episodes: 670
mean 100 episode reward: 3.2
% time spent exploring: 1
********************************************************
********************************************************
steps: 124232
episodes: 680
mean 100 episode reward: 3.2
% time spent exploring: 1
********************************************************
********************************************************
steps: 125680
episodes: 690
mean 100 episode reward: 2.8
% time spent exploring: 1
********************************************************
********************************************************
steps: 127357
episodes: 700
mean 100 episode reward: 2.9
% time spent exploring: 1
********************************************************
********************************************************
steps: 129065
episodes: 710
mean 100 episode reward: 2.7
% time spent exploring: 1
********************************************************
********************************************************
steps: 131127
episodes: 720
mean 100 episode reward: 2.8
% time spent exploring: 1
********************************************************
********************************************************
steps: 132550
episodes: 730
mean 100 episode reward: 2.5
% time spent exploring: 1
********************************************************
********************************************************
steps: 134402
episodes: 740
mean 100 episode reward: 2.5
% time spent exploring: 1
********************************************************
********************************************************
steps: 136158
episodes: 750
mean 100 episode reward: 2.4
% time spent exploring: 1
********************************************************
********************************************************
steps: 137951
episodes: 760
mean 100 episode reward: 2.5
% time spent exploring: 1
********************************************************
********************************************************
steps: 139664
episodes: 770
mean 100 episode reward: 2.4
% time spent exploring: 1
********************************************************
********************************************************
steps: 142031
episodes: 780
mean 100 episode reward: 2.5
% time spent exploring: 1
********************************************************
********************************************************
steps: 144072
episodes: 790
mean 100 episode reward: 2.5
% time spent exploring: 1
********************************************************
********************************************************
steps: 145528
episodes: 800
mean 100 episode reward: 2.5
% time spent exploring: 1
********************************************************
********************************************************
steps: 147507
episodes: 810
mean 100 episode reward: 2.6
% time spent exploring: 1
********************************************************
********************************************************
steps: 149984
episodes: 820
mean 100 episode reward: 3.0
% time spent exploring: 1
********************************************************
********************************************************
steps: 152261
episodes: 830
mean 100 episode reward: 3.4
% time spent exploring: 1
********************************************************
********************************************************
steps: 154509
episodes: 840
mean 100 episode reward: 3.4
% time spent exploring: 1
********************************************************
********************************************************
steps: 156570
episodes: 850
mean 100 episode reward: 3.5
% time spent exploring: 1
********************************************************
********************************************************
steps: 158640
episodes: 860
mean 100 episode reward: 3.6
% time spent exploring: 1
********************************************************
********************************************************
steps: 160745
episodes: 870
mean 100 episode reward: 3.9
% time spent exploring: 1
********************************************************
********************************************************
steps: 163211
episodes: 880
mean 100 episode reward: 3.9
% time spent exploring: 1
********************************************************
********************************************************
steps: 164847
episodes: 890
mean 100 episode reward: 4.1
% time spent exploring: 1
********************************************************
********************************************************
steps: 167147
episodes: 900
mean 100 episode reward: 4.4
% time spent exploring: 1
********************************************************
********************************************************
steps: 169701
episodes: 910
mean 100 episode reward: 4.4
% time spent exploring: 1
********************************************************
********************************************************
steps: 171792
episodes: 920
mean 100 episode reward: 4.1
% time spent exploring: 1
********************************************************
********************************************************
steps: 174133
episodes: 930
mean 100 episode reward: 3.9
% time spent exploring: 1
********************************************************
********************************************************
steps: 176108
episodes: 940
mean 100 episode reward: 3.9
% time spent exploring: 1
********************************************************
********************************************************
steps: 178361
episodes: 950
mean 100 episode reward: 4.0
% time spent exploring: 1
********************************************************
********************************************************
steps: 181117
episodes: 960
mean 100 episode reward: 4.1
% time spent exploring: 1
********************************************************
********************************************************
steps: 182655
episodes: 970
mean 100 episode reward: 4.0
% time spent exploring: 1
********************************************************
********************************************************
steps: 184760
episodes: 980
mean 100 episode reward: 4.0
% time spent exploring: 1
********************************************************
********************************************************
steps: 186673
episodes: 990
mean 100 episode reward: 4.0
% time spent exploring: 1
********************************************************
********************************************************
steps: 188767
episodes: 1000
mean 100 episode reward: 3.8
% time spent exploring: 1
********************************************************
********************************************************
steps: 191016
episodes: 1010
mean 100 episode reward: 3.7
% time spent exploring: 1
********************************************************
********************************************************
steps: 194074
episodes: 1020
mean 100 episode reward: 3.8
% time spent exploring: 1
********************************************************
********************************************************
steps: 195926
episodes: 1030
mean 100 episode reward: 3.6
% time spent exploring: 1
********************************************************
********************************************************
steps: 197884
episodes: 1040
mean 100 episode reward: 3.6
% time spent exploring: 1
********************************************************
********************************************************
steps: 200224
episodes: 1050
mean 100 episode reward: 3.6
% time spent exploring: 1
********************************************************
********************************************************
steps: 202169
episodes: 1060
mean 100 episode reward: 3.4
% time spent exploring: 1
********************************************************
********************************************************
steps: 204246
episodes: 1070
mean 100 episode reward: 3.5
% time spent exploring: 1
********************************************************
********************************************************
steps: 205865
episodes: 1080
mean 100 episode reward: 3.3
% time spent exploring: 1
********************************************************
********************************************************
steps: 208517
episodes: 1090
mean 100 episode reward: 3.4
% time spent exploring: 1
********************************************************
********************************************************
steps: 210472
episodes: 1100
mean 100 episode reward: 3.3
% time spent exploring: 1
********************************************************
********************************************************
steps: 212384
episodes: 1110
mean 100 episode reward: 3.5
% time spent exploring: 1
********************************************************
********************************************************
steps: 214974
episodes: 1120
mean 100 episode reward: 3.5
% time spent exploring: 1
********************************************************
********************************************************
steps: 217268
episodes: 1130
mean 100 episode reward: 3.8
% time spent exploring: 1
********************************************************
********************************************************
steps: 219824
episodes: 1140
mean 100 episode reward: 3.9
% time spent exploring: 1
********************************************************
********************************************************
steps: 222273
episodes: 1150
mean 100 episode reward: 3.9
% time spent exploring: 1
********************************************************
********************************************************
steps: 224130
episodes: 1160
mean 100 episode reward: 3.9
% time spent exploring: 1
********************************************************
********************************************************
steps: 225509
episodes: 1170
mean 100 episode reward: 3.8
% time spent exploring: 1
********************************************************
********************************************************
steps: 227969
episodes: 1180
mean 100 episode reward: 4.0
% time spent exploring: 1
********************************************************
********************************************************
steps: 229939
episodes: 1190
mean 100 episode reward: 3.9
% time spent exploring: 1
********************************************************
********************************************************
steps: 232364
episodes: 1200
mean 100 episode reward: 4.0
% time spent exploring: 1
********************************************************
********************************************************
steps: 234383
episodes: 1210
mean 100 episode reward: 3.8
% time spent exploring: 1
********************************************************
********************************************************
steps: 236631
episodes: 1220
mean 100 episode reward: 3.6
% time spent exploring: 1
********************************************************
********************************************************
steps: 238597
episodes: 1230
mean 100 episode reward: 3.5
% time spent exploring: 1
********************************************************
********************************************************
steps: 240523
episodes: 1240
mean 100 episode reward: 3.4
% time spent exploring: 1
********************************************************
********************************************************
steps: 242337
episodes: 1250
mean 100 episode reward: 3.2
% time spent exploring: 1
********************************************************
********************************************************
steps: 244138
episodes: 1260
mean 100 episode reward: 3.1
% time spent exploring: 1
********************************************************
********************************************************
steps: 246172
episodes: 1270
mean 100 episode reward: 3.2
% time spent exploring: 1
********************************************************
********************************************************
steps: 248032
episodes: 1280
mean 100 episode reward: 3.0
% time spent exploring: 1
********************************************************
********************************************************
steps: 250398
episodes: 1290
mean 100 episode reward: 3.1
% time spent exploring: 1
********************************************************
********************************************************
steps: 252504
episodes: 1300
mean 100 episode reward: 3.0
% time spent exploring: 1
********************************************************
********************************************************
steps: 254114
episodes: 1310
mean 100 episode reward: 2.9
% time spent exploring: 1
********************************************************
********************************************************
steps: 256197
episodes: 1320
mean 100 episode reward: 2.8
% time spent exploring: 1
********************************************************
********************************************************
steps: 258131
episodes: 1330
mean 100 episode reward: 2.7
% time spent exploring: 1
********************************************************
********************************************************
steps: 260382
episodes: 1340
mean 100 episode reward: 2.7
% time spent exploring: 1
********************************************************
********************************************************
steps: 262640
episodes: 1350
mean 100 episode reward: 2.7
% time spent exploring: 1
********************************************************
********************************************************
steps: 264302
episodes: 1360
mean 100 episode reward: 2.6
% time spent exploring: 1
********************************************************
********************************************************
steps: 266383
episodes: 1370
mean 100 episode reward: 2.6
% time spent exploring: 1
********************************************************
********************************************************
steps: 268077
episodes: 1380
mean 100 episode reward: 2.5
% time spent exploring: 1
********************************************************
********************************************************
steps: 270129
episodes: 1390
mean 100 episode reward: 2.4
% time spent exploring: 1
********************************************************
********************************************************
steps: 272503
episodes: 1400
mean 100 episode reward: 2.4
% time spent exploring: 1
********************************************************
********************************************************
steps: 274327
episodes: 1410
mean 100 episode reward: 2.3
% time spent exploring: 1
********************************************************
********************************************************
steps: 276168
episodes: 1420
mean 100 episode reward: 2.3
% time spent exploring: 1
********************************************************
********************************************************
steps: 278469
episodes: 1430
mean 100 episode reward: 2.4
% time spent exploring: 1
********************************************************
********************************************************
steps: 279954
episodes: 1440
mean 100 episode reward: 2.2
% time spent exploring: 1
********************************************************
********************************************************
steps: 282549
episodes: 1450
mean 100 episode reward: 2.3
% time spent exploring: 1
********************************************************
********************************************************
steps: 284548
episodes: 1460
mean 100 episode reward: 2.5
% time spent exploring: 1
********************************************************
********************************************************
steps: 287173
episodes: 1470
mean 100 episode reward: 2.7
% time spent exploring: 1
********************************************************
********************************************************
steps: 289473
episodes: 1480
mean 100 episode reward: 2.9
% time spent exploring: 1
********************************************************
********************************************************
steps: 292025
episodes: 1490
mean 100 episode reward: 3.0
% time spent exploring: 1
********************************************************
********************************************************
steps: 294232
episodes: 1500
mean 100 episode reward: 3.2
% time spent exploring: 1
********************************************************
********************************************************
steps: 296025
episodes: 1510
mean 100 episode reward: 3.3
% time spent exploring: 1
********************************************************
********************************************************
steps: 297898
episodes: 1520
mean 100 episode reward: 3.4
% time spent exploring: 1
********************************************************
********************************************************
steps: 299818
episodes: 1530
mean 100 episode reward: 3.4
% time spent exploring: 1
********************************************************
********************************************************
steps: 302508
episodes: 1540
mean 100 episode reward: 3.6
% time spent exploring: 1
********************************************************
********************************************************
steps: 305280
episodes: 1550
mean 100 episode reward: 3.7
% time spent exploring: 1
********************************************************
********************************************************
steps: 307419
episodes: 1560
mean 100 episode reward: 3.7
% time spent exploring: 1
********************************************************
********************************************************
steps: 309556
episodes: 1570
mean 100 episode reward: 3.6
% time spent exploring: 1
********************************************************
********************************************************
steps: 311568
episodes: 1580
mean 100 episode reward: 3.4
% time spent exploring: 1
********************************************************
********************************************************
steps: 313668
episodes: 1590
mean 100 episode reward: 3.3
% time spent exploring: 1
********************************************************
********************************************************
steps: 315522
episodes: 1600
mean 100 episode reward: 3.3
% time spent exploring: 1
********************************************************
********************************************************
steps: 317361
episodes: 1610
mean 100 episode reward: 3.4
% time spent exploring: 1
********************************************************
********************************************************
steps: 320159
episodes: 1620
mean 100 episode reward: 3.6
% time spent exploring: 1
********************************************************
********************************************************
steps: 321681
episodes: 1630
mean 100 episode reward: 3.6
% time spent exploring: 1
********************************************************
********************************************************
steps: 323989
episodes: 1640
mean 100 episode reward: 3.8
% time spent exploring: 1
********************************************************
********************************************************
steps: 326338
episodes: 1650
mean 100 episode reward: 3.8
% time spent exploring: 1
********************************************************
********************************************************
steps: 328369
episodes: 1660
mean 100 episode reward: 3.9
% time spent exploring: 1
********************************************************
********************************************************
steps: 330541
episodes: 1670
mean 100 episode reward: 3.9
% time spent exploring: 1
********************************************************
********************************************************
steps: 332634
episodes: 1680
mean 100 episode reward: 3.8
% time spent exploring: 1
********************************************************
********************************************************
steps: 334670
episodes: 1690
mean 100 episode reward: 3.9
% time spent exploring: 1
********************************************************
********************************************************
steps: 336640
episodes: 1700
mean 100 episode reward: 3.8
% time spent exploring: 1
********************************************************
********************************************************
steps: 338238
episodes: 1710
mean 100 episode reward: 3.8
% time spent exploring: 1
********************************************************
********************************************************
steps: 340039
episodes: 1720
mean 100 episode reward: 3.5
% time spent exploring: 1
********************************************************
********************************************************
steps: 341194
episodes: 1730
mean 100 episode reward: 3.3
% time spent exploring: 1
********************************************************
********************************************************
steps: 343068
episodes: 1740
mean 100 episode reward: 3.1
% time spent exploring: 1
********************************************************
********************************************************
steps: 345453
episodes: 1750
mean 100 episode reward: 3.0
% time spent exploring: 1
********************************************************
********************************************************
steps: 347554
episodes: 1760
mean 100 episode reward: 3.0
% time spent exploring: 1
********************************************************
********************************************************
steps: 349439
episodes: 1770
mean 100 episode reward: 2.8
% time spent exploring: 1
********************************************************
********************************************************
steps: 351821
episodes: 1780
mean 100 episode reward: 3.0
% time spent exploring: 1
********************************************************
********************************************************
steps: 354304
episodes: 1790
mean 100 episode reward: 3.0
% time spent exploring: 1
********************************************************
********************************************************
steps: 357091
episodes: 1800
mean 100 episode reward: 3.3
% time spent exploring: 1
********************************************************
********************************************************
steps: 359811
episodes: 1810
mean 100 episode reward: 3.7
% time spent exploring: 1
********************************************************
********************************************************
steps: 361560
episodes: 1820
mean 100 episode reward: 3.7
% time spent exploring: 1
********************************************************
********************************************************
steps: 364432
episodes: 1830
mean 100 episode reward: 4.1
% time spent exploring: 1
********************************************************
********************************************************
steps: 366833
episodes: 1840
mean 100 episode reward: 4.1
% time spent exploring: 1
********************************************************
********************************************************
steps: 369263
episodes: 1850
mean 100 episode reward: 4.2
% time spent exploring: 1
********************************************************
********************************************************
steps: 372162
episodes: 1860
mean 100 episode reward: 4.4
% time spent exploring: 1
********************************************************
********************************************************
steps: 374687
episodes: 1870
mean 100 episode reward: 4.7
% time spent exploring: 1
********************************************************
********************************************************
steps: 376515
episodes: 1880
mean 100 episode reward: 4.6
% time spent exploring: 1
********************************************************
********************************************************
steps: 378289
episodes: 1890
mean 100 episode reward: 4.6
% time spent exploring: 1
********************************************************
********************************************************
steps: 379851
episodes: 1900
mean 100 episode reward: 4.3
% time spent exploring: 1
********************************************************
********************************************************
steps: 381342
episodes: 1910
mean 100 episode reward: 3.8
% time spent exploring: 1
********************************************************
********************************************************
steps: 384050
episodes: 1920
mean 100 episode reward: 3.9
% time spent exploring: 1
********************************************************
********************************************************
steps: 386513
episodes: 1930
mean 100 episode reward: 3.9
% time spent exploring: 1
********************************************************
********************************************************
steps: 387837
episodes: 1940
mean 100 episode reward: 3.7
% time spent exploring: 1
********************************************************
********************************************************
steps: 390024
episodes: 1950
mean 100 episode reward: 3.7
% time spent exploring: 1
********************************************************
********************************************************
steps: 391959
episodes: 1960
mean 100 episode reward: 3.4
% time spent exploring: 1
********************************************************
********************************************************
steps: 394686
episodes: 1970
mean 100 episode reward: 3.4
% time spent exploring: 1
********************************************************
********************************************************
steps: 398021
episodes: 1980
mean 100 episode reward: 3.6
% time spent exploring: 1
********************************************************
********************************************************
steps: 400817
episodes: 1990
mean 100 episode reward: 3.9
% time spent exploring: 1
********************************************************
********************************************************
steps: 402975
episodes: 2000
mean 100 episode reward: 4.0
% time spent exploring: 1
********************************************************
********************************************************
steps: 404835
episodes: 2010
mean 100 episode reward: 4.1
% time spent exploring: 1
********************************************************
********************************************************
steps: 406945
episodes: 2020
mean 100 episode reward: 4.1
% time spent exploring: 1
********************************************************
********************************************************
steps: 409164
episodes: 2030
mean 100 episode reward: 4.0
% time spent exploring: 1
********************************************************
********************************************************
steps: 411735
episodes: 2040
mean 100 episode reward: 4.3
% time spent exploring: 1
********************************************************
********************************************************
steps: 414467
episodes: 2050
mean 100 episode reward: 4.4
% time spent exploring: 1
********************************************************
********************************************************
steps: 416820
episodes: 2060
mean 100 episode reward: 4.6
% time spent exploring: 1
********************************************************
********************************************************
steps: 418183
episodes: 2070
mean 100 episode reward: 4.3
% time spent exploring: 1
********************************************************
********************************************************
steps: 420268
episodes: 2080
mean 100 episode reward: 4.2
% time spent exploring: 1
********************************************************
********************************************************
steps: 422703
episodes: 2090
mean 100 episode reward: 4.2
% time spent exploring: 1
********************************************************
********************************************************
steps: 425253
episodes: 2100
mean 100 episode reward: 4.4
% time spent exploring: 1
********************************************************
********************************************************
steps: 427213
episodes: 2110
mean 100 episode reward: 4.5
% time spent exploring: 1
********************************************************
********************************************************
steps: 430155
episodes: 2120
mean 100 episode reward: 4.7
% time spent exploring: 1
********************************************************
********************************************************
steps: 432372
episodes: 2130
mean 100 episode reward: 4.8
% time spent exploring: 1
********************************************************
********************************************************
steps: 434818
episodes: 2140
mean 100 episode reward: 4.8
% time spent exploring: 1
********************************************************
********************************************************
steps: 437314
episodes: 2150
mean 100 episode reward: 4.7
% time spent exploring: 1
********************************************************
********************************************************
steps: 439657
episodes: 2160
mean 100 episode reward: 4.6
% time spent exploring: 1
********************************************************
********************************************************
steps: 441838
episodes: 2170
mean 100 episode reward: 4.7
% time spent exploring: 1
********************************************************
********************************************************
steps: 443719
episodes: 2180
mean 100 episode reward: 4.5
% time spent exploring: 1
********************************************************
********************************************************
steps: 445042
episodes: 2190
mean 100 episode reward: 4.3
% time spent exploring: 1
********************************************************
********************************************************
steps: 446974
episodes: 2200
mean 100 episode reward: 4.3
% time spent exploring: 1
********************************************************
********************************************************
steps: 448832
episodes: 2210
mean 100 episode reward: 4.3
% time spent exploring: 1
********************************************************
********************************************************
steps: 450676
episodes: 2220
mean 100 episode reward: 4.0
% time spent exploring: 1
********************************************************
********************************************************
steps: 452328
episodes: 2230
mean 100 episode reward: 3.8
% time spent exploring: 1
********************************************************
********************************************************
steps: 454276
episodes: 2240
mean 100 episode reward: 3.6
% time spent exploring: 1
********************************************************
********************************************************
steps: 456501
episodes: 2250
mean 100 episode reward: 3.6
% time spent exploring: 1
********************************************************
********************************************************
steps: 459091
episodes: 2260
mean 100 episode reward: 3.7
% time spent exploring: 1
********************************************************
********************************************************
steps: 461408
episodes: 2270
mean 100 episode reward: 3.8
% time spent exploring: 1
********************************************************
********************************************************
steps: 463177
episodes: 2280
mean 100 episode reward: 3.9
% time spent exploring: 1
********************************************************
********************************************************
steps: 466093
episodes: 2290
mean 100 episode reward: 4.0
% time spent exploring: 1
********************************************************
********************************************************
steps: 467642
episodes: 2300
mean 100 episode reward: 3.8
% time spent exploring: 1
********************************************************
********************************************************
steps: 469756
episodes: 2310
mean 100 episode reward: 3.8
% time spent exploring: 1
********************************************************
********************************************************
steps: 471972
episodes: 2320
mean 100 episode reward: 3.9
% time spent exploring: 1
********************************************************
********************************************************
steps: 474612
episodes: 2330
mean 100 episode reward: 4.1
% time spent exploring: 1
********************************************************
********************************************************
steps: 476534
episodes: 2340
mean 100 episode reward: 4.1
% time spent exploring: 1
********************************************************
********************************************************
steps: 478683
episodes: 2350
mean 100 episode reward: 4.2
% time spent exploring: 1
********************************************************
********************************************************
steps: 480847
episodes: 2360
mean 100 episode reward: 4.0
% time spent exploring: 1
********************************************************
********************************************************
steps: 482595
episodes: 2370
mean 100 episode reward: 3.9
% time spent exploring: 1
********************************************************
********************************************************
steps: 485049
episodes: 2380
mean 100 episode reward: 4.1
% time spent exploring: 1
********************************************************
********************************************************
steps: 486899
episodes: 2390
mean 100 episode reward: 4.0
% time spent exploring: 1
********************************************************
********************************************************
steps: 489032
episodes: 2400
mean 100 episode reward: 4.1
% time spent exploring: 1
********************************************************
********************************************************
steps: 490876
episodes: 2410
mean 100 episode reward: 4.0
% time spent exploring: 1
********************************************************
********************************************************
steps: 492700
episodes: 2420
mean 100 episode reward: 3.9
% time spent exploring: 1
********************************************************
********************************************************
steps: 494274
episodes: 2430
mean 100 episode reward: 3.7
% time spent exploring: 1
********************************************************
********************************************************
steps: 496102
episodes: 2440
mean 100 episode reward: 3.7
% time spent exploring: 1
********************************************************
********************************************************
steps: 497978
episodes: 2450
mean 100 episode reward: 3.7
% time spent exploring: 1
********************************************************
********************************************************
steps: 501142
episodes: 2460
mean 100 episode reward: 4.0
% time spent exploring: 1
********************************************************
********************************************************
steps: 504436
episodes: 2470
mean 100 episode reward: 4.4
% time spent exploring: 1
********************************************************
********************************************************
steps: 507622
episodes: 2480
mean 100 episode reward: 4.6
% time spent exploring: 1
********************************************************
********************************************************
steps: 510719
episodes: 2490
mean 100 episode reward: 5.0
% time spent exploring: 1
********************************************************
********************************************************
steps: 514604
episodes: 2500
mean 100 episode reward: 5.6
% time spent exploring: 1
********************************************************
********************************************************
steps: 518039
episodes: 2510
mean 100 episode reward: 6.1
% time spent exploring: 1
********************************************************
********************************************************
steps: 520938
episodes: 2520
mean 100 episode reward: 6.5
% time spent exploring: 1
********************************************************
********************************************************
steps: 525013
episodes: 2530
mean 100 episode reward: 7.0
% time spent exploring: 1
********************************************************
********************************************************
steps: 527918
episodes: 2540
mean 100 episode reward: 7.3
% time spent exploring: 1
********************************************************
********************************************************
steps: 531285
episodes: 2550
mean 100 episode reward: 7.7
% time spent exploring: 1
********************************************************
********************************************************
steps: 535215
episodes: 2560
mean 100 episode reward: 7.9
% time spent exploring: 1
********************************************************
********************************************************
steps: 538451
episodes: 2570
mean 100 episode reward: 8.0
% time spent exploring: 1
********************************************************
********************************************************
steps: 542147
episodes: 2580
mean 100 episode reward: 8.0
% time spent exploring: 1
********************************************************
********************************************************
steps: 545507
episodes: 2590
mean 100 episode reward: 8.0
% time spent exploring: 1
********************************************************
********************************************************
steps: 549102
episodes: 2600
mean 100 episode reward: 7.9
% time spent exploring: 1
********************************************************
********************************************************
steps: 552497
episodes: 2610
mean 100 episode reward: 7.9
% time spent exploring: 1
********************************************************
********************************************************
steps: 555783
episodes: 2620
mean 100 episode reward: 8.0
% time spent exploring: 1
********************************************************
********************************************************
steps: 559573
episodes: 2630
mean 100 episode reward: 8.0
% time spent exploring: 1
********************************************************
********************************************************
steps: 563800
episodes: 2640
mean 100 episode reward: 8.3
% time spent exploring: 1
********************************************************
********************************************************
steps: 567206
episodes: 2650
mean 100 episode reward: 8.3
% time spent exploring: 1
********************************************************
********************************************************
steps: 571354
episodes: 2660
mean 100 episode reward: 8.4
% time spent exploring: 1
********************************************************
********************************************************
steps: 574566
episodes: 2670
mean 100 episode reward: 8.4
% time spent exploring: 1
********************************************************
********************************************************
steps: 577993
episodes: 2680
mean 100 episode reward: 8.4
% time spent exploring: 1
********************************************************
********************************************************
steps: 580923
episodes: 2690
mean 100 episode reward: 8.3
% time spent exploring: 1
********************************************************
********************************************************
steps: 584109
episodes: 2700
mean 100 episode reward: 8.3
% time spent exploring: 1
********************************************************
********************************************************
steps: 587298
episodes: 2710
mean 100 episode reward: 8.3
% time spent exploring: 1
********************************************************
********************************************************
steps: 591195
episodes: 2720
mean 100 episode reward: 8.4
% time spent exploring: 1
********************************************************
********************************************************
steps: 594962
episodes: 2730
mean 100 episode reward: 8.3
% time spent exploring: 1
********************************************************
********************************************************
steps: 598757
episodes: 2740
mean 100 episode reward: 8.2
% time spent exploring: 1
********************************************************
********************************************************
steps: 602204
episodes: 2750
mean 100 episode reward: 8.2
% time spent exploring: 1
********************************************************
********************************************************
steps: 606058
episodes: 2760
mean 100 episode reward: 8.2
% time spent exploring: 1
********************************************************
********************************************************
steps: 609011
episodes: 2770
mean 100 episode reward: 8.0
% time spent exploring: 1
********************************************************
********************************************************
steps: 611908
episodes: 2780
mean 100 episode reward: 8.0
% time spent exploring: 1
********************************************************
********************************************************
steps: 614978
episodes: 2790
mean 100 episode reward: 8.0
% time spent exploring: 1
********************************************************
********************************************************
steps: 618330
episodes: 2800
mean 100 episode reward: 8.0
% time spent exploring: 1
********************************************************
********************************************************
steps: 621861
episodes: 2810
mean 100 episode reward: 8.1
% time spent exploring: 1
********************************************************
********************************************************
steps: 625573
episodes: 2820
mean 100 episode reward: 8.0
% time spent exploring: 1
********************************************************
********************************************************
steps: 628809
episodes: 2830
mean 100 episode reward: 7.9
% time spent exploring: 1
********************************************************
********************************************************
steps: 631807
episodes: 2840
mean 100 episode reward: 7.8
% time spent exploring: 1
********************************************************
********************************************************
steps: 635568
episodes: 2850
mean 100 episode reward: 7.8
% time spent exploring: 1
********************************************************
********************************************************
steps: 639038
episodes: 2860
mean 100 episode reward: 7.7
% time spent exploring: 1
********************************************************
********************************************************
steps: 642244
episodes: 2870
mean 100 episode reward: 7.8
% time spent exploring: 1
********************************************************
********************************************************
steps: 645194
episodes: 2880
mean 100 episode reward: 7.8
% time spent exploring: 1
********************************************************
********************************************************
steps: 648491
episodes: 2890
mean 100 episode reward: 7.8
% time spent exploring: 1
********************************************************
********************************************************
steps: 651759
episodes: 2900
mean 100 episode reward: 7.8
% time spent exploring: 1
********************************************************
********************************************************
steps: 655538
episodes: 2910
mean 100 episode reward: 7.8
% time spent exploring: 1
********************************************************
********************************************************
steps: 658517
episodes: 2920
mean 100 episode reward: 7.7
% time spent exploring: 1
********************************************************
********************************************************
steps: 661835
episodes: 2930
mean 100 episode reward: 7.8
% time spent exploring: 1
********************************************************
********************************************************
steps: 664843
episodes: 2940
mean 100 episode reward: 7.7
% time spent exploring: 1
********************************************************
********************************************************
steps: 668463
episodes: 2950
mean 100 episode reward: 7.6
% time spent exploring: 1
********************************************************
********************************************************
steps: 672540
episodes: 2960
mean 100 episode reward: 7.7
% time spent exploring: 1
********************************************************
********************************************************
steps: 675359
episodes: 2970
mean 100 episode reward: 7.6
% time spent exploring: 1
********************************************************
********************************************************
steps: 679318
episodes: 2980
mean 100 episode reward: 7.8
% time spent exploring: 1
********************************************************
********************************************************
steps: 682562
episodes: 2990
mean 100 episode reward: 7.7
% time spent exploring: 1
********************************************************
********************************************************
steps: 685945
episodes: 3000
mean 100 episode reward: 7.8
% time spent exploring: 1
********************************************************
********************************************************
steps: 689573
episodes: 3010
mean 100 episode reward: 7.8
% time spent exploring: 1
********************************************************
********************************************************
steps: 693109
episodes: 3020
mean 100 episode reward: 7.8
% time spent exploring: 1
********************************************************
********************************************************
steps: 696819
episodes: 3030
mean 100 episode reward: 8.0
% time spent exploring: 1
********************************************************
********************************************************
steps: 700137
episodes: 3040
mean 100 episode reward: 8.0
% time spent exploring: 1
********************************************************
********************************************************
steps: 703307
episodes: 3050
mean 100 episode reward: 8.0
% time spent exploring: 1
********************************************************
********************************************************
steps: 706558
episodes: 3060
mean 100 episode reward: 7.8
% time spent exploring: 1
********************************************************
********************************************************
steps: 710364
episodes: 3070
mean 100 episode reward: 8.0
% time spent exploring: 1
********************************************************
********************************************************
steps: 713888
episodes: 3080
mean 100 episode reward: 8.0
% time spent exploring: 1
********************************************************
********************************************************
steps: 717533
episodes: 3090
mean 100 episode reward: 8.0
% time spent exploring: 1
********************************************************
********************************************************
steps: 720459
episodes: 3100
mean 100 episode reward: 7.9
% time spent exploring: 1
********************************************************
********************************************************
steps: 723123
episodes: 3110
mean 100 episode reward: 7.8
% time spent exploring: 1
********************************************************
********************************************************
steps: 726236
episodes: 3120
mean 100 episode reward: 7.7
% time spent exploring: 1
********************************************************
********************************************************
steps: 730391
episodes: 3130
mean 100 episode reward: 7.8
% time spent exploring: 1
********************************************************
********************************************************
steps: 733800
episodes: 3140
mean 100 episode reward: 7.8
% time spent exploring: 1
********************************************************
********************************************************
steps: 737299
episodes: 3150
mean 100 episode reward: 7.9
% time spent exploring: 1
********************************************************
********************************************************
steps: 740822
episodes: 3160
mean 100 episode reward: 8.0
% time spent exploring: 1
********************************************************
********************************************************
steps: 744649
episodes: 3170
mean 100 episode reward: 8.0
% time spent exploring: 1
********************************************************
********************************************************
steps: 747847
episodes: 3180
mean 100 episode reward: 8.0
% time spent exploring: 1
********************************************************
********************************************************
steps: 751190
episodes: 3190
mean 100 episode reward: 7.9
% time spent exploring: 1
********************************************************
********************************************************
steps: 754005
episodes: 3200
mean 100 episode reward: 7.8
% time spent exploring: 1
********************************************************
********************************************************
steps: 756433
episodes: 3210
mean 100 episode reward: 7.7
% time spent exploring: 1
********************************************************
********************************************************
steps: 758812
episodes: 3220
mean 100 episode reward: 7.5
% time spent exploring: 1
********************************************************
********************************************************
steps: 761136
episodes: 3230
mean 100 episode reward: 7.1
% time spent exploring: 1
********************************************************
********************************************************
steps: 763287
episodes: 3240
mean 100 episode reward: 6.7
% time spent exploring: 1
********************************************************
********************************************************
steps: 765615
episodes: 3250
mean 100 episode reward: 6.4
% time spent exploring: 1
********************************************************
********************************************************
steps: 767669
episodes: 3260
mean 100 episode reward: 5.8
% time spent exploring: 1
********************************************************
********************************************************
steps: 769935
episodes: 3270
mean 100 episode reward: 5.4
% time spent exploring: 1
********************************************************
********************************************************
steps: 772009
episodes: 3280
mean 100 episode reward: 5.0
% time spent exploring: 1
********************************************************
********************************************************
steps: 774791
episodes: 3290
mean 100 episode reward: 4.7
% time spent exploring: 1
********************************************************
********************************************************
steps: 777628
episodes: 3300
mean 100 episode reward: 4.6
% time spent exploring: 1
********************************************************
********************************************************
steps: 779737
episodes: 3310
mean 100 episode reward: 4.4
% time spent exploring: 1
********************************************************
********************************************************
steps: 781986
episodes: 3320
mean 100 episode reward: 4.2
% time spent exploring: 1
********************************************************
********************************************************
steps: 783693
episodes: 3330
mean 100 episode reward: 4.0
% time spent exploring: 1
********************************************************
********************************************************
steps: 785712
episodes: 3340
mean 100 episode reward: 3.8
% time spent exploring: 1
********************************************************
********************************************************
steps: 789164
episodes: 3350
mean 100 episode reward: 4.2
% time spent exploring: 1
********************************************************
********************************************************
steps: 791842
episodes: 3360
mean 100 episode reward: 4.3
% time spent exploring: 1
********************************************************
********************************************************
steps: 794243
episodes: 3370
mean 100 episode reward: 4.2
% time spent exploring: 1
********************************************************
********************************************************
steps: 796325
episodes: 3380
mean 100 episode reward: 4.2
% time spent exploring: 1
********************************************************
********************************************************
steps: 799665
episodes: 3390
mean 100 episode reward: 4.6
% time spent exploring: 1
********************************************************
********************************************************
steps: 802119
episodes: 3400
mean 100 episode reward: 4.6
% time spent exploring: 1
********************************************************
********************************************************
steps: 804902
episodes: 3410
mean 100 episode reward: 4.7
% time spent exploring: 1
********************************************************
********************************************************
steps: 807226
episodes: 3420
mean 100 episode reward: 4.9
% time spent exploring: 1
********************************************************
********************************************************
steps: 809909
episodes: 3430
mean 100 episode reward: 5.3
% time spent exploring: 1
********************************************************
********************************************************
steps: 811806
episodes: 3440
mean 100 episode reward: 5.4
% time spent exploring: 1
********************************************************
********************************************************
steps: 814676
episodes: 3450
mean 100 episode reward: 5.2
% time spent exploring: 1
********************************************************
********************************************************
steps: 817140
episodes: 3460
mean 100 episode reward: 5.4
% time spent exploring: 1
********************************************************
********************************************************
steps: 820036
episodes: 3470
mean 100 episode reward: 5.8
% time spent exploring: 1
********************************************************
********************************************************
steps: 822415
episodes: 3480
mean 100 episode reward: 6.0
% time spent exploring: 1
********************************************************
********************************************************
steps: 824792
episodes: 3490
mean 100 episode reward: 5.7
% time spent exploring: 1
********************************************************
********************************************************
steps: 826746
episodes: 3500
mean 100 episode reward: 5.5
% time spent exploring: 1
********************************************************
********************************************************
steps: 829313
episodes: 3510
mean 100 episode reward: 5.3
% time spent exploring: 1
********************************************************
********************************************************
steps: 830924
episodes: 3520
mean 100 episode reward: 5.0
% time spent exploring: 1
********************************************************
********************************************************
steps: 832911
episodes: 3530
mean 100 episode reward: 4.6
% time spent exploring: 1
********************************************************
********************************************************
steps: 835365
episodes: 3540
mean 100 episode reward: 4.6
% time spent exploring: 1
********************************************************
********************************************************
steps: 838051
episodes: 3550
mean 100 episode reward: 4.4
% time spent exploring: 1
********************************************************
********************************************************
steps: 840065
episodes: 3560
mean 100 episode reward: 4.1
% time spent exploring: 1
********************************************************
********************************************************
steps: 842783
episodes: 3570
mean 100 episode reward: 4.0
% time spent exploring: 1
********************************************************
********************************************************
steps: 845365
episodes: 3580
mean 100 episode reward: 3.9
% time spent exploring: 1
********************************************************
********************************************************
steps: 847903
episodes: 3590
mean 100 episode reward: 3.9
% time spent exploring: 1
********************************************************
********************************************************
steps: 849648
episodes: 3600
mean 100 episode reward: 4.0
% time spent exploring: 1
********************************************************
********************************************************
steps: 851620
episodes: 3610
mean 100 episode reward: 4.0
% time spent exploring: 1
********************************************************
********************************************************
steps: 852878
episodes: 3620
mean 100 episode reward: 4.1
% time spent exploring: 1
********************************************************
********************************************************
steps: 855125
episodes: 3630
mean 100 episode reward: 4.5
% time spent exploring: 1
********************************************************
********************************************************
steps: 857239
episodes: 3640
mean 100 episode reward: 4.6
% time spent exploring: 1
********************************************************
********************************************************
steps: 859353
episodes: 3650
mean 100 episode reward: 4.6
% time spent exploring: 1
********************************************************
********************************************************
steps: 861220
episodes: 3660
mean 100 episode reward: 4.6
% time spent exploring: 1
********************************************************
********************************************************
steps: 863319
episodes: 3670
mean 100 episode reward: 4.5
% time spent exploring: 1
********************************************************
********************************************************
steps: 865707
episodes: 3680
mean 100 episode reward: 4.5
% time spent exploring: 1
********************************************************
********************************************************
steps: 868516
episodes: 3690
mean 100 episode reward: 4.6
% time spent exploring: 1
********************************************************
********************************************************
steps: 870875
episodes: 3700
mean 100 episode reward: 4.6
% time spent exploring: 1
********************************************************
********************************************************
steps: 873343
episodes: 3710
mean 100 episode reward: 4.8
% time spent exploring: 1
********************************************************
********************************************************
steps: 875352
episodes: 3720
mean 100 episode reward: 4.9
% time spent exploring: 1
********************************************************
********************************************************
steps: 878564
episodes: 3730
mean 100 episode reward: 4.9
% time spent exploring: 1
********************************************************
********************************************************
steps: 881292
episodes: 3740
mean 100 episode reward: 4.8
% time spent exploring: 1
********************************************************
********************************************************
steps: 884010
episodes: 3750
mean 100 episode reward: 4.9
% time spent exploring: 1
********************************************************
********************************************************
steps: 886546
episodes: 3760
mean 100 episode reward: 5.2
% time spent exploring: 1
********************************************************
********************************************************
steps: 889041
episodes: 3770
mean 100 episode reward: 5.2
% time spent exploring: 1
********************************************************
********************************************************
steps: 890803
episodes: 3780
mean 100 episode reward: 4.9
% time spent exploring: 1
********************************************************
********************************************************
steps: 893002
episodes: 3790
mean 100 episode reward: 4.6
% time spent exploring: 1
********************************************************
********************************************************
steps: 895303
episodes: 3800
mean 100 episode reward: 4.6
% time spent exploring: 1
********************************************************
********************************************************
steps: 897548
episodes: 3810
mean 100 episode reward: 4.4
% time spent exploring: 1
********************************************************
********************************************************
steps: 900982
episodes: 3820
mean 100 episode reward: 4.7
% time spent exploring: 1
********************************************************
********************************************************
steps: 903752
episodes: 3830
mean 100 episode reward: 4.5
% time spent exploring: 1
********************************************************
********************************************************
steps: 905945
episodes: 3840
mean 100 episode reward: 4.5
% time spent exploring: 1
********************************************************
********************************************************
steps: 908788
episodes: 3850
mean 100 episode reward: 4.4
% time spent exploring: 1
********************************************************
********************************************************
steps: 910670
episodes: 3860
mean 100 episode reward: 3.9
% time spent exploring: 1
********************************************************
********************************************************
steps: 913533
episodes: 3870
mean 100 episode reward: 3.8
% time spent exploring: 1
********************************************************
********************************************************
steps: 915644
episodes: 3880
mean 100 episode reward: 3.6
% time spent exploring: 1
********************************************************
********************************************************
steps: 918334
episodes: 3890
mean 100 episode reward: 3.6
% time spent exploring: 1
********************************************************
********************************************************
steps: 920691
episodes: 3900
mean 100 episode reward: 3.6
% time spent exploring: 1
********************************************************
********************************************************
steps: 922356
episodes: 3910
mean 100 episode reward: 3.5
% time spent exploring: 1
********************************************************
********************************************************
steps: 924287
episodes: 3920
mean 100 episode reward: 3.2
% time spent exploring: 1
********************************************************
********************************************************
steps: 925943
episodes: 3930
mean 100 episode reward: 3.2
% time spent exploring: 1
********************************************************
********************************************************
steps: 927765
episodes: 3940
mean 100 episode reward: 3.2
% time spent exploring: 1
********************************************************
********************************************************
steps: 930780
episodes: 3950
mean 100 episode reward: 3.5
% time spent exploring: 1
********************************************************
********************************************************
steps: 933213
episodes: 3960
mean 100 episode reward: 4.0
% time spent exploring: 1
********************************************************
********************************************************
steps: 934846
episodes: 3970
mean 100 episode reward: 4.0
% time spent exploring: 1
********************************************************
********************************************************
steps: 937409
episodes: 3980
mean 100 episode reward: 4.3
% time spent exploring: 1
********************************************************
********************************************************
steps: 940668
episodes: 3990
mean 100 episode reward: 4.5
% time spent exploring: 1
********************************************************
********************************************************
steps: 943022
episodes: 4000
mean 100 episode reward: 4.8
% time spent exploring: 1
********************************************************
********************************************************
steps: 944860
episodes: 4010
mean 100 episode reward: 4.8
% time spent exploring: 1
********************************************************
********************************************************
steps: 946964
episodes: 4020
mean 100 episode reward: 4.7
% time spent exploring: 1
********************************************************
********************************************************
steps: 948790
episodes: 4030
mean 100 episode reward: 4.5
% time spent exploring: 1
********************************************************
********************************************************
steps: 951456
episodes: 4040
mean 100 episode reward: 4.8
% time spent exploring: 1
********************************************************
********************************************************
steps: 953460
episodes: 4050
mean 100 episode reward: 4.6
% time spent exploring: 1
********************************************************
********************************************************
steps: 956349
episodes: 4060
mean 100 episode reward: 4.4
% time spent exploring: 1
********************************************************
********************************************************
steps: 958796
episodes: 4070
mean 100 episode reward: 4.6
% time spent exploring: 1
********************************************************
********************************************************
steps: 961670
episodes: 4080
mean 100 episode reward: 4.7
% time spent exploring: 1
********************************************************
********************************************************
steps: 962965
episodes: 4090
mean 100 episode reward: 4.4
% time spent exploring: 1
********************************************************
********************************************************
steps: 964558
episodes: 4100
mean 100 episode reward: 4.0
% time spent exploring: 1
********************************************************
********************************************************
steps: 966413
episodes: 4110
mean 100 episode reward: 3.9
% time spent exploring: 1
********************************************************
********************************************************
steps: 967918
episodes: 4120
mean 100 episode reward: 3.9
% time spent exploring: 1
********************************************************
********************************************************
steps: 970654
episodes: 4130
mean 100 episode reward: 4.1
% time spent exploring: 1
********************************************************
********************************************************
steps: 973468
episodes: 4140
mean 100 episode reward: 4.0
% time spent exploring: 1
********************************************************
********************************************************
steps: 975847
episodes: 4150
mean 100 episode reward: 3.8
% time spent exploring: 1
********************************************************
********************************************************
steps: 977875
episodes: 4160
mean 100 episode reward: 3.6
% time spent exploring: 1
********************************************************
********************************************************
steps: 980177
episodes: 4170
mean 100 episode reward: 3.4
% time spent exploring: 1
********************************************************
********************************************************
steps: 982949
episodes: 4180
mean 100 episode reward: 3.5
% time spent exploring: 1
********************************************************
********************************************************
steps: 985948
episodes: 4190
mean 100 episode reward: 3.8
% time spent exploring: 1
********************************************************
********************************************************
steps: 988369
episodes: 4200
mean 100 episode reward: 4.0
% time spent exploring: 1
********************************************************
********************************************************
steps: 990502
episodes: 4210
mean 100 episode reward: 4.2
% time spent exploring: 1
********************************************************
********************************************************
steps: 993530
episodes: 4220
mean 100 episode reward: 4.5
% time spent exploring: 1
********************************************************
********************************************************
steps: 996297
episodes: 4230
mean 100 episode reward: 4.6
% time spent exploring: 1
********************************************************
********************************************************
steps: 999565
episodes: 4240
mean 100 episode reward: 4.8
% time spent exploring: 1
********************************************************
